solved:	true
solution_length:	38
upper_bound:	38
solution_runtime:	0.0117075
heuristic_solution_length:	38
heuristic_solution_runtime:	0.011184
heuristic_runtime:	0.0116473
solving_forward:	true
reduction_is_complete:	true
reduction_quality:	1
reduction_upper_bound:	38
reduction_runtime:	5.9856e-05
mdd_memory_consumption:	0
main_process_memory_consumption:	0
match_ilp_solution_length:	38
match_ilp_upper_bound:	38
match_ilp_runtime:	3.52e-07
mdd_ilp_solution_length:	38
mdd_ilp_upper_bound:	38
mdd_ilp_runtime:	1.55e-07
solution:	[51, 86, 101, 81, 40, 105, 8, 15, 14, 109, 32, 84, 29, 19, 26, 103, 33, 64, 11, 92, 36, 27, 34, 112, 46, 125, 82, 28, 45, 54, 72, 21, 107, 123, 50, 39, 124, 66, ]
