solved:	true
solution_length:	36
upper_bound:	36
solution_runtime:	0.019248
heuristic_solution_length:	36
heuristic_solution_runtime:	0.00439872
heuristic_runtime:	0.0166684
solving_forward:	true
reduction_is_complete:	true
reduction_quality:	1
reduction_upper_bound:	36
reduction_runtime:	0.00257955
mdd_memory_consumption:	0
main_process_memory_consumption:	0
match_ilp_solution_length:	36
match_ilp_upper_bound:	36
match_ilp_runtime:	1.15e-07
mdd_ilp_solution_length:	36
mdd_ilp_upper_bound:	36
mdd_ilp_runtime:	5.2e-08
solution:	[64, 112, 91, 8, 123, 21, 60, 43, 32, 16, 118, 104, 106, 89, 35, 3, 86, 110, 62, 90, 29, 40, 121, 20, 88, 2, 25, 126, 38, 48, 31, 46, 78, 108, 36, 102, ]
