solved:	true
solution_length:	41
upper_bound:	41
solution_runtime:	0.121201
heuristic_solution_length:	41
heuristic_solution_runtime:	0.00740487
heuristic_runtime:	0.118523
solving_forward:	true
reduction_is_complete:	true
reduction_quality:	1
reduction_upper_bound:	41
reduction_runtime:	0.0026779
mdd_memory_consumption:	0
main_process_memory_consumption:	0
match_ilp_solution_length:	41
match_ilp_upper_bound:	41
match_ilp_runtime:	4.34e-07
mdd_ilp_solution_length:	41
mdd_ilp_upper_bound:	41
mdd_ilp_runtime:	1.52e-07
solution:	[60, 71, 92, 77, 82, 112, 28, 65, 96, 9, 31, 42, 61, 17, 19, 94, 40, 88, 114, 110, 32, 111, 0, 37, 127, 18, 73, 83, 46, 68, 13, 5, 117, 4, 44, 119, 24, 58, 63, 11, 10, ]
