solved:	true
solution_length:	39
upper_bound:	39
solution_runtime:	0.00878151
heuristic_solution_length:	39
heuristic_solution_runtime:	0.00415366
heuristic_runtime:	0.00854652
solving_forward:	true
reduction_is_complete:	true
reduction_quality:	1
reduction_upper_bound:	39
reduction_runtime:	0.000234857
mdd_memory_consumption:	0
main_process_memory_consumption:	0
match_ilp_solution_length:	39
match_ilp_upper_bound:	39
match_ilp_runtime:	1.28e-07
mdd_ilp_solution_length:	39
mdd_ilp_upper_bound:	39
mdd_ilp_runtime:	6.1e-08
solution:	[15, 0, 61, 104, 71, 84, 46, 44, 4, 39, 78, 100, 53, 77, 120, 29, 49, 99, 50, 27, 41, 21, 54, 113, 96, 36, 89, 121, 93, 20, 6, 105, 8, 18, 101, 23, 2, 81, 109, ]
