solved:	true
solution_length:	41
upper_bound:	41
solution_runtime:	0.0503821
heuristic_solution_length:	41
heuristic_solution_runtime:	0.00764594
heuristic_runtime:	0.0429016
solving_forward:	true
reduction_is_complete:	true
reduction_quality:	1
reduction_upper_bound:	41
reduction_runtime:	0.00748033
mdd_memory_consumption:	0
main_process_memory_consumption:	0
match_ilp_solution_length:	41
match_ilp_upper_bound:	41
match_ilp_runtime:	1.48e-07
mdd_ilp_solution_length:	41
mdd_ilp_upper_bound:	41
mdd_ilp_runtime:	4.1e-08
solution:	[34, 79, 89, 25, 41, 51, 86, 120, 93, 66, 32, 60, 45, 122, 127, 115, 43, 30, 19, 4, 114, 67, 92, 106, 14, 26, 58, 23, 99, 83, 17, 1, 61, 52, 55, 56, 47, 78, 54, 90, 6, ]
