solved:	true
solution_length:	42
upper_bound:	42
solution_runtime:	0.0321594
heuristic_solution_length:	42
heuristic_solution_runtime:	0.00561787
heuristic_runtime:	0.0282946
solving_forward:	true
reduction_is_complete:	true
reduction_quality:	1
reduction_upper_bound:	42
reduction_runtime:	0.00386472
mdd_memory_consumption:	0
main_process_memory_consumption:	0
match_ilp_solution_length:	42
match_ilp_upper_bound:	42
match_ilp_runtime:	1.59e-07
mdd_ilp_solution_length:	42
mdd_ilp_upper_bound:	42
mdd_ilp_runtime:	6.2e-08
solution:	[119, 55, 115, 99, 114, 52, 71, 41, 38, 40, 58, 39, 35, 37, 18, 15, 32, 1, 27, 94, 92, 75, 59, 17, 50, 24, 60, 116, 108, 113, 82, 98, 104, 53, 9, 96, 22, 78, 109, 33, 90, 6, ]
