solved:	true
solution_length:	10
upper_bound:	10
solution_runtime:	0.000226399
heuristic_solution_length:	10
heuristic_solution_runtime:	0.000192849
heuristic_runtime:	0.000208479
solving_forward:	true
reduction_is_complete:	true
reduction_quality:	1
reduction_upper_bound:	10
reduction_runtime:	1.7822e-05
mdd_memory_consumption:	0
main_process_memory_consumption:	0
match_ilp_solution_length:	10
match_ilp_upper_bound:	10
match_ilp_runtime:	9.8e-08
mdd_ilp_solution_length:	10
mdd_ilp_upper_bound:	10
mdd_ilp_runtime:	3.3e-08
solution:	[3, 10, 6, 11, 5, 14, 2, 8, 9, 0, ]
