solved:	true
solution_length:	11
upper_bound:	11
solution_runtime:	0.000238763
heuristic_solution_length:	11
heuristic_solution_runtime:	0.000176025
heuristic_runtime:	0.000215687
solving_forward:	true
reduction_is_complete:	true
reduction_quality:	1
reduction_upper_bound:	11
reduction_runtime:	2.2933e-05
mdd_memory_consumption:	0
main_process_memory_consumption:	0
match_ilp_solution_length:	11
match_ilp_upper_bound:	11
match_ilp_runtime:	1.43e-07
mdd_ilp_solution_length:	11
mdd_ilp_upper_bound:	11
mdd_ilp_runtime:	6e-08
solution:	[7, 2, 11, 8, 4, 5, 6, 9, 14, 3, 0, ]
