solved:	true
solution_length:	11
upper_bound:	11
solution_runtime:	0.000786559
heuristic_solution_length:	11
heuristic_solution_runtime:	0.00026581
heuristic_runtime:	0.000698969
solving_forward:	true
reduction_is_complete:	true
reduction_quality:	1
reduction_upper_bound:	11
reduction_runtime:	8.745e-05
mdd_memory_consumption:	0
main_process_memory_consumption:	0
match_ilp_solution_length:	11
match_ilp_upper_bound:	11
match_ilp_runtime:	1.4e-07
mdd_ilp_solution_length:	11
mdd_ilp_upper_bound:	11
mdd_ilp_runtime:	6.3e-08
solution:	[8, 1, 4, 7, 11, 3, 14, 10, 0, 12, 15, ]
