solved:	true
solution_length:	12
upper_bound:	12
solution_runtime:	0.000332186
heuristic_solution_length:	12
heuristic_solution_runtime:	0.00025762
heuristic_runtime:	0.000308515
solving_forward:	true
reduction_is_complete:	true
reduction_quality:	1
reduction_upper_bound:	12
reduction_runtime:	2.3523e-05
mdd_memory_consumption:	0
main_process_memory_consumption:	0
match_ilp_solution_length:	12
match_ilp_upper_bound:	12
match_ilp_runtime:	1.48e-07
mdd_ilp_solution_length:	12
mdd_ilp_upper_bound:	12
mdd_ilp_runtime:	6.3e-08
solution:	[10, 4, 8, 15, 9, 0, 11, 3, 12, 13, 1, 2, ]
