solved:	true
solution_length:	11
upper_bound:	11
solution_runtime:	0.00192293
heuristic_solution_length:	11
heuristic_solution_runtime:	0.000361743
heuristic_runtime:	0.00139304
solving_forward:	false
reduction_is_complete:	true
reduction_quality:	1
reduction_upper_bound:	11
reduction_runtime:	0.000529747
mdd_memory_consumption:	0
main_process_memory_consumption:	0
match_ilp_solution_length:	11
match_ilp_upper_bound:	11
match_ilp_runtime:	1.42e-07
mdd_ilp_solution_length:	11
mdd_ilp_upper_bound:	11
mdd_ilp_runtime:	6.4e-08
solution:	[4, 10, 6, 1, 13, 3, 11, 15, 5, 9, 12, ]
