solved:	true
solution_length:	11
upper_bound:	11
solution_runtime:	0.000277424
heuristic_solution_length:	11
heuristic_solution_runtime:	0.000218286
heuristic_runtime:	0.000254208
solving_forward:	true
reduction_is_complete:	true
reduction_quality:	1
reduction_upper_bound:	11
reduction_runtime:	2.307e-05
mdd_memory_consumption:	0
main_process_memory_consumption:	0
match_ilp_solution_length:	11
match_ilp_upper_bound:	11
match_ilp_runtime:	1.46e-07
mdd_ilp_solution_length:	11
mdd_ilp_upper_bound:	11
mdd_ilp_runtime:	5.1e-08
solution:	[9, 1, 12, 0, 15, 6, 4, 7, 10, 3, 8, ]
