solved:	true
solution_length:	11
upper_bound:	11
solution_runtime:	0.000267708
heuristic_solution_length:	11
heuristic_solution_runtime:	0.000213661
heuristic_runtime:	0.000244019
solving_forward:	true
reduction_is_complete:	true
reduction_quality:	1
reduction_upper_bound:	11
reduction_runtime:	2.3532e-05
mdd_memory_consumption:	0
main_process_memory_consumption:	0
match_ilp_solution_length:	11
match_ilp_upper_bound:	11
match_ilp_runtime:	1.57e-07
mdd_ilp_solution_length:	11
mdd_ilp_upper_bound:	11
mdd_ilp_runtime:	6.3e-08
solution:	[4, 10, 9, 12, 8, 2, 6, 13, 0, 7, 1, ]
