solved:	true
solution_length:	13
upper_bound:	13
solution_runtime:	0.000575834
heuristic_solution_length:	13
heuristic_solution_runtime:	0.000562927
heuristic_runtime:	0.000572687
solving_forward:	true
reduction_is_complete:	true
reduction_quality:	1
reduction_upper_bound:	13
reduction_runtime:	2.998e-06
mdd_memory_consumption:	0
main_process_memory_consumption:	0
match_ilp_solution_length:	13
match_ilp_upper_bound:	13
match_ilp_runtime:	1.49e-07
mdd_ilp_solution_length:	13
mdd_ilp_upper_bound:	13
mdd_ilp_runtime:	5e-08
solution:	[6, 8, 12, 0, 1, 9, 10, 15, 4, 7, 3, 2, 14, ]
