solved:	true
solution_length:	14
upper_bound:	14
solution_runtime:	0.000655866
heuristic_solution_length:	14
heuristic_solution_runtime:	0.000645036
heuristic_runtime:	0.000652815
solving_forward:	true
reduction_is_complete:	true
reduction_quality:	1
reduction_upper_bound:	14
reduction_runtime:	2.902e-06
mdd_memory_consumption:	0
main_process_memory_consumption:	0
match_ilp_solution_length:	14
match_ilp_upper_bound:	14
match_ilp_runtime:	1.49e-07
mdd_ilp_solution_length:	14
mdd_ilp_upper_bound:	14
mdd_ilp_runtime:	5e-08
solution:	[10, 6, 14, 7, 15, 5, 2, 8, 0, 1, 11, 12, 3, 9, ]
