solved:	true
solution_length:	15
upper_bound:	15
solution_runtime:	0.000559542
heuristic_solution_length:	15
heuristic_solution_runtime:	0.000439226
heuristic_runtime:	0.000535577
solving_forward:	true
reduction_is_complete:	true
reduction_quality:	1
reduction_upper_bound:	15
reduction_runtime:	2.3807e-05
mdd_memory_consumption:	0
main_process_memory_consumption:	0
match_ilp_solution_length:	15
match_ilp_upper_bound:	15
match_ilp_runtime:	1.58e-07
mdd_ilp_solution_length:	15
mdd_ilp_upper_bound:	15
mdd_ilp_runtime:	6.3e-08
solution:	[10, 7, 2, 0, 8, 13, 6, 3, 11, 9, 1, 5, 12, 14, 15, ]
