solved:	true
solution_length:	15
upper_bound:	15
solution_runtime:	0.00136612
heuristic_solution_length:	15
heuristic_solution_runtime:	0.00132166
heuristic_runtime:	0.00136294
solving_forward:	true
reduction_is_complete:	true
reduction_quality:	1
reduction_upper_bound:	15
reduction_runtime:	3.013e-06
mdd_memory_consumption:	0
main_process_memory_consumption:	0
match_ilp_solution_length:	15
match_ilp_upper_bound:	15
match_ilp_runtime:	1.64e-07
mdd_ilp_solution_length:	15
mdd_ilp_upper_bound:	15
mdd_ilp_runtime:	6.2e-08
solution:	[11, 6, 0, 12, 10, 1, 15, 8, 2, 9, 7, 5, 14, 3, 13, ]
