solved:	true
solution_length:	13
upper_bound:	13
solution_runtime:	0.000783533
heuristic_solution_length:	13
heuristic_solution_runtime:	0.000735054
heuristic_runtime:	0.000773056
solving_forward:	true
reduction_is_complete:	true
reduction_quality:	1
reduction_upper_bound:	13
reduction_runtime:	1.0319e-05
mdd_memory_consumption:	0
main_process_memory_consumption:	0
match_ilp_solution_length:	13
match_ilp_upper_bound:	13
match_ilp_runtime:	1.58e-07
mdd_ilp_solution_length:	13
mdd_ilp_upper_bound:	13
mdd_ilp_runtime:	6.3e-08
solution:	[9, 1, 10, 0, 14, 4, 8, 7, 13, 3, 15, 12, 2, ]
