solved:	true
solution_length:	11
upper_bound:	11
solution_runtime:	0.00432722
heuristic_solution_length:	11
heuristic_solution_runtime:	0.000436696
heuristic_runtime:	0.00290818
solving_forward:	false
reduction_is_complete:	true
reduction_quality:	1
reduction_upper_bound:	11
reduction_runtime:	0.00141888
mdd_memory_consumption:	0
main_process_memory_consumption:	0
match_ilp_solution_length:	11
match_ilp_upper_bound:	11
match_ilp_runtime:	1.58e-07
mdd_ilp_solution_length:	11
mdd_ilp_upper_bound:	11
mdd_ilp_runtime:	6.9e-08
solution:	[1, 5, 3, 0, 11, 4, 2, 6, 13, 8, 9, ]
