solved:	true
solution_length:	12
upper_bound:	12
solution_runtime:	0.000631505
heuristic_solution_length:	12
heuristic_solution_runtime:	0.000531526
heuristic_runtime:	0.000607784
solving_forward:	true
reduction_is_complete:	true
reduction_quality:	1
reduction_upper_bound:	12
reduction_runtime:	2.3571e-05
mdd_memory_consumption:	0
main_process_memory_consumption:	0
match_ilp_solution_length:	12
match_ilp_upper_bound:	12
match_ilp_runtime:	1.5e-07
mdd_ilp_solution_length:	12
mdd_ilp_upper_bound:	12
mdd_ilp_runtime:	4.7e-08
solution:	[12, 6, 7, 11, 1, 15, 9, 0, 8, 2, 13, 3, ]
