solved:	true
solution_length:	13
upper_bound:	13
solution_runtime:	0.00307074
heuristic_solution_length:	13
heuristic_solution_runtime:	0.000465283
heuristic_runtime:	0.00203514
solving_forward:	true
reduction_is_complete:	true
reduction_quality:	1
reduction_upper_bound:	13
reduction_runtime:	0.00103546
mdd_memory_consumption:	0
main_process_memory_consumption:	0
match_ilp_solution_length:	13
match_ilp_upper_bound:	13
match_ilp_runtime:	1.38e-07
mdd_ilp_solution_length:	13
mdd_ilp_upper_bound:	13
mdd_ilp_runtime:	6.2e-08
solution:	[1, 15, 0, 12, 13, 7, 10, 8, 5, 14, 9, 4, 2, ]
