solved:	true
solution_length:	14
upper_bound:	14
solution_runtime:	0.00567374
heuristic_solution_length:	14
heuristic_solution_runtime:	0.000800785
heuristic_runtime:	0.00350362
solving_forward:	false
reduction_is_complete:	true
reduction_quality:	1
reduction_upper_bound:	14
reduction_runtime:	0.00216996
mdd_memory_consumption:	0
main_process_memory_consumption:	0
match_ilp_solution_length:	14
match_ilp_upper_bound:	14
match_ilp_runtime:	1.7e-07
mdd_ilp_solution_length:	14
mdd_ilp_upper_bound:	14
mdd_ilp_runtime:	4.5e-08
solution:	[0, 10, 11, 8, 2, 15, 5, 1, 13, 6, 4, 9, 7, 14, ]
