solved:	true
solution_length:	15
upper_bound:	15
solution_runtime:	0.000929462
heuristic_solution_length:	15
heuristic_solution_runtime:	0.000838256
heuristic_runtime:	0.000905601
solving_forward:	true
reduction_is_complete:	true
reduction_quality:	1
reduction_upper_bound:	15
reduction_runtime:	2.3712e-05
mdd_memory_consumption:	0
main_process_memory_consumption:	0
match_ilp_solution_length:	15
match_ilp_upper_bound:	15
match_ilp_runtime:	1.49e-07
mdd_ilp_solution_length:	15
mdd_ilp_upper_bound:	15
mdd_ilp_runtime:	6.2e-08
solution:	[12, 3, 2, 4, 15, 9, 8, 6, 11, 1, 0, 14, 10, 13, 7, ]
