solved:	true
solution_length:	15
upper_bound:	15
solution_runtime:	0.00110863
heuristic_solution_length:	15
heuristic_solution_runtime:	0.000926956
heuristic_runtime:	0.00108085
solving_forward:	true
reduction_is_complete:	true
reduction_quality:	1
reduction_upper_bound:	15
reduction_runtime:	2.7601e-05
mdd_memory_consumption:	0
main_process_memory_consumption:	0
match_ilp_solution_length:	15
match_ilp_upper_bound:	15
match_ilp_runtime:	1.8e-07
mdd_ilp_solution_length:	15
mdd_ilp_upper_bound:	15
mdd_ilp_runtime:	7.2e-08
solution:	[13, 15, 6, 0, 8, 5, 7, 1, 2, 3, 12, 4, 11, 14, 9, ]
