solved:	true
solution_length:	14
upper_bound:	14
solution_runtime:	0.000971482
heuristic_solution_length:	14
heuristic_solution_runtime:	0.000699816
heuristic_runtime:	0.000946665
solving_forward:	true
reduction_is_complete:	true
reduction_quality:	1
reduction_upper_bound:	14
reduction_runtime:	2.4664e-05
mdd_memory_consumption:	0
main_process_memory_consumption:	0
match_ilp_solution_length:	14
match_ilp_upper_bound:	14
match_ilp_runtime:	1.53e-07
mdd_ilp_solution_length:	14
mdd_ilp_upper_bound:	14
mdd_ilp_runtime:	6.3e-08
solution:	[10, 2, 1, 12, 0, 11, 9, 14, 4, 6, 15, 7, 3, 13, ]
