solved:	true
solution_length:	14
upper_bound:	14
solution_runtime:	0.0307468
heuristic_solution_length:	14
heuristic_solution_runtime:	0.000624532
heuristic_runtime:	0.00628968
solving_forward:	false
reduction_is_complete:	true
reduction_quality:	1
reduction_upper_bound:	14
reduction_runtime:	0.0244569
mdd_memory_consumption:	51900
main_process_memory_consumption:	0
match_ilp_solution_length:	14
match_ilp_upper_bound:	14
match_ilp_runtime:	1.46e-07
mdd_ilp_solution_length:	14
mdd_ilp_upper_bound:	14
mdd_ilp_runtime:	7.6e-08
solution:	[9, 13, 14, 7, 1, 10, 3, 6, 2, 11, 5, 8, 15, 0, ]
