solved:	true
solution_length:	14
upper_bound:	14
solution_runtime:	0.00101344
heuristic_solution_length:	14
heuristic_solution_runtime:	0.00077069
heuristic_runtime:	0.000988804
solving_forward:	true
reduction_is_complete:	true
reduction_quality:	1
reduction_upper_bound:	14
reduction_runtime:	2.4486e-05
mdd_memory_consumption:	0
main_process_memory_consumption:	0
match_ilp_solution_length:	14
match_ilp_upper_bound:	14
match_ilp_runtime:	1.5e-07
mdd_ilp_solution_length:	14
mdd_ilp_upper_bound:	14
mdd_ilp_runtime:	6.3e-08
solution:	[3, 14, 1, 10, 6, 11, 2, 0, 4, 8, 7, 15, 9, 12, ]
