solved:	true
solution_length:	15
upper_bound:	15
solution_runtime:	0.00208979
heuristic_solution_length:	15
heuristic_solution_runtime:	0.00207828
heuristic_runtime:	0.00208676
solving_forward:	true
reduction_is_complete:	true
reduction_quality:	1
reduction_upper_bound:	15
reduction_runtime:	2.877e-06
mdd_memory_consumption:	0
main_process_memory_consumption:	0
match_ilp_solution_length:	15
match_ilp_upper_bound:	15
match_ilp_runtime:	1.47e-07
mdd_ilp_solution_length:	15
mdd_ilp_upper_bound:	15
mdd_ilp_runtime:	6.4e-08
solution:	[11, 13, 4, 7, 8, 6, 0, 3, 14, 12, 15, 10, 1, 5, 2, ]
