solved:	true
solution_length:	14
upper_bound:	14
solution_runtime:	0.00106472
heuristic_solution_length:	14
heuristic_solution_runtime:	0.000834211
heuristic_runtime:	0.00103939
solving_forward:	true
reduction_is_complete:	true
reduction_quality:	1
reduction_upper_bound:	14
reduction_runtime:	2.5184e-05
mdd_memory_consumption:	0
main_process_memory_consumption:	0
match_ilp_solution_length:	14
match_ilp_upper_bound:	14
match_ilp_runtime:	1.55e-07
mdd_ilp_solution_length:	14
mdd_ilp_upper_bound:	14
mdd_ilp_runtime:	6.3e-08
solution:	[9, 7, 2, 1, 3, 0, 15, 14, 8, 12, 11, 6, 10, 4, ]
