solved:	true
solution_length:	16
upper_bound:	16
solution_runtime:	0.00102483
heuristic_solution_length:	16
heuristic_solution_runtime:	0.000962585
heuristic_runtime:	0.00100055
solving_forward:	true
reduction_is_complete:	true
reduction_quality:	1
reduction_upper_bound:	16
reduction_runtime:	2.4137e-05
mdd_memory_consumption:	0
main_process_memory_consumption:	0
match_ilp_solution_length:	16
match_ilp_upper_bound:	16
match_ilp_runtime:	1.46e-07
mdd_ilp_solution_length:	16
mdd_ilp_upper_bound:	16
mdd_ilp_runtime:	8.9e-08
solution:	[6, 5, 12, 13, 10, 15, 8, 4, 14, 3, 0, 9, 11, 2, 1, 7, ]
