solved:	true
solution_length:	16
upper_bound:	16
solution_runtime:	0.000857823
heuristic_solution_length:	16
heuristic_solution_runtime:	0.000801703
heuristic_runtime:	0.000836662
solving_forward:	true
reduction_is_complete:	true
reduction_quality:	1
reduction_upper_bound:	16
reduction_runtime:	2.1019e-05
mdd_memory_consumption:	0
main_process_memory_consumption:	0
match_ilp_solution_length:	16
match_ilp_upper_bound:	16
match_ilp_runtime:	1.42e-07
mdd_ilp_solution_length:	16
mdd_ilp_upper_bound:	16
mdd_ilp_runtime:	6.2e-08
solution:	[0, 7, 10, 13, 8, 4, 11, 9, 6, 15, 1, 12, 3, 14, 2, 5, ]
