solved:	true
solution_length:	15
upper_bound:	15
solution_runtime:	0.000847589
heuristic_solution_length:	15
heuristic_solution_runtime:	0.000730244
heuristic_runtime:	0.000823607
solving_forward:	true
reduction_is_complete:	true
reduction_quality:	1
reduction_upper_bound:	15
reduction_runtime:	2.3833e-05
mdd_memory_consumption:	0
main_process_memory_consumption:	0
match_ilp_solution_length:	15
match_ilp_upper_bound:	15
match_ilp_runtime:	1.49e-07
mdd_ilp_solution_length:	15
mdd_ilp_upper_bound:	15
mdd_ilp_runtime:	6.2e-08
solution:	[9, 12, 6, 10, 0, 15, 14, 5, 8, 7, 4, 11, 1, 13, 3, ]
