solved:	true
solution_length:	15
upper_bound:	15
solution_runtime:	0.00101727
heuristic_solution_length:	15
heuristic_solution_runtime:	0.0008284
heuristic_runtime:	0.000993109
solving_forward:	true
reduction_is_complete:	true
reduction_quality:	1
reduction_upper_bound:	15
reduction_runtime:	2.4014e-05
mdd_memory_consumption:	0
main_process_memory_consumption:	0
match_ilp_solution_length:	15
match_ilp_upper_bound:	15
match_ilp_runtime:	1.44e-07
mdd_ilp_solution_length:	15
mdd_ilp_upper_bound:	15
mdd_ilp_runtime:	6e-08
solution:	[14, 5, 0, 8, 7, 1, 11, 13, 10, 12, 4, 2, 6, 15, 9, ]
