solved:	true
solution_length:	16
upper_bound:	16
solution_runtime:	0.00222487
heuristic_solution_length:	16
heuristic_solution_runtime:	0.00220139
heuristic_runtime:	0.00222156
solving_forward:	true
reduction_is_complete:	true
reduction_quality:	1
reduction_upper_bound:	16
reduction_runtime:	3.165e-06
mdd_memory_consumption:	0
main_process_memory_consumption:	0
match_ilp_solution_length:	16
match_ilp_upper_bound:	16
match_ilp_runtime:	1.43e-07
mdd_ilp_solution_length:	16
mdd_ilp_upper_bound:	16
mdd_ilp_runtime:	6.3e-08
solution:	[9, 4, 2, 14, 8, 1, 11, 7, 13, 6, 5, 0, 3, 12, 15, 10, ]
