solved:	true
solution_length:	15
upper_bound:	15
solution_runtime:	0.00083801
heuristic_solution_length:	15
heuristic_solution_runtime:	0.000736881
heuristic_runtime:	0.000817028
solving_forward:	true
reduction_is_complete:	true
reduction_quality:	1
reduction_upper_bound:	15
reduction_runtime:	2.0826e-05
mdd_memory_consumption:	0
main_process_memory_consumption:	0
match_ilp_solution_length:	15
match_ilp_upper_bound:	15
match_ilp_runtime:	1.56e-07
mdd_ilp_solution_length:	15
mdd_ilp_upper_bound:	15
mdd_ilp_runtime:	8.3e-08
solution:	[16, 23, 21, 7, 24, 4, 29, 8, 31, 0, 9, 11, 15, 26, 14, ]
