solved:	true
solution_length:	16
upper_bound:	16
solution_runtime:	0.000770154
heuristic_solution_length:	16
heuristic_solution_runtime:	0.000677021
heuristic_runtime:	0.000748147
solving_forward:	true
reduction_is_complete:	true
reduction_quality:	1
reduction_upper_bound:	16
reduction_runtime:	2.1858e-05
mdd_memory_consumption:	0
main_process_memory_consumption:	0
match_ilp_solution_length:	16
match_ilp_upper_bound:	16
match_ilp_runtime:	1.49e-07
mdd_ilp_solution_length:	16
mdd_ilp_upper_bound:	16
mdd_ilp_runtime:	6.3e-08
solution:	[24, 18, 28, 22, 20, 19, 6, 14, 12, 4, 0, 26, 2, 17, 27, 16, ]
