solved:	true
solution_length:	18
upper_bound:	18
solution_runtime:	0.00104427
heuristic_solution_length:	18
heuristic_solution_runtime:	0.000995393
heuristic_runtime:	0.00104074
solving_forward:	true
reduction_is_complete:	true
reduction_quality:	1
reduction_upper_bound:	18
reduction_runtime:	3.375e-06
mdd_memory_consumption:	0
main_process_memory_consumption:	0
match_ilp_solution_length:	18
match_ilp_upper_bound:	18
match_ilp_runtime:	1.49e-07
mdd_ilp_solution_length:	18
mdd_ilp_upper_bound:	18
mdd_ilp_runtime:	6.3e-08
solution:	[9, 5, 15, 31, 25, 4, 24, 19, 8, 2, 13, 22, 16, 12, 18, 14, 3, 11, ]
