solved:	true
solution_length:	19
upper_bound:	19
solution_runtime:	0.00490604
heuristic_solution_length:	19
heuristic_solution_runtime:	0.00117988
heuristic_runtime:	0.00384469
solving_forward:	true
reduction_is_complete:	true
reduction_quality:	1
reduction_upper_bound:	19
reduction_runtime:	0.00106121
mdd_memory_consumption:	0
main_process_memory_consumption:	0
match_ilp_solution_length:	19
match_ilp_upper_bound:	19
match_ilp_runtime:	1.39e-07
mdd_ilp_solution_length:	19
mdd_ilp_upper_bound:	19
mdd_ilp_runtime:	6.7e-08
solution:	[13, 27, 3, 0, 14, 30, 23, 4, 24, 26, 5, 16, 1, 28, 29, 11, 17, 2, 18, ]
