solved:	true
solution_length:	21
upper_bound:	21
solution_runtime:	0.00200214
heuristic_solution_length:	21
heuristic_solution_runtime:	0.000695589
heuristic_runtime:	0.00182555
solving_forward:	true
reduction_is_complete:	true
reduction_quality:	1
reduction_upper_bound:	21
reduction_runtime:	0.000176456
mdd_memory_consumption:	0
main_process_memory_consumption:	0
match_ilp_solution_length:	21
match_ilp_upper_bound:	21
match_ilp_runtime:	1.4e-07
mdd_ilp_solution_length:	21
mdd_ilp_upper_bound:	21
mdd_ilp_runtime:	6.3e-08
solution:	[10, 5, 3, 28, 15, 23, 16, 31, 2, 13, 17, 9, 0, 1, 27, 20, 4, 26, 21, 12, 6, ]
