solved:	true
solution_length:	21
upper_bound:	21
solution_runtime:	0.00193429
heuristic_solution_length:	21
heuristic_solution_runtime:	0.000908895
heuristic_runtime:	0.00182371
solving_forward:	true
reduction_is_complete:	true
reduction_quality:	1
reduction_upper_bound:	21
reduction_runtime:	0.000110436
mdd_memory_consumption:	0
main_process_memory_consumption:	0
match_ilp_solution_length:	21
match_ilp_upper_bound:	21
match_ilp_runtime:	1.41e-07
mdd_ilp_solution_length:	21
mdd_ilp_upper_bound:	21
mdd_ilp_runtime:	6.3e-08
solution:	[12, 6, 3, 18, 14, 17, 9, 21, 29, 15, 30, 2, 5, 16, 7, 8, 19, 4, 22, 0, 1, ]
