solved:	true
solution_length:	19
upper_bound:	19
solution_runtime:	0.0259222
heuristic_solution_length:	19
heuristic_solution_runtime:	0.000727081
heuristic_runtime:	0.00360059
solving_forward:	true
reduction_is_complete:	true
reduction_quality:	1
reduction_upper_bound:	19
reduction_runtime:	0.0223215
mdd_memory_consumption:	51220
main_process_memory_consumption:	0
match_ilp_solution_length:	19
match_ilp_upper_bound:	19
match_ilp_runtime:	1.4e-07
mdd_ilp_solution_length:	19
mdd_ilp_upper_bound:	19
mdd_ilp_runtime:	6.1e-08
solution:	[4, 30, 11, 15, 29, 6, 0, 17, 3, 26, 28, 25, 21, 2, 5, 19, 1, 22, 23, ]
