solved:	true
solution_length:	20
upper_bound:	20
solution_runtime:	0.00717677
heuristic_solution_length:	20
heuristic_solution_runtime:	0.00146689
heuristic_runtime:	0.00605049
solving_forward:	true
reduction_is_complete:	true
reduction_quality:	1
reduction_upper_bound:	20
reduction_runtime:	0.00112614
mdd_memory_consumption:	0
main_process_memory_consumption:	0
match_ilp_solution_length:	20
match_ilp_upper_bound:	20
match_ilp_runtime:	1.42e-07
mdd_ilp_solution_length:	20
mdd_ilp_upper_bound:	20
mdd_ilp_runtime:	6.2e-08
solution:	[23, 15, 21, 5, 11, 9, 18, 4, 29, 2, 13, 10, 7, 22, 28, 3, 0, 20, 1, 14, ]
