solved:	true
solution_length:	21
upper_bound:	21
solution_runtime:	0.00249742
heuristic_solution_length:	21
heuristic_solution_runtime:	0.000780266
heuristic_runtime:	0.00226662
solving_forward:	true
reduction_is_complete:	true
reduction_quality:	1
reduction_upper_bound:	21
reduction_runtime:	0.000230653
mdd_memory_consumption:	0
main_process_memory_consumption:	0
match_ilp_solution_length:	21
match_ilp_upper_bound:	21
match_ilp_runtime:	1.4e-07
mdd_ilp_solution_length:	21
mdd_ilp_upper_bound:	21
mdd_ilp_runtime:	6.4e-08
solution:	[2, 22, 17, 20, 10, 13, 18, 3, 15, 29, 5, 21, 25, 31, 23, 12, 19, 7, 28, 24, 0, ]
