solved:	true
solution_length:	23
upper_bound:	23
solution_runtime:	0.00899367
heuristic_solution_length:	23
heuristic_solution_runtime:	0.000958295
heuristic_runtime:	0.00626103
solving_forward:	false
reduction_is_complete:	true
reduction_quality:	1
reduction_upper_bound:	23
reduction_runtime:	0.00273249
mdd_memory_consumption:	0
main_process_memory_consumption:	0
match_ilp_solution_length:	23
match_ilp_upper_bound:	23
match_ilp_runtime:	1.51e-07
mdd_ilp_solution_length:	23
mdd_ilp_upper_bound:	23
mdd_ilp_runtime:	8.3e-08
solution:	[23, 19, 28, 6, 30, 1, 20, 25, 14, 24, 13, 12, 16, 5, 21, 3, 17, 7, 0, 22, 2, 9, 18, ]
