solved:	true
solution_length:	20
upper_bound:	20
solution_runtime:	0.00426981
heuristic_solution_length:	20
heuristic_solution_runtime:	0.000745281
heuristic_runtime:	0.00314281
solving_forward:	false
reduction_is_complete:	true
reduction_quality:	1
reduction_upper_bound:	20
reduction_runtime:	0.00112685
mdd_memory_consumption:	0
main_process_memory_consumption:	0
match_ilp_solution_length:	20
match_ilp_upper_bound:	20
match_ilp_runtime:	1.54e-07
mdd_ilp_solution_length:	20
mdd_ilp_upper_bound:	20
mdd_ilp_runtime:	6.6e-08
solution:	[19, 9, 0, 4, 12, 25, 18, 13, 11, 7, 1, 24, 22, 8, 17, 23, 27, 15, 28, 30, ]
