solved:	true
solution_length:	21
upper_bound:	21
solution_runtime:	0.0339226
heuristic_solution_length:	21
heuristic_solution_runtime:	0.00126978
heuristic_runtime:	0.0104575
solving_forward:	true
reduction_is_complete:	true
reduction_quality:	1
reduction_upper_bound:	21
reduction_runtime:	0.0234649
mdd_memory_consumption:	51892
main_process_memory_consumption:	0
match_ilp_solution_length:	21
match_ilp_upper_bound:	21
match_ilp_runtime:	1.76e-07
mdd_ilp_solution_length:	21
mdd_ilp_upper_bound:	21
mdd_ilp_runtime:	7.4e-08
solution:	[14, 19, 27, 28, 23, 9, 22, 13, 21, 12, 26, 2, 7, 31, 8, 0, 10, 11, 17, 6, 18, ]
