solved:	true
solution_length:	21
upper_bound:	21
solution_runtime:	0.0101518
heuristic_solution_length:	21
heuristic_solution_runtime:	0.000896868
heuristic_runtime:	0.00632956
solving_forward:	false
reduction_is_complete:	true
reduction_quality:	1
reduction_upper_bound:	21
reduction_runtime:	0.00382208
mdd_memory_consumption:	0
main_process_memory_consumption:	0
match_ilp_solution_length:	21
match_ilp_upper_bound:	21
match_ilp_runtime:	1.32e-07
mdd_ilp_solution_length:	21
mdd_ilp_upper_bound:	21
mdd_ilp_runtime:	5.8e-08
solution:	[11, 24, 6, 31, 22, 19, 15, 14, 17, 21, 25, 2, 28, 27, 4, 26, 12, 0, 8, 30, 3, ]
