solved:	true
solution_length:	21
upper_bound:	21
solution_runtime:	0.00682373
heuristic_solution_length:	21
heuristic_solution_runtime:	0.00109744
heuristic_runtime:	0.00525013
solving_forward:	false
reduction_is_complete:	true
reduction_quality:	1
reduction_upper_bound:	21
reduction_runtime:	0.00157345
mdd_memory_consumption:	0
main_process_memory_consumption:	0
match_ilp_solution_length:	21
match_ilp_upper_bound:	21
match_ilp_runtime:	1.51e-07
mdd_ilp_solution_length:	21
mdd_ilp_upper_bound:	21
mdd_ilp_runtime:	6.6e-08
solution:	[13, 14, 26, 5, 19, 31, 3, 20, 28, 16, 0, 21, 27, 4, 24, 1, 12, 17, 6, 9, 7, ]
