solved:	true
solution_length:	21
upper_bound:	21
solution_runtime:	0.027872
heuristic_solution_length:	21
heuristic_solution_runtime:	0.000865751
heuristic_runtime:	0.00747209
solving_forward:	true
reduction_is_complete:	true
reduction_quality:	1
reduction_upper_bound:	21
reduction_runtime:	0.0203998
mdd_memory_consumption:	51824
main_process_memory_consumption:	0
match_ilp_solution_length:	21
match_ilp_upper_bound:	21
match_ilp_runtime:	1.47e-07
mdd_ilp_solution_length:	21
mdd_ilp_upper_bound:	21
mdd_ilp_runtime:	7.3e-08
solution:	[9, 27, 19, 17, 10, 7, 22, 12, 4, 6, 26, 8, 3, 30, 25, 28, 14, 21, 18, 29, 31, ]
