solved:	true
solution_length:	24
upper_bound:	24
solution_runtime:	0.068727
heuristic_solution_length:	24
heuristic_solution_runtime:	0.00144285
heuristic_runtime:	0.0223771
solving_forward:	false
reduction_is_complete:	true
reduction_quality:	1
reduction_upper_bound:	24
reduction_runtime:	0.0463498
mdd_memory_consumption:	53696
main_process_memory_consumption:	0
match_ilp_solution_length:	24
match_ilp_upper_bound:	24
match_ilp_runtime:	1.07e-07
mdd_ilp_solution_length:	24
mdd_ilp_upper_bound:	24
mdd_ilp_runtime:	7e-08
solution:	[27, 29, 19, 10, 3, 31, 12, 23, 18, 7, 15, 5, 14, 24, 6, 30, 1, 2, 13, 0, 16, 4, 25, 26, ]
