solved:	true
solution_length:	25
upper_bound:	25
solution_runtime:	0.0137687
heuristic_solution_length:	25
heuristic_solution_runtime:	0.00144987
heuristic_runtime:	0.011377
solving_forward:	true
reduction_is_complete:	true
reduction_quality:	1
reduction_upper_bound:	25
reduction_runtime:	0.00239156
mdd_memory_consumption:	0
main_process_memory_consumption:	0
match_ilp_solution_length:	25
match_ilp_upper_bound:	25
match_ilp_runtime:	1.24e-07
mdd_ilp_solution_length:	25
mdd_ilp_upper_bound:	25
mdd_ilp_runtime:	5.9e-08
solution:	[27, 2, 31, 5, 19, 13, 26, 23, 12, 22, 1, 25, 16, 8, 6, 0, 10, 4, 30, 9, 3, 14, 29, 11, 15, ]
