solved:	true
solution_length:	27
upper_bound:	27
solution_runtime:	0.0762924
heuristic_solution_length:	27
heuristic_solution_runtime:	0.00380814
heuristic_runtime:	0.0220634
solving_forward:	true
reduction_is_complete:	true
reduction_quality:	1
reduction_upper_bound:	27
reduction_runtime:	0.0542289
mdd_memory_consumption:	53740
main_process_memory_consumption:	0
match_ilp_solution_length:	27
match_ilp_upper_bound:	27
match_ilp_runtime:	1.12e-07
mdd_ilp_solution_length:	27
mdd_ilp_upper_bound:	27
mdd_ilp_runtime:	6.1e-08
solution:	[21, 27, 29, 20, 22, 3, 24, 28, 0, 25, 14, 6, 23, 13, 8, 1, 2, 15, 9, 7, 11, 5, 4, 17, 10, 12, 31, ]
