solved:	true
solution_length:	25
upper_bound:	25
solution_runtime:	0.0736457
heuristic_solution_length:	25
heuristic_solution_runtime:	0.00191972
heuristic_runtime:	0.0302139
solving_forward:	true
reduction_is_complete:	true
reduction_quality:	1
reduction_upper_bound:	25
reduction_runtime:	0.0434316
mdd_memory_consumption:	52928
main_process_memory_consumption:	0
match_ilp_solution_length:	25
match_ilp_upper_bound:	25
match_ilp_runtime:	1.14e-07
mdd_ilp_solution_length:	25
mdd_ilp_upper_bound:	25
mdd_ilp_runtime:	9.1e-08
solution:	[1, 28, 27, 4, 24, 21, 13, 2, 22, 12, 10, 25, 3, 11, 18, 16, 20, 6, 26, 23, 17, 8, 9, 14, 30, ]
