solved:	true
solution_length:	26
upper_bound:	26
solution_runtime:	0.0539618
heuristic_solution_length:	26
heuristic_solution_runtime:	0.00223847
heuristic_runtime:	0.0218382
solving_forward:	true
reduction_is_complete:	true
reduction_quality:	1
reduction_upper_bound:	26
reduction_runtime:	0.0321235
mdd_memory_consumption:	52664
main_process_memory_consumption:	0
match_ilp_solution_length:	26
match_ilp_upper_bound:	26
match_ilp_runtime:	1.03e-07
mdd_ilp_solution_length:	26
mdd_ilp_upper_bound:	26
mdd_ilp_runtime:	6.1e-08
solution:	[30, 2, 19, 0, 11, 20, 10, 18, 4, 3, 15, 16, 26, 29, 8, 27, 1, 6, 9, 13, 14, 25, 31, 24, 28, 12, ]
