solved:	true
solution_length:	27
upper_bound:	27
solution_runtime:	0.00290318
heuristic_solution_length:	27
heuristic_solution_runtime:	0.00252075
heuristic_runtime:	0.00289975
solving_forward:	true
reduction_is_complete:	true
reduction_quality:	1
reduction_upper_bound:	27
reduction_runtime:	3.277e-06
mdd_memory_consumption:	0
main_process_memory_consumption:	0
match_ilp_solution_length:	27
match_ilp_upper_bound:	27
match_ilp_runtime:	1.53e-07
mdd_ilp_solution_length:	27
mdd_ilp_upper_bound:	27
mdd_ilp_runtime:	6.3e-08
solution:	[4, 16, 29, 24, 20, 30, 8, 13, 2, 26, 21, 22, 31, 28, 5, 23, 3, 9, 18, 7, 0, 14, 10, 17, 25, 15, 11, ]
