solved:	true
solution_length:	27
upper_bound:	27
solution_runtime:	0.211796
heuristic_solution_length:	27
heuristic_solution_runtime:	0.0052354
heuristic_runtime:	0.0613851
solving_forward:	true
reduction_is_complete:	true
reduction_quality:	1
reduction_upper_bound:	27
reduction_runtime:	0.15041
mdd_memory_consumption:	60020
main_process_memory_consumption:	0
match_ilp_solution_length:	27
match_ilp_upper_bound:	27
match_ilp_runtime:	1.04e-07
mdd_ilp_solution_length:	27
mdd_ilp_upper_bound:	27
mdd_ilp_runtime:	5.8e-08
solution:	[29, 5, 15, 11, 13, 7, 2, 0, 25, 31, 8, 10, 19, 30, 17, 1, 14, 28, 21, 24, 27, 9, 4, 16, 6, 23, 3, ]
