solved:	true
solution_length:	26
upper_bound:	26
solution_runtime:	0.112015
heuristic_solution_length:	26
heuristic_solution_runtime:	0.00706679
heuristic_runtime:	0.0382638
solving_forward:	true
reduction_is_complete:	true
reduction_quality:	1
reduction_upper_bound:	26
reduction_runtime:	0.0737513
mdd_memory_consumption:	55324
main_process_memory_consumption:	0
match_ilp_solution_length:	26
match_ilp_upper_bound:	26
match_ilp_runtime:	1.03e-07
mdd_ilp_solution_length:	26
mdd_ilp_upper_bound:	26
mdd_ilp_runtime:	6e-08
solution:	[15, 28, 10, 11, 24, 20, 17, 16, 13, 9, 12, 2, 7, 8, 30, 14, 0, 19, 26, 21, 6, 18, 4, 3, 25, 27, ]
