solved:	true
solution_length:	27
upper_bound:	27
solution_runtime:	0.143479
heuristic_solution_length:	27
heuristic_solution_runtime:	0.00251329
heuristic_runtime:	0.0509224
solving_forward:	false
reduction_is_complete:	true
reduction_quality:	1
reduction_upper_bound:	27
reduction_runtime:	0.0925562
mdd_memory_consumption:	56896
main_process_memory_consumption:	0
match_ilp_solution_length:	27
match_ilp_upper_bound:	27
match_ilp_runtime:	1.16e-07
mdd_ilp_solution_length:	27
mdd_ilp_upper_bound:	27
mdd_ilp_runtime:	5.6e-08
solution:	[14, 2, 22, 5, 10, 6, 11, 12, 27, 26, 15, 16, 28, 18, 9, 30, 20, 4, 21, 3, 8, 13, 19, 23, 31, 17, 7, ]
