solved:	true
solution_length:	28
upper_bound:	28
solution_runtime:	0.0914452
heuristic_solution_length:	28
heuristic_solution_runtime:	0.00412687
heuristic_runtime:	0.0429228
solving_forward:	true
reduction_is_complete:	true
reduction_quality:	1
reduction_upper_bound:	28
reduction_runtime:	0.0485224
mdd_memory_consumption:	53632
main_process_memory_consumption:	0
match_ilp_solution_length:	28
match_ilp_upper_bound:	28
match_ilp_runtime:	9.9e-08
mdd_ilp_solution_length:	28
mdd_ilp_upper_bound:	28
mdd_ilp_runtime:	5.6e-08
solution:	[29, 11, 13, 30, 28, 0, 27, 17, 10, 1, 19, 21, 6, 26, 31, 4, 8, 23, 25, 12, 9, 2, 7, 15, 20, 14, 5, 3, ]
