solved:	true
solution_length:	27
upper_bound:	27
solution_runtime:	0.173795
heuristic_solution_length:	27
heuristic_solution_runtime:	0.00319821
heuristic_runtime:	0.0473554
solving_forward:	true
reduction_is_complete:	true
reduction_quality:	1
reduction_upper_bound:	27
reduction_runtime:	0.12644
mdd_memory_consumption:	58924
main_process_memory_consumption:	0
match_ilp_solution_length:	27
match_ilp_upper_bound:	27
match_ilp_runtime:	1e-07
mdd_ilp_solution_length:	27
mdd_ilp_upper_bound:	27
mdd_ilp_runtime:	5.6e-08
solution:	[27, 30, 4, 5, 23, 1, 24, 7, 13, 9, 18, 16, 31, 8, 2, 10, 25, 19, 6, 29, 0, 12, 15, 17, 28, 26, 22, ]
