solved:	true
solution_length:	27
upper_bound:	27
solution_runtime:	0.0378591
heuristic_solution_length:	27
heuristic_solution_runtime:	0.00346618
heuristic_runtime:	0.0293791
solving_forward:	false
reduction_is_complete:	true
reduction_quality:	1
reduction_upper_bound:	27
reduction_runtime:	0.00847983
mdd_memory_consumption:	0
main_process_memory_consumption:	0
match_ilp_solution_length:	27
match_ilp_upper_bound:	27
match_ilp_runtime:	1.18e-07
mdd_ilp_solution_length:	27
mdd_ilp_upper_bound:	27
mdd_ilp_runtime:	5.7e-08
solution:	[27, 4, 0, 9, 8, 31, 23, 17, 14, 25, 28, 15, 16, 3, 12, 29, 7, 20, 5, 22, 11, 26, 6, 2, 13, 18, 21, ]
