solved:	true
solution_length:	4
upper_bound:	4
solution_runtime:	0.000186266
heuristic_solution_length:	4
heuristic_solution_runtime:	0.000112437
heuristic_runtime:	0.000134831
solving_forward:	true
reduction_is_complete:	true
reduction_quality:	1
reduction_upper_bound:	4
reduction_runtime:	5.1101e-05
mdd_memory_consumption:	0
main_process_memory_consumption:	0
match_ilp_solution_length:	4
match_ilp_upper_bound:	4
match_ilp_runtime:	3.34e-07
mdd_ilp_solution_length:	4
mdd_ilp_upper_bound:	4
mdd_ilp_runtime:	1.5e-07
solution:	[2, 3, 0, 1, ]
