solved:	true
solution_length:	3
upper_bound:	3
solution_runtime:	8.6546e-05
heuristic_solution_length:	3
heuristic_solution_runtime:	4.8789e-05
heuristic_runtime:	6.2519e-05
solving_forward:	true
reduction_is_complete:	true
reduction_quality:	1
reduction_upper_bound:	3
reduction_runtime:	2.3878e-05
mdd_memory_consumption:	0
main_process_memory_consumption:	0
match_ilp_solution_length:	3
match_ilp_upper_bound:	3
match_ilp_runtime:	1.49e-07
mdd_ilp_solution_length:	3
mdd_ilp_upper_bound:	3
mdd_ilp_runtime:	4.8e-08
solution:	[3, 2, 0, ]
