solved:	true
solution_length:	3
upper_bound:	3
solution_runtime:	0.000109221
heuristic_solution_length:	3
heuristic_solution_runtime:	6.9419e-05
heuristic_runtime:	8.5231e-05
solving_forward:	true
reduction_is_complete:	true
reduction_quality:	1
reduction_upper_bound:	3
reduction_runtime:	2.3848e-05
mdd_memory_consumption:	0
main_process_memory_consumption:	0
match_ilp_solution_length:	3
match_ilp_upper_bound:	3
match_ilp_runtime:	1.42e-07
mdd_ilp_solution_length:	3
mdd_ilp_upper_bound:	3
mdd_ilp_runtime:	6.3e-08
solution:	[2, 1, 0, ]
