solved:	true
solution_length:	4
upper_bound:	4
solution_runtime:	0.000105478
heuristic_solution_length:	4
heuristic_solution_runtime:	6.6396e-05
heuristic_runtime:	8.2127e-05
solving_forward:	true
reduction_is_complete:	true
reduction_quality:	1
reduction_upper_bound:	4
reduction_runtime:	2.3196e-05
mdd_memory_consumption:	0
main_process_memory_consumption:	0
match_ilp_solution_length:	4
match_ilp_upper_bound:	4
match_ilp_runtime:	1.55e-07
mdd_ilp_solution_length:	4
mdd_ilp_upper_bound:	4
mdd_ilp_runtime:	6.2e-08
solution:	[1, 0, 3, 2, ]
