solved:	true
solution_length:	27
upper_bound:	27
solution_runtime:	0.00335935
heuristic_solution_length:	27
heuristic_solution_runtime:	0.00308513
heuristic_runtime:	0.00330455
solving_forward:	true
reduction_is_complete:	true
reduction_quality:	1
reduction_upper_bound:	27
reduction_runtime:	5.4437e-05
mdd_memory_consumption:	0
main_process_memory_consumption:	0
match_ilp_solution_length:	27
match_ilp_upper_bound:	27
match_ilp_runtime:	3.6e-07
mdd_ilp_solution_length:	27
mdd_ilp_upper_bound:	27
mdd_ilp_runtime:	1.52e-07
solution:	[10, 52, 22, 54, 30, 3, 31, 11, 39, 59, 63, 42, 18, 61, 36, 47, 48, 19, 40, 0, 17, 41, 15, 37, 53, 12, 27, ]
