solved:	true
solution_length:	22
upper_bound:	22
solution_runtime:	0.00181389
heuristic_solution_length:	22
heuristic_solution_runtime:	0.00157336
heuristic_runtime:	0.0017756
solving_forward:	true
reduction_is_complete:	true
reduction_quality:	1
reduction_upper_bound:	22
reduction_runtime:	3.8052e-05
mdd_memory_consumption:	0
main_process_memory_consumption:	0
match_ilp_solution_length:	22
match_ilp_upper_bound:	22
match_ilp_runtime:	2.33e-07
mdd_ilp_solution_length:	22
mdd_ilp_upper_bound:	22
mdd_ilp_runtime:	1.02e-07
solution:	[25, 38, 63, 4, 35, 6, 37, 51, 45, 57, 34, 50, 31, 40, 43, 28, 32, 11, 56, 55, 26, 59, ]
