solved:	true
solution_length:	25
upper_bound:	25
solution_runtime:	0.00296853
heuristic_solution_length:	25
heuristic_solution_runtime:	0.00272442
heuristic_runtime:	0.00291457
solving_forward:	true
reduction_is_complete:	true
reduction_quality:	1
reduction_upper_bound:	25
reduction_runtime:	5.36e-05
mdd_memory_consumption:	0
main_process_memory_consumption:	0
match_ilp_solution_length:	25
match_ilp_upper_bound:	25
match_ilp_runtime:	3.56e-07
mdd_ilp_solution_length:	25
mdd_ilp_upper_bound:	25
mdd_ilp_runtime:	1.5e-07
solution:	[54, 30, 27, 40, 9, 16, 14, 21, 41, 34, 62, 13, 37, 33, 42, 7, 2, 32, 3, 60, 53, 23, 24, 28, 57, ]
