solved:	true
solution_length:	31
upper_bound:	31
solution_runtime:	0.0126539
heuristic_solution_length:	31
heuristic_solution_runtime:	0.00408115
heuristic_runtime:	0.010401
solving_forward:	false
reduction_is_complete:	true
reduction_quality:	1
reduction_upper_bound:	31
reduction_runtime:	0.00225263
mdd_memory_consumption:	0
main_process_memory_consumption:	0
match_ilp_solution_length:	31
match_ilp_upper_bound:	31
match_ilp_runtime:	2.42e-07
mdd_ilp_solution_length:	31
mdd_ilp_upper_bound:	31
mdd_ilp_runtime:	1.08e-07
solution:	[8, 58, 61, 10, 32, 48, 13, 27, 57, 20, 52, 0, 37, 36, 39, 45, 42, 23, 16, 19, 40, 62, 3, 35, 17, 34, 9, 12, 55, 47, 49, ]
