solved:	true
solution_length:	31
upper_bound:	31
solution_runtime:	0.0206317
heuristic_solution_length:	31
heuristic_solution_runtime:	0.00345979
heuristic_runtime:	0.0162201
solving_forward:	false
reduction_is_complete:	true
reduction_quality:	1
reduction_upper_bound:	31
reduction_runtime:	0.00441138
mdd_memory_consumption:	0
main_process_memory_consumption:	0
match_ilp_solution_length:	31
match_ilp_upper_bound:	31
match_ilp_runtime:	2.34e-07
mdd_ilp_solution_length:	31
mdd_ilp_upper_bound:	31
mdd_ilp_runtime:	1.28e-07
solution:	[52, 36, 18, 60, 55, 38, 15, 56, 26, 27, 11, 4, 50, 43, 61, 8, 13, 39, 14, 19, 57, 10, 5, 54, 44, 47, 22, 33, 58, 1, 35, ]
