solved:	true
solution_length:	33
upper_bound:	33
solution_runtime:	0.0211554
heuristic_solution_length:	33
heuristic_solution_runtime:	0.00594674
heuristic_runtime:	0.0182108
solving_forward:	true
reduction_is_complete:	true
reduction_quality:	1
reduction_upper_bound:	33
reduction_runtime:	0.00294422
mdd_memory_consumption:	0
main_process_memory_consumption:	0
match_ilp_solution_length:	33
match_ilp_upper_bound:	33
match_ilp_runtime:	3.32e-07
mdd_ilp_solution_length:	33
mdd_ilp_upper_bound:	33
mdd_ilp_runtime:	1.51e-07
solution:	[31, 16, 48, 20, 46, 13, 11, 18, 3, 58, 29, 22, 21, 2, 57, 33, 37, 39, 25, 9, 55, 38, 42, 26, 56, 49, 35, 24, 52, 5, 63, 19, 30, ]
