solved:	true
solution_length:	29
upper_bound:	29
solution_runtime:	0.0104404
heuristic_solution_length:	29
heuristic_solution_runtime:	0.00448534
heuristic_runtime:	0.0098104
solving_forward:	true
reduction_is_complete:	true
reduction_quality:	1
reduction_upper_bound:	29
reduction_runtime:	0.000629698
mdd_memory_consumption:	0
main_process_memory_consumption:	0
match_ilp_solution_length:	29
match_ilp_upper_bound:	29
match_ilp_runtime:	3.42e-07
mdd_ilp_solution_length:	29
mdd_ilp_upper_bound:	29
mdd_ilp_runtime:	1.5e-07
solution:	[20, 0, 43, 52, 11, 50, 35, 22, 39, 63, 37, 42, 26, 4, 29, 16, 5, 8, 44, 51, 58, 62, 57, 10, 15, 55, 7, 2, 40, ]
