solved:	true
solution_length:	30
upper_bound:	30
solution_runtime:	0.00851967
heuristic_solution_length:	30
heuristic_solution_runtime:	0.00465457
heuristic_runtime:	0.00817313
solving_forward:	true
reduction_is_complete:	true
reduction_quality:	1
reduction_upper_bound:	30
reduction_runtime:	0.000346308
mdd_memory_consumption:	0
main_process_memory_consumption:	0
match_ilp_solution_length:	30
match_ilp_upper_bound:	30
match_ilp_runtime:	2.27e-07
mdd_ilp_solution_length:	30
mdd_ilp_upper_bound:	30
mdd_ilp_runtime:	1e-07
solution:	[9, 31, 19, 30, 63, 2, 55, 45, 37, 49, 32, 35, 29, 20, 60, 57, 26, 6, 12, 4, 46, 28, 54, 0, 21, 8, 51, 52, 11, 40, ]
