solved:	true
solution_length:	35
upper_bound:	35
solution_runtime:	0.0235694
heuristic_solution_length:	35
heuristic_solution_runtime:	0.0061054
heuristic_runtime:	0.0215499
solving_forward:	true
reduction_is_complete:	true
reduction_quality:	1
reduction_upper_bound:	35
reduction_runtime:	0.00201924
mdd_memory_consumption:	0
main_process_memory_consumption:	0
match_ilp_solution_length:	35
match_ilp_upper_bound:	35
match_ilp_runtime:	3.32e-07
mdd_ilp_solution_length:	35
mdd_ilp_upper_bound:	35
mdd_ilp_runtime:	1.54e-07
solution:	[48, 61, 43, 14, 37, 63, 17, 54, 4, 25, 11, 7, 30, 55, 19, 8, 45, 10, 51, 41, 46, 31, 12, 9, 24, 21, 53, 59, 29, 62, 22, 2, 6, 50, 35, ]
