solved:	true
solution_length:	33
upper_bound:	33
solution_runtime:	0.055995
heuristic_solution_length:	33
heuristic_solution_runtime:	0.00423334
heuristic_runtime:	0.0406734
solving_forward:	false
reduction_is_complete:	true
reduction_quality:	1
reduction_upper_bound:	33
reduction_runtime:	0.0153214
mdd_memory_consumption:	0
main_process_memory_consumption:	0
match_ilp_solution_length:	33
match_ilp_upper_bound:	33
match_ilp_runtime:	1.72e-07
mdd_ilp_solution_length:	33
mdd_ilp_upper_bound:	33
mdd_ilp_runtime:	7.9e-08
solution:	[62, 24, 5, 33, 44, 19, 53, 11, 56, 21, 48, 37, 52, 58, 15, 17, 39, 35, 4, 12, 40, 54, 30, 34, 1, 63, 43, 38, 32, 0, 31, 60, 13, ]
