solved:	true
solution_length:	38
upper_bound:	38
solution_runtime:	0.231378
heuristic_solution_length:	38
heuristic_solution_runtime:	0.0158538
heuristic_runtime:	0.113855
solving_forward:	false
reduction_is_complete:	true
reduction_quality:	1
reduction_upper_bound:	38
reduction_runtime:	0.117522
mdd_memory_consumption:	53852
main_process_memory_consumption:	0
match_ilp_solution_length:	38
match_ilp_upper_bound:	38
match_ilp_runtime:	1.68e-07
mdd_ilp_solution_length:	38
mdd_ilp_upper_bound:	38
mdd_ilp_runtime:	9.8e-08
solution:	[0, 25, 54, 23, 31, 16, 22, 15, 11, 58, 29, 6, 59, 47, 12, 5, 40, 10, 36, 38, 21, 49, 2, 7, 52, 63, 48, 60, 1, 39, 18, 56, 55, 13, 30, 32, 61, 3, ]
