solved:	true
solution_length:	47
upper_bound:	47
solution_runtime:	0.339626
heuristic_solution_length:	47
heuristic_solution_runtime:	0.0138521
heuristic_runtime:	0.157402
solving_forward:	false
reduction_is_complete:	true
reduction_quality:	1
reduction_upper_bound:	47
reduction_runtime:	0.182223
mdd_memory_consumption:	56532
main_process_memory_consumption:	0
match_ilp_solution_length:	47
match_ilp_upper_bound:	47
match_ilp_runtime:	1.84e-07
mdd_ilp_solution_length:	47
mdd_ilp_upper_bound:	47
mdd_ilp_runtime:	9.6e-08
solution:	[61, 23, 19, 62, 17, 47, 45, 31, 29, 7, 43, 35, 34, 39, 27, 56, 13, 59, 41, 3, 38, 11, 9, 4, 37, 40, 36, 44, 21, 60, 57, 48, 58, 0, 6, 26, 1, 15, 52, 53, 28, 16, 42, 2, 54, 25, 50, ]
