solved:	true
solution_length:	49
upper_bound:	49
solution_runtime:	0.360643
heuristic_solution_length:	49
heuristic_solution_runtime:	0.0183757
heuristic_runtime:	0.182268
solving_forward:	true
reduction_is_complete:	true
reduction_quality:	1
reduction_upper_bound:	49
reduction_runtime:	0.178375
mdd_memory_consumption:	56568
main_process_memory_consumption:	0
match_ilp_solution_length:	49
match_ilp_upper_bound:	49
match_ilp_runtime:	2.23e-07
mdd_ilp_solution_length:	49
mdd_ilp_upper_bound:	49
mdd_ilp_runtime:	9.5e-08
solution:	[39, 0, 45, 62, 24, 47, 12, 4, 29, 34, 26, 28, 10, 54, 50, 37, 32, 35, 57, 61, 38, 11, 8, 31, 30, 1, 51, 53, 60, 18, 42, 43, 27, 56, 52, 5, 49, 22, 40, 48, 23, 3, 9, 59, 44, 19, 41, 6, 36, ]
