solved:	true
solution_length:	41
upper_bound:	41
solution_runtime:	0.256591
heuristic_solution_length:	41
heuristic_solution_runtime:	0.00993976
heuristic_runtime:	0.113988
solving_forward:	false
reduction_is_complete:	true
reduction_quality:	1
reduction_upper_bound:	41
reduction_runtime:	0.142603
mdd_memory_consumption:	54652
main_process_memory_consumption:	0
match_ilp_solution_length:	41
match_ilp_upper_bound:	41
match_ilp_runtime:	2.06e-07
mdd_ilp_solution_length:	41
mdd_ilp_upper_bound:	41
mdd_ilp_runtime:	9.8e-08
solution:	[51, 58, 23, 62, 63, 22, 41, 39, 46, 16, 55, 13, 24, 7, 4, 29, 40, 42, 48, 20, 12, 34, 8, 14, 37, 53, 50, 43, 25, 47, 35, 61, 19, 27, 2, 11, 57, 36, 52, 0, 44, ]
