solved:	true
solution_length:	41
upper_bound:	41
solution_runtime:	0.462748
heuristic_solution_length:	41
heuristic_solution_runtime:	0.0203816
heuristic_runtime:	0.173485
solving_forward:	true
reduction_is_complete:	true
reduction_quality:	1
reduction_upper_bound:	41
reduction_runtime:	0.289262
mdd_memory_consumption:	60664
main_process_memory_consumption:	0
match_ilp_solution_length:	41
match_ilp_upper_bound:	41
match_ilp_runtime:	2.11e-07
mdd_ilp_solution_length:	41
mdd_ilp_upper_bound:	41
mdd_ilp_runtime:	9.9e-08
solution:	[35, 30, 22, 23, 25, 48, 33, 53, 46, 56, 40, 49, 8, 11, 39, 42, 62, 26, 27, 36, 20, 12, 31, 58, 10, 21, 2, 18, 28, 19, 34, 47, 59, 60, 0, 55, 24, 41, 4, 6, 3, ]
