solved:	true
solution_length:	46
upper_bound:	46
solution_runtime:	0.30989
heuristic_solution_length:	46
heuristic_solution_runtime:	0.0225015
heuristic_runtime:	0.150548
solving_forward:	true
reduction_is_complete:	true
reduction_quality:	1
reduction_upper_bound:	46
reduction_runtime:	0.159342
mdd_memory_consumption:	56424
main_process_memory_consumption:	0
match_ilp_solution_length:	46
match_ilp_upper_bound:	46
match_ilp_runtime:	1.68e-07
mdd_ilp_solution_length:	46
mdd_ilp_upper_bound:	46
mdd_ilp_runtime:	9.7e-08
solution:	[40, 31, 46, 53, 60, 54, 8, 15, 28, 47, 58, 39, 26, 19, 52, 24, 3, 12, 30, 63, 43, 18, 59, 35, 37, 42, 33, 62, 11, 41, 10, 50, 51, 9, 7, 48, 32, 5, 36, 44, 23, 17, 0, 25, 13, 27, ]
