solved:	true
solution_length:	51
upper_bound:	51
solution_runtime:	0.990856
heuristic_solution_length:	51
heuristic_solution_runtime:	0.0260523
heuristic_runtime:	0.291709
solving_forward:	false
reduction_is_complete:	true
reduction_quality:	1
reduction_upper_bound:	51
reduction_runtime:	0.699147
mdd_memory_consumption:	63552
main_process_memory_consumption:	0
match_ilp_solution_length:	51
match_ilp_upper_bound:	51
match_ilp_runtime:	6.26e-07
mdd_ilp_solution_length:	51
mdd_ilp_upper_bound:	51
mdd_ilp_runtime:	9.6e-08
solution:	[25, 52, 13, 28, 0, 3, 1, 16, 59, 24, 54, 18, 35, 19, 9, 11, 15, 32, 36, 39, 21, 50, 23, 17, 55, 20, 51, 14, 4, 43, 38, 44, 5, 62, 2, 8, 49, 6, 63, 26, 7, 27, 42, 61, 48, 12, 22, 41, 56, 29, 60, ]
