solved:	true
solution_length:	43
upper_bound:	43
solution_runtime:	1.1921
heuristic_solution_length:	43
heuristic_solution_runtime:	0.029724
heuristic_runtime:	0.302514
solving_forward:	true
reduction_is_complete:	true
reduction_quality:	1
reduction_upper_bound:	43
reduction_runtime:	0.88959
mdd_memory_consumption:	68128
main_process_memory_consumption:	0
match_ilp_solution_length:	43
match_ilp_upper_bound:	43
match_ilp_runtime:	3.48e-07
mdd_ilp_solution_length:	43
mdd_ilp_upper_bound:	43
mdd_ilp_runtime:	9.9e-08
solution:	[59, 37, 42, 27, 1, 10, 58, 63, 28, 13, 50, 18, 33, 19, 32, 43, 45, 61, 6, 44, 21, 24, 48, 30, 36, 16, 26, 15, 8, 7, 5, 0, 14, 56, 20, 12, 3, 23, 17, 46, 60, 51, 62, ]
