solved:	true
solution_length:	46
upper_bound:	46
solution_runtime:	0.768485
heuristic_solution_length:	46
heuristic_solution_runtime:	0.0542051
heuristic_runtime:	0.316497
solving_forward:	false
reduction_is_complete:	true
reduction_quality:	1
reduction_upper_bound:	46
reduction_runtime:	0.451988
mdd_memory_consumption:	64980
main_process_memory_consumption:	0
match_ilp_solution_length:	46
match_ilp_upper_bound:	46
match_ilp_runtime:	1.97e-07
mdd_ilp_solution_length:	46
mdd_ilp_upper_bound:	46
mdd_ilp_runtime:	9.8e-08
solution:	[5, 17, 55, 10, 50, 13, 46, 51, 6, 19, 39, 33, 2, 59, 26, 58, 9, 22, 20, 44, 8, 27, 1, 11, 12, 16, 24, 38, 60, 57, 0, 31, 30, 34, 21, 14, 15, 61, 48, 54, 56, 45, 53, 52, 41, 18, ]
