solved:	true
solution_length:	50
upper_bound:	50
solution_runtime:	0.873908
heuristic_solution_length:	50
heuristic_solution_runtime:	0.0252857
heuristic_runtime:	0.357255
solving_forward:	false
reduction_is_complete:	true
reduction_quality:	1
reduction_upper_bound:	50
reduction_runtime:	0.516653
mdd_memory_consumption:	63848
main_process_memory_consumption:	0
match_ilp_solution_length:	50
match_ilp_upper_bound:	50
match_ilp_runtime:	3.06e-07
mdd_ilp_solution_length:	50
mdd_ilp_upper_bound:	50
mdd_ilp_runtime:	9.4e-08
solution:	[20, 14, 8, 42, 15, 54, 50, 13, 32, 53, 4, 35, 2, 31, 62, 24, 12, 45, 38, 25, 10, 43, 61, 57, 26, 30, 5, 0, 29, 6, 40, 49, 16, 48, 23, 58, 41, 28, 17, 55, 37, 56, 18, 19, 47, 60, 39, 27, 9, 63, ]
