solved:	true
solution_length:	6
upper_bound:	6
solution_runtime:	0.000327198
heuristic_solution_length:	6
heuristic_solution_runtime:	0.000232763
heuristic_runtime:	0.000275489
solving_forward:	true
reduction_is_complete:	true
reduction_quality:	1
reduction_upper_bound:	6
reduction_runtime:	5.1371e-05
mdd_memory_consumption:	0
main_process_memory_consumption:	0
match_ilp_solution_length:	6
match_ilp_upper_bound:	6
match_ilp_runtime:	3.38e-07
mdd_ilp_solution_length:	6
mdd_ilp_upper_bound:	6
mdd_ilp_runtime:	1.57e-07
solution:	[7, 1, 6, 4, 2, 0, ]
