solved:	true
solution_length:	6
upper_bound:	6
solution_runtime:	0.000296886
heuristic_solution_length:	6
heuristic_solution_runtime:	0.000177565
heuristic_runtime:	0.000212381
solving_forward:	true
reduction_is_complete:	true
reduction_quality:	1
reduction_upper_bound:	6
reduction_runtime:	8.4179e-05
mdd_memory_consumption:	0
main_process_memory_consumption:	0
match_ilp_solution_length:	6
match_ilp_upper_bound:	6
match_ilp_runtime:	3.26e-07
mdd_ilp_solution_length:	6
mdd_ilp_upper_bound:	6
mdd_ilp_runtime:	1.44e-07
solution:	[1, 5, 2, 6, 0, 3, ]
