solved:	true
solution_length:	6
upper_bound:	6
solution_runtime:	0.000382063
heuristic_solution_length:	6
heuristic_solution_runtime:	0.000275247
heuristic_runtime:	0.000329889
solving_forward:	true
reduction_is_complete:	true
reduction_quality:	1
reduction_upper_bound:	6
reduction_runtime:	5.1819e-05
mdd_memory_consumption:	0
main_process_memory_consumption:	0
match_ilp_solution_length:	6
match_ilp_upper_bound:	6
match_ilp_runtime:	3.55e-07
mdd_ilp_solution_length:	6
mdd_ilp_upper_bound:	6
mdd_ilp_runtime:	1.57e-07
solution:	[6, 1, 5, 0, 4, 3, ]
