solved:	true
solution_length:	7
upper_bound:	7
solution_runtime:	0.000440074
heuristic_solution_length:	7
heuristic_solution_runtime:	0.000328416
heuristic_runtime:	0.000387841
solving_forward:	true
reduction_is_complete:	true
reduction_quality:	1
reduction_upper_bound:	7
reduction_runtime:	5.1877e-05
mdd_memory_consumption:	0
main_process_memory_consumption:	0
match_ilp_solution_length:	7
match_ilp_upper_bound:	7
match_ilp_runtime:	3.56e-07
mdd_ilp_solution_length:	7
mdd_ilp_upper_bound:	7
mdd_ilp_runtime:	1.52e-07
solution:	[7, 0, 4, 2, 5, 6, 1, ]
