solved:	true
solution_length:	7
upper_bound:	7
solution_runtime:	0.000498708
heuristic_solution_length:	7
heuristic_solution_runtime:	0.000338144
heuristic_runtime:	0.000408403
solving_forward:	true
reduction_is_complete:	true
reduction_quality:	1
reduction_upper_bound:	7
reduction_runtime:	8.9925e-05
mdd_memory_consumption:	0
main_process_memory_consumption:	0
match_ilp_solution_length:	7
match_ilp_upper_bound:	7
match_ilp_runtime:	3.8e-07
mdd_ilp_solution_length:	7
mdd_ilp_upper_bound:	7
mdd_ilp_runtime:	1.58e-07
solution:	[1, 0, 7, 2, 4, 6, 3, ]
