solved:	true
solution_length:	7
upper_bound:	7
solution_runtime:	0.00046988
heuristic_solution_length:	7
heuristic_solution_runtime:	0.000395723
heuristic_runtime:	0.000435236
solving_forward:	true
reduction_is_complete:	true
reduction_quality:	1
reduction_upper_bound:	7
reduction_runtime:	3.4407e-05
mdd_memory_consumption:	0
main_process_memory_consumption:	0
match_ilp_solution_length:	7
match_ilp_upper_bound:	7
match_ilp_runtime:	2.37e-07
mdd_ilp_solution_length:	7
mdd_ilp_upper_bound:	7
mdd_ilp_runtime:	9.4e-08
solution:	[3, 1, 7, 2, 0, 4, 6, ]
