solved:	true
solution_length:	5
upper_bound:	5
solution_runtime:	0.000342588
heuristic_solution_length:	5
heuristic_solution_runtime:	0.000270376
heuristic_runtime:	0.000308173
solving_forward:	true
reduction_is_complete:	true
reduction_quality:	1
reduction_upper_bound:	5
reduction_runtime:	3.4184e-05
mdd_memory_consumption:	0
main_process_memory_consumption:	0
match_ilp_solution_length:	5
match_ilp_upper_bound:	5
match_ilp_runtime:	2.31e-07
mdd_ilp_solution_length:	5
mdd_ilp_upper_bound:	5
mdd_ilp_runtime:	1.03e-07
solution:	[2, 7, 0, 3, 1, ]
