solved:	true
solution_length:	8
upper_bound:	8
solution_runtime:	0.000661837
heuristic_solution_length:	8
heuristic_solution_runtime:	0.000598269
heuristic_runtime:	0.000626411
solving_forward:	true
reduction_is_complete:	true
reduction_quality:	1
reduction_upper_bound:	8
reduction_runtime:	3.5202e-05
mdd_memory_consumption:	0
main_process_memory_consumption:	0
match_ilp_solution_length:	8
match_ilp_upper_bound:	8
match_ilp_runtime:	2.24e-07
mdd_ilp_solution_length:	8
mdd_ilp_upper_bound:	8
mdd_ilp_runtime:	9.3e-08
solution:	[5, 3, 7, 6, 2, 0, 4, 1, ]
