solved:	true
solution_length:	6
upper_bound:	6
solution_runtime:	0.000741805
heuristic_solution_length:	6
heuristic_solution_runtime:	0.000563459
heuristic_runtime:	0.000651114
solving_forward:	true
reduction_is_complete:	true
reduction_quality:	1
reduction_upper_bound:	6
reduction_runtime:	9.0331e-05
mdd_memory_consumption:	0
main_process_memory_consumption:	0
match_ilp_solution_length:	6
match_ilp_upper_bound:	6
match_ilp_runtime:	3.6e-07
mdd_ilp_solution_length:	6
mdd_ilp_upper_bound:	6
mdd_ilp_runtime:	1.5e-07
solution:	[2, 0, 6, 3, 4, 5, ]
