solved:	true
solution_length:	8
upper_bound:	8
solution_runtime:	0.000822212
heuristic_solution_length:	8
heuristic_solution_runtime:	0.000727502
heuristic_runtime:	0.000769638
solving_forward:	true
reduction_is_complete:	true
reduction_quality:	1
reduction_upper_bound:	8
reduction_runtime:	5.2194e-05
mdd_memory_consumption:	0
main_process_memory_consumption:	0
match_ilp_solution_length:	8
match_ilp_upper_bound:	8
match_ilp_runtime:	3.8e-07
mdd_ilp_solution_length:	8
mdd_ilp_upper_bound:	8
mdd_ilp_runtime:	1.51e-07
solution:	[3, 6, 7, 1, 5, 4, 2, 0, ]
