solved:	true
solution_length:	7
upper_bound:	7
solution_runtime:	0.000804635
heuristic_solution_length:	7
heuristic_solution_runtime:	0.000660685
heuristic_runtime:	0.00075213
solving_forward:	true
reduction_is_complete:	true
reduction_quality:	1
reduction_upper_bound:	7
reduction_runtime:	5.2165e-05
mdd_memory_consumption:	0
main_process_memory_consumption:	0
match_ilp_solution_length:	7
match_ilp_upper_bound:	7
match_ilp_runtime:	3.4e-07
mdd_ilp_solution_length:	7
mdd_ilp_upper_bound:	7
mdd_ilp_runtime:	1.5e-07
solution:	[3, 2, 6, 4, 0, 1, 7, ]
