solved:	true
solution_length:	8
upper_bound:	8
solution_runtime:	0.00106482
heuristic_solution_length:	8
heuristic_solution_runtime:	0.00103758
heuristic_runtime:	0.00105692
solving_forward:	true
reduction_is_complete:	true
reduction_quality:	1
reduction_upper_bound:	8
reduction_runtime:	7.544e-06
mdd_memory_consumption:	0
main_process_memory_consumption:	0
match_ilp_solution_length:	8
match_ilp_upper_bound:	8
match_ilp_runtime:	3.6e-07
mdd_ilp_solution_length:	8
mdd_ilp_upper_bound:	8
mdd_ilp_runtime:	1.5e-07
solution:	[0, 4, 1, 3, 5, 6, 2, 7, ]
