solved:	true
solution_length:	8
upper_bound:	8
solution_runtime:	0.000722673
heuristic_solution_length:	8
heuristic_solution_runtime:	0.000643311
heuristic_runtime:	0.000678719
solving_forward:	true
reduction_is_complete:	true
reduction_quality:	1
reduction_upper_bound:	8
reduction_runtime:	4.3699e-05
mdd_memory_consumption:	0
main_process_memory_consumption:	0
match_ilp_solution_length:	8
match_ilp_upper_bound:	8
match_ilp_runtime:	2.55e-07
mdd_ilp_solution_length:	8
mdd_ilp_upper_bound:	8
mdd_ilp_runtime:	1.08e-07
solution:	[1, 0, 6, 7, 5, 4, 3, 2, ]
