solved:	true
solution_length:	19
upper_bound:	19
solution_runtime:	0.00100647
heuristic_solution_length:	19
heuristic_solution_runtime:	0.00088852
heuristic_runtime:	0.000984127
solving_forward:	true
reduction_is_complete:	true
reduction_quality:	1
reduction_upper_bound:	19
reduction_runtime:	2.2201e-05
mdd_memory_consumption [MB]:	0
main_process_memory_consumption [MB]:	0
match_ilp_solution_length:	19
match_ilp_upper_bound:	19
match_ilp_runtime:	1.46e-07
mdd_ilp_solution_length:	19
mdd_ilp_upper_bound:	19
mdd_ilp_runtime:	5.1e-08
solution:	[54, 68, 29, 25, 8, 3, 84, 74, 78, 33, 26, 0, 58, 61, 2, 42, 20, 51, 47, ]
