solved:	true
solution_length:	23
upper_bound:	23
solution_runtime:	0.00415084
heuristic_solution_length:	23
heuristic_solution_runtime:	0.000908961
heuristic_runtime:	0.00301215
solving_forward:	true
reduction_is_complete:	true
reduction_quality:	1
reduction_upper_bound:	23
reduction_runtime:	0.00113859
mdd_memory_consumption [MB]:	0
main_process_memory_consumption [MB]:	0
match_ilp_solution_length:	23
match_ilp_upper_bound:	23
match_ilp_runtime:	1.03e-07
mdd_ilp_solution_length:	23
mdd_ilp_upper_bound:	23
mdd_ilp_runtime:	4.6e-08
solution:	[48, 15, 35, 38, 1, 53, 2, 40, 9, 25, 52, 16, 37, 62, 56, 29, 32, 43, 12, 13, 45, 31, 57, ]
