solved:	true
solution_length:	18
upper_bound:	18
solution_runtime:	0.00106749
heuristic_solution_length:	18
heuristic_solution_runtime:	0.00105392
heuristic_runtime:	0.00106427
solving_forward:	true
reduction_is_complete:	true
reduction_quality:	1
reduction_upper_bound:	18
reduction_runtime:	3.074e-06
mdd_memory_consumption [MB]:	0
main_process_memory_consumption [MB]:	0
match_ilp_solution_length:	18
match_ilp_upper_bound:	18
match_ilp_runtime:	1.49e-07
mdd_ilp_solution_length:	18
mdd_ilp_upper_bound:	18
mdd_ilp_runtime:	6.3e-08
solution:	[74, 26, 64, 23, 67, 14, 81, 35, 79, 6, 95, 66, 53, 65, 82, 34, 70, 32, ]
