solved:	true
solution_length:	22
upper_bound:	22
solution_runtime:	0.00128003
heuristic_solution_length:	22
heuristic_solution_runtime:	0.00112101
heuristic_runtime:	0.00125427
solving_forward:	true
reduction_is_complete:	true
reduction_quality:	1
reduction_upper_bound:	22
reduction_runtime:	2.5584e-05
mdd_memory_consumption [MB]:	0
main_process_memory_consumption [MB]:	0
match_ilp_solution_length:	22
match_ilp_upper_bound:	22
match_ilp_runtime:	1.78e-07
mdd_ilp_solution_length:	22
mdd_ilp_upper_bound:	22
mdd_ilp_runtime:	9.6e-08
solution:	[23, 36, 59, 6, 60, 4, 5, 64, 68, 51, 56, 11, 54, 19, 18, 46, 66, 61, 79, 17, 27, 30, ]
