solved:	true
solution_length:	17
upper_bound:	17
solution_runtime:	0.000977223
heuristic_solution_length:	17
heuristic_solution_runtime:	0.000895577
heuristic_runtime:	0.000954459
solving_forward:	true
reduction_is_complete:	true
reduction_quality:	1
reduction_upper_bound:	17
reduction_runtime:	2.2623e-05
mdd_memory_consumption [MB]:	0
main_process_memory_consumption [MB]:	0
match_ilp_solution_length:	17
match_ilp_upper_bound:	17
match_ilp_runtime:	1.41e-07
mdd_ilp_solution_length:	17
mdd_ilp_upper_bound:	17
mdd_ilp_runtime:	6.2e-08
solution:	[3, 59, 55, 84, 108, 72, 61, 60, 68, 10, 36, 26, 87, 24, 16, 58, 74, ]
