solved:	true
solution_length:	26
upper_bound:	26
solution_runtime:	0.0107328
heuristic_solution_length:	26
heuristic_solution_runtime:	0.00272676
heuristic_runtime:	0.00886129
solving_forward:	true
reduction_is_complete:	true
reduction_quality:	1
reduction_upper_bound:	26
reduction_runtime:	0.00187135
mdd_memory_consumption [MB]:	0
main_process_memory_consumption [MB]:	0
match_ilp_solution_length:	26
match_ilp_upper_bound:	26
match_ilp_runtime:	1.36e-07
mdd_ilp_solution_length:	26
mdd_ilp_upper_bound:	26
mdd_ilp_runtime:	4.8e-08
solution:	[25, 41, 43, 23, 19, 6, 10, 4, 13, 28, 20, 33, 17, 18, 35, 37, 2, 42, 8, 31, 21, 24, 16, 30, 32, 7, ]
