solved:	true
solution_length:	21
upper_bound:	21
solution_runtime:	0.00617369
heuristic_solution_length:	21
heuristic_solution_runtime:	0.000988701
heuristic_runtime:	0.0046978
solving_forward:	true
reduction_is_complete:	true
reduction_quality:	1
reduction_upper_bound:	21
reduction_runtime:	0.00147575
mdd_memory_consumption [MB]:	0
main_process_memory_consumption [MB]:	0
match_ilp_solution_length:	21
match_ilp_upper_bound:	21
match_ilp_runtime:	1.35e-07
mdd_ilp_solution_length:	21
mdd_ilp_upper_bound:	21
mdd_ilp_runtime:	7.9e-08
solution:	[11, 35, 24, 45, 51, 66, 60, 20, 53, 14, 22, 79, 3, 13, 7, 23, 10, 5, 50, 48, 64, ]
