solved:	true
solution_length:	18
upper_bound:	18
solution_runtime:	0.00259858
heuristic_solution_length:	18
heuristic_solution_runtime:	0.00104675
heuristic_runtime:	0.00229741
solving_forward:	true
reduction_is_complete:	true
reduction_quality:	1
reduction_upper_bound:	18
reduction_runtime:	0.000301019
mdd_memory_consumption [MB]:	0
main_process_memory_consumption [MB]:	0
match_ilp_solution_length:	18
match_ilp_upper_bound:	18
match_ilp_runtime:	1.43e-07
mdd_ilp_solution_length:	18
mdd_ilp_upper_bound:	18
mdd_ilp_runtime:	6.3e-08
solution:	[34, 80, 33, 60, 13, 47, 79, 57, 32, 29, 61, 16, 87, 39, 25, 35, 14, 76, ]
