solved:	true
solution_length:	26
upper_bound:	26
solution_runtime:	0.00158237
heuristic_solution_length:	26
heuristic_solution_runtime:	0.00151529
heuristic_runtime:	0.00157906
solving_forward:	true
reduction_is_complete:	true
reduction_quality:	1
reduction_upper_bound:	26
reduction_runtime:	3.163e-06
mdd_memory_consumption [MB]:	0
main_process_memory_consumption [MB]:	0
match_ilp_solution_length:	26
match_ilp_upper_bound:	26
match_ilp_runtime:	1.48e-07
mdd_ilp_solution_length:	26
mdd_ilp_upper_bound:	26
mdd_ilp_runtime:	6.4e-08
solution:	[13, 15, 32, 54, 36, 21, 7, 38, 61, 39, 22, 27, 47, 34, 1, 58, 35, 9, 45, 5, 42, 29, 30, 48, 31, 50, ]
