solved:	true
solution_length:	23
upper_bound:	23
solution_runtime:	0.00122078
heuristic_solution_length:	23
heuristic_solution_runtime:	0.00111924
heuristic_runtime:	0.00119761
solving_forward:	true
reduction_is_complete:	true
reduction_quality:	1
reduction_upper_bound:	23
reduction_runtime:	2.3031e-05
mdd_memory_consumption [MB]:	0
main_process_memory_consumption [MB]:	0
match_ilp_solution_length:	23
match_ilp_upper_bound:	23
match_ilp_runtime:	1.4e-07
mdd_ilp_solution_length:	23
mdd_ilp_upper_bound:	23
mdd_ilp_runtime:	6.2e-08
solution:	[56, 35, 34, 13, 29, 15, 7, 61, 62, 46, 12, 23, 52, 50, 0, 21, 27, 10, 38, 31, 20, 42, 48, ]
