solved:	true
solution_length:	22
upper_bound:	22
solution_runtime:	0.000998633
heuristic_solution_length:	22
heuristic_solution_runtime:	0.000913881
heuristic_runtime:	0.000976273
solving_forward:	true
reduction_is_complete:	true
reduction_quality:	1
reduction_upper_bound:	22
reduction_runtime:	2.2218e-05
mdd_memory_consumption [MB]:	0
main_process_memory_consumption [MB]:	0
match_ilp_solution_length:	22
match_ilp_upper_bound:	22
match_ilp_runtime:	1.42e-07
mdd_ilp_solution_length:	22
mdd_ilp_upper_bound:	22
mdd_ilp_runtime:	6.2e-08
solution:	[34, 21, 0, 27, 44, 91, 2, 28, 16, 94, 50, 70, 53, 29, 93, 41, 57, 63, 47, 72, 87, 9, ]
