solved:	true
solution_length:	18
upper_bound:	18
solution_runtime:	0.00179905
heuristic_solution_length:	18
heuristic_solution_runtime:	0.00109386
heuristic_runtime:	0.00171987
solving_forward:	true
reduction_is_complete:	true
reduction_quality:	1
reduction_upper_bound:	18
reduction_runtime:	7.9046e-05
mdd_memory_consumption [MB]:	0
main_process_memory_consumption [MB]:	0
match_ilp_solution_length:	18
match_ilp_upper_bound:	18
match_ilp_runtime:	1.41e-07
mdd_ilp_solution_length:	18
mdd_ilp_upper_bound:	18
mdd_ilp_runtime:	6.2e-08
solution:	[36, 42, 44, 48, 79, 55, 33, 29, 20, 67, 61, 53, 109, 12, 51, 82, 43, 15, ]
