solved:	true
solution_length:	24
upper_bound:	24
solution_runtime:	0.00150648
heuristic_solution_length:	24
heuristic_solution_runtime:	0.00126214
heuristic_runtime:	0.00148328
solving_forward:	true
reduction_is_complete:	true
reduction_quality:	1
reduction_upper_bound:	24
reduction_runtime:	2.3049e-05
mdd_memory_consumption [MB]:	0
main_process_memory_consumption [MB]:	0
match_ilp_solution_length:	24
match_ilp_upper_bound:	24
match_ilp_runtime:	1.48e-07
mdd_ilp_solution_length:	24
mdd_ilp_upper_bound:	24
mdd_ilp_runtime:	6.3e-08
solution:	[6, 45, 3, 1, 35, 17, 10, 40, 20, 26, 27, 28, 38, 13, 25, 4, 19, 18, 16, 15, 23, 5, 37, 33, ]
