solved:	true
solution_length:	22
upper_bound:	22
solution_runtime:	0.00381973
heuristic_solution_length:	22
heuristic_solution_runtime:	0.00114175
heuristic_runtime:	0.00325084
solving_forward:	true
reduction_is_complete:	true
reduction_quality:	1
reduction_upper_bound:	22
reduction_runtime:	0.000568745
mdd_memory_consumption [MB]:	0
main_process_memory_consumption [MB]:	0
match_ilp_solution_length:	22
match_ilp_upper_bound:	22
match_ilp_runtime:	1.38e-07
mdd_ilp_solution_length:	22
mdd_ilp_upper_bound:	22
mdd_ilp_runtime:	6.3e-08
solution:	[51, 59, 0, 16, 56, 53, 20, 54, 30, 26, 25, 43, 33, 41, 60, 47, 50, 29, 42, 4, 5, 2, ]
