solved:	true
solution_length:	16
upper_bound:	16
solution_runtime:	0.00288229
heuristic_solution_length:	16
heuristic_solution_runtime:	0.00271999
heuristic_runtime:	0.00285852
solving_forward:	true
reduction_is_complete:	true
reduction_quality:	1
reduction_upper_bound:	16
reduction_runtime:	2.3615e-05
mdd_memory_consumption [MB]:	0
main_process_memory_consumption [MB]:	0
match_ilp_solution_length:	16
match_ilp_upper_bound:	16
match_ilp_runtime:	1.5e-07
mdd_ilp_solution_length:	16
mdd_ilp_upper_bound:	16
mdd_ilp_runtime:	6.3e-08
solution:	[14, 1, 13, 11, 15, 5, 3, 9, 4, 2, 7, 10, 8, 6, 12, 0, ]
