solved:	true
solution_length:	21
upper_bound:	21
solution_runtime:	0.00259051
heuristic_solution_length:	21
heuristic_solution_runtime:	0.00100644
heuristic_runtime:	0.0023336
solving_forward:	true
reduction_is_complete:	true
reduction_quality:	1
reduction_upper_bound:	21
reduction_runtime:	0.000256765
mdd_memory_consumption [MB]:	0
main_process_memory_consumption [MB]:	0
match_ilp_solution_length:	21
match_ilp_upper_bound:	21
match_ilp_runtime:	1.45e-07
mdd_ilp_solution_length:	21
mdd_ilp_upper_bound:	21
mdd_ilp_runtime:	4.8e-08
solution:	[37, 33, 58, 71, 40, 19, 3, 73, 6, 13, 76, 23, 65, 68, 46, 1, 45, 67, 39, 10, 9, ]
