solved:	true
solution_length:	24
upper_bound:	24
solution_runtime:	0.00132166
heuristic_solution_length:	24
heuristic_solution_runtime:	0.00121144
heuristic_runtime:	0.00129355
solving_forward:	true
reduction_is_complete:	true
reduction_quality:	1
reduction_upper_bound:	24
reduction_runtime:	2.7918e-05
mdd_memory_consumption [MB]:	0
main_process_memory_consumption [MB]:	0
match_ilp_solution_length:	24
match_ilp_upper_bound:	24
match_ilp_runtime:	1.88e-07
mdd_ilp_solution_length:	24
mdd_ilp_upper_bound:	24
mdd_ilp_runtime:	6.3e-08
solution:	[39, 62, 16, 58, 4, 45, 25, 8, 20, 47, 27, 44, 43, 46, 17, 59, 2, 48, 3, 60, 63, 1, 42, 5, ]
