solved:	true
solution_length:	18
upper_bound:	18
solution_runtime:	0.00191956
heuristic_solution_length:	18
heuristic_solution_runtime:	0.000977808
heuristic_runtime:	0.00179298
solving_forward:	true
reduction_is_complete:	true
reduction_quality:	1
reduction_upper_bound:	18
reduction_runtime:	0.000126405
mdd_memory_consumption [MB]:	0
main_process_memory_consumption [MB]:	0
match_ilp_solution_length:	18
match_ilp_upper_bound:	18
match_ilp_runtime:	1.7e-07
mdd_ilp_solution_length:	18
mdd_ilp_upper_bound:	18
mdd_ilp_runtime:	6.2e-08
solution:	[70, 96, 97, 92, 26, 48, 51, 22, 33, 34, 59, 66, 104, 10, 94, 102, 13, 19, ]
