solved:	true
solution_length:	16
upper_bound:	16
solution_runtime:	0.00284106
heuristic_solution_length:	16
heuristic_solution_runtime:	0.00270392
heuristic_runtime:	0.00281682
solving_forward:	true
reduction_is_complete:	true
reduction_quality:	1
reduction_upper_bound:	16
reduction_runtime:	2.4084e-05
mdd_memory_consumption [MB]:	0
main_process_memory_consumption [MB]:	0
match_ilp_solution_length:	16
match_ilp_upper_bound:	16
match_ilp_runtime:	1.49e-07
mdd_ilp_solution_length:	16
mdd_ilp_upper_bound:	16
mdd_ilp_runtime:	6.2e-08
solution:	[6, 11, 8, 9, 3, 2, 13, 12, 4, 0, 1, 14, 10, 7, 5, 15, ]
