solved:	true
solution_length:	20
upper_bound:	20
solution_runtime:	0.00112391
heuristic_solution_length:	20
heuristic_solution_runtime:	0.00101337
heuristic_runtime:	0.00109029
solving_forward:	true
reduction_is_complete:	true
reduction_quality:	1
reduction_upper_bound:	20
reduction_runtime:	3.3465e-05
mdd_memory_consumption [MB]:	0
main_process_memory_consumption [MB]:	0
match_ilp_solution_length:	20
match_ilp_upper_bound:	20
match_ilp_runtime:	1.59e-07
mdd_ilp_solution_length:	20
mdd_ilp_upper_bound:	20
mdd_ilp_runtime:	7.8e-08
solution:	[19, 72, 39, 47, 78, 62, 6, 18, 32, 56, 68, 16, 9, 61, 40, 57, 10, 31, 58, 76, ]
