solved:	true
solution_length:	16
upper_bound:	16
solution_runtime:	0.00277697
heuristic_solution_length:	16
heuristic_solution_runtime:	0.00262883
heuristic_runtime:	0.00275294
solving_forward:	true
reduction_is_complete:	true
reduction_quality:	1
reduction_upper_bound:	16
reduction_runtime:	2.3883e-05
mdd_memory_consumption [MB]:	0
main_process_memory_consumption [MB]:	0
match_ilp_solution_length:	16
match_ilp_upper_bound:	16
match_ilp_runtime:	1.46e-07
mdd_ilp_solution_length:	16
mdd_ilp_upper_bound:	16
mdd_ilp_runtime:	6.3e-08
solution:	[14, 0, 4, 9, 11, 13, 8, 10, 6, 7, 5, 2, 12, 1, 3, 15, ]
