solved:	true
solution_length:	25
upper_bound:	25
solution_runtime:	0.00657812
heuristic_solution_length:	25
heuristic_solution_runtime:	0.00157206
heuristic_runtime:	0.00537449
solving_forward:	true
reduction_is_complete:	true
reduction_quality:	1
reduction_upper_bound:	25
reduction_runtime:	0.00120349
mdd_memory_consumption [MB]:	0
main_process_memory_consumption [MB]:	0
match_ilp_solution_length:	25
match_ilp_upper_bound:	25
match_ilp_runtime:	1.37e-07
mdd_ilp_solution_length:	25
mdd_ilp_upper_bound:	25
mdd_ilp_runtime:	6e-08
solution:	[11, 31, 34, 35, 6, 4, 45, 9, 32, 42, 44, 18, 39, 36, 7, 20, 22, 46, 40, 3, 15, 27, 33, 21, 19, ]
