solved:	true
solution_length:	25
upper_bound:	25
solution_runtime:	0.00288383
heuristic_solution_length:	25
heuristic_solution_runtime:	0.00111338
heuristic_runtime:	0.00262893
solving_forward:	true
reduction_is_complete:	true
reduction_quality:	1
reduction_upper_bound:	25
reduction_runtime:	0.000254751
mdd_memory_consumption [MB]:	0
main_process_memory_consumption [MB]:	0
match_ilp_solution_length:	25
match_ilp_upper_bound:	25
match_ilp_runtime:	1.51e-07
mdd_ilp_solution_length:	25
mdd_ilp_upper_bound:	25
mdd_ilp_runtime:	5.1e-08
solution:	[21, 28, 42, 2, 63, 48, 41, 39, 38, 40, 16, 6, 52, 34, 14, 46, 33, 31, 23, 8, 45, 53, 37, 30, 22, ]
