solved:	true
solution_length:	27
upper_bound:	27
solution_runtime:	0.00217183
heuristic_solution_length:	27
heuristic_solution_runtime:	0.00196372
heuristic_runtime:	0.00216824
solving_forward:	true
reduction_is_complete:	true
reduction_quality:	1
reduction_upper_bound:	27
reduction_runtime:	3.442e-06
mdd_memory_consumption [MB]:	0
main_process_memory_consumption [MB]:	0
match_ilp_solution_length:	27
match_ilp_upper_bound:	27
match_ilp_runtime:	1.49e-07
mdd_ilp_solution_length:	27
mdd_ilp_upper_bound:	27
mdd_ilp_runtime:	6.3e-08
solution:	[8, 18, 21, 10, 47, 19, 33, 45, 1, 42, 39, 17, 13, 35, 34, 24, 2, 28, 5, 27, 0, 26, 30, 12, 43, 3, 11, ]
