solved:	true
solution_length:	23
upper_bound:	23
solution_runtime:	0.00114025
heuristic_solution_length:	23
heuristic_solution_runtime:	0.00104228
heuristic_runtime:	0.00111738
solving_forward:	true
reduction_is_complete:	true
reduction_quality:	1
reduction_upper_bound:	23
reduction_runtime:	2.2715e-05
mdd_memory_consumption [MB]:	0
main_process_memory_consumption [MB]:	0
match_ilp_solution_length:	23
match_ilp_upper_bound:	23
match_ilp_runtime:	1.49e-07
mdd_ilp_solution_length:	23
mdd_ilp_upper_bound:	23
mdd_ilp_runtime:	6.3e-08
solution:	[59, 58, 13, 25, 12, 65, 8, 6, 69, 3, 72, 53, 38, 34, 0, 30, 44, 43, 24, 73, 29, 74, 19, ]
