solved:	true
solution_length:	17
upper_bound:	17
solution_runtime:	0.00202262
heuristic_solution_length:	17
heuristic_solution_runtime:	0.00114026
heuristic_runtime:	0.00190528
solving_forward:	true
reduction_is_complete:	true
reduction_quality:	1
reduction_upper_bound:	17
reduction_runtime:	0.000117183
mdd_memory_consumption [MB]:	0
main_process_memory_consumption [MB]:	0
match_ilp_solution_length:	17
match_ilp_upper_bound:	17
match_ilp_runtime:	1.59e-07
mdd_ilp_solution_length:	17
mdd_ilp_upper_bound:	17
mdd_ilp_runtime:	7.2e-08
solution:	[36, 54, 101, 41, 73, 2, 4, 51, 21, 61, 103, 35, 64, 94, 55, 81, 20, ]
