solved:	true
solution_length:	23
upper_bound:	23
solution_runtime:	0.00558469
heuristic_solution_length:	23
heuristic_solution_runtime:	0.00182456
heuristic_runtime:	0.0046814
solving_forward:	true
reduction_is_complete:	true
reduction_quality:	1
reduction_upper_bound:	23
reduction_runtime:	0.000903156
mdd_memory_consumption [MB]:	0
main_process_memory_consumption [MB]:	0
match_ilp_solution_length:	23
match_ilp_upper_bound:	23
match_ilp_runtime:	1.33e-07
mdd_ilp_solution_length:	23
mdd_ilp_upper_bound:	23
mdd_ilp_runtime:	5.9e-08
solution:	[59, 55, 51, 13, 24, 41, 63, 62, 10, 35, 2, 6, 14, 1, 47, 58, 17, 38, 31, 36, 56, 32, 29, ]
