solved:	true
solution_length:	27
upper_bound:	27
solution_runtime:	0.0607108
heuristic_solution_length:	27
heuristic_solution_runtime:	0.00285273
heuristic_runtime:	0.0251445
solving_forward:	true
reduction_is_complete:	false
reduction_quality:	0.721774
reduction_upper_bound:	29
reduction_runtime:	0.0101775
mdd_memory_consumption [MB]:	0
main_process_memory_consumption [MB]:	0
match_ilp_solution_length:	27
match_ilp_upper_bound:	27
match_ilp_runtime:	0.0253888
mdd_ilp_solution_length:	27
mdd_ilp_upper_bound:	27
mdd_ilp_runtime:	0.0133095
solution:	[17, 6, 9, 21, 0, 4, 12, 20, 3, 5, 30, 22, 26, 13, 10, 15, 16, 29, 1, 18, 31, 19, 11, 2, 23, 25, 7, ]
