solved:	true
solution_length:	16
upper_bound:	16
solution_runtime:	0.0027579
heuristic_solution_length:	16
heuristic_solution_runtime:	0.00260365
heuristic_runtime:	0.00273425
solving_forward:	true
reduction_is_complete:	true
reduction_quality:	1
reduction_upper_bound:	16
reduction_runtime:	2.3491e-05
mdd_memory_consumption [MB]:	0
main_process_memory_consumption [MB]:	0
match_ilp_solution_length:	16
match_ilp_upper_bound:	16
match_ilp_runtime:	1.5e-07
mdd_ilp_solution_length:	16
mdd_ilp_upper_bound:	16
mdd_ilp_runtime:	6.3e-08
solution:	[13, 15, 8, 0, 14, 9, 11, 10, 1, 4, 2, 7, 3, 6, 12, 5, ]
