solved:	true
solution_length:	19
upper_bound:	19
solution_runtime:	0.00132847
heuristic_solution_length:	19
heuristic_solution_runtime:	0.00119096
heuristic_runtime:	0.00130201
solving_forward:	true
reduction_is_complete:	true
reduction_quality:	1
reduction_upper_bound:	19
reduction_runtime:	2.6298e-05
mdd_memory_consumption [MB]:	0
main_process_memory_consumption [MB]:	0
match_ilp_solution_length:	19
match_ilp_upper_bound:	19
match_ilp_runtime:	1.69e-07
mdd_ilp_solution_length:	19
mdd_ilp_upper_bound:	19
mdd_ilp_runtime:	7.1e-08
solution:	[24, 60, 11, 29, 42, 79, 20, 12, 16, 0, 21, 85, 88, 55, 23, 26, 68, 86, 58, ]
