solved:	true
solution_length:	17
upper_bound:	17
solution_runtime:	0.00119645
heuristic_solution_length:	17
heuristic_solution_runtime:	0.00110296
heuristic_runtime:	0.00117018
solving_forward:	true
reduction_is_complete:	true
reduction_quality:	1
reduction_upper_bound:	17
reduction_runtime:	2.6107e-05
mdd_memory_consumption [MB]:	0
main_process_memory_consumption [MB]:	0
match_ilp_solution_length:	17
match_ilp_upper_bound:	17
match_ilp_runtime:	1.63e-07
mdd_ilp_solution_length:	17
mdd_ilp_upper_bound:	17
mdd_ilp_runtime:	7.2e-08
solution:	[52, 87, 95, 58, 50, 56, 84, 2, 0, 90, 74, 61, 42, 75, 5, 55, 28, ]
