solved:	true
solution_length:	16
upper_bound:	16
solution_runtime:	0.00263733
heuristic_solution_length:	16
heuristic_solution_runtime:	0.00248783
heuristic_runtime:	0.00261362
solving_forward:	true
reduction_is_complete:	true
reduction_quality:	1
reduction_upper_bound:	16
reduction_runtime:	2.355e-05
mdd_memory_consumption [MB]:	0
main_process_memory_consumption [MB]:	0
match_ilp_solution_length:	16
match_ilp_upper_bound:	16
match_ilp_runtime:	1.57e-07
mdd_ilp_solution_length:	16
mdd_ilp_upper_bound:	16
mdd_ilp_runtime:	6.3e-08
solution:	[3, 5, 10, 0, 15, 6, 12, 4, 1, 2, 7, 14, 13, 8, 11, 9, ]
