solved:	true
solution_length:	19
upper_bound:	19
solution_runtime:	0.00109478
heuristic_solution_length:	19
heuristic_solution_runtime:	0.000921988
heuristic_runtime:	0.00107173
solving_forward:	true
reduction_is_complete:	true
reduction_quality:	1
reduction_upper_bound:	19
reduction_runtime:	2.2902e-05
mdd_memory_consumption [MB]:	0
main_process_memory_consumption [MB]:	0
match_ilp_solution_length:	19
match_ilp_upper_bound:	19
match_ilp_runtime:	1.47e-07
mdd_ilp_solution_length:	19
mdd_ilp_upper_bound:	19
mdd_ilp_runtime:	6.4e-08
solution:	[70, 29, 45, 75, 67, 14, 13, 10, 53, 65, 51, 17, 46, 12, 28, 74, 36, 54, 47, ]
