solved:	true
solution_length:	20
upper_bound:	20
solution_runtime:	0.000854478
heuristic_solution_length:	20
heuristic_solution_runtime:	0.000785452
heuristic_runtime:	0.000835676
solving_forward:	true
reduction_is_complete:	true
reduction_quality:	1
reduction_upper_bound:	20
reduction_runtime:	1.8685e-05
mdd_memory_consumption [MB]:	0
main_process_memory_consumption [MB]:	0
match_ilp_solution_length:	20
match_ilp_upper_bound:	20
match_ilp_runtime:	1.17e-07
mdd_ilp_solution_length:	20
mdd_ilp_upper_bound:	20
mdd_ilp_runtime:	5.5e-08
solution:	[43, 92, 4, 45, 65, 6, 39, 29, 10, 82, 44, 12, 74, 78, 32, 81, 9, 83, 3, 14, ]
