solved:	true
solution_length:	20
upper_bound:	20
solution_runtime:	0.00119627
heuristic_solution_length:	20
heuristic_solution_runtime:	0.00106033
heuristic_runtime:	0.00116814
solving_forward:	true
reduction_is_complete:	true
reduction_quality:	1
reduction_upper_bound:	20
reduction_runtime:	2.7954e-05
mdd_memory_consumption [MB]:	0
main_process_memory_consumption [MB]:	0
match_ilp_solution_length:	20
match_ilp_upper_bound:	20
match_ilp_runtime:	1.74e-07
mdd_ilp_solution_length:	20
mdd_ilp_upper_bound:	20
mdd_ilp_runtime:	8.4e-08
solution:	[64, 47, 90, 38, 32, 25, 20, 78, 4, 92, 24, 21, 16, 51, 68, 15, 43, 52, 61, 59, ]
