solved:	true
solution_length:	16
upper_bound:	16
solution_runtime:	0.00249274
heuristic_solution_length:	16
heuristic_solution_runtime:	0.0023541
heuristic_runtime:	0.00247068
solving_forward:	true
reduction_is_complete:	true
reduction_quality:	1
reduction_upper_bound:	16
reduction_runtime:	2.192e-05
mdd_memory_consumption [MB]:	0
main_process_memory_consumption [MB]:	0
match_ilp_solution_length:	16
match_ilp_upper_bound:	16
match_ilp_runtime:	1.46e-07
mdd_ilp_solution_length:	16
mdd_ilp_upper_bound:	16
mdd_ilp_runtime:	4.6e-08
solution:	[11, 2, 3, 14, 5, 10, 9, 6, 12, 7, 15, 8, 0, 4, 13, 1, ]
