solved:	true
solution_length:	22
upper_bound:	22
solution_runtime:	0.00350805
heuristic_solution_length:	22
heuristic_solution_runtime:	0.00126731
heuristic_runtime:	0.00308279
solving_forward:	true
reduction_is_complete:	true
reduction_quality:	1
reduction_upper_bound:	22
reduction_runtime:	0.000425118
mdd_memory_consumption [MB]:	0
main_process_memory_consumption [MB]:	0
match_ilp_solution_length:	22
match_ilp_upper_bound:	22
match_ilp_runtime:	1.44e-07
mdd_ilp_solution_length:	22
mdd_ilp_upper_bound:	22
mdd_ilp_runtime:	6.7e-08
solution:	[53, 15, 7, 22, 2, 17, 43, 62, 61, 25, 69, 1, 42, 26, 12, 55, 29, 32, 65, 71, 45, 30, ]
