solved:	true
solution_length:	23
upper_bound:	23
solution_runtime:	0.00134625
heuristic_solution_length:	23
heuristic_solution_runtime:	0.0013318
heuristic_runtime:	0.00134307
solving_forward:	true
reduction_is_complete:	true
reduction_quality:	1
reduction_upper_bound:	23
reduction_runtime:	2.988e-06
mdd_memory_consumption [MB]:	0
main_process_memory_consumption [MB]:	0
match_ilp_solution_length:	23
match_ilp_upper_bound:	23
match_ilp_runtime:	1.89e-07
mdd_ilp_solution_length:	23
mdd_ilp_upper_bound:	23
mdd_ilp_runtime:	6e-08
solution:	[59, 80, 10, 27, 72, 92, 93, 53, 75, 39, 100, 91, 40, 108, 14, 31, 83, 77, 57, 29, 11, 84, 106, ]
