solved:	true
solution_length:	27
upper_bound:	27
solution_runtime:	0.227918
heuristic_solution_length:	27
heuristic_solution_runtime:	0.00377189
heuristic_runtime:	0.0318159
solving_forward:	true
reduction_is_complete:	false
reduction_quality:	0.563536
reduction_upper_bound:	30
reduction_runtime:	0.0156036
mdd_memory_consumption [MB]:	0
main_process_memory_consumption [MB]:	0
match_ilp_solution_length:	27
match_ilp_upper_bound:	27
match_ilp_runtime:	0.180498
mdd_ilp_solution_length:	27
mdd_ilp_upper_bound:	27
mdd_ilp_runtime:	0.880458
solution:	[1, 7, 13, 16, 21, 8, 2, 3, 6, 12, 18, 20, 10, 5, 29, 26, 0, 28, 31, 15, 19, 14, 11, 30, 22, 25, 24, ]
