solved:	true
solution_length:	20
upper_bound:	20
solution_runtime:	0.00300269
heuristic_solution_length:	20
heuristic_solution_runtime:	0.00118612
heuristic_runtime:	0.00271483
solving_forward:	true
reduction_is_complete:	true
reduction_quality:	1
reduction_upper_bound:	20
reduction_runtime:	0.000287711
mdd_memory_consumption [MB]:	0
main_process_memory_consumption [MB]:	0
match_ilp_solution_length:	20
match_ilp_upper_bound:	20
match_ilp_runtime:	1.47e-07
mdd_ilp_solution_length:	20
mdd_ilp_upper_bound:	20
mdd_ilp_runtime:	6.3e-08
solution:	[43, 70, 8, 14, 48, 26, 20, 17, 50, 67, 25, 71, 59, 36, 62, 64, 23, 1, 9, 10, ]
