solved:	true
solution_length:	23
upper_bound:	23
solution_runtime:	0.00117167
heuristic_solution_length:	23
heuristic_solution_runtime:	0.00108559
heuristic_runtime:	0.00114869
solving_forward:	true
reduction_is_complete:	true
reduction_quality:	1
reduction_upper_bound:	23
reduction_runtime:	2.2835e-05
mdd_memory_consumption [MB]:	0
main_process_memory_consumption [MB]:	0
match_ilp_solution_length:	23
match_ilp_upper_bound:	23
match_ilp_runtime:	1.49e-07
mdd_ilp_solution_length:	23
mdd_ilp_upper_bound:	23
mdd_ilp_runtime:	6.2e-08
solution:	[35, 38, 7, 60, 18, 16, 39, 33, 48, 34, 58, 53, 43, 47, 6, 32, 27, 61, 12, 24, 22, 4, 20, ]
