solved:	true
solution_length:	25
upper_bound:	25
solution_runtime:	0.103374
heuristic_solution_length:	25
heuristic_solution_runtime:	0.00372372
heuristic_runtime:	0.0272741
solving_forward:	true
reduction_is_complete:	false
reduction_quality:	0.679775
reduction_upper_bound:	28
reduction_runtime:	0.0169313
mdd_memory_consumption [MB]:	0
main_process_memory_consumption [MB]:	0
match_ilp_solution_length:	25
match_ilp_upper_bound:	25
match_ilp_runtime:	0.0591681
mdd_ilp_solution_length:	25
mdd_ilp_upper_bound:	25
mdd_ilp_runtime:	0.109435
solution:	[14, 0, 2, 30, 12, 25, 28, 24, 11, 15, 22, 29, 18, 21, 17, 16, 27, 9, 7, 5, 8, 20, 3, 23, 10, ]
