solved:	true
solution_length:	25
upper_bound:	25
solution_runtime:	0.0585002
heuristic_solution_length:	25
heuristic_solution_runtime:	0.00371934
heuristic_runtime:	0.0241745
solving_forward:	true
reduction_is_complete:	false
reduction_quality:	0.766859
reduction_upper_bound:	28
reduction_runtime:	0.00894329
mdd_memory_consumption [MB]:	0
main_process_memory_consumption [MB]:	0
match_ilp_solution_length:	25
match_ilp_upper_bound:	25
match_ilp_runtime:	0.0253824
mdd_ilp_solution_length:	25
mdd_ilp_upper_bound:	25
mdd_ilp_runtime:	0.0122641
solution:	[22, 4, 25, 11, 17, 24, 18, 23, 3, 5, 7, 1, 27, 21, 31, 20, 16, 13, 0, 10, 9, 26, 12, 6, 8, ]
