solved:	true
solution_length:	23
upper_bound:	23
solution_runtime:	0.233653
heuristic_solution_length:	23
heuristic_solution_runtime:	0.00329601
heuristic_runtime:	0.0265499
solving_forward:	true
reduction_is_complete:	false
reduction_quality:	0.666667
reduction_upper_bound:	26
reduction_runtime:	0.0106173
mdd_memory_consumption [MB]:	0
main_process_memory_consumption [MB]:	0
match_ilp_solution_length:	23
match_ilp_upper_bound:	23
match_ilp_runtime:	0.196486
mdd_ilp_solution_length:	23
mdd_ilp_upper_bound:	23
mdd_ilp_runtime:	0.0276495
solution:	[24, 6, 12, 0, 16, 8, 4, 25, 2, 1, 9, 31, 11, 20, 10, 18, 23, 29, 17, 26, 19, 22, 13, ]
