solved:	true
solution_length:	16
upper_bound:	16
solution_runtime:	0.00107338
heuristic_solution_length:	16
heuristic_solution_runtime:	0.000985445
heuristic_runtime:	0.00105017
solving_forward:	true
reduction_is_complete:	true
reduction_quality:	1
reduction_upper_bound:	16
reduction_runtime:	2.3061e-05
mdd_memory_consumption [MB]:	0
main_process_memory_consumption [MB]:	0
match_ilp_solution_length:	16
match_ilp_upper_bound:	16
match_ilp_runtime:	1.46e-07
mdd_ilp_solution_length:	16
mdd_ilp_upper_bound:	16
mdd_ilp_runtime:	6.3e-08
solution:	[95, 44, 0, 10, 25, 63, 35, 21, 27, 83, 43, 39, 49, 11, 79, 86, ]
