solved:	true
solution_length:	26
upper_bound:	26
solution_runtime:	0.178201
heuristic_solution_length:	26
heuristic_solution_runtime:	0.0115048
heuristic_runtime:	0.0347828
solving_forward:	true
reduction_is_complete:	false
reduction_quality:	0.64781
reduction_upper_bound:	29
reduction_runtime:	0.0136236
mdd_memory_consumption [MB]:	0
main_process_memory_consumption [MB]:	0
match_ilp_solution_length:	26
match_ilp_upper_bound:	26
match_ilp_runtime:	0.129795
mdd_ilp_solution_length:	26
mdd_ilp_upper_bound:	26
mdd_ilp_runtime:	0.0290963
solution:	[26, 16, 7, 22, 30, 8, 31, 2, 4, 27, 28, 1, 23, 9, 15, 0, 24, 13, 10, 18, 25, 12, 6, 14, 11, 17, ]
