solved:	true
solution_length:	40
upper_bound:	40
solution_runtime:	0.054465
heuristic_solution_length:	40
heuristic_solution_runtime:	0.00405166
heuristic_runtime:	0.0268301
solving_forward:	true
reduction_is_complete:	false
reduction_quality:	0.794165
reduction_upper_bound:	42
reduction_runtime:	0.00499844
mdd_memory_consumption [MB]:	0
main_process_memory_consumption [MB]:	0
match_ilp_solution_length:	40
match_ilp_upper_bound:	40
match_ilp_runtime:	0.0226365
mdd_ilp_solution_length:	40
mdd_ilp_upper_bound:	40
mdd_ilp_runtime:	0.0102658
solution:	[22, 65, 49, 20, 76, 73, 83, 36, 39, 37, 32, 86, 90, 48, 72, 21, 45, 26, 0, 29, 18, 81, 82, 13, 68, 64, 93, 14, 71, 19, 92, 31, 28, 42, 94, 35, 4, 74, 89, 11, ]
