solved:	true
solution_length:	28
upper_bound:	28
solution_runtime:	0.00689198
heuristic_solution_length:	28
heuristic_solution_runtime:	0.00347301
heuristic_runtime:	0.00650874
solving_forward:	true
reduction_is_complete:	true
reduction_quality:	1
reduction_upper_bound:	28
reduction_runtime:	0.000383078
mdd_memory_consumption [MB]:	0
main_process_memory_consumption [MB]:	0
match_ilp_solution_length:	28
match_ilp_upper_bound:	28
match_ilp_runtime:	1.6e-07
mdd_ilp_solution_length:	28
mdd_ilp_upper_bound:	28
mdd_ilp_runtime:	7.2e-08
solution:	[153, 81, 37, 183, 190, 185, 139, 20, 25, 132, 171, 219, 70, 202, 102, 142, 2, 26, 52, 82, 222, 59, 128, 196, 217, 39, 60, 108, ]
