solved:	true
solution_length:	31
upper_bound:	31
solution_runtime:	0.00664806
heuristic_solution_length:	31
heuristic_solution_runtime:	0.00397009
heuristic_runtime:	0.00645826
solving_forward:	true
reduction_is_complete:	true
reduction_quality:	1
reduction_upper_bound:	31
reduction_runtime:	0.000189666
mdd_memory_consumption [MB]:	0
main_process_memory_consumption [MB]:	0
match_ilp_solution_length:	31
match_ilp_upper_bound:	31
match_ilp_runtime:	1.36e-07
mdd_ilp_solution_length:	31
mdd_ilp_upper_bound:	31
mdd_ilp_runtime:	6.1e-08
solution:	[39, 78, 171, 65, 156, 96, 100, 185, 134, 24, 31, 101, 107, 145, 55, 180, 88, 154, 118, 92, 129, 162, 30, 124, 110, 16, 34, 11, 150, 54, 155, ]
