solved:	true
solution_length:	33
upper_bound:	33
solution_runtime:	0.0122362
heuristic_solution_length:	33
heuristic_solution_runtime:	0.00403187
heuristic_runtime:	0.011308
solving_forward:	true
reduction_is_complete:	true
reduction_quality:	1
reduction_upper_bound:	33
reduction_runtime:	0.000928052
mdd_memory_consumption [MB]:	0
main_process_memory_consumption [MB]:	0
match_ilp_solution_length:	33
match_ilp_upper_bound:	33
match_ilp_runtime:	1.23e-07
mdd_ilp_solution_length:	33
mdd_ilp_upper_bound:	33
mdd_ilp_runtime:	5.6e-08
solution:	[108, 40, 66, 8, 52, 119, 100, 90, 103, 59, 5, 9, 35, 115, 6, 0, 75, 46, 121, 102, 55, 81, 41, 74, 44, 20, 31, 39, 126, 87, 47, 89, 45, ]
