solved:	true
solution_length:	32
upper_bound:	32
solution_runtime:	0.00813536
heuristic_solution_length:	32
heuristic_solution_runtime:	0.00800769
heuristic_runtime:	0.00811117
solving_forward:	true
reduction_is_complete:	true
reduction_quality:	1
reduction_upper_bound:	32
reduction_runtime:	2.4047e-05
mdd_memory_consumption [MB]:	0
main_process_memory_consumption [MB]:	0
match_ilp_solution_length:	32
match_ilp_upper_bound:	32
match_ilp_runtime:	1.4e-07
mdd_ilp_solution_length:	32
mdd_ilp_upper_bound:	32
mdd_ilp_runtime:	6e-08
solution:	[25, 4, 27, 16, 1, 15, 21, 12, 26, 29, 2, 28, 10, 6, 20, 3, 19, 17, 5, 9, 14, 22, 11, 18, 24, 0, 7, 8, 31, 13, 23, 30, ]
