solved:	true
solution_length:	32
upper_bound:	32
solution_runtime:	0.00763769
heuristic_solution_length:	32
heuristic_solution_runtime:	0.00742378
heuristic_runtime:	0.00761648
solving_forward:	true
reduction_is_complete:	true
reduction_quality:	1
reduction_upper_bound:	32
reduction_runtime:	2.1083e-05
mdd_memory_consumption [MB]:	0
main_process_memory_consumption [MB]:	0
match_ilp_solution_length:	32
match_ilp_upper_bound:	32
match_ilp_runtime:	1.29e-07
mdd_ilp_solution_length:	32
mdd_ilp_upper_bound:	32
mdd_ilp_runtime:	4.8e-08
solution:	[17, 27, 13, 22, 11, 3, 6, 18, 1, 31, 29, 10, 5, 21, 25, 0, 4, 28, 7, 30, 20, 2, 24, 8, 14, 9, 12, 16, 23, 26, 15, 19, ]
