solved:	true
solution_length:	27
upper_bound:	27
solution_runtime:	0.0022759
heuristic_solution_length:	27
heuristic_solution_runtime:	0.0021408
heuristic_runtime:	0.00225774
solving_forward:	true
reduction_is_complete:	true
reduction_quality:	1
reduction_upper_bound:	27
reduction_runtime:	1.8063e-05
mdd_memory_consumption [MB]:	0
main_process_memory_consumption [MB]:	0
match_ilp_solution_length:	27
match_ilp_upper_bound:	27
match_ilp_runtime:	1e-07
mdd_ilp_solution_length:	27
mdd_ilp_upper_bound:	27
mdd_ilp_runtime:	4.5e-08
solution:	[30, 97, 104, 56, 134, 121, 222, 217, 209, 65, 29, 172, 128, 181, 86, 107, 140, 154, 110, 43, 207, 160, 6, 129, 187, 102, 116, ]
