solved:	true
solution_length:	28
upper_bound:	28
solution_runtime:	0.00531093
heuristic_solution_length:	28
heuristic_solution_runtime:	0.00302057
heuristic_runtime:	0.00510357
solving_forward:	true
reduction_is_complete:	true
reduction_quality:	1
reduction_upper_bound:	28
reduction_runtime:	0.000207219
mdd_memory_consumption [MB]:	0
main_process_memory_consumption [MB]:	0
match_ilp_solution_length:	28
match_ilp_upper_bound:	28
match_ilp_runtime:	1.41e-07
mdd_ilp_solution_length:	28
mdd_ilp_upper_bound:	28
mdd_ilp_runtime:	6e-08
solution:	[10, 52, 22, 139, 172, 6, 161, 25, 13, 138, 171, 81, 191, 62, 188, 165, 109, 3, 137, 125, 152, 124, 28, 80, 4, 107, 24, 0, ]
