solved:	true
solution_length:	27
upper_bound:	27
solution_runtime:	0.009499
heuristic_solution_length:	27
heuristic_solution_runtime:	0.0032091
heuristic_runtime:	0.00865494
solving_forward:	true
reduction_is_complete:	true
reduction_quality:	1
reduction_upper_bound:	27
reduction_runtime:	0.000843923
mdd_memory_consumption [MB]:	0
main_process_memory_consumption [MB]:	0
match_ilp_solution_length:	27
match_ilp_upper_bound:	27
match_ilp_runtime:	1.35e-07
mdd_ilp_solution_length:	27
mdd_ilp_upper_bound:	27
mdd_ilp_runtime:	6.1e-08
solution:	[38, 95, 126, 8, 86, 27, 101, 91, 116, 181, 14, 61, 166, 29, 172, 146, 148, 152, 149, 69, 53, 74, 180, 141, 42, 48, 3, ]
