solved:	true
solution_length:	32
upper_bound:	32
solution_runtime:	0.0144763
heuristic_solution_length:	32
heuristic_solution_runtime:	0.00917611
heuristic_runtime:	0.0144515
solving_forward:	true
reduction_is_complete:	true
reduction_quality:	1
reduction_upper_bound:	32
reduction_runtime:	2.4725e-05
mdd_memory_consumption [MB]:	0
main_process_memory_consumption [MB]:	0
match_ilp_solution_length:	32
match_ilp_upper_bound:	32
match_ilp_runtime:	1.44e-07
mdd_ilp_solution_length:	32
mdd_ilp_upper_bound:	32
mdd_ilp_runtime:	6.1e-08
solution:	[27, 11, 26, 8, 12, 23, 2, 17, 14, 6, 16, 19, 9, 18, 10, 28, 1, 29, 0, 20, 24, 4, 15, 31, 7, 30, 25, 21, 5, 22, 3, 13, ]
