solved:	true
solution_length:	25
upper_bound:	25
solution_runtime:	0.00631628
heuristic_solution_length:	25
heuristic_solution_runtime:	0.00359372
heuristic_runtime:	0.00603653
solving_forward:	true
reduction_is_complete:	true
reduction_quality:	1
reduction_upper_bound:	25
reduction_runtime:	0.000279578
mdd_memory_consumption [MB]:	0
main_process_memory_consumption [MB]:	0
match_ilp_solution_length:	25
match_ilp_upper_bound:	25
match_ilp_runtime:	1.73e-07
mdd_ilp_solution_length:	25
mdd_ilp_upper_bound:	25
mdd_ilp_runtime:	8e-08
solution:	[107, 201, 83, 162, 222, 219, 15, 134, 192, 80, 69, 46, 125, 139, 28, 13, 147, 16, 167, 181, 97, 60, 95, 61, 171, ]
