solved:	true
solution_length:	29
upper_bound:	29
solution_runtime:	0.00895151
heuristic_solution_length:	29
heuristic_solution_runtime:	0.00337999
heuristic_runtime:	0.00824381
solving_forward:	true
reduction_is_complete:	true
reduction_quality:	1
reduction_upper_bound:	29
reduction_runtime:	0.000707574
mdd_memory_consumption [MB]:	0
main_process_memory_consumption [MB]:	0
match_ilp_solution_length:	29
match_ilp_upper_bound:	29
match_ilp_runtime:	1.31e-07
mdd_ilp_solution_length:	29
mdd_ilp_upper_bound:	29
mdd_ilp_runtime:	5.8e-08
solution:	[116, 188, 33, 160, 112, 181, 162, 10, 83, 94, 42, 97, 178, 129, 109, 47, 127, 43, 142, 34, 65, 119, 174, 131, 41, 191, 60, 1, 146, ]
