solved:	true
solution_length:	32
upper_bound:	32
solution_runtime:	0.010078
heuristic_solution_length:	32
heuristic_solution_runtime:	0.00362451
heuristic_runtime:	0.00936974
solving_forward:	true
reduction_is_complete:	true
reduction_quality:	1
reduction_upper_bound:	32
reduction_runtime:	0.000708112
mdd_memory_consumption [MB]:	0
main_process_memory_consumption [MB]:	0
match_ilp_solution_length:	32
match_ilp_upper_bound:	32
match_ilp_runtime:	1.8e-07
mdd_ilp_solution_length:	32
mdd_ilp_upper_bound:	32
mdd_ilp_runtime:	5.8e-08
solution:	[88, 133, 122, 66, 87, 156, 139, 111, 39, 14, 131, 60, 134, 90, 42, 93, 136, 82, 17, 98, 51, 102, 71, 126, 74, 23, 81, 128, 105, 63, 61, 64, ]
