solved:	true
solution_length:	33
upper_bound:	33
solution_runtime:	0.00677546
heuristic_solution_length:	33
heuristic_solution_runtime:	0.00352051
heuristic_runtime:	0.00646815
solving_forward:	true
reduction_is_complete:	true
reduction_quality:	1
reduction_upper_bound:	33
reduction_runtime:	0.000307184
mdd_memory_consumption [MB]:	0
main_process_memory_consumption [MB]:	0
match_ilp_solution_length:	33
match_ilp_upper_bound:	33
match_ilp_runtime:	1.28e-07
mdd_ilp_solution_length:	33
mdd_ilp_upper_bound:	33
mdd_ilp_runtime:	5.7e-08
solution:	[93, 140, 101, 24, 78, 82, 31, 7, 100, 50, 9, 133, 41, 147, 21, 26, 155, 72, 152, 44, 48, 115, 92, 5, 103, 98, 159, 28, 86, 51, 46, 32, 62, ]
