solved:	true
solution_length:	32
upper_bound:	32
solution_runtime:	0.0126764
heuristic_solution_length:	32
heuristic_solution_runtime:	0.012655
heuristic_runtime:	0.0126642
solving_forward:	true
reduction_is_complete:	true
reduction_quality:	1
reduction_upper_bound:	32
reduction_runtime:	1.2042e-05
mdd_memory_consumption [MB]:	0
main_process_memory_consumption [MB]:	0
match_ilp_solution_length:	32
match_ilp_upper_bound:	32
match_ilp_runtime:	1.33e-07
mdd_ilp_solution_length:	32
mdd_ilp_upper_bound:	32
mdd_ilp_runtime:	4.3e-08
solution:	[30, 28, 11, 26, 6, 15, 24, 13, 0, 2, 4, 25, 3, 17, 27, 9, 21, 14, 10, 16, 31, 1, 19, 22, 29, 7, 23, 18, 12, 8, 5, 20, ]
