solved:	true
solution_length:	32
upper_bound:	32
solution_runtime:	0.00345031
heuristic_solution_length:	32
heuristic_solution_runtime:	0.00331736
heuristic_runtime:	0.00342615
solving_forward:	true
reduction_is_complete:	true
reduction_quality:	1
reduction_upper_bound:	32
reduction_runtime:	2.4009e-05
mdd_memory_consumption [MB]:	0
main_process_memory_consumption [MB]:	0
match_ilp_solution_length:	32
match_ilp_upper_bound:	32
match_ilp_runtime:	1.49e-07
mdd_ilp_solution_length:	32
mdd_ilp_upper_bound:	32
mdd_ilp_runtime:	6.3e-08
solution:	[114, 133, 140, 46, 87, 150, 152, 110, 84, 31, 112, 13, 89, 91, 6, 5, 2, 108, 47, 61, 67, 139, 120, 26, 33, 111, 0, 148, 28, 48, 41, 144, ]
