solved:	true
solution_length:	47
upper_bound:	47
solution_runtime:	0.74661
heuristic_solution_length:	47
heuristic_solution_runtime:	0.00853494
heuristic_runtime:	0.0806011
solving_forward:	true
reduction_is_complete:	false
reduction_quality:	0.721135
reduction_upper_bound:	50
reduction_runtime:	0.0280997
mdd_memory_consumption [MB]:	0
main_process_memory_consumption [MB]:	0
match_ilp_solution_length:	47
match_ilp_upper_bound:	47
match_ilp_runtime:	0.637909
mdd_ilp_solution_length:	47
mdd_ilp_upper_bound:	47
mdd_ilp_runtime:	0.0964562
solution:	[24, 27, 8, 3, 59, 55, 35, 21, 47, 52, 53, 19, 10, 50, 43, 58, 17, 20, 51, 32, 13, 54, 49, 57, 2, 1, 42, 63, 4, 37, 9, 48, 45, 61, 0, 18, 26, 34, 40, 23, 6, 46, 16, 12, 41, 22, 33, ]
