solved:	true
solution_length:	32
upper_bound:	32
solution_runtime:	0.00791325
heuristic_solution_length:	32
heuristic_solution_runtime:	0.00768308
heuristic_runtime:	0.00789076
solving_forward:	true
reduction_is_complete:	true
reduction_quality:	1
reduction_upper_bound:	32
reduction_runtime:	2.2331e-05
mdd_memory_consumption [MB]:	0
main_process_memory_consumption [MB]:	0
match_ilp_solution_length:	32
match_ilp_upper_bound:	32
match_ilp_runtime:	1.53e-07
mdd_ilp_solution_length:	32
mdd_ilp_upper_bound:	32
mdd_ilp_runtime:	6e-08
solution:	[14, 31, 19, 12, 11, 20, 10, 4, 23, 28, 30, 2, 17, 15, 16, 1, 22, 7, 24, 9, 5, 21, 6, 8, 18, 25, 0, 27, 13, 29, 3, 26, ]
