solved:	true
solution_length:	40
upper_bound:	40
solution_runtime:	22.3543
heuristic_solution_length:	40
heuristic_solution_runtime:	0.00601894
heuristic_runtime:	0.098511
solving_forward:	true
reduction_is_complete:	false
reduction_quality:	0.500493
reduction_upper_bound:	45
reduction_runtime:	0.0400514
mdd_memory_consumption [MB]:	0
main_process_memory_consumption [MB]:	0
match_ilp_solution_length:	40
match_ilp_upper_bound:	40
match_ilp_runtime:	22.2157
mdd_ilp_solution_length:	40
mdd_ilp_upper_bound:	40
mdd_ilp_runtime:	45.7654
solution:	[27, 29, 55, 32, 9, 48, 20, 25, 38, 41, 53, 51, 45, 5, 10, 50, 59, 37, 47, 36, 49, 17, 33, 54, 63, 18, 34, 43, 30, 4, 6, 24, 26, 2, 56, 58, 16, 14, 22, 13, ]
