solved:	true
solution_length:	33
upper_bound:	33
solution_runtime:	0.01139
heuristic_solution_length:	33
heuristic_solution_runtime:	0.00382786
heuristic_runtime:	0.0107501
solving_forward:	true
reduction_is_complete:	true
reduction_quality:	1
reduction_upper_bound:	33
reduction_runtime:	0.000639798
mdd_memory_consumption [MB]:	0
main_process_memory_consumption [MB]:	0
match_ilp_solution_length:	33
match_ilp_upper_bound:	33
match_ilp_runtime:	1.34e-07
mdd_ilp_solution_length:	33
mdd_ilp_upper_bound:	33
mdd_ilp_runtime:	6e-08
solution:	[22, 55, 23, 110, 66, 52, 100, 24, 91, 27, 3, 120, 1, 64, 44, 41, 6, 50, 113, 82, 96, 34, 95, 28, 84, 0, 70, 45, 42, 77, 78, 121, 46, ]
