solved:	true
solution_length:	29
upper_bound:	29
solution_runtime:	0.0073398
heuristic_solution_length:	29
heuristic_solution_runtime:	0.00341804
heuristic_runtime:	0.00678051
solving_forward:	true
reduction_is_complete:	true
reduction_quality:	1
reduction_upper_bound:	29
reduction_runtime:	0.000559139
mdd_memory_consumption [MB]:	0
main_process_memory_consumption [MB]:	0
match_ilp_solution_length:	29
match_ilp_upper_bound:	29
match_ilp_runtime:	1.48e-07
mdd_ilp_solution_length:	29
mdd_ilp_upper_bound:	29
mdd_ilp_runtime:	6.1e-08
solution:	[113, 122, 123, 158, 103, 145, 176, 22, 99, 188, 173, 37, 12, 8, 170, 163, 152, 114, 156, 166, 180, 157, 67, 87, 43, 68, 1, 52, 149, ]
