solved:	true
solution_length:	28
upper_bound:	28
solution_runtime:	0.00346268
heuristic_solution_length:	28
heuristic_solution_runtime:	0.0034507
heuristic_runtime:	0.00345929
solving_forward:	true
reduction_is_complete:	true
reduction_quality:	1
reduction_upper_bound:	28
reduction_runtime:	3.196e-06
mdd_memory_consumption [MB]:	0
main_process_memory_consumption [MB]:	0
match_ilp_solution_length:	28
match_ilp_upper_bound:	28
match_ilp_runtime:	1.96e-07
mdd_ilp_solution_length:	28
mdd_ilp_upper_bound:	28
mdd_ilp_runtime:	6.4e-08
solution:	[14, 83, 17, 56, 44, 115, 220, 180, 133, 173, 164, 179, 125, 207, 193, 24, 50, 32, 131, 73, 37, 167, 85, 20, 183, 0, 162, 122, ]
