solved:	true
solution_length:	25
upper_bound:	25
solution_runtime:	0.00549307
heuristic_solution_length:	25
heuristic_solution_runtime:	0.00326744
heuristic_runtime:	0.00524137
solving_forward:	true
reduction_is_complete:	true
reduction_quality:	1
reduction_upper_bound:	25
reduction_runtime:	0.000251566
mdd_memory_consumption [MB]:	0
main_process_memory_consumption [MB]:	0
match_ilp_solution_length:	25
match_ilp_upper_bound:	25
match_ilp_runtime:	1.33e-07
mdd_ilp_solution_length:	25
mdd_ilp_upper_bound:	25
mdd_ilp_runtime:	6.4e-08
solution:	[79, 17, 161, 152, 211, 154, 202, 121, 46, 21, 223, 6, 222, 214, 181, 20, 96, 168, 14, 98, 205, 23, 43, 73, 89, ]
