solved:	true
solution_length:	45
upper_bound:	45
solution_runtime:	16.4929
heuristic_solution_length:	45
heuristic_solution_runtime:	0.0309067
heuristic_runtime:	0.114841
solving_forward:	true
reduction_is_complete:	false
reduction_quality:	0.536932
reduction_upper_bound:	50
reduction_runtime:	0.0303485
mdd_memory_consumption [MB]:	0
main_process_memory_consumption [MB]:	0
match_ilp_solution_length:	45
match_ilp_upper_bound:	45
match_ilp_runtime:	16.3477
mdd_ilp_solution_length:	45
mdd_ilp_upper_bound:	45
mdd_ilp_runtime:	3.28479
solution:	[24, 38, 50, 5, 39, 26, 48, 31, 10, 23, 44, 56, 35, 6, 55, 11, 13, 25, 16, 34, 20, 22, 57, 45, 1, 3, 4, 0, 7, 41, 42, 51, 19, 63, 58, 27, 52, 62, 37, 21, 47, 9, 14, 32, 33, ]
