solved:	true
solution_length:	35
upper_bound:	35
solution_runtime:	0.0114721
heuristic_solution_length:	35
heuristic_solution_runtime:	0.00370899
heuristic_runtime:	0.00998844
solving_forward:	true
reduction_is_complete:	true
reduction_quality:	1
reduction_upper_bound:	35
reduction_runtime:	0.00148349
mdd_memory_consumption [MB]:	0
main_process_memory_consumption [MB]:	0
match_ilp_solution_length:	35
match_ilp_upper_bound:	35
match_ilp_runtime:	1.71e-07
mdd_ilp_solution_length:	35
mdd_ilp_upper_bound:	35
mdd_ilp_runtime:	5.8e-08
solution:	[104, 127, 71, 95, 115, 153, 125, 84, 32, 66, 112, 7, 64, 17, 124, 52, 50, 23, 65, 79, 147, 39, 89, 51, 13, 28, 131, 123, 43, 3, 46, 101, 80, 4, 138, ]
