solved:	true
solution_length:	31
upper_bound:	31
solution_runtime:	0.00704964
heuristic_solution_length:	31
heuristic_solution_runtime:	0.00650736
heuristic_runtime:	0.00702697
solving_forward:	true
reduction_is_complete:	true
reduction_quality:	1
reduction_upper_bound:	31
reduction_runtime:	2.2535e-05
mdd_memory_consumption [MB]:	0
main_process_memory_consumption [MB]:	0
match_ilp_solution_length:	31
match_ilp_upper_bound:	31
match_ilp_runtime:	1.33e-07
mdd_ilp_solution_length:	31
mdd_ilp_upper_bound:	31
mdd_ilp_runtime:	4.5e-08
solution:	[3, 14, 19, 17, 21, 31, 29, 9, 5, 22, 6, 11, 25, 27, 8, 28, 20, 0, 26, 10, 24, 15, 13, 7, 23, 1, 30, 12, 2, 16, 18, ]
