solved:	true
solution_length:	36
upper_bound:	36
solution_runtime:	0.0136966
heuristic_solution_length:	36
heuristic_solution_runtime:	0.0037675
heuristic_runtime:	0.0127277
solving_forward:	true
reduction_is_complete:	true
reduction_quality:	1
reduction_upper_bound:	36
reduction_runtime:	0.000968773
mdd_memory_consumption [MB]:	0
main_process_memory_consumption [MB]:	0
match_ilp_solution_length:	36
match_ilp_upper_bound:	36
match_ilp_runtime:	1.23e-07
mdd_ilp_solution_length:	36
mdd_ilp_upper_bound:	36
mdd_ilp_runtime:	5.6e-08
solution:	[34, 50, 70, 81, 102, 33, 11, 69, 108, 9, 91, 56, 26, 54, 82, 89, 92, 121, 85, 124, 4, 12, 120, 15, 105, 80, 28, 7, 104, 79, 99, 88, 25, 65, 14, 27, ]
