solved:	true
solution_length:	27
upper_bound:	27
solution_runtime:	0.00360308
heuristic_solution_length:	27
heuristic_solution_runtime:	0.00341465
heuristic_runtime:	0.00353102
solving_forward:	true
reduction_is_complete:	true
reduction_quality:	1
reduction_upper_bound:	27
reduction_runtime:	7.189e-05
mdd_memory_consumption [MB]:	0
main_process_memory_consumption [MB]:	0
match_ilp_solution_length:	27
match_ilp_upper_bound:	27
match_ilp_runtime:	1.72e-07
mdd_ilp_solution_length:	27
mdd_ilp_upper_bound:	27
mdd_ilp_runtime:	7.4e-08
solution:	[105, 40, 171, 99, 11, 9, 153, 108, 80, 119, 95, 201, 64, 70, 188, 150, 182, 67, 180, 50, 223, 113, 132, 104, 193, 44, 18, ]
