solved:	true
solution_length:	36
upper_bound:	36
solution_runtime:	0.00393691
heuristic_solution_length:	36
heuristic_solution_runtime:	0.00375395
heuristic_runtime:	0.00391353
solving_forward:	true
reduction_is_complete:	true
reduction_quality:	1
reduction_upper_bound:	36
reduction_runtime:	2.3245e-05
mdd_memory_consumption [MB]:	0
main_process_memory_consumption [MB]:	0
match_ilp_solution_length:	36
match_ilp_upper_bound:	36
match_ilp_runtime:	1.39e-07
mdd_ilp_solution_length:	36
mdd_ilp_upper_bound:	36
mdd_ilp_runtime:	5e-08
solution:	[1, 8, 62, 35, 46, 83, 99, 136, 157, 128, 5, 60, 11, 107, 135, 85, 69, 73, 127, 123, 37, 28, 30, 98, 126, 72, 58, 109, 106, 77, 131, 14, 82, 59, 25, 147, ]
