solved:	true
solution_length:	28
upper_bound:	28
solution_runtime:	0.00328742
heuristic_solution_length:	28
heuristic_solution_runtime:	0.00313679
heuristic_runtime:	0.00326451
solving_forward:	true
reduction_is_complete:	true
reduction_quality:	1
reduction_upper_bound:	28
reduction_runtime:	2.2782e-05
mdd_memory_consumption [MB]:	0
main_process_memory_consumption [MB]:	0
match_ilp_solution_length:	28
match_ilp_upper_bound:	28
match_ilp_runtime:	1.37e-07
mdd_ilp_solution_length:	28
mdd_ilp_upper_bound:	28
mdd_ilp_runtime:	6e-08
solution:	[58, 157, 130, 151, 121, 50, 48, 69, 37, 133, 78, 0, 13, 155, 113, 24, 116, 118, 107, 191, 1, 126, 167, 6, 170, 109, 44, 92, ]
