solved:	true
solution_length:	35
upper_bound:	35
solution_runtime:	0.00451187
heuristic_solution_length:	35
heuristic_solution_runtime:	0.00442494
heuristic_runtime:	0.0045086
solving_forward:	true
reduction_is_complete:	true
reduction_quality:	1
reduction_upper_bound:	35
reduction_runtime:	3.127e-06
mdd_memory_consumption [MB]:	0
main_process_memory_consumption [MB]:	0
match_ilp_solution_length:	35
match_ilp_upper_bound:	35
match_ilp_runtime:	1.43e-07
mdd_ilp_solution_length:	35
mdd_ilp_upper_bound:	35
mdd_ilp_runtime:	6e-08
solution:	[3, 110, 83, 2, 91, 55, 36, 98, 48, 105, 87, 116, 88, 74, 56, 41, 44, 38, 39, 156, 128, 4, 63, 158, 17, 140, 35, 72, 123, 124, 21, 27, 81, 71, 70, ]
