solved:	true
solution_length:	36
upper_bound:	36
solution_runtime:	0.0187085
heuristic_solution_length:	36
heuristic_solution_runtime:	0.00454846
heuristic_runtime:	0.0154473
solving_forward:	true
reduction_is_complete:	true
reduction_quality:	1
reduction_upper_bound:	36
reduction_runtime:	0.00326104
mdd_memory_consumption [MB]:	0
main_process_memory_consumption [MB]:	0
match_ilp_solution_length:	36
match_ilp_upper_bound:	36
match_ilp_runtime:	1.46e-07
mdd_ilp_solution_length:	36
mdd_ilp_upper_bound:	36
mdd_ilp_runtime:	4.9e-08
solution:	[26, 58, 101, 108, 6, 126, 91, 30, 110, 84, 89, 112, 116, 33, 0, 15, 41, 97, 78, 16, 99, 70, 65, 29, 5, 51, 55, 25, 3, 64, 75, 104, 72, 53, 83, 69, ]
