solved:	true
solution_length:	43
upper_bound:	43
solution_runtime:	17.6533
heuristic_solution_length:	43
heuristic_solution_runtime:	0.0160696
heuristic_runtime:	0.102184
solving_forward:	true
reduction_is_complete:	false
reduction_quality:	0.588589
reduction_upper_bound:	46
reduction_runtime:	0.0343309
mdd_memory_consumption [MB]:	0
main_process_memory_consumption [MB]:	0
match_ilp_solution_length:	43
match_ilp_upper_bound:	43
match_ilp_runtime:	17.5167
mdd_ilp_solution_length:	43
mdd_ilp_upper_bound:	43
mdd_ilp_runtime:	0.0893386
solution:	[57, 28, 48, 41, 43, 50, 36, 63, 3, 38, 23, 15, 16, 60, 30, 25, 14, 13, 1, 35, 40, 44, 18, 55, 59, 54, 37, 34, 22, 21, 51, 2, 10, 4, 5, 27, 52, 26, 31, 42, 29, 39, 9, ]
