solved:	true
solution_length:	32
upper_bound:	32
solution_runtime:	0.00782846
heuristic_solution_length:	32
heuristic_solution_runtime:	0.00387558
heuristic_runtime:	0.00732696
solving_forward:	true
reduction_is_complete:	true
reduction_quality:	1
reduction_upper_bound:	32
reduction_runtime:	0.000501367
mdd_memory_consumption [MB]:	0
main_process_memory_consumption [MB]:	0
match_ilp_solution_length:	32
match_ilp_upper_bound:	32
match_ilp_runtime:	1.32e-07
mdd_ilp_solution_length:	32
mdd_ilp_upper_bound:	32
mdd_ilp_runtime:	4.4e-08
solution:	[163, 96, 85, 51, 84, 175, 151, 189, 145, 52, 28, 165, 124, 139, 94, 91, 42, 71, 98, 36, 57, 65, 136, 138, 156, 152, 144, 92, 79, 15, 162, 66, ]
