solved:	true
solution_length:	11
upper_bound:	11
solution_runtime:	0.000271489
heuristic_solution_length:	11
heuristic_solution_runtime:	0.000216495
heuristic_runtime:	0.000250348
solving_forward:	true
reduction_is_complete:	true
reduction_quality:	1
reduction_upper_bound:	11
reduction_runtime:	2.1001e-05
mdd_memory_consumption [MB]:	0
main_process_memory_consumption [MB]:	0
match_ilp_solution_length:	11
match_ilp_upper_bound:	11
match_ilp_runtime:	1.4e-07
mdd_ilp_solution_length:	11
mdd_ilp_upper_bound:	11
mdd_ilp_runtime:	6e-08
solution:	[11, 4, 7, 9, 0, 2, 1, 6, 3, 8, 5, ]
