solved:	true
solution_length:	9
upper_bound:	9
solution_runtime:	0.000295364
heuristic_solution_length:	9
heuristic_solution_runtime:	0.000287536
heuristic_runtime:	0.000292383
solving_forward:	true
reduction_is_complete:	true
reduction_quality:	1
reduction_upper_bound:	9
reduction_runtime:	2.838e-06
mdd_memory_consumption [MB]:	0
main_process_memory_consumption [MB]:	0
match_ilp_solution_length:	9
match_ilp_upper_bound:	9
match_ilp_runtime:	1.43e-07
mdd_ilp_solution_length:	9
mdd_ilp_upper_bound:	9
mdd_ilp_runtime:	6e-08
solution:	[10, 11, 4, 8, 7, 0, 9, 5, 3, ]
