solved:	true
solution_length:	9
upper_bound:	9
solution_runtime:	0.000246977
heuristic_solution_length:	9
heuristic_solution_runtime:	0.000195775
heuristic_runtime:	0.000225563
solving_forward:	true
reduction_is_complete:	true
reduction_quality:	1
reduction_upper_bound:	9
reduction_runtime:	2.1241e-05
mdd_memory_consumption [MB]:	0
main_process_memory_consumption [MB]:	0
match_ilp_solution_length:	9
match_ilp_upper_bound:	9
match_ilp_runtime:	1.73e-07
mdd_ilp_solution_length:	9
mdd_ilp_upper_bound:	9
mdd_ilp_runtime:	9.2e-08
solution:	[4, 0, 2, 11, 7, 9, 3, 1, 5, ]
