solved:	true
solution_length:	9
upper_bound:	9
solution_runtime:	0.000204287
heuristic_solution_length:	9
heuristic_solution_runtime:	0.000158495
heuristic_runtime:	0.000186793
solving_forward:	true
reduction_is_complete:	true
reduction_quality:	1
reduction_upper_bound:	9
reduction_runtime:	1.7389e-05
mdd_memory_consumption [MB]:	0
main_process_memory_consumption [MB]:	0
match_ilp_solution_length:	9
match_ilp_upper_bound:	9
match_ilp_runtime:	1.05e-07
mdd_ilp_solution_length:	9
mdd_ilp_upper_bound:	9
mdd_ilp_runtime:	4.6e-08
solution:	[5, 2, 7, 4, 9, 8, 10, 3, 6, ]
