solved:	true
solution_length:	9
upper_bound:	9
solution_runtime:	0.000241463
heuristic_solution_length:	9
heuristic_solution_runtime:	0.000191503
heuristic_runtime:	0.000220108
solving_forward:	true
reduction_is_complete:	true
reduction_quality:	1
reduction_upper_bound:	9
reduction_runtime:	2.1209e-05
mdd_memory_consumption [MB]:	0
main_process_memory_consumption [MB]:	0
match_ilp_solution_length:	9
match_ilp_upper_bound:	9
match_ilp_runtime:	1.46e-07
mdd_ilp_solution_length:	9
mdd_ilp_upper_bound:	9
mdd_ilp_runtime:	6e-08
solution:	[4, 0, 1, 2, 7, 6, 8, 10, 3, ]
