solved:	true
solution_length:	11
upper_bound:	11
solution_runtime:	0.000272287
heuristic_solution_length:	11
heuristic_solution_runtime:	0.000254643
heuristic_runtime:	0.000268646
solving_forward:	true
reduction_is_complete:	true
reduction_quality:	1
reduction_upper_bound:	11
reduction_runtime:	3.417e-06
mdd_memory_consumption [MB]:	0
main_process_memory_consumption [MB]:	0
match_ilp_solution_length:	11
match_ilp_upper_bound:	11
match_ilp_runtime:	2.24e-07
mdd_ilp_solution_length:	11
mdd_ilp_upper_bound:	11
mdd_ilp_runtime:	7.1e-08
solution:	[23, 10, 13, 19, 15, 9, 7, 2, 18, 17, 12, ]
