solved:	true
solution_length:	8
upper_bound:	8
solution_runtime:	0.000366119
heuristic_solution_length:	8
heuristic_solution_runtime:	0.000303142
heuristic_runtime:	0.000341147
solving_forward:	true
reduction_is_complete:	true
reduction_quality:	1
reduction_upper_bound:	8
reduction_runtime:	2.4803e-05
mdd_memory_consumption [MB]:	0
main_process_memory_consumption [MB]:	0
match_ilp_solution_length:	8
match_ilp_upper_bound:	8
match_ilp_runtime:	1.69e-07
mdd_ilp_solution_length:	8
mdd_ilp_upper_bound:	8
mdd_ilp_runtime:	7.3e-08
solution:	[9, 1, 7, 3, 4, 2, 6, 11, ]
