solved:	true
solution_length:	9
upper_bound:	9
solution_runtime:	0.000247177
heuristic_solution_length:	9
heuristic_solution_runtime:	0.000204599
heuristic_runtime:	0.000225749
solving_forward:	true
reduction_is_complete:	true
reduction_quality:	1
reduction_upper_bound:	9
reduction_runtime:	2.1291e-05
mdd_memory_consumption [MB]:	0
main_process_memory_consumption [MB]:	0
match_ilp_solution_length:	9
match_ilp_upper_bound:	9
match_ilp_runtime:	1.37e-07
mdd_ilp_solution_length:	9
mdd_ilp_upper_bound:	9
mdd_ilp_runtime:	6e-08
solution:	[20, 9, 10, 22, 3, 4, 17, 19, 13, ]
