solved:	true
solution_length:	8
upper_bound:	8
solution_runtime:	0.000199465
heuristic_solution_length:	8
heuristic_solution_runtime:	0.000156352
heuristic_runtime:	0.000177201
solving_forward:	true
reduction_is_complete:	true
reduction_quality:	1
reduction_upper_bound:	8
reduction_runtime:	2.2124e-05
mdd_memory_consumption [MB]:	0
main_process_memory_consumption [MB]:	0
match_ilp_solution_length:	8
match_ilp_upper_bound:	8
match_ilp_runtime:	1.4e-07
mdd_ilp_solution_length:	8
mdd_ilp_upper_bound:	8
mdd_ilp_runtime:	6.2e-08
solution:	[8, 6, 12, 3, 7, 0, 23, 9, ]
