solved:	true
solution_length:	10
upper_bound:	10
solution_runtime:	0.000246435
heuristic_solution_length:	10
heuristic_solution_runtime:	0.000193303
heuristic_runtime:	0.000220897
solving_forward:	true
reduction_is_complete:	true
reduction_quality:	1
reduction_upper_bound:	10
reduction_runtime:	2.5368e-05
mdd_memory_consumption [MB]:	0
main_process_memory_consumption [MB]:	0
match_ilp_solution_length:	10
match_ilp_upper_bound:	10
match_ilp_runtime:	1.7e-07
mdd_ilp_solution_length:	10
mdd_ilp_upper_bound:	10
mdd_ilp_runtime:	7.1e-08
solution:	[1, 13, 17, 8, 7, 11, 15, 10, 0, 3, ]
