solved:	true
solution_length:	8
upper_bound:	8
solution_runtime:	0.000381816
heuristic_solution_length:	8
heuristic_solution_runtime:	0.000278467
heuristic_runtime:	0.000332856
solving_forward:	true
reduction_is_complete:	true
reduction_quality:	1
reduction_upper_bound:	8
reduction_runtime:	4.8601e-05
mdd_memory_consumption [MB]:	0
main_process_memory_consumption [MB]:	0
match_ilp_solution_length:	8
match_ilp_upper_bound:	8
match_ilp_runtime:	3.59e-07
mdd_ilp_solution_length:	8
mdd_ilp_upper_bound:	8
mdd_ilp_runtime:	1.71e-07
solution:	[12, 10, 8, 13, 17, 19, 0, 6, ]
