solved:	true
solution_length:	7
upper_bound:	7
solution_runtime:	0.000174135
heuristic_solution_length:	7
heuristic_solution_runtime:	0.000122766
heuristic_runtime:	0.000151885
solving_forward:	true
reduction_is_complete:	true
reduction_quality:	1
reduction_upper_bound:	7
reduction_runtime:	2.2092e-05
mdd_memory_consumption [MB]:	0
main_process_memory_consumption [MB]:	0
match_ilp_solution_length:	7
match_ilp_upper_bound:	7
match_ilp_runtime:	1.58e-07
mdd_ilp_solution_length:	7
mdd_ilp_upper_bound:	7
mdd_ilp_runtime:	6.3e-08
solution:	[10, 19, 5, 2, 20, 16, 7, ]
