solved:	true
solution_length:	5
upper_bound:	5
solution_runtime:	0.000177142
heuristic_solution_length:	5
heuristic_solution_runtime:	0.000126832
heuristic_runtime:	0.000152454
solving_forward:	true
reduction_is_complete:	true
reduction_quality:	1
reduction_upper_bound:	5
reduction_runtime:	2.4509e-05
mdd_memory_consumption [MB]:	0
main_process_memory_consumption [MB]:	0
match_ilp_solution_length:	5
match_ilp_upper_bound:	5
match_ilp_runtime:	1.79e-07
mdd_ilp_solution_length:	5
mdd_ilp_upper_bound:	5
mdd_ilp_runtime:	7.1e-08
solution:	[18, 9, 16, 25, 10, ]
