solved:	true
solution_length:	7
upper_bound:	7
solution_runtime:	0.000164185
heuristic_solution_length:	7
heuristic_solution_runtime:	0.00012184
heuristic_runtime:	0.000142723
solving_forward:	true
reduction_is_complete:	true
reduction_quality:	1
reduction_upper_bound:	7
reduction_runtime:	2.132e-05
mdd_memory_consumption [MB]:	0
main_process_memory_consumption [MB]:	0
match_ilp_solution_length:	7
match_ilp_upper_bound:	7
match_ilp_runtime:	1.42e-07
mdd_ilp_solution_length:	7
mdd_ilp_upper_bound:	7
mdd_ilp_runtime:	4.8e-08
solution:	[0, 9, 1, 11, 3, 13, 16, ]
