solved:	true
solution_length:	5
upper_bound:	5
solution_runtime:	0.000336064
heuristic_solution_length:	5
heuristic_solution_runtime:	0.000238903
heuristic_runtime:	0.000287186
solving_forward:	true
reduction_is_complete:	true
reduction_quality:	1
reduction_upper_bound:	5
reduction_runtime:	4.8522e-05
mdd_memory_consumption [MB]:	0
main_process_memory_consumption [MB]:	0
match_ilp_solution_length:	5
match_ilp_upper_bound:	5
match_ilp_runtime:	3.56e-07
mdd_ilp_solution_length:	5
mdd_ilp_upper_bound:	5
mdd_ilp_runtime:	1.53e-07
solution:	[14, 18, 23, 13, 2, ]
