solved:	true
solution_length:	10
upper_bound:	10
solution_runtime:	0.000187027
heuristic_solution_length:	10
heuristic_solution_runtime:	0.000146719
heuristic_runtime:	0.000165562
solving_forward:	true
reduction_is_complete:	true
reduction_quality:	1
reduction_upper_bound:	10
reduction_runtime:	2.131e-05
mdd_memory_consumption [MB]:	0
main_process_memory_consumption [MB]:	0
match_ilp_solution_length:	10
match_ilp_upper_bound:	10
match_ilp_runtime:	1.55e-07
mdd_ilp_solution_length:	10
mdd_ilp_upper_bound:	10
mdd_ilp_runtime:	7.8e-08
solution:	[19, 7, 17, 12, 18, 15, 20, 21, 11, 8, ]
