solved:	true
solution_length:	8
upper_bound:	8
solution_runtime:	0.000430103
heuristic_solution_length:	8
heuristic_solution_runtime:	0.00013848
heuristic_runtime:	0.000370432
solving_forward:	true
reduction_is_complete:	true
reduction_quality:	1
reduction_upper_bound:	8
reduction_runtime:	5.953e-05
mdd_memory_consumption [MB]:	0
main_process_memory_consumption [MB]:	0
match_ilp_solution_length:	8
match_ilp_upper_bound:	8
match_ilp_runtime:	1.41e-07
mdd_ilp_solution_length:	8
mdd_ilp_upper_bound:	8
mdd_ilp_runtime:	6.3e-08
solution:	[27, 12, 14, 22, 17, 3, 21, 20, ]
