solved:	true
solution_length:	11
upper_bound:	11
solution_runtime:	0.000180402
heuristic_solution_length:	11
heuristic_solution_runtime:	0.000134368
heuristic_runtime:	0.000162456
solving_forward:	true
reduction_is_complete:	true
reduction_quality:	1
reduction_upper_bound:	11
reduction_runtime:	1.7827e-05
mdd_memory_consumption [MB]:	0
main_process_memory_consumption [MB]:	0
match_ilp_solution_length:	11
match_ilp_upper_bound:	11
match_ilp_runtime:	1.19e-07
mdd_ilp_solution_length:	11
mdd_ilp_upper_bound:	11
mdd_ilp_runtime:	4e-08
solution:	[15, 9, 11, 1, 12, 14, 5, 7, 6, 13, 0, ]
