solved:	true
solution_length:	7
upper_bound:	7
solution_runtime:	0.00027401
heuristic_solution_length:	7
heuristic_solution_runtime:	0.000222527
heuristic_runtime:	0.000257367
solving_forward:	true
reduction_is_complete:	true
reduction_quality:	1
reduction_upper_bound:	7
reduction_runtime:	1.6543e-05
mdd_memory_consumption [MB]:	0
main_process_memory_consumption [MB]:	0
match_ilp_solution_length:	7
match_ilp_upper_bound:	7
match_ilp_runtime:	1e-07
mdd_ilp_solution_length:	7
mdd_ilp_upper_bound:	7
mdd_ilp_runtime:	4.4e-08
solution:	[3, 7, 6, 4, 2, 0, 1, ]
