solved:	true
solution_length:	9
upper_bound:	9
solution_runtime:	0.000255602
heuristic_solution_length:	9
heuristic_solution_runtime:	0.000196866
heuristic_runtime:	0.000233392
solving_forward:	true
reduction_is_complete:	true
reduction_quality:	1
reduction_upper_bound:	9
reduction_runtime:	2.2018e-05
mdd_memory_consumption [MB]:	0
main_process_memory_consumption [MB]:	0
match_ilp_solution_length:	9
match_ilp_upper_bound:	9
match_ilp_runtime:	1.92e-07
mdd_ilp_solution_length:	9
mdd_ilp_upper_bound:	9
mdd_ilp_runtime:	8.4e-08
solution:	[7, 13, 1, 10, 2, 8, 3, 14, 15, ]
