solved:	true
solution_length:	4
upper_bound:	4
solution_runtime:	0.000389627
heuristic_solution_length:	4
heuristic_solution_runtime:	0.000350829
heuristic_runtime:	0.00037328
solving_forward:	true
reduction_is_complete:	true
reduction_quality:	1
reduction_upper_bound:	4
reduction_runtime:	1.6242e-05
mdd_memory_consumption [MB]:	0
main_process_memory_consumption [MB]:	0
match_ilp_solution_length:	4
match_ilp_upper_bound:	4
match_ilp_runtime:	1.05e-07
mdd_ilp_solution_length:	4
mdd_ilp_upper_bound:	4
mdd_ilp_runtime:	4.4e-08
solution:	[0, 2, 1, 3, ]
