solved:	true
solution_length:	11
upper_bound:	11
solution_runtime:	0.000405613
heuristic_solution_length:	11
heuristic_solution_runtime:	0.000391635
heuristic_runtime:	0.000402514
solving_forward:	true
reduction_is_complete:	true
reduction_quality:	1
reduction_upper_bound:	11
reduction_runtime:	2.95e-06
mdd_memory_consumption [MB]:	0
main_process_memory_consumption [MB]:	0
match_ilp_solution_length:	11
match_ilp_upper_bound:	11
match_ilp_runtime:	1.49e-07
mdd_ilp_solution_length:	11
mdd_ilp_upper_bound:	11
mdd_ilp_runtime:	6.3e-08
solution:	[12, 1, 0, 15, 13, 9, 4, 8, 6, 10, 14, ]
