solved:	true
solution_length:	5
upper_bound:	5
solution_runtime:	0.000188665
heuristic_solution_length:	5
heuristic_solution_runtime:	0.000142158
heuristic_runtime:	0.00016623
solving_forward:	true
reduction_is_complete:	true
reduction_quality:	1
reduction_upper_bound:	5
reduction_runtime:	2.2288e-05
mdd_memory_consumption [MB]:	0
main_process_memory_consumption [MB]:	0
match_ilp_solution_length:	5
match_ilp_upper_bound:	5
match_ilp_runtime:	1.47e-07
mdd_ilp_solution_length:	5
mdd_ilp_upper_bound:	5
mdd_ilp_runtime:	6.3e-08
solution:	[15, 2, 6, 5, 13, ]
