solved:	true
solution_length:	9
upper_bound:	9
solution_runtime:	0.000245981
heuristic_solution_length:	9
heuristic_solution_runtime:	0.00018827
heuristic_runtime:	0.000224224
solving_forward:	true
reduction_is_complete:	true
reduction_quality:	1
reduction_upper_bound:	9
reduction_runtime:	2.161e-05
mdd_memory_consumption [MB]:	0
main_process_memory_consumption [MB]:	0
match_ilp_solution_length:	9
match_ilp_upper_bound:	9
match_ilp_runtime:	1.47e-07
mdd_ilp_solution_length:	9
mdd_ilp_upper_bound:	9
mdd_ilp_runtime:	4.7e-08
solution:	[5, 13, 10, 4, 11, 9, 14, 15, 2, ]
