solved:	true
solution_length:	8
upper_bound:	8
solution_runtime:	0.000333472
heuristic_solution_length:	8
heuristic_solution_runtime:	0.000251148
heuristic_runtime:	0.000307873
solving_forward:	true
reduction_is_complete:	true
reduction_quality:	1
reduction_upper_bound:	8
reduction_runtime:	2.5428e-05
mdd_memory_consumption [MB]:	0
main_process_memory_consumption [MB]:	0
match_ilp_solution_length:	8
match_ilp_upper_bound:	8
match_ilp_runtime:	1.71e-07
mdd_ilp_solution_length:	8
mdd_ilp_upper_bound:	8
mdd_ilp_runtime:	7.1e-08
solution:	[15, 4, 0, 13, 3, 14, 2, 6, ]
