solved:	true
solution_length:	9
upper_bound:	9
solution_runtime:	0.000215597
heuristic_solution_length:	9
heuristic_solution_runtime:	0.000158568
heuristic_runtime:	0.000193516
solving_forward:	true
reduction_is_complete:	true
reduction_quality:	1
reduction_upper_bound:	9
reduction_runtime:	2.1907e-05
mdd_memory_consumption [MB]:	0
main_process_memory_consumption [MB]:	0
match_ilp_solution_length:	9
match_ilp_upper_bound:	9
match_ilp_runtime:	1.74e-07
mdd_ilp_solution_length:	9
mdd_ilp_upper_bound:	9
mdd_ilp_runtime:	6.4e-08
solution:	[12, 1, 2, 8, 14, 15, 7, 3, 13, ]
