solved:	true
solution_length:	14
upper_bound:	14
solution_runtime:	0.00239546
heuristic_solution_length:	14
heuristic_solution_runtime:	0.000795554
heuristic_runtime:	0.00198099
solving_forward:	true
reduction_is_complete:	true
reduction_quality:	1
reduction_upper_bound:	14
reduction_runtime:	0.000414334
mdd_memory_consumption [MB]:	0
main_process_memory_consumption [MB]:	0
match_ilp_solution_length:	14
match_ilp_upper_bound:	14
match_ilp_runtime:	1.39e-07
mdd_ilp_solution_length:	14
mdd_ilp_upper_bound:	14
mdd_ilp_runtime:	6.2e-08
solution:	[20, 10, 2, 12, 18, 11, 22, 1, 16, 0, 3, 17, 19, 9, ]
