solved:	true
solution_length:	12
upper_bound:	12
solution_runtime:	0.000406614
heuristic_solution_length:	12
heuristic_solution_runtime:	0.000326568
heuristic_runtime:	0.000384556
solving_forward:	true
reduction_is_complete:	true
reduction_quality:	1
reduction_upper_bound:	12
reduction_runtime:	2.1906e-05
mdd_memory_consumption [MB]:	0
main_process_memory_consumption [MB]:	0
match_ilp_solution_length:	12
match_ilp_upper_bound:	12
match_ilp_runtime:	1.52e-07
mdd_ilp_solution_length:	12
mdd_ilp_upper_bound:	12
mdd_ilp_runtime:	6.3e-08
solution:	[0, 3, 42, 27, 47, 21, 12, 36, 30, 20, 14, 41, ]
