solved:	true
solution_length:	16
upper_bound:	16
solution_runtime:	0.000578674
heuristic_solution_length:	16
heuristic_solution_runtime:	0.000463495
heuristic_runtime:	0.00055559
solving_forward:	true
reduction_is_complete:	true
reduction_quality:	1
reduction_upper_bound:	16
reduction_runtime:	2.2934e-05
mdd_memory_consumption [MB]:	0
main_process_memory_consumption [MB]:	0
match_ilp_solution_length:	16
match_ilp_upper_bound:	16
match_ilp_runtime:	1.5e-07
mdd_ilp_solution_length:	16
mdd_ilp_upper_bound:	16
mdd_ilp_runtime:	6.3e-08
solution:	[5, 14, 9, 21, 19, 0, 7, 1, 12, 2, 22, 4, 17, 23, 6, 16, ]
