solved:	true
solution_length:	12
upper_bound:	12
solution_runtime:	0.000407153
heuristic_solution_length:	12
heuristic_solution_runtime:	0.000348733
heuristic_runtime:	0.000384356
solving_forward:	true
reduction_is_complete:	true
reduction_quality:	1
reduction_upper_bound:	12
reduction_runtime:	2.2648e-05
mdd_memory_consumption [MB]:	0
main_process_memory_consumption [MB]:	0
match_ilp_solution_length:	12
match_ilp_upper_bound:	12
match_ilp_runtime:	1.49e-07
mdd_ilp_solution_length:	12
mdd_ilp_upper_bound:	12
mdd_ilp_runtime:	6.3e-08
solution:	[32, 31, 7, 27, 19, 0, 18, 23, 6, 36, 20, 45, ]
