solved:	true
solution_length:	13
upper_bound:	13
solution_runtime:	0.000356598
heuristic_solution_length:	13
heuristic_solution_runtime:	0.000305478
heuristic_runtime:	0.000334128
solving_forward:	true
reduction_is_complete:	true
reduction_quality:	1
reduction_upper_bound:	13
reduction_runtime:	2.2312e-05
mdd_memory_consumption [MB]:	0
main_process_memory_consumption [MB]:	0
match_ilp_solution_length:	13
match_ilp_upper_bound:	13
match_ilp_runtime:	1.58e-07
mdd_ilp_solution_length:	13
mdd_ilp_upper_bound:	13
mdd_ilp_runtime:	6.3e-08
solution:	[7, 35, 39, 41, 23, 25, 24, 14, 29, 20, 15, 31, 6, ]
