solved:	true
solution_length:	15
upper_bound:	15
solution_runtime:	0.000698472
heuristic_solution_length:	15
heuristic_solution_runtime:	0.000589361
heuristic_runtime:	0.000673815
solving_forward:	true
reduction_is_complete:	true
reduction_quality:	1
reduction_upper_bound:	15
reduction_runtime:	2.4486e-05
mdd_memory_consumption [MB]:	0
main_process_memory_consumption [MB]:	0
match_ilp_solution_length:	15
match_ilp_upper_bound:	15
match_ilp_runtime:	1.71e-07
mdd_ilp_solution_length:	15
mdd_ilp_upper_bound:	15
mdd_ilp_runtime:	7.2e-08
solution:	[11, 16, 7, 5, 4, 8, 14, 6, 23, 0, 3, 22, 15, 20, 1, ]
