solved:	true
solution_length:	17
upper_bound:	17
solution_runtime:	0.00173484
heuristic_solution_length:	17
heuristic_solution_runtime:	0.000509475
heuristic_runtime:	0.00145084
solving_forward:	true
reduction_is_complete:	true
reduction_quality:	1
reduction_upper_bound:	17
reduction_runtime:	0.000283864
mdd_memory_consumption [MB]:	0
main_process_memory_consumption [MB]:	0
match_ilp_solution_length:	17
match_ilp_upper_bound:	17
match_ilp_runtime:	1.39e-07
mdd_ilp_solution_length:	17
mdd_ilp_upper_bound:	17
mdd_ilp_runtime:	6.4e-08
solution:	[15, 6, 1, 22, 12, 8, 10, 7, 13, 4, 17, 3, 11, 18, 2, 21, 19, ]
