solved:	true
solution_length:	15
upper_bound:	15
solution_runtime:	0.000575633
heuristic_solution_length:	15
heuristic_solution_runtime:	0.000512365
heuristic_runtime:	0.000554714
solving_forward:	true
reduction_is_complete:	true
reduction_quality:	1
reduction_upper_bound:	15
reduction_runtime:	2.0778e-05
mdd_memory_consumption [MB]:	0
main_process_memory_consumption [MB]:	0
match_ilp_solution_length:	15
match_ilp_upper_bound:	15
match_ilp_runtime:	1.41e-07
mdd_ilp_solution_length:	15
mdd_ilp_upper_bound:	15
mdd_ilp_runtime:	4.8e-08
solution:	[1, 18, 5, 4, 11, 0, 7, 9, 14, 21, 8, 17, 16, 12, 23, ]
