solved:	true
solution_length:	14
upper_bound:	14
solution_runtime:	0.00063878
heuristic_solution_length:	14
heuristic_solution_runtime:	0.000582462
heuristic_runtime:	0.000616959
solving_forward:	true
reduction_is_complete:	true
reduction_quality:	1
reduction_upper_bound:	14
reduction_runtime:	2.1678e-05
mdd_memory_consumption [MB]:	0
main_process_memory_consumption [MB]:	0
match_ilp_solution_length:	14
match_ilp_upper_bound:	14
match_ilp_runtime:	1.43e-07
mdd_ilp_solution_length:	14
mdd_ilp_upper_bound:	14
mdd_ilp_runtime:	6.2e-08
solution:	[47, 2, 32, 15, 5, 10, 38, 31, 39, 29, 45, 4, 16, 40, ]
