solved:	true
solution_length:	12
upper_bound:	12
solution_runtime:	0.000616882
heuristic_solution_length:	12
heuristic_solution_runtime:	0.000560462
heuristic_runtime:	0.000594281
solving_forward:	true
reduction_is_complete:	true
reduction_quality:	1
reduction_upper_bound:	12
reduction_runtime:	2.2443e-05
mdd_memory_consumption [MB]:	0
main_process_memory_consumption [MB]:	0
match_ilp_solution_length:	12
match_ilp_upper_bound:	12
match_ilp_runtime:	1.58e-07
mdd_ilp_solution_length:	12
mdd_ilp_upper_bound:	12
mdd_ilp_runtime:	6.2e-08
solution:	[46, 42, 33, 41, 27, 20, 40, 4, 29, 24, 5, 7, ]
