solved:	true
solution_length:	11
upper_bound:	11
solution_runtime:	0.00075171
heuristic_solution_length:	11
heuristic_solution_runtime:	0.000257011
heuristic_runtime:	0.000649232
solving_forward:	true
reduction_is_complete:	true
reduction_quality:	1
reduction_upper_bound:	11
reduction_runtime:	0.000102373
mdd_memory_consumption [MB]:	0
main_process_memory_consumption [MB]:	0
match_ilp_solution_length:	11
match_ilp_upper_bound:	11
match_ilp_runtime:	1.05e-07
mdd_ilp_solution_length:	11
mdd_ilp_upper_bound:	11
mdd_ilp_runtime:	3.4e-08
solution:	[34, 20, 15, 21, 14, 12, 23, 38, 17, 10, 3, ]
