solved:	true
solution_length:	11
upper_bound:	11
solution_runtime:	0.000977376
heuristic_solution_length:	11
heuristic_solution_runtime:	0.000350915
heuristic_runtime:	0.000859717
solving_forward:	true
reduction_is_complete:	true
reduction_quality:	1
reduction_upper_bound:	11
reduction_runtime:	0.000117525
mdd_memory_consumption [MB]:	0
main_process_memory_consumption [MB]:	0
match_ilp_solution_length:	11
match_ilp_upper_bound:	11
match_ilp_runtime:	1.34e-07
mdd_ilp_solution_length:	11
mdd_ilp_upper_bound:	11
mdd_ilp_runtime:	6e-08
solution:	[28, 24, 25, 34, 4, 30, 31, 33, 20, 39, 21, ]
