solved:	true
solution_length:	13
upper_bound:	13
solution_runtime:	0.000510195
heuristic_solution_length:	13
heuristic_solution_runtime:	0.000415669
heuristic_runtime:	0.000482557
solving_forward:	true
reduction_is_complete:	true
reduction_quality:	1
reduction_upper_bound:	13
reduction_runtime:	2.7468e-05
mdd_memory_consumption [MB]:	0
main_process_memory_consumption [MB]:	0
match_ilp_solution_length:	13
match_ilp_upper_bound:	13
match_ilp_runtime:	1.7e-07
mdd_ilp_solution_length:	13
mdd_ilp_upper_bound:	13
mdd_ilp_runtime:	7.2e-08
solution:	[3, 16, 5, 34, 15, 21, 8, 37, 13, 0, 18, 38, 20, ]
