solved:	true
solution_length:	13
upper_bound:	13
solution_runtime:	0.000463065
heuristic_solution_length:	13
heuristic_solution_runtime:	0.000451998
heuristic_runtime:	0.000460062
solving_forward:	true
reduction_is_complete:	true
reduction_quality:	1
reduction_upper_bound:	13
reduction_runtime:	2.861e-06
mdd_memory_consumption [MB]:	0
main_process_memory_consumption [MB]:	0
match_ilp_solution_length:	13
match_ilp_upper_bound:	13
match_ilp_runtime:	1.42e-07
mdd_ilp_solution_length:	13
mdd_ilp_upper_bound:	13
mdd_ilp_runtime:	6e-08
solution:	[7, 15, 23, 26, 6, 3, 20, 21, 8, 16, 22, 1, 19, ]
