solved:	true
solution_length:	11
upper_bound:	11
solution_runtime:	0.000407343
heuristic_solution_length:	11
heuristic_solution_runtime:	0.000330536
heuristic_runtime:	0.000384804
solving_forward:	true
reduction_is_complete:	true
reduction_quality:	1
reduction_upper_bound:	11
reduction_runtime:	2.2386e-05
mdd_memory_consumption [MB]:	0
main_process_memory_consumption [MB]:	0
match_ilp_solution_length:	11
match_ilp_upper_bound:	11
match_ilp_runtime:	1.53e-07
mdd_ilp_solution_length:	11
mdd_ilp_upper_bound:	11
mdd_ilp_runtime:	6.2e-08
solution:	[28, 24, 14, 22, 36, 3, 21, 25, 1, 33, 12, ]
