solved:	true
solution_length:	14
upper_bound:	14
solution_runtime:	0.000466419
heuristic_solution_length:	14
heuristic_solution_runtime:	0.000371633
heuristic_runtime:	0.000444107
solving_forward:	true
reduction_is_complete:	true
reduction_quality:	1
reduction_upper_bound:	14
reduction_runtime:	2.2158e-05
mdd_memory_consumption [MB]:	0
main_process_memory_consumption [MB]:	0
match_ilp_solution_length:	14
match_ilp_upper_bound:	14
match_ilp_runtime:	1.54e-07
mdd_ilp_solution_length:	14
mdd_ilp_upper_bound:	14
mdd_ilp_runtime:	8.2e-08
solution:	[16, 31, 7, 0, 4, 30, 39, 18, 22, 25, 9, 11, 23, 32, ]
