solved:	true
solution_length:	14
upper_bound:	14
solution_runtime:	0.000474344
heuristic_solution_length:	14
heuristic_solution_runtime:	0.000404887
heuristic_runtime:	0.000448354
solving_forward:	true
reduction_is_complete:	true
reduction_quality:	1
reduction_upper_bound:	14
reduction_runtime:	2.5819e-05
mdd_memory_consumption [MB]:	0
main_process_memory_consumption [MB]:	0
match_ilp_solution_length:	14
match_ilp_upper_bound:	14
match_ilp_runtime:	1.71e-07
mdd_ilp_solution_length:	14
mdd_ilp_upper_bound:	14
mdd_ilp_runtime:	7.1e-08
solution:	[15, 9, 29, 6, 2, 25, 26, 32, 1, 10, 24, 17, 31, 36, ]
