solved:	true
solution_length:	13
upper_bound:	13
solution_runtime:	0.000493412
heuristic_solution_length:	13
heuristic_solution_runtime:	0.000408739
heuristic_runtime:	0.00046792
solving_forward:	true
reduction_is_complete:	true
reduction_quality:	1
reduction_upper_bound:	13
reduction_runtime:	2.5321e-05
mdd_memory_consumption [MB]:	0
main_process_memory_consumption [MB]:	0
match_ilp_solution_length:	13
match_ilp_upper_bound:	13
match_ilp_runtime:	1.71e-07
mdd_ilp_solution_length:	13
mdd_ilp_upper_bound:	13
mdd_ilp_runtime:	7e-08
solution:	[10, 46, 15, 35, 6, 53, 7, 52, 40, 11, 49, 20, 38, ]
