solved:	true
solution_length:	13
upper_bound:	13
solution_runtime:	0.000635215
heuristic_solution_length:	13
heuristic_solution_runtime:	0.000226531
heuristic_runtime:	0.000540979
solving_forward:	true
reduction_is_complete:	true
reduction_quality:	1
reduction_upper_bound:	13
reduction_runtime:	9.413e-05
mdd_memory_consumption [MB]:	0
main_process_memory_consumption [MB]:	0
match_ilp_solution_length:	13
match_ilp_upper_bound:	13
match_ilp_runtime:	1.06e-07
mdd_ilp_solution_length:	13
mdd_ilp_upper_bound:	13
mdd_ilp_runtime:	4.7e-08
solution:	[5, 10, 46, 44, 6, 48, 50, 42, 51, 54, 7, 19, 29, ]
