solved:	true
solution_length:	11
upper_bound:	11
solution_runtime:	0.000340421
heuristic_solution_length:	11
heuristic_solution_runtime:	0.000290104
heuristic_runtime:	0.00031843
solving_forward:	true
reduction_is_complete:	true
reduction_quality:	1
reduction_upper_bound:	11
reduction_runtime:	2.1849e-05
mdd_memory_consumption [MB]:	0
main_process_memory_consumption [MB]:	0
match_ilp_solution_length:	11
match_ilp_upper_bound:	11
match_ilp_runtime:	1.42e-07
mdd_ilp_solution_length:	11
mdd_ilp_upper_bound:	11
mdd_ilp_runtime:	6.4e-08
solution:	[15, 53, 4, 20, 55, 35, 52, 54, 39, 46, 51, ]
