solved:	true
solution_length:	12
upper_bound:	12
solution_runtime:	0.000409885
heuristic_solution_length:	12
heuristic_solution_runtime:	0.000352481
heuristic_runtime:	0.000384532
solving_forward:	true
reduction_is_complete:	true
reduction_quality:	1
reduction_upper_bound:	12
reduction_runtime:	2.5185e-05
mdd_memory_consumption [MB]:	0
main_process_memory_consumption [MB]:	0
match_ilp_solution_length:	12
match_ilp_upper_bound:	12
match_ilp_runtime:	1.68e-07
mdd_ilp_solution_length:	12
mdd_ilp_upper_bound:	12
mdd_ilp_runtime:	7.2e-08
solution:	[50, 10, 52, 33, 37, 9, 26, 29, 47, 35, 40, 41, ]
