solved:	true
solution_length:	11
upper_bound:	11
solution_runtime:	0.000337667
heuristic_solution_length:	11
heuristic_solution_runtime:	0.000293869
heuristic_runtime:	0.000317646
solving_forward:	true
reduction_is_complete:	true
reduction_quality:	1
reduction_upper_bound:	11
reduction_runtime:	1.9878e-05
mdd_memory_consumption [MB]:	0
main_process_memory_consumption [MB]:	0
match_ilp_solution_length:	11
match_ilp_upper_bound:	11
match_ilp_runtime:	1.43e-07
mdd_ilp_solution_length:	11
mdd_ilp_upper_bound:	11
mdd_ilp_runtime:	5e-08
solution:	[21, 31, 26, 1, 37, 42, 11, 19, 34, 52, 30, ]
