solved:	true
solution_length:	12
upper_bound:	12
solution_runtime:	0.000726002
heuristic_solution_length:	12
heuristic_solution_runtime:	0.000339939
heuristic_runtime:	0.000675833
solving_forward:	true
reduction_is_complete:	true
reduction_quality:	1
reduction_upper_bound:	12
reduction_runtime:	5.003e-05
mdd_memory_consumption [MB]:	0
main_process_memory_consumption [MB]:	0
match_ilp_solution_length:	12
match_ilp_upper_bound:	12
match_ilp_runtime:	1.39e-07
mdd_ilp_solution_length:	12
mdd_ilp_upper_bound:	12
mdd_ilp_runtime:	6.2e-08
solution:	[16, 34, 1, 21, 11, 41, 49, 45, 43, 47, 18, 26, ]
