solved:	true
solution_length:	11
upper_bound:	11
solution_runtime:	0.000356229
heuristic_solution_length:	11
heuristic_solution_runtime:	0.000304441
heuristic_runtime:	0.000333571
solving_forward:	true
reduction_is_complete:	true
reduction_quality:	1
reduction_upper_bound:	11
reduction_runtime:	2.2516e-05
mdd_memory_consumption [MB]:	0
main_process_memory_consumption [MB]:	0
match_ilp_solution_length:	11
match_ilp_upper_bound:	11
match_ilp_runtime:	1.42e-07
mdd_ilp_solution_length:	11
mdd_ilp_upper_bound:	11
mdd_ilp_runtime:	6e-08
solution:	[19, 50, 31, 22, 54, 28, 18, 8, 11, 4, 52, ]
