solved:	true
solution_length:	13
upper_bound:	13
solution_runtime:	0.000251048
heuristic_solution_length:	13
heuristic_solution_runtime:	0.000213973
heuristic_runtime:	0.00023551
solving_forward:	true
reduction_is_complete:	true
reduction_quality:	1
reduction_upper_bound:	13
reduction_runtime:	1.542e-05
mdd_memory_consumption [MB]:	0
main_process_memory_consumption [MB]:	0
match_ilp_solution_length:	13
match_ilp_upper_bound:	13
match_ilp_runtime:	1.18e-07
mdd_ilp_solution_length:	13
mdd_ilp_upper_bound:	13
mdd_ilp_runtime:	5.2e-08
solution:	[21, 43, 6, 9, 30, 45, 52, 54, 10, 33, 14, 41, 44, ]
