solved:	true
solution_length:	11
upper_bound:	11
solution_runtime:	0.000743434
heuristic_solution_length:	11
heuristic_solution_runtime:	0.000357593
heuristic_runtime:	0.000674417
solving_forward:	true
reduction_is_complete:	true
reduction_quality:	1
reduction_upper_bound:	11
reduction_runtime:	6.8877e-05
mdd_memory_consumption [MB]:	0
main_process_memory_consumption [MB]:	0
match_ilp_solution_length:	11
match_ilp_upper_bound:	11
match_ilp_runtime:	1.4e-07
mdd_ilp_solution_length:	11
mdd_ilp_upper_bound:	11
mdd_ilp_runtime:	6.1e-08
solution:	[35, 11, 1, 39, 44, 38, 31, 24, 25, 12, 22, ]
