solved:	true
solution_length:	14
upper_bound:	14
solution_runtime:	0.000857797
heuristic_solution_length:	14
heuristic_solution_runtime:	0.000736445
heuristic_runtime:	0.000835563
solving_forward:	true
reduction_is_complete:	true
reduction_quality:	1
reduction_upper_bound:	14
reduction_runtime:	2.2085e-05
mdd_memory_consumption [MB]:	0
main_process_memory_consumption [MB]:	0
match_ilp_solution_length:	14
match_ilp_upper_bound:	14
match_ilp_runtime:	1.49e-07
mdd_ilp_solution_length:	14
mdd_ilp_upper_bound:	14
mdd_ilp_runtime:	6.3e-08
solution:	[2, 0, 1, 5, 15, 14, 9, 10, 7, 11, 3, 12, 6, 13, ]
