solved:	true
solution_length:	13
upper_bound:	13
solution_runtime:	0.000951376
heuristic_solution_length:	13
heuristic_solution_runtime:	0.000603634
heuristic_runtime:	0.000928121
solving_forward:	true
reduction_is_complete:	true
reduction_quality:	1
reduction_upper_bound:	13
reduction_runtime:	2.3098e-05
mdd_memory_consumption [MB]:	0
main_process_memory_consumption [MB]:	0
match_ilp_solution_length:	13
match_ilp_upper_bound:	13
match_ilp_runtime:	1.57e-07
mdd_ilp_solution_length:	13
mdd_ilp_upper_bound:	13
mdd_ilp_runtime:	6.3e-08
solution:	[9, 0, 15, 7, 1, 3, 12, 10, 8, 4, 14, 11, 13, ]
