solved:	true
solution_length:	16
upper_bound:	16
solution_runtime:	0.00184355
heuristic_solution_length:	16
heuristic_solution_runtime:	0.000479495
heuristic_runtime:	0.00156271
solving_forward:	true
reduction_is_complete:	true
reduction_quality:	1
reduction_upper_bound:	16
reduction_runtime:	0.000280694
mdd_memory_consumption [MB]:	0
main_process_memory_consumption [MB]:	0
match_ilp_solution_length:	16
match_ilp_upper_bound:	16
match_ilp_runtime:	1.42e-07
mdd_ilp_solution_length:	16
mdd_ilp_upper_bound:	16
mdd_ilp_runtime:	4.9e-08
solution:	[31, 8, 28, 22, 23, 2, 15, 21, 0, 17, 14, 27, 11, 30, 18, 25, ]
