solved:	true
solution_length:	14
upper_bound:	14
solution_runtime:	0.000516684
heuristic_solution_length:	14
heuristic_solution_runtime:	0.000430429
heuristic_runtime:	0.000492314
solving_forward:	true
reduction_is_complete:	true
reduction_quality:	1
reduction_upper_bound:	14
reduction_runtime:	2.4221e-05
mdd_memory_consumption [MB]:	0
main_process_memory_consumption [MB]:	0
match_ilp_solution_length:	14
match_ilp_upper_bound:	14
match_ilp_runtime:	1.49e-07
mdd_ilp_solution_length:	14
mdd_ilp_upper_bound:	14
mdd_ilp_runtime:	6.3e-08
solution:	[13, 22, 20, 6, 14, 1, 29, 24, 25, 11, 27, 3, 7, 2, ]
