solved:	true
solution_length:	16
upper_bound:	16
solution_runtime:	0.000473811
heuristic_solution_length:	16
heuristic_solution_runtime:	0.000386275
heuristic_runtime:	0.000450527
solving_forward:	true
reduction_is_complete:	true
reduction_quality:	1
reduction_upper_bound:	16
reduction_runtime:	2.3136e-05
mdd_memory_consumption [MB]:	0
main_process_memory_consumption [MB]:	0
match_ilp_solution_length:	16
match_ilp_upper_bound:	16
match_ilp_runtime:	1.48e-07
mdd_ilp_solution_length:	16
mdd_ilp_upper_bound:	16
mdd_ilp_runtime:	6.2e-08
solution:	[13, 17, 28, 21, 31, 18, 3, 25, 4, 26, 11, 7, 30, 27, 15, 2, ]
