solved:	true
solution_length:	8
upper_bound:	8
solution_runtime:	0.00122127
heuristic_solution_length:	8
heuristic_solution_runtime:	0.00112946
heuristic_runtime:	0.00119011
solving_forward:	true
reduction_is_complete:	true
reduction_quality:	1
reduction_upper_bound:	8
reduction_runtime:	3.0977e-05
mdd_memory_consumption [MB]:	0
main_process_memory_consumption [MB]:	0
match_ilp_solution_length:	8
match_ilp_upper_bound:	8
match_ilp_runtime:	1.8e-07
mdd_ilp_solution_length:	8
mdd_ilp_upper_bound:	8
mdd_ilp_runtime:	7.3e-08
solution:	[1, 7, 4, 6, 2, 3, 0, 5, ]
