solved:	true
solution_length:	15
upper_bound:	15
solution_runtime:	0.000912651
heuristic_solution_length:	15
heuristic_solution_runtime:	0.000899515
heuristic_runtime:	0.000909405
solving_forward:	true
reduction_is_complete:	true
reduction_quality:	1
reduction_upper_bound:	15
reduction_runtime:	3.062e-06
mdd_memory_consumption [MB]:	0
main_process_memory_consumption [MB]:	0
match_ilp_solution_length:	15
match_ilp_upper_bound:	15
match_ilp_runtime:	1.84e-07
mdd_ilp_solution_length:	15
mdd_ilp_upper_bound:	15
mdd_ilp_runtime:	6.3e-08
solution:	[8, 5, 3, 15, 1, 11, 0, 12, 13, 2, 4, 10, 6, 14, 7, ]
