solved:	true
solution_length:	15
upper_bound:	15
solution_runtime:	0.000587979
heuristic_solution_length:	15
heuristic_solution_runtime:	0.00048544
heuristic_runtime:	0.000571085
solving_forward:	true
reduction_is_complete:	true
reduction_quality:	1
reduction_upper_bound:	15
reduction_runtime:	1.6789e-05
mdd_memory_consumption [MB]:	0
main_process_memory_consumption [MB]:	0
match_ilp_solution_length:	15
match_ilp_upper_bound:	15
match_ilp_runtime:	1.05e-07
mdd_ilp_solution_length:	15
mdd_ilp_upper_bound:	15
mdd_ilp_runtime:	4.5e-08
solution:	[1, 11, 9, 0, 10, 14, 15, 8, 3, 4, 7, 5, 2, 6, 13, ]
