solved:	true
solution_length:	16
upper_bound:	16
solution_runtime:	0.000468428
heuristic_solution_length:	16
heuristic_solution_runtime:	0.000383245
heuristic_runtime:	0.000446251
solving_forward:	true
reduction_is_complete:	true
reduction_quality:	1
reduction_upper_bound:	16
reduction_runtime:	2.2029e-05
mdd_memory_consumption [MB]:	0
main_process_memory_consumption [MB]:	0
match_ilp_solution_length:	16
match_ilp_upper_bound:	16
match_ilp_runtime:	1.48e-07
mdd_ilp_solution_length:	16
mdd_ilp_upper_bound:	16
mdd_ilp_runtime:	6.3e-08
solution:	[1, 24, 7, 4, 20, 27, 12, 17, 8, 25, 31, 30, 28, 23, 22, 13, ]
