solved:	true
solution_length:	15
upper_bound:	15
solution_runtime:	0.000805118
heuristic_solution_length:	15
heuristic_solution_runtime:	0.000641322
heuristic_runtime:	0.000782765
solving_forward:	true
reduction_is_complete:	true
reduction_quality:	1
reduction_upper_bound:	15
reduction_runtime:	2.2205e-05
mdd_memory_consumption [MB]:	0
main_process_memory_consumption [MB]:	0
match_ilp_solution_length:	15
match_ilp_upper_bound:	15
match_ilp_runtime:	1.48e-07
mdd_ilp_solution_length:	15
mdd_ilp_upper_bound:	15
mdd_ilp_runtime:	6.3e-08
solution:	[1, 8, 9, 12, 6, 15, 7, 10, 5, 3, 2, 0, 13, 11, 14, ]
