solved:	true
solution_length:	15
upper_bound:	15
solution_runtime:	0.0014578
heuristic_solution_length:	15
heuristic_solution_runtime:	0.00140065
heuristic_runtime:	0.00145395
solving_forward:	true
reduction_is_complete:	true
reduction_quality:	1
reduction_upper_bound:	15
reduction_runtime:	3.61e-06
mdd_memory_consumption [MB]:	0
main_process_memory_consumption [MB]:	0
match_ilp_solution_length:	15
match_ilp_upper_bound:	15
match_ilp_runtime:	2.32e-07
mdd_ilp_solution_length:	15
mdd_ilp_upper_bound:	15
mdd_ilp_runtime:	7.2e-08
solution:	[9, 6, 14, 2, 10, 5, 4, 3, 7, 12, 8, 13, 1, 11, 15, ]
