solved:	true
solution_length:	14
upper_bound:	14
solution_runtime:	0.00479558
heuristic_solution_length:	14
heuristic_solution_runtime:	0.00059196
heuristic_runtime:	0.00412663
solving_forward:	true
reduction_is_complete:	true
reduction_quality:	1
reduction_upper_bound:	14
reduction_runtime:	0.000668816
mdd_memory_consumption [MB]:	0
main_process_memory_consumption [MB]:	0
match_ilp_solution_length:	14
match_ilp_upper_bound:	14
match_ilp_runtime:	1.34e-07
mdd_ilp_solution_length:	14
mdd_ilp_upper_bound:	14
mdd_ilp_runtime:	6.4e-08
solution:	[10, 8, 14, 3, 15, 2, 4, 9, 5, 1, 7, 6, 12, 11, ]
