solved:	true
solution_length:	15
upper_bound:	15
solution_runtime:	0.000791471
heuristic_solution_length:	15
heuristic_solution_runtime:	0.00070002
heuristic_runtime:	0.000769551
solving_forward:	true
reduction_is_complete:	true
reduction_quality:	1
reduction_upper_bound:	15
reduction_runtime:	2.1771e-05
mdd_memory_consumption [MB]:	0
main_process_memory_consumption [MB]:	0
match_ilp_solution_length:	15
match_ilp_upper_bound:	15
match_ilp_runtime:	1.49e-07
mdd_ilp_solution_length:	15
mdd_ilp_upper_bound:	15
mdd_ilp_runtime:	6.2e-08
solution:	[10, 6, 13, 8, 0, 7, 9, 11, 12, 14, 15, 4, 1, 3, 2, ]
