solved:	true
solution_length:	15
upper_bound:	15
solution_runtime:	0.000835621
heuristic_solution_length:	15
heuristic_solution_runtime:	0.000745885
heuristic_runtime:	0.000809886
solving_forward:	true
reduction_is_complete:	true
reduction_quality:	1
reduction_upper_bound:	15
reduction_runtime:	2.5564e-05
mdd_memory_consumption [MB]:	0
main_process_memory_consumption [MB]:	0
match_ilp_solution_length:	15
match_ilp_upper_bound:	15
match_ilp_runtime:	1.71e-07
mdd_ilp_solution_length:	15
mdd_ilp_upper_bound:	15
mdd_ilp_runtime:	7.1e-08
solution:	[7, 9, 8, 11, 0, 2, 10, 1, 14, 5, 15, 4, 3, 6, 12, ]
