solved:	true
solution_length:	14
upper_bound:	14
solution_runtime:	0.000566686
heuristic_solution_length:	14
heuristic_solution_runtime:	0.000425521
heuristic_runtime:	0.000541161
solving_forward:	true
reduction_is_complete:	true
reduction_quality:	1
reduction_upper_bound:	14
reduction_runtime:	2.5355e-05
mdd_memory_consumption [MB]:	0
main_process_memory_consumption [MB]:	0
match_ilp_solution_length:	14
match_ilp_upper_bound:	14
match_ilp_runtime:	1.7e-07
mdd_ilp_solution_length:	14
mdd_ilp_upper_bound:	14
mdd_ilp_runtime:	7.2e-08
solution:	[10, 15, 27, 18, 28, 11, 9, 3, 17, 23, 24, 7, 22, 20, ]
