solved:	true
solution_length:	15
upper_bound:	15
solution_runtime:	0.00160131
heuristic_solution_length:	15
heuristic_solution_runtime:	0.000446276
heuristic_runtime:	0.00130425
solving_forward:	true
reduction_is_complete:	true
reduction_quality:	1
reduction_upper_bound:	15
reduction_runtime:	0.000296918
mdd_memory_consumption [MB]:	0
main_process_memory_consumption [MB]:	0
match_ilp_solution_length:	15
match_ilp_upper_bound:	15
match_ilp_runtime:	1.43e-07
mdd_ilp_solution_length:	15
mdd_ilp_upper_bound:	15
mdd_ilp_runtime:	4.8e-08
solution:	[10, 31, 11, 27, 29, 26, 1, 25, 7, 18, 30, 17, 23, 24, 21, ]
