solved:	true
solution_length:	15
upper_bound:	15
solution_runtime:	0.000520789
heuristic_solution_length:	15
heuristic_solution_runtime:	0.000408176
heuristic_runtime:	0.000498458
solving_forward:	true
reduction_is_complete:	true
reduction_quality:	1
reduction_upper_bound:	15
reduction_runtime:	2.2181e-05
mdd_memory_consumption [MB]:	0
main_process_memory_consumption [MB]:	0
match_ilp_solution_length:	15
match_ilp_upper_bound:	15
match_ilp_runtime:	1.5e-07
mdd_ilp_solution_length:	15
mdd_ilp_upper_bound:	15
mdd_ilp_runtime:	6.2e-08
solution:	[2, 13, 11, 30, 6, 23, 22, 1, 20, 3, 10, 29, 12, 8, 24, ]
