solved:	true
solution_length:	37
upper_bound:	37
solution_runtime:	0.00422242
heuristic_solution_length:	37
heuristic_solution_runtime:	0.00401127
heuristic_runtime:	0.00419764
solving_forward:	true
reduction_is_complete:	true
reduction_quality:	1
reduction_upper_bound:	37
reduction_runtime:	2.4635e-05
mdd_memory_consumption [MB]:	0
main_process_memory_consumption [MB]:	0
match_ilp_solution_length:	37
match_ilp_upper_bound:	37
match_ilp_runtime:	1.46e-07
mdd_ilp_solution_length:	37
mdd_ilp_upper_bound:	37
mdd_ilp_runtime:	8.3e-08
solution:	[102, 56, 124, 48, 32, 94, 122, 13, 39, 108, 58, 18, 22, 87, 73, 63, 61, 64, 44, 110, 115, 11, 30, 90, 109, 65, 14, 107, 60, 97, 113, 71, 62, 26, 53, 80, 36, ]
