solved:	true
solution_length:	33
upper_bound:	33
solution_runtime:	0.0048178
heuristic_solution_length:	33
heuristic_solution_runtime:	0.00457885
heuristic_runtime:	0.00479072
solving_forward:	true
reduction_is_complete:	true
reduction_quality:	1
reduction_upper_bound:	33
reduction_runtime:	2.6892e-05
mdd_memory_consumption [MB]:	0
main_process_memory_consumption [MB]:	0
match_ilp_solution_length:	33
match_ilp_upper_bound:	33
match_ilp_runtime:	1.81e-07
mdd_ilp_solution_length:	33
mdd_ilp_upper_bound:	33
mdd_ilp_runtime:	9.3e-08
solution:	[36, 28, 116, 43, 100, 118, 24, 98, 87, 94, 89, 6, 39, 68, 45, 31, 123, 44, 82, 73, 47, 75, 0, 12, 2, 20, 92, 102, 48, 5, 61, 58, 69, ]
