solved:	true
solution_length:	37
upper_bound:	37
solution_runtime:	0.0137279
heuristic_solution_length:	37
heuristic_solution_runtime:	0.00382777
heuristic_runtime:	0.0120518
solving_forward:	true
reduction_is_complete:	true
reduction_quality:	1
reduction_upper_bound:	37
reduction_runtime:	0.00167598
mdd_memory_consumption [MB]:	0
main_process_memory_consumption [MB]:	0
match_ilp_solution_length:	37
match_ilp_upper_bound:	37
match_ilp_runtime:	1.5e-07
mdd_ilp_solution_length:	37
mdd_ilp_upper_bound:	37
mdd_ilp_runtime:	5.6e-08
solution:	[85, 22, 66, 89, 60, 31, 27, 91, 33, 47, 37, 9, 122, 80, 43, 1, 123, 13, 5, 56, 35, 70, 30, 61, 38, 110, 115, 105, 10, 50, 74, 113, 107, 76, 93, 36, 103, ]
