solved:	true
solution_length:	46
upper_bound:	46
solution_runtime:	0.00610958
heuristic_solution_length:	46
heuristic_solution_runtime:	0.00589144
heuristic_runtime:	0.00608506
solving_forward:	true
reduction_is_complete:	true
reduction_quality:	1
reduction_upper_bound:	46
reduction_runtime:	2.4378e-05
mdd_memory_consumption [MB]:	0
main_process_memory_consumption [MB]:	0
match_ilp_solution_length:	46
match_ilp_upper_bound:	46
match_ilp_runtime:	1.42e-07
mdd_ilp_solution_length:	46
mdd_ilp_upper_bound:	46
mdd_ilp_runtime:	6.1e-08
solution:	[126, 44, 112, 11, 68, 54, 55, 15, 23, 8, 102, 66, 90, 123, 47, 22, 99, 3, 117, 109, 94, 9, 108, 43, 64, 96, 21, 121, 120, 57, 40, 49, 82, 38, 39, 60, 37, 91, 32, 86, 80, 6, 75, 42, 114, 84, ]
