solved:	true
solution_length:	38
upper_bound:	38
solution_runtime:	0.00958465
heuristic_solution_length:	38
heuristic_solution_runtime:	0.00430167
heuristic_runtime:	0.0091729
solving_forward:	true
reduction_is_complete:	true
reduction_quality:	1
reduction_upper_bound:	38
reduction_runtime:	0.00041161
mdd_memory_consumption [MB]:	0
main_process_memory_consumption [MB]:	0
match_ilp_solution_length:	38
match_ilp_upper_bound:	38
match_ilp_runtime:	1.35e-07
mdd_ilp_solution_length:	38
mdd_ilp_upper_bound:	38
mdd_ilp_runtime:	5.8e-08
solution:	[23, 15, 51, 127, 31, 81, 116, 5, 109, 35, 41, 121, 45, 106, 16, 32, 71, 56, 112, 2, 46, 11, 52, 55, 122, 26, 38, 117, 102, 43, 33, 42, 53, 68, 34, 0, 6, 115, ]
