solved:	true
solution_length:	38
upper_bound:	38
solution_runtime:	0.011789
heuristic_solution_length:	38
heuristic_solution_runtime:	0.00381599
heuristic_runtime:	0.0109791
solving_forward:	true
reduction_is_complete:	true
reduction_quality:	1
reduction_upper_bound:	38
reduction_runtime:	0.000809707
mdd_memory_consumption [MB]:	0
main_process_memory_consumption [MB]:	0
match_ilp_solution_length:	38
match_ilp_upper_bound:	38
match_ilp_runtime:	1.42e-07
mdd_ilp_solution_length:	38
mdd_ilp_upper_bound:	38
mdd_ilp_runtime:	6e-08
solution:	[14, 116, 78, 25, 16, 69, 100, 39, 29, 91, 108, 22, 27, 44, 85, 81, 57, 89, 20, 103, 31, 117, 112, 41, 125, 98, 60, 75, 63, 123, 45, 38, 95, 34, 28, 0, 56, 74, ]
