solved:	true
solution_length:	45
upper_bound:	45
solution_runtime:	0.0262817
heuristic_solution_length:	45
heuristic_solution_runtime:	0.00692686
heuristic_runtime:	0.0245523
solving_forward:	true
reduction_is_complete:	true
reduction_quality:	1
reduction_upper_bound:	45
reduction_runtime:	0.00172928
mdd_memory_consumption [MB]:	0
main_process_memory_consumption [MB]:	0
match_ilp_solution_length:	45
match_ilp_upper_bound:	45
match_ilp_runtime:	1.09e-07
mdd_ilp_solution_length:	45
mdd_ilp_upper_bound:	45
mdd_ilp_runtime:	5.2e-08
solution:	[95, 86, 72, 77, 71, 38, 94, 7, 33, 84, 39, 55, 26, 99, 20, 1, 119, 24, 124, 78, 75, 106, 67, 112, 76, 25, 13, 126, 0, 48, 101, 82, 47, 87, 100, 79, 64, 31, 127, 34, 32, 81, 74, 104, 46, ]
