solved:	true
solution_length:	39
upper_bound:	39
solution_runtime:	0.00430268
heuristic_solution_length:	39
heuristic_solution_runtime:	0.00407673
heuristic_runtime:	0.00427538
solving_forward:	true
reduction_is_complete:	true
reduction_quality:	1
reduction_upper_bound:	39
reduction_runtime:	2.7133e-05
mdd_memory_consumption [MB]:	0
main_process_memory_consumption [MB]:	0
match_ilp_solution_length:	39
match_ilp_upper_bound:	39
match_ilp_runtime:	1.7e-07
mdd_ilp_solution_length:	39
mdd_ilp_upper_bound:	39
mdd_ilp_runtime:	7.1e-08
solution:	[78, 77, 64, 56, 102, 33, 123, 62, 47, 43, 108, 41, 90, 67, 61, 19, 87, 21, 16, 48, 66, 109, 99, 53, 89, 45, 121, 118, 84, 20, 85, 7, 91, 116, 72, 28, 79, 18, 40, ]
