solved:	true
solution_length:	36
upper_bound:	36
solution_runtime:	0.0106343
heuristic_solution_length:	36
heuristic_solution_runtime:	0.00413657
heuristic_runtime:	0.010089
solving_forward:	true
reduction_is_complete:	true
reduction_quality:	1
reduction_upper_bound:	36
reduction_runtime:	0.000545218
mdd_memory_consumption [MB]:	0
main_process_memory_consumption [MB]:	0
match_ilp_solution_length:	36
match_ilp_upper_bound:	36
match_ilp_runtime:	1.36e-07
mdd_ilp_solution_length:	36
mdd_ilp_upper_bound:	36
mdd_ilp_runtime:	7.3e-08
solution:	[61, 10, 78, 17, 70, 69, 29, 49, 46, 93, 96, 11, 42, 102, 79, 55, 19, 117, 104, 53, 57, 86, 20, 25, 83, 33, 36, 40, 112, 87, 126, 118, 23, 7, 115, 77, ]
