solved:	true
solution_length:	40
upper_bound:	40
solution_runtime:	0.0101554
heuristic_solution_length:	40
heuristic_solution_runtime:	0.00489841
heuristic_runtime:	0.00991604
solving_forward:	true
reduction_is_complete:	true
reduction_quality:	1
reduction_upper_bound:	40
reduction_runtime:	0.000239202
mdd_memory_consumption [MB]:	0
main_process_memory_consumption [MB]:	0
match_ilp_solution_length:	40
match_ilp_upper_bound:	40
match_ilp_runtime:	1.44e-07
mdd_ilp_solution_length:	40
mdd_ilp_upper_bound:	40
mdd_ilp_runtime:	5.9e-08
solution:	[76, 54, 32, 115, 52, 33, 66, 81, 73, 50, 104, 78, 65, 92, 60, 12, 114, 34, 75, 96, 42, 124, 126, 48, 39, 108, 59, 11, 21, 15, 82, 7, 43, 77, 36, 87, 89, 90, 64, 119, ]
