solved:	true
solution_length:	37
upper_bound:	37
solution_runtime:	0.0108515
heuristic_solution_length:	37
heuristic_solution_runtime:	0.00464438
heuristic_runtime:	0.0104038
solving_forward:	true
reduction_is_complete:	true
reduction_quality:	1
reduction_upper_bound:	37
reduction_runtime:	0.000447507
mdd_memory_consumption [MB]:	0
main_process_memory_consumption [MB]:	0
match_ilp_solution_length:	37
match_ilp_upper_bound:	37
match_ilp_runtime:	1.45e-07
mdd_ilp_solution_length:	37
mdd_ilp_upper_bound:	37
mdd_ilp_runtime:	6.6e-08
solution:	[25, 58, 95, 34, 79, 99, 98, 66, 104, 91, 97, 89, 93, 81, 49, 0, 110, 100, 19, 7, 68, 11, 112, 14, 52, 67, 53, 54, 115, 51, 65, 45, 94, 59, 43, 113, 69, ]
