solved:	true
solution_length:	9
upper_bound:	9
solution_runtime:	0.000190621
heuristic_solution_length:	9
heuristic_solution_runtime:	0.000146996
heuristic_runtime:	0.000169693
solving_forward:	true
reduction_is_complete:	true
reduction_quality:	1
reduction_upper_bound:	9
reduction_runtime:	2.0784e-05
mdd_memory_consumption [MB]:	0
main_process_memory_consumption [MB]:	0
match_ilp_solution_length:	9
match_ilp_upper_bound:	9
match_ilp_runtime:	1.44e-07
mdd_ilp_solution_length:	9
mdd_ilp_upper_bound:	9
mdd_ilp_runtime:	6e-08
solution:	[2, 9, 5, 3, 1, 8, 11, 4, 13, ]
