solved:	true
solution_length:	12
upper_bound:	12
solution_runtime:	0.000336998
heuristic_solution_length:	12
heuristic_solution_runtime:	0.000328786
heuristic_runtime:	0.000333986
solving_forward:	true
reduction_is_complete:	true
reduction_quality:	1
reduction_upper_bound:	12
reduction_runtime:	2.863e-06
mdd_memory_consumption [MB]:	0
main_process_memory_consumption [MB]:	0
match_ilp_solution_length:	12
match_ilp_upper_bound:	12
match_ilp_runtime:	1.49e-07
mdd_ilp_solution_length:	12
mdd_ilp_upper_bound:	12
mdd_ilp_runtime:	6.2e-08
solution:	[14, 3, 10, 9, 1, 12, 5, 4, 6, 2, 13, 0, ]
