solved:	true
solution_length:	11
upper_bound:	11
solution_runtime:	0.00054351
heuristic_solution_length:	11
heuristic_solution_runtime:	0.000463214
heuristic_runtime:	0.000518392
solving_forward:	true
reduction_is_complete:	true
reduction_quality:	1
reduction_upper_bound:	11
reduction_runtime:	2.4946e-05
mdd_memory_consumption [MB]:	0
main_process_memory_consumption [MB]:	0
match_ilp_solution_length:	11
match_ilp_upper_bound:	11
match_ilp_runtime:	1.72e-07
mdd_ilp_solution_length:	11
mdd_ilp_upper_bound:	11
mdd_ilp_runtime:	7.1e-08
solution:	[7, 15, 5, 14, 1, 4, 8, 9, 6, 10, 0, ]
