solved:	true
solution_length:	12
upper_bound:	12
solution_runtime:	0.000343161
heuristic_solution_length:	12
heuristic_solution_runtime:	0.000335698
heuristic_runtime:	0.000340164
solving_forward:	true
reduction_is_complete:	true
reduction_quality:	1
reduction_upper_bound:	12
reduction_runtime:	2.848e-06
mdd_memory_consumption [MB]:	0
main_process_memory_consumption [MB]:	0
match_ilp_solution_length:	12
match_ilp_upper_bound:	12
match_ilp_runtime:	1.49e-07
mdd_ilp_solution_length:	12
mdd_ilp_upper_bound:	12
mdd_ilp_runtime:	6e-08
solution:	[13, 8, 15, 1, 0, 11, 6, 5, 7, 9, 10, 14, ]
