solved:	true
solution_length:	11
upper_bound:	11
solution_runtime:	0.000271272
heuristic_solution_length:	11
heuristic_solution_runtime:	0.000197223
heuristic_runtime:	0.000249716
solving_forward:	true
reduction_is_complete:	true
reduction_quality:	1
reduction_upper_bound:	11
reduction_runtime:	2.1407e-05
mdd_memory_consumption [MB]:	0
main_process_memory_consumption [MB]:	0
match_ilp_solution_length:	11
match_ilp_upper_bound:	11
match_ilp_runtime:	1.49e-07
mdd_ilp_solution_length:	11
mdd_ilp_upper_bound:	11
mdd_ilp_runtime:	6.3e-08
solution:	[8, 2, 0, 14, 11, 12, 5, 1, 7, 9, 3, ]
