solved:	true
solution_length:	10
upper_bound:	10
solution_runtime:	0.000295542
heuristic_solution_length:	10
heuristic_solution_runtime:	0.000205314
heuristic_runtime:	0.000274347
solving_forward:	true
reduction_is_complete:	true
reduction_quality:	1
reduction_upper_bound:	10
reduction_runtime:	2.1052e-05
mdd_memory_consumption [MB]:	0
main_process_memory_consumption [MB]:	0
match_ilp_solution_length:	10
match_ilp_upper_bound:	10
match_ilp_runtime:	1.43e-07
mdd_ilp_solution_length:	10
mdd_ilp_upper_bound:	10
mdd_ilp_runtime:	6e-08
solution:	[10, 6, 3, 11, 5, 12, 7, 1, 0, 4, ]
