solved:	true
solution_length:	9
upper_bound:	9
solution_runtime:	0.000233493
heuristic_solution_length:	9
heuristic_solution_runtime:	0.000168375
heuristic_runtime:	0.00021129
solving_forward:	true
reduction_is_complete:	true
reduction_quality:	1
reduction_upper_bound:	9
reduction_runtime:	2.2055e-05
mdd_memory_consumption [MB]:	0
main_process_memory_consumption [MB]:	0
match_ilp_solution_length:	9
match_ilp_upper_bound:	9
match_ilp_runtime:	1.48e-07
mdd_ilp_solution_length:	9
mdd_ilp_upper_bound:	9
mdd_ilp_runtime:	6.4e-08
solution:	[0, 14, 15, 12, 11, 1, 6, 4, 7, ]
