solved:	true
solution_length:	7
upper_bound:	7
solution_runtime:	0.000208636
heuristic_solution_length:	7
heuristic_solution_runtime:	0.000157481
heuristic_runtime:	0.000183354
solving_forward:	true
reduction_is_complete:	true
reduction_quality:	1
reduction_upper_bound:	7
reduction_runtime:	2.5111e-05
mdd_memory_consumption [MB]:	0
main_process_memory_consumption [MB]:	0
match_ilp_solution_length:	7
match_ilp_upper_bound:	7
match_ilp_runtime:	1.71e-07
mdd_ilp_solution_length:	7
mdd_ilp_upper_bound:	7
mdd_ilp_runtime:	7.2e-08
solution:	[12, 7, 5, 14, 11, 6, 2, ]
