solved:	true
solution_length:	11
upper_bound:	11
solution_runtime:	0.000185817
heuristic_solution_length:	11
heuristic_solution_runtime:	0.000150143
heuristic_runtime:	0.000169737
solving_forward:	true
reduction_is_complete:	true
reduction_quality:	1
reduction_upper_bound:	11
reduction_runtime:	1.598e-05
mdd_memory_consumption [MB]:	0
main_process_memory_consumption [MB]:	0
match_ilp_solution_length:	11
match_ilp_upper_bound:	11
match_ilp_runtime:	1e-07
mdd_ilp_solution_length:	11
mdd_ilp_upper_bound:	11
mdd_ilp_runtime:	3.7e-08
solution:	[7, 6, 14, 13, 1, 0, 5, 4, 8, 2, 11, ]
