solved:	true
solution_length:	12
upper_bound:	12
solution_runtime:	0.000500131
heuristic_solution_length:	12
heuristic_solution_runtime:	0.000489514
heuristic_runtime:	0.000496523
solving_forward:	true
reduction_is_complete:	true
reduction_quality:	1
reduction_upper_bound:	12
reduction_runtime:	3.436e-06
mdd_memory_consumption [MB]:	0
main_process_memory_consumption [MB]:	0
match_ilp_solution_length:	12
match_ilp_upper_bound:	12
match_ilp_runtime:	1.72e-07
mdd_ilp_solution_length:	12
mdd_ilp_upper_bound:	12
mdd_ilp_runtime:	7.2e-08
solution:	[10, 6, 7, 5, 15, 14, 4, 8, 9, 13, 12, 2, ]
