solved:	true
solution_length:	11
upper_bound:	11
solution_runtime:	0.00021422
heuristic_solution_length:	11
heuristic_solution_runtime:	0.000169201
heuristic_runtime:	0.000196898
solving_forward:	true
reduction_is_complete:	true
reduction_quality:	1
reduction_upper_bound:	11
reduction_runtime:	1.7213e-05
mdd_memory_consumption [MB]:	0
main_process_memory_consumption [MB]:	0
match_ilp_solution_length:	11
match_ilp_upper_bound:	11
match_ilp_runtime:	1.09e-07
mdd_ilp_solution_length:	11
mdd_ilp_upper_bound:	11
mdd_ilp_runtime:	4.7e-08
solution:	[4, 15, 12, 7, 6, 3, 10, 11, 13, 5, 9, ]
