solved:	true
solution_length:	14
upper_bound:	14
solution_runtime:	0.000359411
heuristic_solution_length:	14
heuristic_solution_runtime:	0.000300859
heuristic_runtime:	0.000334364
solving_forward:	true
reduction_is_complete:	true
reduction_quality:	1
reduction_upper_bound:	14
reduction_runtime:	2.4888e-05
mdd_memory_consumption [MB]:	0
main_process_memory_consumption [MB]:	0
match_ilp_solution_length:	14
match_ilp_upper_bound:	14
match_ilp_runtime:	1.59e-07
mdd_ilp_solution_length:	14
mdd_ilp_upper_bound:	14
mdd_ilp_runtime:	7.3e-08
solution:	[12, 3, 10, 4, 5, 13, 15, 6, 7, 0, 9, 11, 1, 14, ]
