solved:	true
solution_length:	13
upper_bound:	13
solution_runtime:	0.000417412
heuristic_solution_length:	13
heuristic_solution_runtime:	0.000409267
heuristic_runtime:	0.000414241
solving_forward:	true
reduction_is_complete:	true
reduction_quality:	1
reduction_upper_bound:	13
reduction_runtime:	3.022e-06
mdd_memory_consumption [MB]:	0
main_process_memory_consumption [MB]:	0
match_ilp_solution_length:	13
match_ilp_upper_bound:	13
match_ilp_runtime:	1.49e-07
mdd_ilp_solution_length:	13
mdd_ilp_upper_bound:	13
mdd_ilp_runtime:	6.3e-08
solution:	[14, 10, 9, 2, 12, 8, 3, 15, 13, 6, 5, 0, 7, ]
