solved:	true
solution_length:	11
upper_bound:	11
solution_runtime:	0.000666683
heuristic_solution_length:	11
heuristic_solution_runtime:	0.000232509
heuristic_runtime:	0.000602073
solving_forward:	true
reduction_is_complete:	true
reduction_quality:	1
reduction_upper_bound:	11
reduction_runtime:	6.4469e-05
mdd_memory_consumption [MB]:	0
main_process_memory_consumption [MB]:	0
match_ilp_solution_length:	11
match_ilp_upper_bound:	11
match_ilp_runtime:	1.41e-07
mdd_ilp_solution_length:	11
mdd_ilp_upper_bound:	11
mdd_ilp_runtime:	6.4e-08
solution:	[15, 12, 3, 7, 4, 9, 8, 10, 11, 14, 5, ]
