solved:	true
solution_length:	12
upper_bound:	12
solution_runtime:	0.000296478
heuristic_solution_length:	12
heuristic_solution_runtime:	0.000237572
heuristic_runtime:	0.000276315
solving_forward:	true
reduction_is_complete:	true
reduction_quality:	1
reduction_upper_bound:	12
reduction_runtime:	2.0032e-05
mdd_memory_consumption [MB]:	0
main_process_memory_consumption [MB]:	0
match_ilp_solution_length:	12
match_ilp_upper_bound:	12
match_ilp_runtime:	1.31e-07
mdd_ilp_solution_length:	12
mdd_ilp_upper_bound:	12
mdd_ilp_runtime:	4.6e-08
solution:	[2, 0, 15, 11, 4, 6, 12, 10, 3, 13, 8, 7, ]
