solved:	true
solution_length:	10
upper_bound:	10
solution_runtime:	0.000517454
heuristic_solution_length:	10
heuristic_solution_runtime:	0.000457367
heuristic_runtime:	0.000495464
solving_forward:	true
reduction_is_complete:	true
reduction_quality:	1
reduction_upper_bound:	10
reduction_runtime:	2.1842e-05
mdd_memory_consumption [MB]:	0
main_process_memory_consumption [MB]:	0
match_ilp_solution_length:	10
match_ilp_upper_bound:	10
match_ilp_runtime:	1.48e-07
mdd_ilp_solution_length:	10
mdd_ilp_upper_bound:	10
mdd_ilp_runtime:	6.3e-08
solution:	[14, 4, 10, 9, 11, 5, 2, 6, 12, 15, ]
