solved:	true
solution_length:	11
upper_bound:	11
solution_runtime:	0.00129142
heuristic_solution_length:	11
heuristic_solution_runtime:	0.000345154
heuristic_runtime:	0.00100375
solving_forward:	true
reduction_is_complete:	true
reduction_quality:	1
reduction_upper_bound:	11
reduction_runtime:	0.000287527
mdd_memory_consumption [MB]:	0
main_process_memory_consumption [MB]:	0
match_ilp_solution_length:	11
match_ilp_upper_bound:	11
match_ilp_runtime:	1.41e-07
mdd_ilp_solution_length:	11
mdd_ilp_upper_bound:	11
mdd_ilp_runtime:	6.7e-08
solution:	[3, 2, 1, 6, 7, 8, 12, 4, 9, 5, 0, ]
