solved:	true
solution_length:	10
upper_bound:	10
solution_runtime:	0.000399938
heuristic_solution_length:	10
heuristic_solution_runtime:	0.000315878
heuristic_runtime:	0.000375131
solving_forward:	true
reduction_is_complete:	true
reduction_quality:	1
reduction_upper_bound:	10
reduction_runtime:	2.4636e-05
mdd_memory_consumption [MB]:	0
main_process_memory_consumption [MB]:	0
match_ilp_solution_length:	10
match_ilp_upper_bound:	10
match_ilp_runtime:	1.71e-07
mdd_ilp_solution_length:	10
mdd_ilp_upper_bound:	10
mdd_ilp_runtime:	7.3e-08
solution:	[10, 11, 4, 8, 14, 1, 2, 3, 5, 9, ]
