solved:	true
solution_length:	11
upper_bound:	11
solution_runtime:	0.000244804
heuristic_solution_length:	11
heuristic_solution_runtime:	0.000186267
heuristic_runtime:	0.000223902
solving_forward:	true
reduction_is_complete:	true
reduction_quality:	1
reduction_upper_bound:	11
reduction_runtime:	2.0759e-05
mdd_memory_consumption [MB]:	0
main_process_memory_consumption [MB]:	0
match_ilp_solution_length:	11
match_ilp_upper_bound:	11
match_ilp_runtime:	1.43e-07
mdd_ilp_solution_length:	11
mdd_ilp_upper_bound:	11
mdd_ilp_runtime:	4.6e-08
solution:	[3, 12, 2, 8, 6, 15, 10, 7, 11, 9, 13, ]
