solved:	true
solution_length:	10
upper_bound:	10
solution_runtime:	0.000615761
heuristic_solution_length:	10
heuristic_solution_runtime:	0.000228064
heuristic_runtime:	0.000577025
solving_forward:	true
reduction_is_complete:	true
reduction_quality:	1
reduction_upper_bound:	10
reduction_runtime:	3.8596e-05
mdd_memory_consumption [MB]:	0
main_process_memory_consumption [MB]:	0
match_ilp_solution_length:	10
match_ilp_upper_bound:	10
match_ilp_runtime:	1.4e-07
mdd_ilp_solution_length:	10
mdd_ilp_upper_bound:	10
mdd_ilp_runtime:	6.2e-08
solution:	[12, 14, 11, 10, 6, 4, 7, 8, 0, 13, ]
