solved:	true
solution_length:	11
upper_bound:	11
solution_runtime:	0.000488739
heuristic_solution_length:	11
heuristic_solution_runtime:	0.000463133
heuristic_runtime:	0.000485737
solving_forward:	true
reduction_is_complete:	true
reduction_quality:	1
reduction_upper_bound:	11
reduction_runtime:	2.859e-06
mdd_memory_consumption [MB]:	0
main_process_memory_consumption [MB]:	0
match_ilp_solution_length:	11
match_ilp_upper_bound:	11
match_ilp_runtime:	1.43e-07
mdd_ilp_solution_length:	11
mdd_ilp_upper_bound:	11
mdd_ilp_runtime:	6e-08
solution:	[13, 4, 10, 9, 14, 15, 12, 3, 8, 6, 1, ]
