solved:	true
solution_length:	14
upper_bound:	14
solution_runtime:	0.000849623
heuristic_solution_length:	14
heuristic_solution_runtime:	0.000708608
heuristic_runtime:	0.000846387
solving_forward:	true
reduction_is_complete:	true
reduction_quality:	1
reduction_upper_bound:	14
reduction_runtime:	3.087e-06
mdd_memory_consumption [MB]:	0
main_process_memory_consumption [MB]:	0
match_ilp_solution_length:	14
match_ilp_upper_bound:	14
match_ilp_runtime:	1.49e-07
mdd_ilp_solution_length:	14
mdd_ilp_upper_bound:	14
mdd_ilp_runtime:	6.4e-08
solution:	[8, 6, 4, 9, 13, 7, 5, 12, 2, 1, 11, 0, 10, 14, ]
