solved:	true
solution_length:	13
upper_bound:	13
solution_runtime:	0.000550699
heuristic_solution_length:	13
heuristic_solution_runtime:	0.000499631
heuristic_runtime:	0.000547579
solving_forward:	true
reduction_is_complete:	true
reduction_quality:	1
reduction_upper_bound:	13
reduction_runtime:	2.946e-06
mdd_memory_consumption [MB]:	0
main_process_memory_consumption [MB]:	0
match_ilp_solution_length:	13
match_ilp_upper_bound:	13
match_ilp_runtime:	1.74e-07
mdd_ilp_solution_length:	13
mdd_ilp_upper_bound:	13
mdd_ilp_runtime:	6.3e-08
solution:	[11, 1, 14, 2, 7, 0, 3, 9, 10, 12, 6, 13, 5, ]
