solved:	true
solution_length:	13
upper_bound:	13
solution_runtime:	0.000562648
heuristic_solution_length:	13
heuristic_solution_runtime:	0.000422579
heuristic_runtime:	0.000540446
solving_forward:	true
reduction_is_complete:	true
reduction_quality:	1
reduction_upper_bound:	13
reduction_runtime:	2.2053e-05
mdd_memory_consumption [MB]:	0
main_process_memory_consumption [MB]:	0
match_ilp_solution_length:	13
match_ilp_upper_bound:	13
match_ilp_runtime:	1.49e-07
mdd_ilp_solution_length:	13
mdd_ilp_upper_bound:	13
mdd_ilp_runtime:	6.6e-08
solution:	[15, 10, 14, 0, 5, 12, 3, 8, 13, 9, 11, 1, 6, ]
