solved:	true
solution_length:	13
upper_bound:	13
solution_runtime:	0.000578631
heuristic_solution_length:	13
heuristic_solution_runtime:	0.000465269
heuristic_runtime:	0.000552697
solving_forward:	true
reduction_is_complete:	true
reduction_quality:	1
reduction_upper_bound:	13
reduction_runtime:	2.5758e-05
mdd_memory_consumption [MB]:	0
main_process_memory_consumption [MB]:	0
match_ilp_solution_length:	13
match_ilp_upper_bound:	13
match_ilp_runtime:	1.76e-07
mdd_ilp_solution_length:	13
mdd_ilp_upper_bound:	13
mdd_ilp_runtime:	9.5e-08
solution:	[2, 8, 9, 13, 0, 3, 4, 12, 10, 14, 7, 11, 6, ]
