solved:	true
solution_length:	14
upper_bound:	14
solution_runtime:	0.000618864
heuristic_solution_length:	14
heuristic_solution_runtime:	0.000590543
heuristic_runtime:	0.000615827
solving_forward:	true
reduction_is_complete:	true
reduction_quality:	1
reduction_upper_bound:	14
reduction_runtime:	2.894e-06
mdd_memory_consumption [MB]:	0
main_process_memory_consumption [MB]:	0
match_ilp_solution_length:	14
match_ilp_upper_bound:	14
match_ilp_runtime:	1.43e-07
mdd_ilp_solution_length:	14
mdd_ilp_upper_bound:	14
mdd_ilp_runtime:	6e-08
solution:	[1, 9, 0, 12, 3, 2, 14, 13, 4, 5, 7, 8, 11, 15, ]
