solved:	true
solution_length:	13
upper_bound:	13
solution_runtime:	0.000926631
heuristic_solution_length:	13
heuristic_solution_runtime:	0.000465598
heuristic_runtime:	0.000879572
solving_forward:	true
reduction_is_complete:	true
reduction_quality:	1
reduction_upper_bound:	13
reduction_runtime:	4.6919e-05
mdd_memory_consumption [MB]:	0
main_process_memory_consumption [MB]:	0
match_ilp_solution_length:	13
match_ilp_upper_bound:	13
match_ilp_runtime:	1.4e-07
mdd_ilp_solution_length:	13
mdd_ilp_upper_bound:	13
mdd_ilp_runtime:	6e-08
solution:	[3, 12, 14, 0, 13, 1, 5, 6, 11, 10, 9, 15, 2, ]
