solved:	true
solution_length:	15
upper_bound:	15
solution_runtime:	0.000490521
heuristic_solution_length:	15
heuristic_solution_runtime:	0.000417783
heuristic_runtime:	0.000468605
solving_forward:	true
reduction_is_complete:	true
reduction_quality:	1
reduction_upper_bound:	15
reduction_runtime:	2.177e-05
mdd_memory_consumption [MB]:	0
main_process_memory_consumption [MB]:	0
match_ilp_solution_length:	15
match_ilp_upper_bound:	15
match_ilp_runtime:	1.46e-07
mdd_ilp_solution_length:	15
mdd_ilp_upper_bound:	15
mdd_ilp_runtime:	6.3e-08
solution:	[1, 2, 15, 5, 10, 6, 11, 12, 7, 9, 4, 3, 14, 8, 0, ]
