solved:	true
solution_length:	14
upper_bound:	14
solution_runtime:	0.000661994
heuristic_solution_length:	14
heuristic_solution_runtime:	0.000649797
heuristic_runtime:	0.000658538
solving_forward:	true
reduction_is_complete:	true
reduction_quality:	1
reduction_upper_bound:	14
reduction_runtime:	3.286e-06
mdd_memory_consumption [MB]:	0
main_process_memory_consumption [MB]:	0
match_ilp_solution_length:	14
match_ilp_upper_bound:	14
match_ilp_runtime:	1.7e-07
mdd_ilp_solution_length:	14
mdd_ilp_upper_bound:	14
mdd_ilp_runtime:	7.2e-08
solution:	[3, 10, 7, 2, 11, 4, 5, 0, 8, 12, 15, 1, 13, 14, ]
