solved:	true
solution_length:	14
upper_bound:	14
solution_runtime:	0.00471636
heuristic_solution_length:	14
heuristic_solution_runtime:	0.000664727
heuristic_runtime:	0.00371409
solving_forward:	true
reduction_is_complete:	true
reduction_quality:	1
reduction_upper_bound:	14
reduction_runtime:	0.00100212
mdd_memory_consumption [MB]:	0
main_process_memory_consumption [MB]:	0
match_ilp_solution_length:	14
match_ilp_upper_bound:	14
match_ilp_runtime:	1.45e-07
mdd_ilp_solution_length:	14
mdd_ilp_upper_bound:	14
mdd_ilp_runtime:	6.4e-08
solution:	[4, 6, 8, 3, 1, 12, 7, 14, 0, 5, 15, 2, 11, 13, ]
