solved:	true
solution_length:	16
upper_bound:	16
solution_runtime:	0.000535235
heuristic_solution_length:	16
heuristic_solution_runtime:	0.000487345
heuristic_runtime:	0.000513104
solving_forward:	true
reduction_is_complete:	true
reduction_quality:	1
reduction_upper_bound:	16
reduction_runtime:	2.1974e-05
mdd_memory_consumption [MB]:	0
main_process_memory_consumption [MB]:	0
match_ilp_solution_length:	16
match_ilp_upper_bound:	16
match_ilp_runtime:	1.57e-07
mdd_ilp_solution_length:	16
mdd_ilp_upper_bound:	16
mdd_ilp_runtime:	6.3e-08
solution:	[8, 12, 2, 9, 0, 14, 4, 11, 1, 10, 15, 7, 6, 3, 5, 13, ]
