solved:	true
solution_length:	16
upper_bound:	16
solution_runtime:	0.000887377
heuristic_solution_length:	16
heuristic_solution_runtime:	0.00086686
heuristic_runtime:	0.000884248
solving_forward:	true
reduction_is_complete:	true
reduction_quality:	1
reduction_upper_bound:	16
reduction_runtime:	2.979e-06
mdd_memory_consumption [MB]:	0
main_process_memory_consumption [MB]:	0
match_ilp_solution_length:	16
match_ilp_upper_bound:	16
match_ilp_runtime:	1.5e-07
mdd_ilp_solution_length:	16
mdd_ilp_upper_bound:	16
mdd_ilp_runtime:	5.3e-08
solution:	[11, 6, 4, 15, 2, 0, 1, 14, 3, 10, 9, 8, 13, 12, 7, 5, ]
