solved:	true
solution_length:	14
upper_bound:	14
solution_runtime:	0.000763169
heuristic_solution_length:	14
heuristic_solution_runtime:	0.000566549
heuristic_runtime:	0.000740653
solving_forward:	true
reduction_is_complete:	true
reduction_quality:	1
reduction_upper_bound:	14
reduction_runtime:	2.2367e-05
mdd_memory_consumption [MB]:	0
main_process_memory_consumption [MB]:	0
match_ilp_solution_length:	14
match_ilp_upper_bound:	14
match_ilp_runtime:	1.49e-07
mdd_ilp_solution_length:	14
mdd_ilp_upper_bound:	14
mdd_ilp_runtime:	6.2e-08
solution:	[14, 12, 9, 11, 4, 8, 6, 10, 1, 0, 7, 2, 3, 15, ]
