solved:	true
solution_length:	14
upper_bound:	14
solution_runtime:	0.000671838
heuristic_solution_length:	14
heuristic_solution_runtime:	0.000583345
heuristic_runtime:	0.000646515
solving_forward:	true
reduction_is_complete:	true
reduction_quality:	1
reduction_upper_bound:	14
reduction_runtime:	2.5152e-05
mdd_memory_consumption [MB]:	0
main_process_memory_consumption [MB]:	0
match_ilp_solution_length:	14
match_ilp_upper_bound:	14
match_ilp_runtime:	1.71e-07
mdd_ilp_solution_length:	14
mdd_ilp_upper_bound:	14
mdd_ilp_runtime:	7.2e-08
solution:	[11, 12, 7, 0, 4, 13, 1, 9, 8, 3, 6, 14, 10, 2, ]
