solved:	true
solution_length:	15
upper_bound:	15
solution_runtime:	0.000792548
heuristic_solution_length:	15
heuristic_solution_runtime:	0.000753333
heuristic_runtime:	0.000790086
solving_forward:	true
reduction_is_complete:	true
reduction_quality:	1
reduction_upper_bound:	15
reduction_runtime:	2.303e-06
mdd_memory_consumption [MB]:	0
main_process_memory_consumption [MB]:	0
match_ilp_solution_length:	15
match_ilp_upper_bound:	15
match_ilp_runtime:	1.59e-07
mdd_ilp_solution_length:	15
mdd_ilp_upper_bound:	15
mdd_ilp_runtime:	4e-08
solution:	[7, 1, 14, 3, 6, 4, 8, 13, 12, 11, 15, 0, 5, 2, 10, ]
