solved:	true
solution_length:	15
upper_bound:	15
solution_runtime:	0.000712397
heuristic_solution_length:	15
heuristic_solution_runtime:	0.000619553
heuristic_runtime:	0.000690104
solving_forward:	true
reduction_is_complete:	true
reduction_quality:	1
reduction_upper_bound:	15
reduction_runtime:	2.2148e-05
mdd_memory_consumption [MB]:	0
main_process_memory_consumption [MB]:	0
match_ilp_solution_length:	15
match_ilp_upper_bound:	15
match_ilp_runtime:	1.45e-07
mdd_ilp_solution_length:	15
mdd_ilp_upper_bound:	15
mdd_ilp_runtime:	6.2e-08
solution:	[13, 5, 10, 7, 6, 12, 3, 14, 1, 8, 4, 11, 15, 9, 2, ]
