solved:	true
solution_length:	14
upper_bound:	14
solution_runtime:	0.000712766
heuristic_solution_length:	14
heuristic_solution_runtime:	0.000530254
heuristic_runtime:	0.000690055
solving_forward:	true
reduction_is_complete:	true
reduction_quality:	1
reduction_upper_bound:	14
reduction_runtime:	2.2536e-05
mdd_memory_consumption [MB]:	0
main_process_memory_consumption [MB]:	0
match_ilp_solution_length:	14
match_ilp_upper_bound:	14
match_ilp_runtime:	1.75e-07
mdd_ilp_solution_length:	14
mdd_ilp_upper_bound:	14
mdd_ilp_runtime:	8.3e-08
solution:	[8, 4, 6, 11, 13, 12, 7, 5, 15, 10, 1, 0, 3, 9, ]
