solved:	true
solution_length:	15
upper_bound:	15
solution_runtime:	0.00114322
heuristic_solution_length:	15
heuristic_solution_runtime:	0.00109125
heuristic_runtime:	0.00113973
solving_forward:	true
reduction_is_complete:	true
reduction_quality:	1
reduction_upper_bound:	15
reduction_runtime:	3.349e-06
mdd_memory_consumption [MB]:	0
main_process_memory_consumption [MB]:	0
match_ilp_solution_length:	15
match_ilp_upper_bound:	15
match_ilp_runtime:	1.48e-07
mdd_ilp_solution_length:	15
mdd_ilp_upper_bound:	15
mdd_ilp_runtime:	6.3e-08
solution:	[10, 9, 0, 14, 1, 3, 7, 6, 5, 2, 8, 12, 13, 11, 4, ]
