solved:	true
solution_length:	14
upper_bound:	14
solution_runtime:	0.00128511
heuristic_solution_length:	14
heuristic_solution_runtime:	0.00121551
heuristic_runtime:	0.00128134
solving_forward:	true
reduction_is_complete:	true
reduction_quality:	1
reduction_upper_bound:	14
reduction_runtime:	3.601e-06
mdd_memory_consumption [MB]:	0
main_process_memory_consumption [MB]:	0
match_ilp_solution_length:	14
match_ilp_upper_bound:	14
match_ilp_runtime:	1.69e-07
mdd_ilp_solution_length:	14
mdd_ilp_upper_bound:	14
mdd_ilp_runtime:	7.3e-08
solution:	[13, 11, 6, 3, 4, 15, 14, 8, 5, 10, 7, 2, 0, 9, ]
