solved:	true
solution_length:	16
upper_bound:	16
solution_runtime:	0.00102664
heuristic_solution_length:	16
heuristic_solution_runtime:	0.00101357
heuristic_runtime:	0.00102326
solving_forward:	true
reduction_is_complete:	true
reduction_quality:	1
reduction_upper_bound:	16
reduction_runtime:	3.235e-06
mdd_memory_consumption [MB]:	0
main_process_memory_consumption [MB]:	0
match_ilp_solution_length:	16
match_ilp_upper_bound:	16
match_ilp_runtime:	1.5e-07
mdd_ilp_solution_length:	16
mdd_ilp_upper_bound:	16
mdd_ilp_runtime:	6.3e-08
solution:	[14, 12, 10, 3, 11, 6, 9, 7, 2, 8, 13, 0, 1, 4, 15, 5, ]
