solved:	true
solution_length:	15
upper_bound:	15
solution_runtime:	0.000716454
heuristic_solution_length:	15
heuristic_solution_runtime:	0.000586361
heuristic_runtime:	0.000694353
solving_forward:	true
reduction_is_complete:	true
reduction_quality:	1
reduction_upper_bound:	15
reduction_runtime:	2.1949e-05
mdd_memory_consumption [MB]:	0
main_process_memory_consumption [MB]:	0
match_ilp_solution_length:	15
match_ilp_upper_bound:	15
match_ilp_runtime:	1.52e-07
mdd_ilp_solution_length:	15
mdd_ilp_upper_bound:	15
mdd_ilp_runtime:	8.4e-08
solution:	[12, 4, 14, 5, 0, 1, 3, 13, 10, 2, 7, 11, 8, 15, 6, ]
