solved:	true
solution_length:	15
upper_bound:	15
solution_runtime:	0.0010678
heuristic_solution_length:	15
heuristic_solution_runtime:	0.000872185
heuristic_runtime:	0.00104358
solving_forward:	true
reduction_is_complete:	true
reduction_quality:	1
reduction_upper_bound:	15
reduction_runtime:	2.4075e-05
mdd_memory_consumption [MB]:	0
main_process_memory_consumption [MB]:	0
match_ilp_solution_length:	15
match_ilp_upper_bound:	15
match_ilp_runtime:	1.49e-07
mdd_ilp_solution_length:	15
mdd_ilp_upper_bound:	15
mdd_ilp_runtime:	6.2e-08
solution:	[2, 14, 13, 12, 5, 11, 1, 4, 8, 0, 7, 3, 10, 15, 9, ]
