solved:	true
solution_length:	16
upper_bound:	16
solution_runtime:	0.000925563
heuristic_solution_length:	16
heuristic_solution_runtime:	0.000914007
heuristic_runtime:	0.000922196
solving_forward:	true
reduction_is_complete:	true
reduction_quality:	1
reduction_upper_bound:	16
reduction_runtime:	3.193e-06
mdd_memory_consumption [MB]:	0
main_process_memory_consumption [MB]:	0
match_ilp_solution_length:	16
match_ilp_upper_bound:	16
match_ilp_runtime:	1.74e-07
mdd_ilp_solution_length:	16
mdd_ilp_upper_bound:	16
mdd_ilp_runtime:	6.2e-08
solution:	[9, 2, 15, 0, 5, 13, 10, 14, 6, 3, 12, 4, 1, 8, 11, 7, ]
