solved:	true
solution_length:	16
upper_bound:	16
solution_runtime:	0.00111292
heuristic_solution_length:	16
heuristic_solution_runtime:	0.00109667
heuristic_runtime:	0.00110969
solving_forward:	true
reduction_is_complete:	true
reduction_quality:	1
reduction_upper_bound:	16
reduction_runtime:	3.084e-06
mdd_memory_consumption [MB]:	0
main_process_memory_consumption [MB]:	0
match_ilp_solution_length:	16
match_ilp_upper_bound:	16
match_ilp_runtime:	1.49e-07
mdd_ilp_solution_length:	16
mdd_ilp_upper_bound:	16
mdd_ilp_runtime:	6.3e-08
solution:	[14, 8, 0, 15, 7, 11, 3, 13, 10, 6, 5, 2, 1, 4, 9, 12, ]
