solved:	true
solution_length:	16
upper_bound:	16
solution_runtime:	0.00092704
heuristic_solution_length:	16
heuristic_solution_runtime:	0.000872691
heuristic_runtime:	0.000904408
solving_forward:	true
reduction_is_complete:	true
reduction_quality:	1
reduction_upper_bound:	16
reduction_runtime:	2.2468e-05
mdd_memory_consumption [MB]:	0
main_process_memory_consumption [MB]:	0
match_ilp_solution_length:	16
match_ilp_upper_bound:	16
match_ilp_runtime:	1.64e-07
mdd_ilp_solution_length:	16
mdd_ilp_upper_bound:	16
mdd_ilp_runtime:	8.2e-08
solution:	[2, 8, 9, 10, 13, 11, 7, 12, 4, 0, 6, 3, 1, 15, 5, 14, ]
