solved:	true
solution_length:	15
upper_bound:	15
solution_runtime:	0.000848317
heuristic_solution_length:	15
heuristic_solution_runtime:	0.000764369
heuristic_runtime:	0.000825674
solving_forward:	true
reduction_is_complete:	true
reduction_quality:	1
reduction_upper_bound:	15
reduction_runtime:	2.2504e-05
mdd_memory_consumption [MB]:	0
main_process_memory_consumption [MB]:	0
match_ilp_solution_length:	15
match_ilp_upper_bound:	15
match_ilp_runtime:	1.39e-07
mdd_ilp_solution_length:	15
mdd_ilp_upper_bound:	15
mdd_ilp_runtime:	6.3e-08
solution:	[1, 2, 10, 11, 14, 5, 3, 4, 15, 0, 9, 8, 13, 6, 7, ]
