solved:	true
solution_length:	15
upper_bound:	15
solution_runtime:	0.000845313
heuristic_solution_length:	15
heuristic_solution_runtime:	0.000714212
heuristic_runtime:	0.000819855
solving_forward:	true
reduction_is_complete:	true
reduction_quality:	1
reduction_upper_bound:	15
reduction_runtime:	2.5288e-05
mdd_memory_consumption [MB]:	0
main_process_memory_consumption [MB]:	0
match_ilp_solution_length:	15
match_ilp_upper_bound:	15
match_ilp_runtime:	1.7e-07
mdd_ilp_solution_length:	15
mdd_ilp_upper_bound:	15
mdd_ilp_runtime:	7.1e-08
solution:	[9, 14, 7, 4, 10, 8, 3, 6, 0, 15, 13, 5, 11, 1, 12, ]
