solved:	true
solution_length:	15
upper_bound:	15
solution_runtime:	0.000576024
heuristic_solution_length:	15
heuristic_solution_runtime:	0.000520304
heuristic_runtime:	0.000560769
solving_forward:	true
reduction_is_complete:	true
reduction_quality:	1
reduction_upper_bound:	15
reduction_runtime:	1.515e-05
mdd_memory_consumption [MB]:	0
main_process_memory_consumption [MB]:	0
match_ilp_solution_length:	15
match_ilp_upper_bound:	15
match_ilp_runtime:	1.05e-07
mdd_ilp_solution_length:	15
mdd_ilp_upper_bound:	15
mdd_ilp_runtime:	3.6e-08
solution:	[1, 6, 5, 14, 9, 7, 15, 10, 13, 12, 4, 11, 0, 2, 8, ]
