solved:	true
solution_length:	15
upper_bound:	15
solution_runtime:	0.00119088
heuristic_solution_length:	15
heuristic_solution_runtime:	0.000865891
heuristic_runtime:	0.00116794
solving_forward:	true
reduction_is_complete:	true
reduction_quality:	1
reduction_upper_bound:	15
reduction_runtime:	2.278e-05
mdd_memory_consumption [MB]:	0
main_process_memory_consumption [MB]:	0
match_ilp_solution_length:	15
match_ilp_upper_bound:	15
match_ilp_runtime:	1.58e-07
mdd_ilp_solution_length:	15
mdd_ilp_upper_bound:	15
mdd_ilp_runtime:	6.4e-08
solution:	[2, 5, 13, 11, 1, 0, 7, 14, 9, 3, 12, 8, 10, 6, 4, ]
