solved:	true
solution_length:	15
upper_bound:	15
solution_runtime:	0.00104049
heuristic_solution_length:	15
heuristic_solution_runtime:	0.000891428
heuristic_runtime:	0.00101761
solving_forward:	true
reduction_is_complete:	true
reduction_quality:	1
reduction_upper_bound:	15
reduction_runtime:	2.2703e-05
mdd_memory_consumption [MB]:	0
main_process_memory_consumption [MB]:	0
match_ilp_solution_length:	15
match_ilp_upper_bound:	15
match_ilp_runtime:	1.76e-07
mdd_ilp_solution_length:	15
mdd_ilp_upper_bound:	15
mdd_ilp_runtime:	8.2e-08
solution:	[12, 8, 1, 3, 14, 2, 11, 15, 5, 0, 10, 13, 6, 7, 4, ]
