solved:	true
solution_length:	15
upper_bound:	15
solution_runtime:	0.000619671
heuristic_solution_length:	15
heuristic_solution_runtime:	0.000541105
heuristic_runtime:	0.000602763
solving_forward:	true
reduction_is_complete:	true
reduction_quality:	1
reduction_upper_bound:	15
reduction_runtime:	1.6798e-05
mdd_memory_consumption [MB]:	0
main_process_memory_consumption [MB]:	0
match_ilp_solution_length:	15
match_ilp_upper_bound:	15
match_ilp_runtime:	1.1e-07
mdd_ilp_solution_length:	15
mdd_ilp_upper_bound:	15
mdd_ilp_runtime:	4.4e-08
solution:	[4, 15, 0, 2, 5, 6, 13, 1, 9, 10, 11, 8, 14, 7, 3, ]
