solved:	true
solution_length:	16
upper_bound:	16
solution_runtime:	0.000669147
heuristic_solution_length:	16
heuristic_solution_runtime:	0.000641365
heuristic_runtime:	0.000651792
solving_forward:	true
reduction_is_complete:	true
reduction_quality:	1
reduction_upper_bound:	16
reduction_runtime:	1.7255e-05
mdd_memory_consumption [MB]:	0
main_process_memory_consumption [MB]:	0
match_ilp_solution_length:	16
match_ilp_upper_bound:	16
match_ilp_runtime:	1e-07
mdd_ilp_solution_length:	16
mdd_ilp_upper_bound:	16
mdd_ilp_runtime:	4.5e-08
solution:	[13, 8, 1, 14, 2, 10, 9, 3, 15, 7, 4, 12, 0, 6, 5, 11, ]
