solved:	true
solution_length:	15
upper_bound:	15
solution_runtime:	0.00143521
heuristic_solution_length:	15
heuristic_solution_runtime:	0.00141906
heuristic_runtime:	0.00143194
solving_forward:	true
reduction_is_complete:	true
reduction_quality:	1
reduction_upper_bound:	15
reduction_runtime:	3.123e-06
mdd_memory_consumption [MB]:	0
main_process_memory_consumption [MB]:	0
match_ilp_solution_length:	15
match_ilp_upper_bound:	15
match_ilp_runtime:	1.49e-07
mdd_ilp_solution_length:	15
mdd_ilp_upper_bound:	15
mdd_ilp_runtime:	5.2e-08
solution:	[14, 4, 8, 6, 11, 9, 15, 7, 12, 3, 1, 0, 10, 13, 5, ]
