solved:	true
solution_length:	16
upper_bound:	16
solution_runtime:	0.000983069
heuristic_solution_length:	16
heuristic_solution_runtime:	0.000922395
heuristic_runtime:	0.000960825
solving_forward:	true
reduction_is_complete:	true
reduction_quality:	1
reduction_upper_bound:	16
reduction_runtime:	2.2096e-05
mdd_memory_consumption [MB]:	0
main_process_memory_consumption [MB]:	0
match_ilp_solution_length:	16
match_ilp_upper_bound:	16
match_ilp_runtime:	1.48e-07
mdd_ilp_solution_length:	16
mdd_ilp_upper_bound:	16
mdd_ilp_runtime:	4.8e-08
solution:	[0, 4, 5, 14, 10, 3, 1, 6, 15, 7, 11, 8, 13, 12, 9, 2, ]
