solved:	true
solution_length:	15
upper_bound:	15
solution_runtime:	0.000830058
heuristic_solution_length:	15
heuristic_solution_runtime:	0.000668842
heuristic_runtime:	0.000807606
solving_forward:	true
reduction_is_complete:	true
reduction_quality:	1
reduction_upper_bound:	15
reduction_runtime:	2.2296e-05
mdd_memory_consumption [MB]:	0
main_process_memory_consumption [MB]:	0
match_ilp_solution_length:	15
match_ilp_upper_bound:	15
match_ilp_runtime:	1.56e-07
mdd_ilp_solution_length:	15
mdd_ilp_upper_bound:	15
mdd_ilp_runtime:	8.3e-08
solution:	[13, 15, 11, 6, 5, 4, 10, 0, 8, 14, 7, 12, 1, 9, 2, ]
