solved:	true
solution_length:	16
upper_bound:	16
solution_runtime:	0.000925193
heuristic_solution_length:	16
heuristic_solution_runtime:	0.000864784
heuristic_runtime:	0.000901799
solving_forward:	true
reduction_is_complete:	true
reduction_quality:	1
reduction_upper_bound:	16
reduction_runtime:	2.3246e-05
mdd_memory_consumption [MB]:	0
main_process_memory_consumption [MB]:	0
match_ilp_solution_length:	16
match_ilp_upper_bound:	16
match_ilp_runtime:	1.48e-07
mdd_ilp_solution_length:	16
mdd_ilp_upper_bound:	16
mdd_ilp_runtime:	6.2e-08
solution:	[13, 12, 15, 11, 9, 4, 7, 5, 3, 2, 0, 14, 8, 1, 6, 10, ]
