solved:	true
solution_length:	15
upper_bound:	15
solution_runtime:	0.00157343
heuristic_solution_length:	15
heuristic_solution_runtime:	0.00139561
heuristic_runtime:	0.00157003
solving_forward:	true
reduction_is_complete:	true
reduction_quality:	1
reduction_upper_bound:	15
reduction_runtime:	3.225e-06
mdd_memory_consumption [MB]:	0
main_process_memory_consumption [MB]:	0
match_ilp_solution_length:	15
match_ilp_upper_bound:	15
match_ilp_runtime:	1.75e-07
mdd_ilp_solution_length:	15
mdd_ilp_upper_bound:	15
mdd_ilp_runtime:	5.3e-08
solution:	[11, 6, 0, 9, 8, 7, 5, 13, 15, 2, 4, 10, 3, 14, 1, ]
