solved:	true
solution_length:	14
upper_bound:	14
solution_runtime:	0.00140864
heuristic_solution_length:	14
heuristic_solution_runtime:	0.00139018
heuristic_runtime:	0.00140458
solving_forward:	true
reduction_is_complete:	true
reduction_quality:	1
reduction_upper_bound:	14
reduction_runtime:	3.886e-06
mdd_memory_consumption [MB]:	0
main_process_memory_consumption [MB]:	0
match_ilp_solution_length:	14
match_ilp_upper_bound:	14
match_ilp_runtime:	1.7e-07
mdd_ilp_solution_length:	14
mdd_ilp_upper_bound:	14
mdd_ilp_runtime:	7.2e-08
solution:	[12, 0, 10, 2, 1, 5, 9, 15, 4, 6, 14, 8, 13, 7, ]
