solved:	true
solution_length:	15
upper_bound:	15
solution_runtime:	0.00103934
heuristic_solution_length:	15
heuristic_solution_runtime:	0.000892742
heuristic_runtime:	0.00101347
solving_forward:	true
reduction_is_complete:	true
reduction_quality:	1
reduction_upper_bound:	15
reduction_runtime:	2.5695e-05
mdd_memory_consumption [MB]:	0
main_process_memory_consumption [MB]:	0
match_ilp_solution_length:	15
match_ilp_upper_bound:	15
match_ilp_runtime:	1.7e-07
mdd_ilp_solution_length:	15
mdd_ilp_upper_bound:	15
mdd_ilp_runtime:	7.2e-08
solution:	[15, 12, 0, 2, 13, 5, 14, 8, 10, 7, 1, 11, 6, 4, 9, ]
