solved:	true
solution_length:	15
upper_bound:	15
solution_runtime:	0.000508731
heuristic_solution_length:	15
heuristic_solution_runtime:	0.00037065
heuristic_runtime:	0.00048694
solving_forward:	true
reduction_is_complete:	true
reduction_quality:	1
reduction_upper_bound:	15
reduction_runtime:	2.1647e-05
mdd_memory_consumption [MB]:	0
main_process_memory_consumption [MB]:	0
match_ilp_solution_length:	15
match_ilp_upper_bound:	15
match_ilp_runtime:	1.44e-07
mdd_ilp_solution_length:	15
mdd_ilp_upper_bound:	15
mdd_ilp_runtime:	6.1e-08
solution:	[3, 2, 20, 5, 19, 18, 30, 28, 27, 9, 25, 1, 12, 0, 31, ]
