solved:	true
solution_length:	16
upper_bound:	16
solution_runtime:	0.000542572
heuristic_solution_length:	16
heuristic_solution_runtime:	0.000470737
heuristic_runtime:	0.000520966
solving_forward:	true
reduction_is_complete:	true
reduction_quality:	1
reduction_upper_bound:	16
reduction_runtime:	2.1471e-05
mdd_memory_consumption [MB]:	0
main_process_memory_consumption [MB]:	0
match_ilp_solution_length:	16
match_ilp_upper_bound:	16
match_ilp_runtime:	1.35e-07
mdd_ilp_solution_length:	16
mdd_ilp_upper_bound:	16
mdd_ilp_runtime:	6.1e-08
solution:	[27, 24, 22, 15, 17, 16, 26, 3, 9, 30, 8, 14, 0, 1, 7, 5, ]
