solved:	true
solution_length:	18
upper_bound:	18
solution_runtime:	0.000439645
heuristic_solution_length:	18
heuristic_solution_runtime:	0.000378566
heuristic_runtime:	0.000417872
solving_forward:	true
reduction_is_complete:	true
reduction_quality:	1
reduction_upper_bound:	18
reduction_runtime:	2.1632e-05
mdd_memory_consumption [MB]:	0
main_process_memory_consumption [MB]:	0
match_ilp_solution_length:	18
match_ilp_upper_bound:	18
match_ilp_runtime:	1.41e-07
mdd_ilp_solution_length:	18
mdd_ilp_upper_bound:	18
mdd_ilp_runtime:	6.3e-08
solution:	[17, 6, 7, 11, 22, 0, 15, 21, 16, 14, 1, 28, 4, 8, 18, 9, 30, 19, ]
