solved:	true
solution_length:	15
upper_bound:	15
solution_runtime:	0.00060604
heuristic_solution_length:	15
heuristic_solution_runtime:	0.000528378
heuristic_runtime:	0.000580888
solving_forward:	true
reduction_is_complete:	true
reduction_quality:	1
reduction_upper_bound:	15
reduction_runtime:	2.4993e-05
mdd_memory_consumption [MB]:	0
main_process_memory_consumption [MB]:	0
match_ilp_solution_length:	15
match_ilp_upper_bound:	15
match_ilp_runtime:	1.59e-07
mdd_ilp_solution_length:	15
mdd_ilp_upper_bound:	15
mdd_ilp_runtime:	7.1e-08
solution:	[27, 19, 16, 2, 29, 13, 1, 30, 5, 23, 0, 4, 12, 15, 26, ]
