solved:	true
solution_length:	15
upper_bound:	15
solution_runtime:	0.000927985
heuristic_solution_length:	15
heuristic_solution_runtime:	0.000353601
heuristic_runtime:	0.000843971
solving_forward:	true
reduction_is_complete:	true
reduction_quality:	1
reduction_upper_bound:	15
reduction_runtime:	8.3875e-05
mdd_memory_consumption [MB]:	0
main_process_memory_consumption [MB]:	0
match_ilp_solution_length:	15
match_ilp_upper_bound:	15
match_ilp_runtime:	1.39e-07
mdd_ilp_solution_length:	15
mdd_ilp_upper_bound:	15
mdd_ilp_runtime:	6.3e-08
solution:	[14, 19, 25, 24, 1, 13, 17, 5, 27, 23, 0, 3, 31, 9, 30, ]
