solved:	true
solution_length:	20
upper_bound:	20
solution_runtime:	0.000595004
heuristic_solution_length:	20
heuristic_solution_runtime:	0.000497507
heuristic_runtime:	0.000572347
solving_forward:	true
reduction_is_complete:	true
reduction_quality:	1
reduction_upper_bound:	20
reduction_runtime:	2.2508e-05
mdd_memory_consumption [MB]:	0
main_process_memory_consumption [MB]:	0
match_ilp_solution_length:	20
match_ilp_upper_bound:	20
match_ilp_runtime:	1.49e-07
mdd_ilp_solution_length:	20
mdd_ilp_upper_bound:	20
mdd_ilp_runtime:	6.2e-08
solution:	[26, 20, 14, 0, 16, 5, 21, 17, 30, 11, 10, 4, 8, 9, 3, 23, 29, 31, 25, 2, ]
