solved:	true
solution_length:	16
upper_bound:	16
solution_runtime:	0.00170479
heuristic_solution_length:	16
heuristic_solution_runtime:	0.000455159
heuristic_runtime:	0.00137923
solving_forward:	true
reduction_is_complete:	true
reduction_quality:	1
reduction_upper_bound:	16
reduction_runtime:	0.000325418
mdd_memory_consumption [MB]:	0
main_process_memory_consumption [MB]:	0
match_ilp_solution_length:	16
match_ilp_upper_bound:	16
match_ilp_runtime:	1.48e-07
mdd_ilp_solution_length:	16
mdd_ilp_upper_bound:	16
mdd_ilp_runtime:	6.4e-08
solution:	[18, 11, 17, 8, 9, 1, 3, 15, 23, 30, 22, 19, 14, 12, 24, 20, ]
