solved:	true
solution_length:	18
upper_bound:	18
solution_runtime:	0.00218795
heuristic_solution_length:	18
heuristic_solution_runtime:	0.000694252
heuristic_runtime:	0.00174436
solving_forward:	true
reduction_is_complete:	true
reduction_quality:	1
reduction_upper_bound:	18
reduction_runtime:	0.000443448
mdd_memory_consumption [MB]:	0
main_process_memory_consumption [MB]:	0
match_ilp_solution_length:	18
match_ilp_upper_bound:	18
match_ilp_runtime:	1.39e-07
mdd_ilp_solution_length:	18
mdd_ilp_upper_bound:	18
mdd_ilp_runtime:	6.4e-08
solution:	[17, 23, 7, 3, 12, 1, 25, 2, 11, 29, 21, 6, 16, 14, 30, 26, 4, 31, ]
