solved:	true
solution_length:	17
upper_bound:	17
solution_runtime:	0.000520287
heuristic_solution_length:	17
heuristic_solution_runtime:	0.000419895
heuristic_runtime:	0.0004982
solving_forward:	true
reduction_is_complete:	true
reduction_quality:	1
reduction_upper_bound:	17
reduction_runtime:	2.1939e-05
mdd_memory_consumption [MB]:	0
main_process_memory_consumption [MB]:	0
match_ilp_solution_length:	17
match_ilp_upper_bound:	17
match_ilp_runtime:	1.48e-07
mdd_ilp_solution_length:	17
mdd_ilp_upper_bound:	17
mdd_ilp_runtime:	6.4e-08
solution:	[30, 26, 25, 13, 17, 10, 22, 21, 1, 11, 9, 23, 5, 0, 19, 16, 2, ]
