solved:	true
solution_length:	14
upper_bound:	14
solution_runtime:	0.000441338
heuristic_solution_length:	14
heuristic_solution_runtime:	0.000377703
heuristic_runtime:	0.0004189
solving_forward:	true
reduction_is_complete:	true
reduction_quality:	1
reduction_upper_bound:	14
reduction_runtime:	2.2296e-05
mdd_memory_consumption [MB]:	0
main_process_memory_consumption [MB]:	0
match_ilp_solution_length:	14
match_ilp_upper_bound:	14
match_ilp_runtime:	1.42e-07
mdd_ilp_solution_length:	14
mdd_ilp_upper_bound:	14
mdd_ilp_runtime:	6.2e-08
solution:	[28, 16, 25, 19, 31, 21, 8, 10, 12, 7, 14, 30, 9, 29, ]
