solved:	true
solution_length:	19
upper_bound:	19
solution_runtime:	0.0020556
heuristic_solution_length:	19
heuristic_solution_runtime:	0.000709883
heuristic_runtime:	0.0018764
solving_forward:	true
reduction_is_complete:	true
reduction_quality:	1
reduction_upper_bound:	19
reduction_runtime:	0.000179042
mdd_memory_consumption [MB]:	0
main_process_memory_consumption [MB]:	0
match_ilp_solution_length:	19
match_ilp_upper_bound:	19
match_ilp_runtime:	1.61e-07
mdd_ilp_solution_length:	19
mdd_ilp_upper_bound:	19
mdd_ilp_runtime:	7.2e-08
solution:	[20, 24, 17, 18, 4, 25, 8, 5, 28, 26, 1, 14, 0, 29, 3, 16, 7, 31, 27, ]
