solved:	true
solution_length:	19
upper_bound:	19
solution_runtime:	0.00316505
heuristic_solution_length:	19
heuristic_solution_runtime:	0.000661608
heuristic_runtime:	0.00257305
solving_forward:	true
reduction_is_complete:	true
reduction_quality:	1
reduction_upper_bound:	19
reduction_runtime:	0.000591862
mdd_memory_consumption [MB]:	0
main_process_memory_consumption [MB]:	0
match_ilp_solution_length:	19
match_ilp_upper_bound:	19
match_ilp_runtime:	1.4e-07
mdd_ilp_solution_length:	19
mdd_ilp_upper_bound:	19
mdd_ilp_runtime:	6.5e-08
solution:	[0, 19, 20, 1, 24, 14, 6, 5, 16, 31, 13, 17, 2, 9, 11, 7, 10, 15, 25, ]
