solved:	true
solution_length:	18
upper_bound:	18
solution_runtime:	0.00290718
heuristic_solution_length:	18
heuristic_solution_runtime:	0.00079702
heuristic_runtime:	0.00213756
solving_forward:	true
reduction_is_complete:	true
reduction_quality:	1
reduction_upper_bound:	18
reduction_runtime:	0.000769474
mdd_memory_consumption [MB]:	0
main_process_memory_consumption [MB]:	0
match_ilp_solution_length:	18
match_ilp_upper_bound:	18
match_ilp_runtime:	1.4e-07
mdd_ilp_solution_length:	18
mdd_ilp_upper_bound:	18
mdd_ilp_runtime:	6.3e-08
solution:	[11, 4, 9, 14, 26, 1, 21, 18, 20, 3, 2, 28, 7, 22, 23, 17, 24, 25, ]
