solved:	true
solution_length:	21
upper_bound:	21
solution_runtime:	0.00478529
heuristic_solution_length:	21
heuristic_solution_runtime:	0.00108927
heuristic_runtime:	0.00370138
solving_forward:	true
reduction_is_complete:	true
reduction_quality:	1
reduction_upper_bound:	21
reduction_runtime:	0.00108378
mdd_memory_consumption [MB]:	0
main_process_memory_consumption [MB]:	0
match_ilp_solution_length:	21
match_ilp_upper_bound:	21
match_ilp_runtime:	1.33e-07
mdd_ilp_solution_length:	21
mdd_ilp_upper_bound:	21
mdd_ilp_runtime:	6e-08
solution:	[2, 1, 26, 9, 21, 19, 22, 12, 7, 8, 20, 29, 18, 4, 27, 17, 11, 5, 31, 28, 16, ]
