solved:	true
solution_length:	17
upper_bound:	17
solution_runtime:	0.000697721
heuristic_solution_length:	17
heuristic_solution_runtime:	0.000642864
heuristic_runtime:	0.000694435
solving_forward:	true
reduction_is_complete:	true
reduction_quality:	1
reduction_upper_bound:	17
reduction_runtime:	3.139e-06
mdd_memory_consumption [MB]:	0
main_process_memory_consumption [MB]:	0
match_ilp_solution_length:	17
match_ilp_upper_bound:	17
match_ilp_runtime:	1.47e-07
mdd_ilp_solution_length:	17
mdd_ilp_upper_bound:	17
mdd_ilp_runtime:	6.4e-08
solution:	[14, 17, 9, 18, 29, 31, 1, 2, 8, 24, 28, 20, 15, 4, 21, 22, 0, ]
