solved:	true
solution_length:	18
upper_bound:	18
solution_runtime:	0.00359491
heuristic_solution_length:	18
heuristic_solution_runtime:	0.000719842
heuristic_runtime:	0.00272939
solving_forward:	true
reduction_is_complete:	true
reduction_quality:	1
reduction_upper_bound:	18
reduction_runtime:	0.000865383
mdd_memory_consumption [MB]:	0
main_process_memory_consumption [MB]:	0
match_ilp_solution_length:	18
match_ilp_upper_bound:	18
match_ilp_runtime:	1.39e-07
mdd_ilp_solution_length:	18
mdd_ilp_upper_bound:	18
mdd_ilp_runtime:	6.3e-08
solution:	[7, 25, 16, 21, 11, 27, 10, 14, 24, 9, 19, 18, 26, 31, 17, 1, 12, 6, ]
