solved:	true
solution_length:	19
upper_bound:	19
solution_runtime:	0.000827397
heuristic_solution_length:	19
heuristic_solution_runtime:	0.000781168
heuristic_runtime:	0.000824146
solving_forward:	true
reduction_is_complete:	true
reduction_quality:	1
reduction_upper_bound:	19
reduction_runtime:	3.094e-06
mdd_memory_consumption [MB]:	0
main_process_memory_consumption [MB]:	0
match_ilp_solution_length:	19
match_ilp_upper_bound:	19
match_ilp_runtime:	1.57e-07
mdd_ilp_solution_length:	19
mdd_ilp_upper_bound:	19
mdd_ilp_runtime:	6.4e-08
solution:	[31, 11, 16, 19, 9, 14, 20, 24, 22, 4, 3, 25, 30, 29, 18, 27, 8, 6, 7, ]
