solved:	true
solution_length:	19
upper_bound:	19
solution_runtime:	0.00284474
heuristic_solution_length:	19
heuristic_solution_runtime:	0.00126714
heuristic_runtime:	0.00267052
solving_forward:	true
reduction_is_complete:	true
reduction_quality:	1
reduction_upper_bound:	19
reduction_runtime:	0.000174087
mdd_memory_consumption [MB]:	0
main_process_memory_consumption [MB]:	0
match_ilp_solution_length:	19
match_ilp_upper_bound:	19
match_ilp_runtime:	1.4e-07
mdd_ilp_solution_length:	19
mdd_ilp_upper_bound:	19
mdd_ilp_runtime:	6.3e-08
solution:	[11, 20, 10, 3, 21, 9, 1, 29, 4, 19, 13, 8, 23, 27, 24, 12, 31, 6, 26, ]
