solved:	true
solution_length:	17
upper_bound:	17
solution_runtime:	0.00151373
heuristic_solution_length:	17
heuristic_solution_runtime:	0.000574352
heuristic_runtime:	0.0014039
solving_forward:	true
reduction_is_complete:	true
reduction_quality:	1
reduction_upper_bound:	17
reduction_runtime:	0.000109695
mdd_memory_consumption [MB]:	0
main_process_memory_consumption [MB]:	0
match_ilp_solution_length:	17
match_ilp_upper_bound:	17
match_ilp_runtime:	1.39e-07
mdd_ilp_solution_length:	17
mdd_ilp_upper_bound:	17
mdd_ilp_runtime:	6.7e-08
solution:	[18, 22, 30, 9, 10, 28, 24, 14, 4, 13, 23, 11, 15, 12, 20, 1, 3, ]
