solved:	true
solution_length:	17
upper_bound:	17
solution_runtime:	0.00210046
heuristic_solution_length:	17
heuristic_solution_runtime:	0.000736026
heuristic_runtime:	0.00185339
solving_forward:	true
reduction_is_complete:	true
reduction_quality:	1
reduction_upper_bound:	17
reduction_runtime:	0.000246929
mdd_memory_consumption [MB]:	0
main_process_memory_consumption [MB]:	0
match_ilp_solution_length:	17
match_ilp_upper_bound:	17
match_ilp_runtime:	1.33e-07
mdd_ilp_solution_length:	17
mdd_ilp_upper_bound:	17
mdd_ilp_runtime:	6e-08
solution:	[5, 21, 19, 26, 30, 11, 18, 22, 15, 6, 7, 10, 0, 28, 1, 13, 16, ]
