solved:	true
solution_length:	20
upper_bound:	20
solution_runtime:	0.000749307
heuristic_solution_length:	20
heuristic_solution_runtime:	0.000619835
heuristic_runtime:	0.000726794
solving_forward:	true
reduction_is_complete:	true
reduction_quality:	1
reduction_upper_bound:	20
reduction_runtime:	2.2344e-05
mdd_memory_consumption [MB]:	0
main_process_memory_consumption [MB]:	0
match_ilp_solution_length:	20
match_ilp_upper_bound:	20
match_ilp_runtime:	1.69e-07
mdd_ilp_solution_length:	20
mdd_ilp_upper_bound:	20
mdd_ilp_runtime:	8.7e-08
solution:	[29, 16, 19, 26, 2, 5, 30, 13, 3, 15, 8, 0, 24, 4, 12, 28, 6, 11, 17, 1, ]
