solved:	true
solution_length:	21
upper_bound:	21
solution_runtime:	0.000837267
heuristic_solution_length:	21
heuristic_solution_runtime:	0.000685751
heuristic_runtime:	0.000814518
solving_forward:	true
reduction_is_complete:	true
reduction_quality:	1
reduction_upper_bound:	21
reduction_runtime:	2.2598e-05
mdd_memory_consumption [MB]:	0
main_process_memory_consumption [MB]:	0
match_ilp_solution_length:	21
match_ilp_upper_bound:	21
match_ilp_runtime:	1.51e-07
mdd_ilp_solution_length:	21
mdd_ilp_upper_bound:	21
mdd_ilp_runtime:	6.2e-08
solution:	[14, 27, 12, 9, 10, 25, 21, 3, 23, 6, 31, 5, 17, 24, 2, 11, 15, 13, 18, 19, 26, ]
