solved:	true
solution_length:	22
upper_bound:	22
solution_runtime:	0.00399745
heuristic_solution_length:	22
heuristic_solution_runtime:	0.00116225
heuristic_runtime:	0.00335213
solving_forward:	true
reduction_is_complete:	true
reduction_quality:	1
reduction_upper_bound:	22
reduction_runtime:	0.000645183
mdd_memory_consumption [MB]:	0
main_process_memory_consumption [MB]:	0
match_ilp_solution_length:	22
match_ilp_upper_bound:	22
match_ilp_runtime:	1.41e-07
mdd_ilp_solution_length:	22
mdd_ilp_upper_bound:	22
mdd_ilp_runtime:	6.6e-08
solution:	[15, 1, 31, 30, 4, 25, 20, 13, 10, 12, 9, 27, 23, 3, 5, 26, 0, 2, 17, 11, 6, 22, ]
