solved:	true
solution_length:	24
upper_bound:	24
solution_runtime:	0.00669691
heuristic_solution_length:	24
heuristic_solution_runtime:	0.00163847
heuristic_runtime:	0.00593321
solving_forward:	true
reduction_is_complete:	true
reduction_quality:	1
reduction_upper_bound:	24
reduction_runtime:	0.000763529
mdd_memory_consumption [MB]:	0
main_process_memory_consumption [MB]:	0
match_ilp_solution_length:	24
match_ilp_upper_bound:	24
match_ilp_runtime:	1.66e-07
mdd_ilp_solution_length:	24
mdd_ilp_upper_bound:	24
mdd_ilp_runtime:	6.4e-08
solution:	[7, 11, 22, 20, 28, 19, 12, 17, 0, 1, 29, 2, 31, 26, 21, 9, 8, 30, 13, 18, 14, 3, 25, 16, ]
