solved:	true
solution_length:	19
upper_bound:	19
solution_runtime:	0.0326717
heuristic_solution_length:	19
heuristic_solution_runtime:	0.000836129
heuristic_runtime:	0.0058509
solving_forward:	true
reduction_is_complete:	false
reduction_quality:	0.711027
reduction_upper_bound:	21
reduction_runtime:	0.00393375
mdd_memory_consumption [MB]:	0
main_process_memory_consumption [MB]:	0
match_ilp_solution_length:	19
match_ilp_upper_bound:	19
match_ilp_runtime:	0.022887
mdd_ilp_solution_length:	19
mdd_ilp_upper_bound:	19
mdd_ilp_runtime:	0.0105866
solution:	[10, 20, 13, 6, 8, 18, 29, 24, 2, 17, 12, 28, 25, 19, 26, 7, 30, 22, 11, ]
