solved:	true
solution_length:	22
upper_bound:	22
solution_runtime:	0.112514
heuristic_solution_length:	22
heuristic_solution_runtime:	0.00140367
heuristic_runtime:	0.0150611
solving_forward:	true
reduction_is_complete:	false
reduction_quality:	0.624339
reduction_upper_bound:	25
reduction_runtime:	0.0102315
mdd_memory_consumption [MB]:	0
main_process_memory_consumption [MB]:	0
match_ilp_solution_length:	22
match_ilp_upper_bound:	22
match_ilp_runtime:	0.0872216
mdd_ilp_solution_length:	22
mdd_ilp_upper_bound:	22
mdd_ilp_runtime:	0.0437515
solution:	[26, 11, 17, 12, 28, 20, 19, 14, 4, 13, 6, 3, 8, 29, 27, 0, 2, 22, 9, 7, 21, 15, ]
