solved:	true
solution_length:	23
upper_bound:	23
solution_runtime:	0.0299591
heuristic_solution_length:	23
heuristic_solution_runtime:	0.00166843
heuristic_runtime:	0.0103625
solving_forward:	true
reduction_is_complete:	false
reduction_quality:	0.768
reduction_upper_bound:	25
reduction_runtime:	0.00650947
mdd_memory_consumption [MB]:	0
main_process_memory_consumption [MB]:	0
match_ilp_solution_length:	23
match_ilp_upper_bound:	23
match_ilp_runtime:	0.0130871
mdd_ilp_solution_length:	23
mdd_ilp_upper_bound:	23
mdd_ilp_runtime:	0.00957867
solution:	[18, 24, 20, 1, 31, 23, 3, 22, 8, 16, 30, 13, 29, 28, 15, 11, 26, 10, 4, 12, 7, 0, 6, ]
