solved:	true
solution_length:	24
upper_bound:	24
solution_runtime:	0.0427144
heuristic_solution_length:	24
heuristic_solution_runtime:	0.00316763
heuristic_runtime:	0.0247443
solving_forward:	true
reduction_is_complete:	false
reduction_quality:	0.793684
reduction_upper_bound:	27
reduction_runtime:	0.0108508
mdd_memory_consumption [MB]:	0
main_process_memory_consumption [MB]:	0
match_ilp_solution_length:	24
match_ilp_upper_bound:	24
match_ilp_runtime:	0.00711924
mdd_ilp_solution_length:	24
mdd_ilp_upper_bound:	24
mdd_ilp_runtime:	0.010266
solution:	[28, 7, 29, 14, 8, 20, 24, 5, 4, 18, 19, 16, 22, 11, 27, 21, 10, 15, 6, 3, 13, 17, 30, 31, ]
