solved:	true
solution_length:	25
upper_bound:	25
solution_runtime:	0.333049
heuristic_solution_length:	25
heuristic_solution_runtime:	0.00538448
heuristic_runtime:	0.0324584
solving_forward:	true
reduction_is_complete:	false
reduction_quality:	0.619048
reduction_upper_bound:	28
reduction_runtime:	0.0134594
mdd_memory_consumption [MB]:	0
main_process_memory_consumption [MB]:	0
match_ilp_solution_length:	25
match_ilp_upper_bound:	25
match_ilp_runtime:	0.287131
mdd_ilp_solution_length:	25
mdd_ilp_upper_bound:	25
mdd_ilp_runtime:	0.0233066
solution:	[2, 16, 28, 17, 26, 10, 7, 5, 27, 31, 19, 21, 30, 18, 22, 14, 6, 13, 24, 11, 15, 25, 12, 4, 9, ]
