solved:	true
solution_length:	25
upper_bound:	25
solution_runtime:	0.0386643
heuristic_solution_length:	25
heuristic_solution_runtime:	0.0015367
heuristic_runtime:	0.0224261
solving_forward:	true
reduction_is_complete:	false
reduction_quality:	0.841758
reduction_upper_bound:	26
reduction_runtime:	0.00974868
mdd_memory_consumption [MB]:	0
main_process_memory_consumption [MB]:	0
match_ilp_solution_length:	25
match_ilp_upper_bound:	25
match_ilp_runtime:	0.00648948
mdd_ilp_solution_length:	25
mdd_ilp_upper_bound:	25
mdd_ilp_runtime:	0.00845503
solution:	[11, 14, 0, 10, 1, 4, 17, 29, 30, 28, 16, 20, 19, 21, 9, 6, 18, 7, 12, 15, 31, 13, 5, 23, 2, ]
