solved:	true
solution_length:	23
upper_bound:	23
solution_runtime:	0.0176158
heuristic_solution_length:	23
heuristic_solution_runtime:	0.00323111
heuristic_runtime:	0.0151884
solving_forward:	true
reduction_is_complete:	true
reduction_quality:	1
reduction_upper_bound:	23
reduction_runtime:	0.00242726
mdd_memory_consumption [MB]:	0
main_process_memory_consumption [MB]:	0
match_ilp_solution_length:	23
match_ilp_upper_bound:	23
match_ilp_runtime:	1.15e-07
mdd_ilp_solution_length:	23
mdd_ilp_upper_bound:	23
mdd_ilp_runtime:	5.3e-08
solution:	[12, 16, 21, 6, 30, 23, 0, 17, 3, 4, 27, 28, 31, 25, 20, 11, 22, 19, 14, 10, 7, 15, 13, ]
