solved:	true
solution_length:	25
upper_bound:	25
solution_runtime:	0.352596
heuristic_solution_length:	25
heuristic_solution_runtime:	0.00195675
heuristic_runtime:	0.0333749
solving_forward:	true
reduction_is_complete:	false
reduction_quality:	0.631488
reduction_upper_bound:	29
reduction_runtime:	0.0181828
mdd_memory_consumption [MB]:	0
main_process_memory_consumption [MB]:	0
match_ilp_solution_length:	25
match_ilp_upper_bound:	25
match_ilp_runtime:	0.301038
mdd_ilp_solution_length:	25
mdd_ilp_upper_bound:	25
mdd_ilp_runtime:	0.130529
solution:	[15, 10, 5, 0, 9, 4, 23, 13, 2, 14, 3, 29, 7, 26, 28, 1, 27, 19, 18, 6, 17, 22, 31, 8, 20, ]
