solved:	true
solution_length:	23
upper_bound:	23
solution_runtime:	0.0545813
heuristic_solution_length:	23
heuristic_solution_runtime:	0.00153948
heuristic_runtime:	0.0184978
solving_forward:	true
reduction_is_complete:	false
reduction_quality:	0.694118
reduction_upper_bound:	25
reduction_runtime:	0.00636527
mdd_memory_consumption [MB]:	0
main_process_memory_consumption [MB]:	0
match_ilp_solution_length:	23
match_ilp_upper_bound:	23
match_ilp_runtime:	0.0297182
mdd_ilp_solution_length:	23
mdd_ilp_upper_bound:	23
mdd_ilp_runtime:	0.0117613
solution:	[28, 0, 2, 5, 25, 10, 12, 11, 26, 8, 20, 27, 17, 30, 9, 4, 1, 23, 15, 22, 13, 18, 3, ]
