solved:	true
solution_length:	28
upper_bound:	28
solution_runtime:	0.667011
heuristic_solution_length:	28
heuristic_solution_runtime:	0.00669141
heuristic_runtime:	0.0423351
solving_forward:	true
reduction_is_complete:	false
reduction_quality:	0.585404
reduction_upper_bound:	31
reduction_runtime:	0.0159085
mdd_memory_consumption [MB]:	0
main_process_memory_consumption [MB]:	0
match_ilp_solution_length:	28
match_ilp_upper_bound:	28
match_ilp_runtime:	0.608767
mdd_ilp_solution_length:	28
mdd_ilp_upper_bound:	28
mdd_ilp_runtime:	4.47051
solution:	[22, 8, 15, 23, 31, 18, 19, 25, 24, 5, 12, 14, 0, 29, 3, 4, 13, 10, 27, 1, 30, 7, 11, 2, 6, 20, 26, 9, ]
