solved:	true
solution_length:	26
upper_bound:	26
solution_runtime:	0.243886
heuristic_solution_length:	26
heuristic_solution_runtime:	0.00228211
heuristic_runtime:	0.0382185
solving_forward:	true
reduction_is_complete:	false
reduction_quality:	0.647799
reduction_upper_bound:	30
reduction_runtime:	0.017031
mdd_memory_consumption [MB]:	0
main_process_memory_consumption [MB]:	0
match_ilp_solution_length:	26
match_ilp_upper_bound:	26
match_ilp_runtime:	0.188636
mdd_ilp_solution_length:	26
mdd_ilp_upper_bound:	26
mdd_ilp_runtime:	5.76882
solution:	[22, 26, 14, 18, 2, 0, 5, 6, 23, 21, 15, 24, 29, 13, 3, 1, 11, 31, 7, 19, 4, 30, 20, 10, 25, 27, ]
