solved:	true
solution_length:	27
upper_bound:	27
solution_runtime:	4.57317
heuristic_solution_length:	27
heuristic_solution_runtime:	0.00216286
heuristic_runtime:	0.0415805
solving_forward:	true
reduction_is_complete:	false
reduction_quality:	0.493651
reduction_upper_bound:	31
reduction_runtime:	0.0167575
mdd_memory_consumption [MB]:	0
main_process_memory_consumption [MB]:	0
match_ilp_solution_length:	27
match_ilp_upper_bound:	27
match_ilp_runtime:	4.51483
mdd_ilp_solution_length:	27
mdd_ilp_upper_bound:	27
mdd_ilp_runtime:	9.79515
solution:	[4, 30, 15, 16, 8, 24, 18, 13, 12, 7, 31, 1, 6, 9, 10, 3, 0, 22, 25, 14, 20, 21, 29, 19, 28, 17, 2, ]
