solved:	true
solution_length:	27
upper_bound:	27
solution_runtime:	1.68852
heuristic_solution_length:	27
heuristic_solution_runtime:	0.00447268
heuristic_runtime:	0.0461923
solving_forward:	true
reduction_is_complete:	false
reduction_quality:	0.51632
reduction_upper_bound:	30
reduction_runtime:	0.0154168
mdd_memory_consumption [MB]:	0
main_process_memory_consumption [MB]:	0
match_ilp_solution_length:	27
match_ilp_upper_bound:	27
match_ilp_runtime:	1.62692
mdd_ilp_solution_length:	27
mdd_ilp_upper_bound:	27
mdd_ilp_runtime:	15.7439
solution:	[19, 17, 15, 8, 29, 24, 0, 2, 4, 26, 1, 22, 10, 21, 9, 12, 20, 30, 14, 7, 11, 28, 16, 5, 6, 25, 23, ]
