solved:	true
solution_length:	28
upper_bound:	28
solution_runtime:	1.08883
heuristic_solution_length:	28
heuristic_solution_runtime:	0.00577247
heuristic_runtime:	0.0416476
solving_forward:	true
reduction_is_complete:	false
reduction_quality:	0.558735
reduction_upper_bound:	31
reduction_runtime:	0.0145103
mdd_memory_consumption [MB]:	0
main_process_memory_consumption [MB]:	0
match_ilp_solution_length:	28
match_ilp_upper_bound:	28
match_ilp_runtime:	1.03268
mdd_ilp_solution_length:	28
mdd_ilp_upper_bound:	28
mdd_ilp_runtime:	2.55431
solution:	[16, 30, 6, 15, 31, 23, 22, 27, 7, 24, 1, 3, 12, 18, 21, 26, 11, 0, 19, 29, 10, 25, 2, 17, 8, 5, 14, 9, ]
