solved:	true
solution_length:	28
upper_bound:	28
solution_runtime:	2.04559
heuristic_solution_length:	28
heuristic_solution_runtime:	0.00480972
heuristic_runtime:	0.0511337
solving_forward:	true
reduction_is_complete:	false
reduction_quality:	0.515714
reduction_upper_bound:	32
reduction_runtime:	0.0177114
mdd_memory_consumption [MB]:	0
main_process_memory_consumption [MB]:	0
match_ilp_solution_length:	28
match_ilp_upper_bound:	28
match_ilp_runtime:	1.97675
mdd_ilp_solution_length:	28
mdd_ilp_upper_bound:	28
mdd_ilp_runtime:	16.1526
solution:	[13, 31, 29, 23, 14, 25, 12, 6, 10, 19, 9, 8, 27, 7, 5, 24, 26, 3, 28, 15, 17, 30, 22, 16, 18, 11, 1, 0, ]
