solved:	true
solution_length:	28
upper_bound:	28
solution_runtime:	0.106844
heuristic_solution_length:	28
heuristic_solution_runtime:	0.00331776
heuristic_runtime:	0.0336168
solving_forward:	true
reduction_is_complete:	false
reduction_quality:	0.660377
reduction_upper_bound:	31
reduction_runtime:	0.0130654
mdd_memory_consumption [MB]:	0
main_process_memory_consumption [MB]:	0
match_ilp_solution_length:	28
match_ilp_upper_bound:	28
match_ilp_runtime:	0.0601622
mdd_ilp_solution_length:	28
mdd_ilp_upper_bound:	28
mdd_ilp_runtime:	0.80485
solution:	[3, 24, 14, 25, 23, 28, 21, 6, 1, 18, 19, 12, 5, 10, 8, 11, 2, 0, 31, 27, 22, 9, 26, 4, 16, 13, 7, 15, ]
