solved:	true
solution_length:	2
upper_bound:	2
solution_runtime:	8.3159e-05
heuristic_solution_length:	2
heuristic_solution_runtime:	4.2899e-05
heuristic_runtime:	5.7789e-05
solving_forward:	true
reduction_is_complete:	true
reduction_quality:	1
reduction_upper_bound:	2
reduction_runtime:	2.5174e-05
mdd_memory_consumption [MB]:	0
main_process_memory_consumption [MB]:	0
match_ilp_solution_length:	2
match_ilp_upper_bound:	2
match_ilp_runtime:	1.96e-07
mdd_ilp_solution_length:	2
mdd_ilp_upper_bound:	2
mdd_ilp_runtime:	9.7e-08
solution:	[0, 2, ]
