solved:	true
solution_length:	3
upper_bound:	3
solution_runtime:	0.000204571
heuristic_solution_length:	3
heuristic_solution_runtime:	0.000126262
heuristic_runtime:	0.000162495
solving_forward:	true
reduction_is_complete:	true
reduction_quality:	1
reduction_upper_bound:	3
reduction_runtime:	4.1919e-05
mdd_memory_consumption [MB]:	0
main_process_memory_consumption [MB]:	0
match_ilp_solution_length:	3
match_ilp_upper_bound:	3
match_ilp_runtime:	1.57e-07
mdd_ilp_solution_length:	3
mdd_ilp_upper_bound:	3
mdd_ilp_runtime:	6.3e-08
solution:	[1, 2, 3, ]
