solved:	true
solution_length:	4
upper_bound:	4
solution_runtime:	8.8524e-05
heuristic_solution_length:	4
heuristic_solution_runtime:	5.5378e-05
heuristic_runtime:	6.6246e-05
solving_forward:	true
reduction_is_complete:	true
reduction_quality:	1
reduction_upper_bound:	4
reduction_runtime:	2.2104e-05
mdd_memory_consumption [MB]:	0
main_process_memory_consumption [MB]:	0
match_ilp_solution_length:	4
match_ilp_upper_bound:	4
match_ilp_runtime:	1.74e-07
mdd_ilp_solution_length:	4
mdd_ilp_upper_bound:	4
mdd_ilp_runtime:	8.4e-08
solution:	[1, 3, 0, 2, ]
