solved:	true
solution_length:	2
upper_bound:	2
solution_runtime:	0.000187526
heuristic_solution_length:	2
heuristic_solution_runtime:	0.000104463
heuristic_runtime:	0.000137956
solving_forward:	true
reduction_is_complete:	true
reduction_quality:	1
reduction_upper_bound:	2
reduction_runtime:	4.9199e-05
mdd_memory_consumption [MB]:	0
main_process_memory_consumption [MB]:	0
match_ilp_solution_length:	2
match_ilp_upper_bound:	2
match_ilp_runtime:	3.71e-07
mdd_ilp_solution_length:	2
mdd_ilp_upper_bound:	2
mdd_ilp_runtime:	1.22e-07
solution:	[3, 2, ]
