solved:	true
solution_length:	3
upper_bound:	3
solution_runtime:	0.000114673
heuristic_solution_length:	3
heuristic_solution_runtime:	6.8595e-05
heuristic_runtime:	9.2718e-05
solving_forward:	true
reduction_is_complete:	true
reduction_quality:	1
reduction_upper_bound:	3
reduction_runtime:	2.1801e-05
mdd_memory_consumption [MB]:	0
main_process_memory_consumption [MB]:	0
match_ilp_solution_length:	3
match_ilp_upper_bound:	3
match_ilp_runtime:	1.54e-07
mdd_ilp_solution_length:	3
mdd_ilp_upper_bound:	3
mdd_ilp_runtime:	6.6e-08
solution:	[0, 1, 3, ]
