solved:	true
solution_length:	3
upper_bound:	3
solution_runtime:	7.8382e-05
heuristic_solution_length:	3
heuristic_solution_runtime:	5.0297e-05
heuristic_runtime:	6.1878e-05
solving_forward:	true
reduction_is_complete:	true
reduction_quality:	1
reduction_upper_bound:	3
reduction_runtime:	1.6384e-05
mdd_memory_consumption [MB]:	0
main_process_memory_consumption [MB]:	0
match_ilp_solution_length:	3
match_ilp_upper_bound:	3
match_ilp_runtime:	1.2e-07
mdd_ilp_solution_length:	3
mdd_ilp_upper_bound:	3
mdd_ilp_runtime:	5e-08
solution:	[2, 0, 3, ]
