solved:	true
solution_length:	4
upper_bound:	4
solution_runtime:	0.000159056
heuristic_solution_length:	4
heuristic_solution_runtime:	0.000123875
heuristic_runtime:	0.000136953
solving_forward:	true
reduction_is_complete:	true
reduction_quality:	1
reduction_upper_bound:	4
reduction_runtime:	2.1954e-05
mdd_memory_consumption [MB]:	0
main_process_memory_consumption [MB]:	0
match_ilp_solution_length:	4
match_ilp_upper_bound:	4
match_ilp_runtime:	1.49e-07
mdd_ilp_solution_length:	4
mdd_ilp_upper_bound:	4
mdd_ilp_runtime:	6.4e-08
solution:	[1, 0, 2, 3, ]
