solved:	true
solution_length:	4
upper_bound:	4
solution_runtime:	0.000212187
heuristic_solution_length:	4
heuristic_solution_runtime:	0.000173844
heuristic_runtime:	0.000189744
solving_forward:	true
reduction_is_complete:	true
reduction_quality:	1
reduction_upper_bound:	4
reduction_runtime:	2.2299e-05
mdd_memory_consumption [MB]:	0
main_process_memory_consumption [MB]:	0
match_ilp_solution_length:	4
match_ilp_upper_bound:	4
match_ilp_runtime:	1.44e-07
mdd_ilp_solution_length:	4
mdd_ilp_upper_bound:	4
mdd_ilp_runtime:	6.1e-08
solution:	[3, 2, 0, 1, ]
