solved:	true
solution_length:	4
upper_bound:	4
solution_runtime:	0.000305136
heuristic_solution_length:	4
heuristic_solution_runtime:	0.000257131
heuristic_runtime:	0.00027876
solving_forward:	true
reduction_is_complete:	true
reduction_quality:	1
reduction_upper_bound:	4
reduction_runtime:	2.6178e-05
mdd_memory_consumption [MB]:	0
main_process_memory_consumption [MB]:	0
match_ilp_solution_length:	4
match_ilp_upper_bound:	4
match_ilp_runtime:	1.98e-07
mdd_ilp_solution_length:	4
mdd_ilp_upper_bound:	4
mdd_ilp_runtime:	9.6e-08
solution:	[3, 2, 1, 0, ]
