solved:	true
solution_length:	4
upper_bound:	4
solution_runtime:	0.000140575
heuristic_solution_length:	4
heuristic_solution_runtime:	0.000115276
heuristic_runtime:	0.000123546
solving_forward:	true
reduction_is_complete:	true
reduction_quality:	1
reduction_upper_bound:	4
reduction_runtime:	1.692e-05
mdd_memory_consumption [MB]:	0
main_process_memory_consumption [MB]:	0
match_ilp_solution_length:	4
match_ilp_upper_bound:	4
match_ilp_runtime:	1.09e-07
mdd_ilp_solution_length:	4
mdd_ilp_upper_bound:	4
mdd_ilp_runtime:	3.8e-08
solution:	[3, 0, 2, 1, ]
