solved:	true
solution_length:	26
upper_bound:	26
solution_runtime:	0.00128362
heuristic_solution_length:	26
heuristic_solution_runtime:	0.00126945
heuristic_runtime:	0.00128041
solving_forward:	true
reduction_is_complete:	true
reduction_quality:	1
reduction_upper_bound:	26
reduction_runtime:	3.06e-06
mdd_memory_consumption [MB]:	0
main_process_memory_consumption [MB]:	0
match_ilp_solution_length:	26
match_ilp_upper_bound:	26
match_ilp_runtime:	1.49e-07
mdd_ilp_solution_length:	26
mdd_ilp_upper_bound:	26
mdd_ilp_runtime:	6.4e-08
solution:	[45, 24, 5, 55, 8, 18, 63, 29, 58, 7, 44, 54, 2, 16, 38, 61, 37, 28, 56, 30, 57, 51, 13, 53, 11, 35, ]
