solved:	true
solution_length:	23
upper_bound:	23
solution_runtime:	0.00511814
heuristic_solution_length:	23
heuristic_solution_runtime:	0.00123329
heuristic_runtime:	0.00432668
solving_forward:	true
reduction_is_complete:	true
reduction_quality:	1
reduction_upper_bound:	23
reduction_runtime:	0.000791315
mdd_memory_consumption [MB]:	0
main_process_memory_consumption [MB]:	0
match_ilp_solution_length:	23
match_ilp_upper_bound:	23
match_ilp_runtime:	1.41e-07
mdd_ilp_solution_length:	23
mdd_ilp_upper_bound:	23
mdd_ilp_runtime:	6.3e-08
solution:	[10, 57, 13, 35, 46, 38, 62, 37, 23, 63, 26, 61, 28, 16, 42, 7, 12, 17, 52, 58, 51, 34, 5, ]
