solved:	true
solution_length:	26
upper_bound:	26
solution_runtime:	0.00159206
heuristic_solution_length:	26
heuristic_solution_runtime:	0.00140113
heuristic_runtime:	0.00155791
solving_forward:	true
reduction_is_complete:	true
reduction_quality:	1
reduction_upper_bound:	26
reduction_runtime:	3.3966e-05
mdd_memory_consumption [MB]:	0
main_process_memory_consumption [MB]:	0
match_ilp_solution_length:	26
match_ilp_upper_bound:	26
match_ilp_runtime:	1.82e-07
mdd_ilp_solution_length:	26
mdd_ilp_upper_bound:	26
mdd_ilp_runtime:	7.3e-08
solution:	[19, 5, 57, 42, 62, 24, 63, 29, 8, 44, 40, 28, 54, 39, 52, 22, 43, 50, 14, 32, 59, 9, 30, 4, 18, 47, ]
