solved:	true
solution_length:	25
upper_bound:	25
solution_runtime:	0.00470021
heuristic_solution_length:	25
heuristic_solution_runtime:	0.00148122
heuristic_runtime:	0.00423441
solving_forward:	true
reduction_is_complete:	true
reduction_quality:	1
reduction_upper_bound:	25
reduction_runtime:	0.000465672
mdd_memory_consumption [MB]:	0
main_process_memory_consumption [MB]:	0
match_ilp_solution_length:	25
match_ilp_upper_bound:	25
match_ilp_runtime:	1.34e-07
mdd_ilp_solution_length:	25
mdd_ilp_upper_bound:	25
mdd_ilp_runtime:	6.1e-08
solution:	[20, 30, 14, 24, 16, 37, 57, 6, 29, 26, 50, 27, 63, 44, 4, 43, 33, 52, 60, 46, 42, 5, 45, 0, 49, ]
