solved:	true
solution_length:	28
upper_bound:	28
solution_runtime:	0.0017274
heuristic_solution_length:	28
heuristic_solution_runtime:	0.00171535
heuristic_runtime:	0.00172428
solving_forward:	true
reduction_is_complete:	true
reduction_quality:	1
reduction_upper_bound:	28
reduction_runtime:	2.974e-06
mdd_memory_consumption [MB]:	0
main_process_memory_consumption [MB]:	0
match_ilp_solution_length:	28
match_ilp_upper_bound:	28
match_ilp_runtime:	1.43e-07
mdd_ilp_solution_length:	28
mdd_ilp_upper_bound:	28
mdd_ilp_runtime:	6.1e-08
solution:	[52, 34, 9, 14, 4, 62, 17, 1, 26, 57, 32, 24, 61, 48, 43, 53, 30, 13, 7, 50, 44, 16, 15, 55, 10, 35, 11, 40, ]
