solved:	true
solution_length:	26
upper_bound:	26
solution_runtime:	0.00323212
heuristic_solution_length:	26
heuristic_solution_runtime:	0.00186968
heuristic_runtime:	0.00309335
solving_forward:	true
reduction_is_complete:	true
reduction_quality:	1
reduction_upper_bound:	26
reduction_runtime:	0.000138598
mdd_memory_consumption [MB]:	0
main_process_memory_consumption [MB]:	0
match_ilp_solution_length:	26
match_ilp_upper_bound:	26
match_ilp_runtime:	1.69e-07
mdd_ilp_solution_length:	26
mdd_ilp_upper_bound:	26
mdd_ilp_runtime:	7.5e-08
solution:	[21, 40, 58, 14, 33, 13, 12, 54, 7, 61, 46, 28, 6, 10, 55, 42, 44, 22, 43, 0, 29, 25, 60, 18, 38, 17, ]
