solved:	true
solution_length:	29
upper_bound:	29
solution_runtime:	0.0052116
heuristic_solution_length:	29
heuristic_solution_runtime:	0.00163349
heuristic_runtime:	0.00470347
solving_forward:	true
reduction_is_complete:	true
reduction_quality:	1
reduction_upper_bound:	29
reduction_runtime:	0.000508001
mdd_memory_consumption [MB]:	0
main_process_memory_consumption [MB]:	0
match_ilp_solution_length:	29
match_ilp_upper_bound:	29
match_ilp_runtime:	1.31e-07
mdd_ilp_solution_length:	29
mdd_ilp_upper_bound:	29
mdd_ilp_runtime:	6e-08
solution:	[10, 20, 50, 59, 1, 7, 47, 12, 18, 56, 45, 34, 29, 31, 21, 36, 16, 42, 46, 44, 19, 6, 13, 27, 4, 48, 25, 62, 49, ]
