solved:	true
solution_length:	33
upper_bound:	33
solution_runtime:	0.00213267
heuristic_solution_length:	33
heuristic_solution_runtime:	0.0019292
heuristic_runtime:	0.00210886
solving_forward:	true
reduction_is_complete:	true
reduction_quality:	1
reduction_upper_bound:	33
reduction_runtime:	2.3662e-05
mdd_memory_consumption [MB]:	0
main_process_memory_consumption [MB]:	0
match_ilp_solution_length:	33
match_ilp_upper_bound:	33
match_ilp_runtime:	1.49e-07
mdd_ilp_solution_length:	33
mdd_ilp_upper_bound:	33
mdd_ilp_runtime:	6.3e-08
solution:	[34, 38, 20, 16, 53, 21, 15, 9, 27, 51, 10, 43, 60, 59, 37, 5, 56, 42, 26, 19, 33, 2, 32, 24, 52, 22, 40, 13, 46, 47, 54, 41, 36, ]
