solved:	true
solution_length:	27
upper_bound:	27
solution_runtime:	0.00411665
heuristic_solution_length:	27
heuristic_solution_runtime:	0.00194249
heuristic_runtime:	0.00389613
solving_forward:	true
reduction_is_complete:	true
reduction_quality:	1
reduction_upper_bound:	27
reduction_runtime:	0.000220382
mdd_memory_consumption [MB]:	0
main_process_memory_consumption [MB]:	0
match_ilp_solution_length:	27
match_ilp_upper_bound:	27
match_ilp_runtime:	1.39e-07
mdd_ilp_solution_length:	27
mdd_ilp_upper_bound:	27
mdd_ilp_runtime:	6.7e-08
solution:	[43, 15, 3, 23, 32, 21, 58, 41, 5, 9, 42, 50, 62, 12, 22, 0, 35, 61, 4, 37, 49, 36, 26, 27, 17, 30, 25, ]
