solved:	true
solution_length:	30
upper_bound:	30
solution_runtime:	0.00455484
heuristic_solution_length:	30
heuristic_solution_runtime:	0.00219453
heuristic_runtime:	0.00435185
solving_forward:	true
reduction_is_complete:	true
reduction_quality:	1
reduction_upper_bound:	30
reduction_runtime:	0.000202852
mdd_memory_consumption [MB]:	0
main_process_memory_consumption [MB]:	0
match_ilp_solution_length:	30
match_ilp_upper_bound:	30
match_ilp_runtime:	1.37e-07
mdd_ilp_solution_length:	30
mdd_ilp_upper_bound:	30
mdd_ilp_runtime:	4.8e-08
solution:	[47, 20, 57, 26, 45, 32, 54, 40, 59, 14, 34, 24, 61, 2, 33, 10, 6, 5, 35, 12, 16, 27, 13, 11, 49, 48, 62, 3, 7, 41, ]
