solved:	true
solution_length:	30
upper_bound:	30
solution_runtime:	0.00827205
heuristic_solution_length:	30
heuristic_solution_runtime:	0.00127116
heuristic_runtime:	0.0065078
solving_forward:	true
reduction_is_complete:	true
reduction_quality:	1
reduction_upper_bound:	30
reduction_runtime:	0.00176412
mdd_memory_consumption [MB]:	0
main_process_memory_consumption [MB]:	0
match_ilp_solution_length:	30
match_ilp_upper_bound:	30
match_ilp_runtime:	1.35e-07
mdd_ilp_solution_length:	30
mdd_ilp_upper_bound:	30
mdd_ilp_runtime:	5.3e-08
solution:	[12, 44, 41, 9, 1, 10, 31, 48, 25, 8, 36, 3, 58, 54, 28, 46, 0, 56, 5, 35, 4, 16, 43, 2, 34, 40, 20, 17, 26, 22, ]
