solved:	true
solution_length:	31
upper_bound:	31
solution_runtime:	0.00773492
heuristic_solution_length:	31
heuristic_solution_runtime:	0.00295682
heuristic_runtime:	0.0068146
solving_forward:	true
reduction_is_complete:	true
reduction_quality:	1
reduction_upper_bound:	31
reduction_runtime:	0.00092019
mdd_memory_consumption [MB]:	0
main_process_memory_consumption [MB]:	0
match_ilp_solution_length:	31
match_ilp_upper_bound:	31
match_ilp_runtime:	1.29e-07
mdd_ilp_solution_length:	31
mdd_ilp_upper_bound:	31
mdd_ilp_runtime:	6e-08
solution:	[41, 12, 28, 54, 26, 59, 4, 15, 32, 63, 55, 45, 16, 19, 52, 37, 58, 22, 50, 1, 24, 38, 5, 8, 40, 60, 18, 30, 11, 21, 25, ]
