solved:	true
solution_length:	28
upper_bound:	28
solution_runtime:	0.00495618
heuristic_solution_length:	28
heuristic_solution_runtime:	0.00185446
heuristic_runtime:	0.00459132
solving_forward:	true
reduction_is_complete:	true
reduction_quality:	1
reduction_upper_bound:	28
reduction_runtime:	0.000364725
mdd_memory_consumption [MB]:	0
main_process_memory_consumption [MB]:	0
match_ilp_solution_length:	28
match_ilp_upper_bound:	28
match_ilp_runtime:	1.34e-07
mdd_ilp_solution_length:	28
mdd_ilp_upper_bound:	28
mdd_ilp_runtime:	6e-08
solution:	[10, 4, 34, 0, 22, 46, 60, 35, 49, 47, 1, 18, 21, 27, 43, 51, 6, 33, 57, 29, 40, 24, 53, 9, 20, 13, 30, 37, ]
