solved:	true
solution_length:	40
upper_bound:	40
solution_runtime:	1.68488
heuristic_solution_length:	40
heuristic_solution_runtime:	0.0228938
heuristic_runtime:	0.073648
solving_forward:	true
reduction_is_complete:	false
reduction_quality:	0.628129
reduction_upper_bound:	44
reduction_runtime:	0.0202224
mdd_memory_consumption [MB]:	0
main_process_memory_consumption [MB]:	0
match_ilp_solution_length:	40
match_ilp_upper_bound:	40
match_ilp_runtime:	1.59101
mdd_ilp_solution_length:	40
mdd_ilp_upper_bound:	40
mdd_ilp_runtime:	0.0687953
solution:	[29, 43, 22, 51, 10, 3, 8, 59, 41, 61, 35, 17, 15, 33, 48, 32, 1, 9, 58, 30, 62, 56, 4, 49, 5, 7, 42, 45, 28, 63, 0, 16, 44, 55, 12, 20, 24, 53, 38, 26, ]
