solved:	true
solution_length:	41
upper_bound:	41
solution_runtime:	0.0444054
heuristic_solution_length:	41
heuristic_solution_runtime:	0.00565766
heuristic_runtime:	0.0383713
solving_forward:	true
reduction_is_complete:	true
reduction_quality:	1
reduction_upper_bound:	41
reduction_runtime:	0.006034
mdd_memory_consumption [MB]:	0
main_process_memory_consumption [MB]:	0
match_ilp_solution_length:	41
match_ilp_upper_bound:	41
match_ilp_runtime:	9.9e-08
mdd_ilp_solution_length:	41
mdd_ilp_upper_bound:	41
mdd_ilp_runtime:	4.6e-08
solution:	[46, 26, 18, 45, 61, 50, 28, 40, 49, 21, 56, 35, 33, 47, 60, 51, 1, 43, 14, 24, 13, 58, 17, 27, 15, 54, 44, 0, 25, 32, 30, 57, 55, 31, 20, 9, 4, 34, 10, 53, 38, ]
