solved:	true
solution_length:	46
upper_bound:	46
solution_runtime:	17.1436
heuristic_solution_length:	46
heuristic_solution_runtime:	0.00803258
heuristic_runtime:	0.105682
solving_forward:	true
reduction_is_complete:	false
reduction_quality:	0.486264
reduction_upper_bound:	52
reduction_runtime:	0.0484613
mdd_memory_consumption [MB]:	0
main_process_memory_consumption [MB]:	0
match_ilp_solution_length:	46
match_ilp_upper_bound:	46
match_ilp_runtime:	16.9895
mdd_ilp_solution_length:	46
mdd_ilp_upper_bound:	46
mdd_ilp_runtime:	11.5327
solution:	[42, 5, 55, 39, 2, 44, 18, 48, 24, 19, 26, 7, 40, 22, 49, 9, 56, 57, 58, 29, 14, 54, 3, 8, 34, 28, 38, 59, 63, 6, 45, 50, 51, 13, 52, 32, 15, 0, 21, 53, 43, 47, 41, 12, 1, 35, ]
