solved:	true
solution_length:	43
upper_bound:	43
solution_runtime:	0.15613
heuristic_solution_length:	43
heuristic_solution_runtime:	0.00938961
heuristic_runtime:	0.0776734
solving_forward:	true
reduction_is_complete:	false
reduction_quality:	0.777302
reduction_upper_bound:	45
reduction_runtime:	0.020166
mdd_memory_consumption [MB]:	0
main_process_memory_consumption [MB]:	0
match_ilp_solution_length:	43
match_ilp_upper_bound:	43
match_ilp_runtime:	0.0582907
mdd_ilp_solution_length:	43
mdd_ilp_upper_bound:	43
mdd_ilp_runtime:	0.0167272
solution:	[15, 53, 47, 50, 24, 16, 62, 29, 8, 4, 26, 1, 30, 31, 57, 9, 45, 6, 21, 33, 55, 32, 48, 56, 39, 37, 42, 35, 19, 12, 49, 5, 40, 41, 60, 52, 14, 46, 20, 23, 43, 22, 28, ]
