solved:	true
solution_length:	47
upper_bound:	47
solution_runtime:	2.30725
heuristic_solution_length:	47
heuristic_solution_runtime:	0.0110351
heuristic_runtime:	0.101211
solving_forward:	true
reduction_is_complete:	false
reduction_quality:	0.604902
reduction_upper_bound:	51
reduction_runtime:	0.0328699
mdd_memory_consumption [MB]:	0
main_process_memory_consumption [MB]:	0
match_ilp_solution_length:	47
match_ilp_upper_bound:	47
match_ilp_runtime:	2.17317
mdd_ilp_solution_length:	47
mdd_ilp_upper_bound:	47
mdd_ilp_runtime:	0.580801
solution:	[42, 6, 2, 26, 1, 21, 62, 3, 63, 55, 14, 46, 54, 50, 22, 32, 41, 49, 53, 5, 28, 17, 34, 4, 38, 23, 44, 36, 15, 16, 37, 48, 40, 61, 51, 60, 11, 59, 33, 0, 8, 52, 47, 56, 57, 18, 45, ]
