solved:	true
solution_length:	41
upper_bound:	41
solution_runtime:	23.1046
heuristic_solution_length:	41
heuristic_solution_runtime:	0.025566
heuristic_runtime:	0.0919727
solving_forward:	true
reduction_is_complete:	false
reduction_quality:	0.49026
reduction_upper_bound:	46
reduction_runtime:	0.0395772
mdd_memory_consumption [MB]:	0
main_process_memory_consumption [MB]:	0
match_ilp_solution_length:	41
match_ilp_upper_bound:	41
match_ilp_runtime:	22.973
mdd_ilp_solution_length:	41
mdd_ilp_upper_bound:	41
mdd_ilp_runtime:	0.280613
solution:	[17, 62, 1, 40, 13, 63, 47, 42, 33, 52, 0, 53, 2, 45, 36, 60, 14, 32, 20, 10, 18, 11, 58, 59, 49, 35, 21, 6, 22, 12, 29, 50, 24, 27, 51, 16, 28, 4, 7, 57, 44, ]
