solved:	true
solution_length:	46
upper_bound:	46
solution_runtime:	87.7284
heuristic_solution_length:	46
heuristic_solution_runtime:	0.0147195
heuristic_runtime:	0.176486
solving_forward:	true
reduction_is_complete:	false
reduction_quality:	0.41918
reduction_upper_bound:	53
reduction_runtime:	0.0731665
mdd_memory_consumption [MB]:	0
main_process_memory_consumption [MB]:	0
match_ilp_solution_length:	46
match_ilp_upper_bound:	46
match_ilp_runtime:	87.4787
mdd_ilp_solution_length:	46
mdd_ilp_upper_bound:	46
mdd_ilp_runtime:	327.741
solution:	[36, 18, 45, 28, 57, 1, 49, 19, 47, 20, 16, 63, 23, 44, 26, 46, 7, 4, 33, 17, 8, 31, 25, 2, 5, 43, 13, 37, 52, 54, 30, 10, 6, 38, 32, 15, 39, 40, 34, 11, 41, 27, 29, 3, 62, 14, ]
