solved:	true
solution_length:	45
upper_bound:	45
solution_runtime:	19.6269
heuristic_solution_length:	45
heuristic_solution_runtime:	0.010379
heuristic_runtime:	0.153271
solving_forward:	true
reduction_is_complete:	false
reduction_quality:	0.491653
reduction_upper_bound:	52
reduction_runtime:	0.06632
mdd_memory_consumption [MB]:	0
main_process_memory_consumption [MB]:	0
match_ilp_solution_length:	45
match_ilp_upper_bound:	45
match_ilp_runtime:	19.4073
mdd_ilp_solution_length:	45
mdd_ilp_upper_bound:	45
mdd_ilp_runtime:	167.584
solution:	[8, 38, 26, 51, 34, 47, 21, 15, 14, 17, 5, 50, 13, 52, 63, 18, 28, 30, 16, 36, 2, 55, 54, 41, 27, 58, 61, 62, 37, 46, 24, 59, 10, 49, 31, 53, 23, 3, 0, 33, 48, 12, 56, 40, 35, ]
