solved:	true
solution_length:	44
upper_bound:	44
solution_runtime:	34.0153
heuristic_solution_length:	44
heuristic_solution_runtime:	0.00887872
heuristic_runtime:	0.13792
solving_forward:	true
reduction_is_complete:	false
reduction_quality:	0.492386
reduction_upper_bound:	53
reduction_runtime:	0.0489701
mdd_memory_consumption [MB]:	0
main_process_memory_consumption [MB]:	0
match_ilp_solution_length:	44
match_ilp_upper_bound:	44
match_ilp_runtime:	33.8284
mdd_ilp_solution_length:	44
mdd_ilp_upper_bound:	44
mdd_ilp_runtime:	361.798
solution:	[50, 10, 4, 47, 7, 27, 38, 19, 62, 46, 48, 8, 16, 58, 31, 52, 14, 21, 34, 49, 0, 40, 9, 29, 57, 18, 54, 42, 20, 5, 51, 23, 61, 13, 39, 11, 28, 55, 22, 25, 26, 41, 44, 2, ]
