solved:	true
solution_length:	48
upper_bound:	48
solution_runtime:	87.3306
heuristic_solution_length:	48
heuristic_solution_runtime:	0.0135963
heuristic_runtime:	0.189781
solving_forward:	true
reduction_is_complete:	false
reduction_quality:	0.427052
reduction_upper_bound:	57
reduction_runtime:	0.0758228
mdd_memory_consumption [MB]:	0
main_process_memory_consumption [MB]:	0
match_ilp_solution_length:	48
match_ilp_upper_bound:	48
match_ilp_runtime:	87.065
mdd_ilp_solution_length:	48
mdd_ilp_upper_bound:	48
mdd_ilp_runtime:	1599.5
solution:	[60, 22, 15, 17, 41, 6, 49, 29, 27, 61, 5, 1, 44, 30, 31, 36, 46, 18, 57, 42, 35, 58, 24, 62, 16, 11, 20, 25, 52, 23, 50, 19, 8, 48, 10, 55, 38, 33, 53, 4, 21, 26, 45, 12, 9, 47, 59, 28, ]
