solved:	true
solution_length:	7
upper_bound:	7
solution_runtime:	0.000310614
heuristic_solution_length:	7
heuristic_solution_runtime:	0.000217566
heuristic_runtime:	0.000261607
solving_forward:	true
reduction_is_complete:	true
reduction_quality:	1
reduction_upper_bound:	7
reduction_runtime:	4.8656e-05
mdd_memory_consumption [MB]:	0
main_process_memory_consumption [MB]:	0
match_ilp_solution_length:	7
match_ilp_upper_bound:	7
match_ilp_runtime:	3.51e-07
mdd_ilp_solution_length:	7
mdd_ilp_upper_bound:	7
mdd_ilp_runtime:	1.53e-07
solution:	[1, 3, 6, 4, 5, 7, 2, ]
