solved:	true
solution_length:	5
upper_bound:	5
solution_runtime:	0.000105608
heuristic_solution_length:	5
heuristic_solution_runtime:	7.1559e-05
heuristic_runtime:	8.7007e-05
solving_forward:	true
reduction_is_complete:	true
reduction_quality:	1
reduction_upper_bound:	5
reduction_runtime:	1.8469e-05
mdd_memory_consumption [MB]:	0
main_process_memory_consumption [MB]:	0
match_ilp_solution_length:	5
match_ilp_upper_bound:	5
match_ilp_runtime:	1.32e-07
mdd_ilp_solution_length:	5
mdd_ilp_upper_bound:	5
mdd_ilp_runtime:	5.8e-08
solution:	[0, 4, 6, 5, 2, ]
