solved:	true
solution_length:	5
upper_bound:	5
solution_runtime:	0.000113554
heuristic_solution_length:	5
heuristic_solution_runtime:	7.3764e-05
heuristic_runtime:	9.1787e-05
solving_forward:	true
reduction_is_complete:	true
reduction_quality:	1
reduction_upper_bound:	5
reduction_runtime:	2.1618e-05
mdd_memory_consumption [MB]:	0
main_process_memory_consumption [MB]:	0
match_ilp_solution_length:	5
match_ilp_upper_bound:	5
match_ilp_runtime:	1.49e-07
mdd_ilp_solution_length:	5
mdd_ilp_upper_bound:	5
mdd_ilp_runtime:	6.2e-08
solution:	[6, 5, 0, 7, 4, ]
