solved:	true
solution_length:	6
upper_bound:	6
solution_runtime:	0.000142696
heuristic_solution_length:	6
heuristic_solution_runtime:	0.000101397
heuristic_runtime:	0.000120979
solving_forward:	true
reduction_is_complete:	true
reduction_quality:	1
reduction_upper_bound:	6
reduction_runtime:	2.1579e-05
mdd_memory_consumption [MB]:	0
main_process_memory_consumption [MB]:	0
match_ilp_solution_length:	6
match_ilp_upper_bound:	6
match_ilp_runtime:	1.38e-07
mdd_ilp_solution_length:	6
mdd_ilp_upper_bound:	6
mdd_ilp_runtime:	6.4e-08
solution:	[7, 1, 2, 5, 4, 3, ]
