solved:	true
solution_length:	6
upper_bound:	6
solution_runtime:	0.000192294
heuristic_solution_length:	6
heuristic_solution_runtime:	0.000154047
heuristic_runtime:	0.000170262
solving_forward:	true
reduction_is_complete:	true
reduction_quality:	1
reduction_upper_bound:	6
reduction_runtime:	2.1886e-05
mdd_memory_consumption [MB]:	0
main_process_memory_consumption [MB]:	0
match_ilp_solution_length:	6
match_ilp_upper_bound:	6
match_ilp_runtime:	1.46e-07
mdd_ilp_solution_length:	6
mdd_ilp_upper_bound:	6
mdd_ilp_runtime:	6.2e-08
solution:	[5, 2, 7, 3, 6, 0, ]
