solved:	true
solution_length:	6
upper_bound:	6
solution_runtime:	0.000174035
heuristic_solution_length:	6
heuristic_solution_runtime:	0.000125237
heuristic_runtime:	0.000152514
solving_forward:	true
reduction_is_complete:	true
reduction_quality:	1
reduction_upper_bound:	6
reduction_runtime:	2.1353e-05
mdd_memory_consumption [MB]:	0
main_process_memory_consumption [MB]:	0
match_ilp_solution_length:	6
match_ilp_upper_bound:	6
match_ilp_runtime:	1.68e-07
mdd_ilp_solution_length:	6
mdd_ilp_upper_bound:	6
mdd_ilp_runtime:	8.4e-08
solution:	[6, 3, 1, 4, 5, 7, ]
