solved:	true
solution_length:	6
upper_bound:	6
solution_runtime:	0.000122612
heuristic_solution_length:	6
heuristic_solution_runtime:	8.0855e-05
heuristic_runtime:	0.000100594
solving_forward:	true
reduction_is_complete:	true
reduction_quality:	1
reduction_upper_bound:	6
reduction_runtime:	2.1865e-05
mdd_memory_consumption [MB]:	0
main_process_memory_consumption [MB]:	0
match_ilp_solution_length:	6
match_ilp_upper_bound:	6
match_ilp_runtime:	1.53e-07
mdd_ilp_solution_length:	6
mdd_ilp_upper_bound:	6
mdd_ilp_runtime:	6.3e-08
solution:	[3, 5, 0, 6, 7, 4, ]
