solved:	true
solution_length:	7
upper_bound:	7
solution_runtime:	0.000220168
heuristic_solution_length:	7
heuristic_solution_runtime:	0.000169527
heuristic_runtime:	0.000197898
solving_forward:	true
reduction_is_complete:	true
reduction_quality:	1
reduction_upper_bound:	7
reduction_runtime:	2.2126e-05
mdd_memory_consumption [MB]:	0
main_process_memory_consumption [MB]:	0
match_ilp_solution_length:	7
match_ilp_upper_bound:	7
match_ilp_runtime:	1.44e-07
mdd_ilp_solution_length:	7
mdd_ilp_upper_bound:	7
mdd_ilp_runtime:	6.2e-08
solution:	[1, 4, 5, 2, 3, 6, 0, ]
