solved:	true
solution_length:	7
upper_bound:	7
solution_runtime:	0.000144975
heuristic_solution_length:	7
heuristic_solution_runtime:	0.00010237
heuristic_runtime:	0.000123027
solving_forward:	true
reduction_is_complete:	true
reduction_quality:	1
reduction_upper_bound:	7
reduction_runtime:	2.1794e-05
mdd_memory_consumption [MB]:	0
main_process_memory_consumption [MB]:	0
match_ilp_solution_length:	7
match_ilp_upper_bound:	7
match_ilp_runtime:	1.54e-07
mdd_ilp_solution_length:	7
mdd_ilp_upper_bound:	7
mdd_ilp_runtime:	6.6e-08
solution:	[4, 7, 0, 3, 6, 5, 1, ]
