solved:	true
solution_length:	6
upper_bound:	6
solution_runtime:	0.000144005
heuristic_solution_length:	6
heuristic_solution_runtime:	9.891e-05
heuristic_runtime:	0.000121999
solving_forward:	true
reduction_is_complete:	true
reduction_quality:	1
reduction_upper_bound:	6
reduction_runtime:	2.1848e-05
mdd_memory_consumption [MB]:	0
main_process_memory_consumption [MB]:	0
match_ilp_solution_length:	6
match_ilp_upper_bound:	6
match_ilp_runtime:	1.58e-07
mdd_ilp_solution_length:	6
mdd_ilp_upper_bound:	6
mdd_ilp_runtime:	6.3e-08
solution:	[3, 6, 5, 4, 7, 0, ]
