solved:	true
solution_length:	6
upper_bound:	6
solution_runtime:	0.000148748
heuristic_solution_length:	6
heuristic_solution_runtime:	0.000104847
heuristic_runtime:	0.000132238
solving_forward:	true
reduction_is_complete:	true
reduction_quality:	1
reduction_upper_bound:	6
reduction_runtime:	1.6405e-05
mdd_memory_consumption [MB]:	0
main_process_memory_consumption [MB]:	0
match_ilp_solution_length:	6
match_ilp_upper_bound:	6
match_ilp_runtime:	1.05e-07
mdd_ilp_solution_length:	6
mdd_ilp_upper_bound:	6
mdd_ilp_runtime:	4.5e-08
solution:	[7, 2, 6, 0, 4, 1, ]
