solved:	true
solution_length:	8
upper_bound:	8
solution_runtime:	0.000229318
heuristic_solution_length:	8
heuristic_solution_runtime:	0.000191392
heuristic_runtime:	0.000207322
solving_forward:	true
reduction_is_complete:	true
reduction_quality:	1
reduction_upper_bound:	8
reduction_runtime:	2.1849e-05
mdd_memory_consumption [MB]:	0
main_process_memory_consumption [MB]:	0
match_ilp_solution_length:	8
match_ilp_upper_bound:	8
match_ilp_runtime:	1.47e-07
mdd_ilp_solution_length:	8
mdd_ilp_upper_bound:	8
mdd_ilp_runtime:	6.4e-08
solution:	[4, 7, 3, 6, 1, 0, 2, 5, ]
