solved:	true
solution_length:	6
upper_bound:	6
solution_runtime:	0.000412997
heuristic_solution_length:	6
heuristic_solution_runtime:	0.000122126
heuristic_runtime:	0.000377577
solving_forward:	true
reduction_is_complete:	true
reduction_quality:	1
reduction_upper_bound:	6
reduction_runtime:	3.5279e-05
mdd_memory_consumption [MB]:	0
main_process_memory_consumption [MB]:	0
match_ilp_solution_length:	6
match_ilp_upper_bound:	6
match_ilp_runtime:	1.41e-07
mdd_ilp_solution_length:	6
mdd_ilp_upper_bound:	6
mdd_ilp_runtime:	4.4e-08
solution:	[7, 6, 0, 4, 2, 3, ]
