solved:	true
solution_length:	8
upper_bound:	8
solution_runtime:	0.000468289
heuristic_solution_length:	8
heuristic_solution_runtime:	0.000423873
heuristic_runtime:	0.000446434
solving_forward:	true
reduction_is_complete:	true
reduction_quality:	1
reduction_upper_bound:	8
reduction_runtime:	2.171e-05
mdd_memory_consumption [MB]:	0
main_process_memory_consumption [MB]:	0
match_ilp_solution_length:	8
match_ilp_upper_bound:	8
match_ilp_runtime:	1.45e-07
mdd_ilp_solution_length:	8
mdd_ilp_upper_bound:	8
mdd_ilp_runtime:	6.3e-08
solution:	[0, 3, 2, 6, 1, 5, 4, 7, ]
