solved:	true
solution_length:	20
upper_bound:	20
solution_runtime:	0.00104387
heuristic_solution_length:	20
heuristic_solution_runtime:	0.000951333
heuristic_runtime:	0.00101899
solving_forward:	true
reduction_is_complete:	true
reduction_quality:	1
reduction_upper_bound:	20
reduction_runtime:	2.474e-05
mdd_memory_consumption:	0
main_process_memory_consumption:	0
match_ilp_solution_length:	20
match_ilp_upper_bound:	20
match_ilp_runtime:	1.42e-07
mdd_ilp_solution_length:	20
mdd_ilp_upper_bound:	20
mdd_ilp_runtime:	6.2e-08
solution:	[17, 74, 62, 83, 94, 35, 42, 76, 71, 52, 26, 57, 77, 11, 88, 47, 23, 58, 93, 19, ]
