solved:	true
solution_length:	16
upper_bound:	16
solution_runtime:	0.00275946
heuristic_solution_length:	16
heuristic_solution_runtime:	0.00260746
heuristic_runtime:	0.00273371
solving_forward:	true
reduction_is_complete:	true
reduction_quality:	1
reduction_upper_bound:	16
reduction_runtime:	2.5599e-05
mdd_memory_consumption:	0
main_process_memory_consumption:	0
match_ilp_solution_length:	16
match_ilp_upper_bound:	16
match_ilp_runtime:	1.49e-07
mdd_ilp_solution_length:	16
mdd_ilp_upper_bound:	16
mdd_ilp_runtime:	5.2e-08
solution:	[14, 6, 5, 3, 10, 15, 11, 1, 2, 4, 13, 9, 7, 12, 0, 8, ]
