solved:	true
solution_length:	22
upper_bound:	22
solution_runtime:	0.00432956
heuristic_solution_length:	22
heuristic_solution_runtime:	0.00108729
heuristic_runtime:	0.00354527
solving_forward:	true
reduction_is_complete:	true
reduction_quality:	1
reduction_upper_bound:	22
reduction_runtime:	0.000784139
mdd_memory_consumption:	0
main_process_memory_consumption:	0
match_ilp_solution_length:	22
match_ilp_upper_bound:	22
match_ilp_runtime:	1.49e-07
mdd_ilp_solution_length:	22
mdd_ilp_upper_bound:	22
mdd_ilp_runtime:	4.8e-08
solution:	[0, 56, 41, 25, 9, 52, 45, 43, 61, 2, 26, 5, 30, 63, 46, 4, 48, 11, 33, 55, 44, 40, ]
