solved:	true
solution_length:	29
upper_bound:	29
solution_runtime:	0.00952115
heuristic_solution_length:	29
heuristic_solution_runtime:	0.00153703
heuristic_runtime:	0.00752025
solving_forward:	false
reduction_is_complete:	true
reduction_quality:	1
reduction_upper_bound:	29
reduction_runtime:	0.00200077
mdd_memory_consumption:	0
main_process_memory_consumption:	0
match_ilp_solution_length:	29
match_ilp_upper_bound:	29
match_ilp_runtime:	1.36e-07
mdd_ilp_solution_length:	29
mdd_ilp_upper_bound:	29
mdd_ilp_runtime:	5.8e-08
solution:	[25, 4, 37, 11, 44, 46, 19, 3, 30, 20, 21, 6, 7, 1, 14, 33, 39, 45, 24, 13, 16, 0, 26, 22, 32, 12, 31, 5, 18, ]
