solved:	true
solution_length:	26
upper_bound:	26
solution_runtime:	0.0779832
heuristic_solution_length:	26
heuristic_solution_runtime:	0.011219
heuristic_runtime:	0.034164
solving_forward:	true
reduction_is_complete:	true
reduction_quality:	1
reduction_upper_bound:	26
reduction_runtime:	0.0438191
mdd_memory_consumption:	52972
main_process_memory_consumption:	0
match_ilp_solution_length:	26
match_ilp_upper_bound:	26
match_ilp_runtime:	9.3e-08
mdd_ilp_solution_length:	26
mdd_ilp_upper_bound:	26
mdd_ilp_runtime:	6e-08
solution:	[26, 16, 7, 22, 30, 8, 31, 2, 4, 27, 28, 1, 23, 9, 15, 0, 24, 13, 10, 18, 25, 12, 6, 14, 11, 17, ]
