solved:	true
solution_length:	20
upper_bound:	20
solution_runtime:	0.00104167
heuristic_solution_length:	20
heuristic_solution_runtime:	0.000928195
heuristic_runtime:	0.00101704
solving_forward:	true
reduction_is_complete:	true
reduction_quality:	1
reduction_upper_bound:	20
reduction_runtime:	2.4485e-05
mdd_memory_consumption:	0
main_process_memory_consumption:	0
match_ilp_solution_length:	20
match_ilp_upper_bound:	20
match_ilp_runtime:	1.49e-07
mdd_ilp_solution_length:	20
mdd_ilp_upper_bound:	20
mdd_ilp_runtime:	6.2e-08
solution:	[19, 95, 70, 9, 8, 16, 39, 72, 3, 34, 81, 91, 2, 87, 71, 67, 44, 66, 92, 14, ]
