solved:	true
solution_length:	23
upper_bound:	23
solution_runtime:	0.0013698
heuristic_solution_length:	23
heuristic_solution_runtime:	0.00122805
heuristic_runtime:	0.00134138
solving_forward:	true
reduction_is_complete:	true
reduction_quality:	1
reduction_upper_bound:	23
reduction_runtime:	2.8273e-05
mdd_memory_consumption:	0
main_process_memory_consumption:	0
match_ilp_solution_length:	23
match_ilp_upper_bound:	23
match_ilp_runtime:	1.43e-07
mdd_ilp_solution_length:	23
mdd_ilp_upper_bound:	23
mdd_ilp_runtime:	4.6e-08
solution:	[16, 56, 55, 42, 54, 33, 30, 3, 49, 75, 9, 25, 48, 13, 70, 26, 11, 44, 63, 61, 65, 50, 37, ]
