solved:	true
solution_length:	16
upper_bound:	16
solution_runtime:	0.00258328
heuristic_solution_length:	16
heuristic_solution_runtime:	0.00244061
heuristic_runtime:	0.00255725
solving_forward:	true
reduction_is_complete:	true
reduction_quality:	1
reduction_upper_bound:	16
reduction_runtime:	2.589e-05
mdd_memory_consumption:	0
main_process_memory_consumption:	0
match_ilp_solution_length:	16
match_ilp_upper_bound:	16
match_ilp_runtime:	1.46e-07
mdd_ilp_solution_length:	16
mdd_ilp_upper_bound:	16
mdd_ilp_runtime:	6.3e-08
solution:	[3, 7, 10, 15, 0, 14, 6, 4, 9, 13, 11, 2, 8, 5, 12, 1, ]
