solved:	true
solution_length:	16
upper_bound:	16
solution_runtime:	0.00269284
heuristic_solution_length:	16
heuristic_solution_runtime:	0.00255402
heuristic_runtime:	0.00266747
solving_forward:	true
reduction_is_complete:	true
reduction_quality:	1
reduction_upper_bound:	16
reduction_runtime:	2.5228e-05
mdd_memory_consumption:	0
main_process_memory_consumption:	0
match_ilp_solution_length:	16
match_ilp_upper_bound:	16
match_ilp_runtime:	1.42e-07
mdd_ilp_solution_length:	16
mdd_ilp_upper_bound:	16
mdd_ilp_runtime:	6.3e-08
solution:	[12, 13, 6, 15, 4, 7, 3, 1, 10, 11, 8, 9, 2, 5, 0, 14, ]
