solved:	true
solution_length:	24
upper_bound:	24
solution_runtime:	0.00117969
heuristic_solution_length:	24
heuristic_solution_runtime:	0.00109227
heuristic_runtime:	0.00115525
solving_forward:	true
reduction_is_complete:	true
reduction_quality:	1
reduction_upper_bound:	24
reduction_runtime:	2.4295e-05
mdd_memory_consumption:	0
main_process_memory_consumption:	0
match_ilp_solution_length:	24
match_ilp_upper_bound:	24
match_ilp_runtime:	1.45e-07
mdd_ilp_solution_length:	24
mdd_ilp_upper_bound:	24
mdd_ilp_runtime:	5.1e-08
solution:	[0, 62, 28, 76, 2, 3, 67, 50, 53, 71, 37, 35, 4, 54, 11, 7, 65, 23, 21, 27, 22, 58, 30, 77, ]
