solved:	true
solution_length:	22
upper_bound:	22
solution_runtime:	0.00132954
heuristic_solution_length:	22
heuristic_solution_runtime:	0.00110538
heuristic_runtime:	0.00130474
solving_forward:	true
reduction_is_complete:	true
reduction_quality:	1
reduction_upper_bound:	22
reduction_runtime:	2.4651e-05
mdd_memory_consumption:	0
main_process_memory_consumption:	0
match_ilp_solution_length:	22
match_ilp_upper_bound:	22
match_ilp_runtime:	1.5e-07
mdd_ilp_solution_length:	22
mdd_ilp_upper_bound:	22
mdd_ilp_runtime:	6.3e-08
solution:	[16, 7, 38, 15, 4, 60, 3, 41, 2, 33, 12, 62, 63, 47, 30, 18, 19, 9, 44, 48, 13, 53, ]
