solved:	true
solution_length:	26
upper_bound:	26
solution_runtime:	0.00169315
heuristic_solution_length:	26
heuristic_solution_runtime:	0.00168245
heuristic_runtime:	0.00168995
solving_forward:	true
reduction_is_complete:	true
reduction_quality:	1
reduction_upper_bound:	26
reduction_runtime:	3.047e-06
mdd_memory_consumption:	0
main_process_memory_consumption:	0
match_ilp_solution_length:	26
match_ilp_upper_bound:	26
match_ilp_runtime:	1.5e-07
mdd_ilp_solution_length:	26
mdd_ilp_upper_bound:	26
mdd_ilp_runtime:	6.4e-08
solution:	[24, 46, 27, 14, 44, 4, 25, 28, 21, 56, 51, 1, 5, 22, 8, 31, 15, 40, 38, 60, 36, 17, 35, 39, 30, 52, ]
