solved:	true
solution_length:	24
upper_bound:	24
solution_runtime:	0.0866601
heuristic_solution_length:	24
heuristic_solution_runtime:	0.0032057
heuristic_runtime:	0.0280317
solving_forward:	true
reduction_is_complete:	true
reduction_quality:	1
reduction_upper_bound:	24
reduction_runtime:	0.0586282
mdd_memory_consumption:	53796
main_process_memory_consumption:	0
match_ilp_solution_length:	24
match_ilp_upper_bound:	24
match_ilp_runtime:	1.34e-07
mdd_ilp_solution_length:	24
mdd_ilp_upper_bound:	24
mdd_ilp_runtime:	5.7e-08
solution:	[4, 19, 10, 15, 22, 2, 12, 20, 13, 11, 17, 27, 3, 28, 6, 23, 24, 1, 18, 9, 5, 0, 8, 14, ]
