solved:	true
solution_length:	16
upper_bound:	16
solution_runtime:	0.00280804
heuristic_solution_length:	16
heuristic_solution_runtime:	0.00266033
heuristic_runtime:	0.00278219
solving_forward:	true
reduction_is_complete:	true
reduction_quality:	1
reduction_upper_bound:	16
reduction_runtime:	2.5704e-05
mdd_memory_consumption:	0
main_process_memory_consumption:	0
match_ilp_solution_length:	16
match_ilp_upper_bound:	16
match_ilp_runtime:	1.5e-07
mdd_ilp_solution_length:	16
mdd_ilp_upper_bound:	16
mdd_ilp_runtime:	6.2e-08
solution:	[14, 1, 0, 3, 5, 12, 9, 8, 11, 10, 4, 6, 7, 13, 15, 2, ]
