solved:	true
solution_length:	21
upper_bound:	21
solution_runtime:	0.00383957
heuristic_solution_length:	21
heuristic_solution_runtime:	0.00105
heuristic_runtime:	0.00337935
solving_forward:	true
reduction_is_complete:	true
reduction_quality:	1
reduction_upper_bound:	21
reduction_runtime:	0.000460066
mdd_memory_consumption:	0
main_process_memory_consumption:	0
match_ilp_solution_length:	21
match_ilp_upper_bound:	21
match_ilp_runtime:	1.49e-07
mdd_ilp_solution_length:	21
mdd_ilp_upper_bound:	21
mdd_ilp_runtime:	6.4e-08
solution:	[48, 10, 12, 71, 70, 14, 22, 37, 13, 51, 40, 74, 17, 3, 77, 45, 53, 50, 29, 6, 16, ]
