solved:	true
solution_length:	18
upper_bound:	18
solution_runtime:	0.00103805
heuristic_solution_length:	18
heuristic_solution_runtime:	0.000948664
heuristic_runtime:	0.0010134
solving_forward:	true
reduction_is_complete:	true
reduction_quality:	1
reduction_upper_bound:	18
reduction_runtime:	2.4508e-05
mdd_memory_consumption:	0
main_process_memory_consumption:	0
match_ilp_solution_length:	18
match_ilp_upper_bound:	18
match_ilp_runtime:	1.45e-07
mdd_ilp_solution_length:	18
mdd_ilp_upper_bound:	18
mdd_ilp_runtime:	6.4e-08
solution:	[12, 67, 21, 89, 84, 39, 64, 66, 6, 19, 18, 73, 23, 47, 17, 65, 55, 60, ]
