solved:	true
solution_length:	20
upper_bound:	20
solution_runtime:	0.00185437
heuristic_solution_length:	20
heuristic_solution_runtime:	0.000910273
heuristic_runtime:	0.00171338
solving_forward:	true
reduction_is_complete:	true
reduction_quality:	1
reduction_upper_bound:	20
reduction_runtime:	0.00014084
mdd_memory_consumption:	0
main_process_memory_consumption:	0
match_ilp_solution_length:	20
match_ilp_upper_bound:	20
match_ilp_runtime:	1.47e-07
mdd_ilp_solution_length:	20
mdd_ilp_upper_bound:	20
mdd_ilp_runtime:	4.8e-08
solution:	[89, 36, 56, 84, 60, 53, 76, 92, 54, 14, 1, 87, 23, 82, 39, 73, 62, 72, 4, 7, ]
