solved:	true
solution_length:	22
upper_bound:	22
solution_runtime:	0.0053139
heuristic_solution_length:	22
heuristic_solution_runtime:	0.000998389
heuristic_runtime:	0.00442564
solving_forward:	true
reduction_is_complete:	true
reduction_quality:	1
reduction_upper_bound:	22
reduction_runtime:	0.000888114
mdd_memory_consumption:	0
main_process_memory_consumption:	0
match_ilp_solution_length:	22
match_ilp_upper_bound:	22
match_ilp_runtime:	1.42e-07
mdd_ilp_solution_length:	22
mdd_ilp_upper_bound:	22
mdd_ilp_runtime:	6.1e-08
solution:	[47, 46, 45, 66, 39, 51, 31, 8, 17, 65, 44, 4, 28, 32, 21, 79, 9, 16, 56, 1, 22, 12, ]
