solved:	true
solution_length:	15
upper_bound:	15
solution_runtime:	0.00184223
heuristic_solution_length:	15
heuristic_solution_runtime:	0.000879179
heuristic_runtime:	0.00172532
solving_forward:	true
reduction_is_complete:	true
reduction_quality:	1
reduction_upper_bound:	15
reduction_runtime:	0.000116738
mdd_memory_consumption:	0
main_process_memory_consumption:	0
match_ilp_solution_length:	15
match_ilp_upper_bound:	15
match_ilp_runtime:	1.69e-07
mdd_ilp_solution_length:	15
mdd_ilp_upper_bound:	15
mdd_ilp_runtime:	6.3e-08
solution:	[64, 59, 4, 46, 51, 3, 99, 12, 49, 56, 57, 75, 48, 76, 1, ]
