solved:	true
solution_length:	16
upper_bound:	16
solution_runtime:	0.00278229
heuristic_solution_length:	16
heuristic_solution_runtime:	0.00264394
heuristic_runtime:	0.00275608
solving_forward:	true
reduction_is_complete:	true
reduction_quality:	1
reduction_upper_bound:	16
reduction_runtime:	2.6069e-05
mdd_memory_consumption:	0
main_process_memory_consumption:	0
match_ilp_solution_length:	16
match_ilp_upper_bound:	16
match_ilp_runtime:	1.47e-07
mdd_ilp_solution_length:	16
mdd_ilp_upper_bound:	16
mdd_ilp_runtime:	6.2e-08
solution:	[14, 5, 12, 13, 4, 7, 15, 10, 6, 11, 1, 8, 9, 2, 3, 0, ]
