solved:	true
solution_length:	21
upper_bound:	21
solution_runtime:	0.00215846
heuristic_solution_length:	21
heuristic_solution_runtime:	0.000955091
heuristic_runtime:	0.00202283
solving_forward:	true
reduction_is_complete:	true
reduction_quality:	1
reduction_upper_bound:	21
reduction_runtime:	0.000135474
mdd_memory_consumption:	0
main_process_memory_consumption:	0
match_ilp_solution_length:	21
match_ilp_upper_bound:	21
match_ilp_runtime:	1.54e-07
mdd_ilp_solution_length:	21
mdd_ilp_upper_bound:	21
mdd_ilp_runtime:	5e-08
solution:	[78, 55, 65, 5, 31, 3, 19, 21, 57, 30, 6, 50, 68, 18, 43, 41, 77, 8, 76, 49, 36, ]
