solved:	true
solution_length:	20
upper_bound:	20
solution_runtime:	0.00403617
heuristic_solution_length:	20
heuristic_solution_runtime:	0.00103313
heuristic_runtime:	0.00351653
solving_forward:	true
reduction_is_complete:	true
reduction_quality:	1
reduction_upper_bound:	20
reduction_runtime:	0.000519502
mdd_memory_consumption:	0
main_process_memory_consumption:	0
match_ilp_solution_length:	20
match_ilp_upper_bound:	20
match_ilp_runtime:	1.39e-07
mdd_ilp_solution_length:	20
mdd_ilp_upper_bound:	20
mdd_ilp_runtime:	6.3e-08
solution:	[28, 58, 57, 49, 61, 55, 43, 50, 10, 30, 53, 9, 23, 59, 39, 21, 56, 45, 7, 25, ]
