solved:	true
solution_length:	26
upper_bound:	26
solution_runtime:	0.0151393
heuristic_solution_length:	26
heuristic_solution_runtime:	0.00116796
heuristic_runtime:	0.0109105
solving_forward:	false
reduction_is_complete:	true
reduction_quality:	1
reduction_upper_bound:	26
reduction_runtime:	0.00422869
mdd_memory_consumption:	0
main_process_memory_consumption:	0
match_ilp_solution_length:	26
match_ilp_upper_bound:	26
match_ilp_runtime:	1.32e-07
mdd_ilp_solution_length:	26
mdd_ilp_upper_bound:	26
mdd_ilp_runtime:	5.4e-08
solution:	[23, 7, 26, 12, 21, 47, 16, 30, 25, 45, 36, 11, 41, 18, 0, 34, 31, 40, 15, 14, 22, 35, 19, 43, 24, 5, ]
