solved:	true
solution_length:	22
upper_bound:	22
solution_runtime:	0.0010466
heuristic_solution_length:	22
heuristic_solution_runtime:	0.000928568
heuristic_runtime:	0.0010222
solving_forward:	true
reduction_is_complete:	true
reduction_quality:	1
reduction_upper_bound:	22
reduction_runtime:	2.4244e-05
mdd_memory_consumption:	0
main_process_memory_consumption:	0
match_ilp_solution_length:	22
match_ilp_upper_bound:	22
match_ilp_runtime:	1.48e-07
mdd_ilp_solution_length:	22
mdd_ilp_upper_bound:	22
mdd_ilp_runtime:	5.1e-08
solution:	[102, 86, 5, 6, 53, 71, 30, 3, 76, 46, 88, 109, 37, 108, 55, 66, 10, 63, 59, 0, 20, 29, ]
