solved:	true
solution_length:	24
upper_bound:	24
solution_runtime:	0.00387754
heuristic_solution_length:	24
heuristic_solution_runtime:	0.00172066
heuristic_runtime:	0.00343951
solving_forward:	true
reduction_is_complete:	true
reduction_quality:	1
reduction_upper_bound:	24
reduction_runtime:	0.000437886
mdd_memory_consumption:	0
main_process_memory_consumption:	0
match_ilp_solution_length:	24
match_ilp_upper_bound:	24
match_ilp_runtime:	1.39e-07
mdd_ilp_solution_length:	24
mdd_ilp_upper_bound:	24
mdd_ilp_runtime:	6.7e-08
solution:	[38, 25, 59, 21, 10, 39, 8, 44, 9, 1, 52, 57, 28, 11, 2, 31, 32, 35, 20, 46, 47, 23, 19, 15, ]
