solved:	true
solution_length:	21
upper_bound:	21
solution_runtime:	0.00131768
heuristic_solution_length:	21
heuristic_solution_runtime:	0.00119689
heuristic_runtime:	0.00129792
solving_forward:	true
reduction_is_complete:	true
reduction_quality:	1
reduction_upper_bound:	21
reduction_runtime:	1.962e-05
mdd_memory_consumption:	0
main_process_memory_consumption:	0
match_ilp_solution_length:	21
match_ilp_upper_bound:	21
match_ilp_runtime:	1.38e-07
mdd_ilp_solution_length:	21
mdd_ilp_upper_bound:	21
mdd_ilp_runtime:	4.7e-08
solution:	[12, 22, 42, 47, 71, 31, 45, 28, 66, 50, 67, 8, 39, 73, 59, 53, 19, 24, 3, 36, 43, ]
