solved:	true
solution_length:	23
upper_bound:	23
solution_runtime:	0.00263767
heuristic_solution_length:	23
heuristic_solution_runtime:	0.00135449
heuristic_runtime:	0.00245193
solving_forward:	true
reduction_is_complete:	true
reduction_quality:	1
reduction_upper_bound:	23
reduction_runtime:	0.000185602
mdd_memory_consumption:	0
main_process_memory_consumption:	0
match_ilp_solution_length:	23
match_ilp_upper_bound:	23
match_ilp_runtime:	1.42e-07
mdd_ilp_solution_length:	23
mdd_ilp_upper_bound:	23
mdd_ilp_runtime:	6.4e-08
solution:	[43, 18, 58, 49, 11, 31, 41, 16, 47, 46, 20, 7, 32, 44, 9, 55, 19, 2, 40, 1, 27, 6, 30, ]
