solved:	true
solution_length:	24
upper_bound:	24
solution_runtime:	0.00887398
heuristic_solution_length:	24
heuristic_solution_runtime:	0.00204462
heuristic_runtime:	0.00706143
solving_forward:	true
reduction_is_complete:	true
reduction_quality:	1
reduction_upper_bound:	24
reduction_runtime:	0.00181238
mdd_memory_consumption:	0
main_process_memory_consumption:	0
match_ilp_solution_length:	24
match_ilp_upper_bound:	24
match_ilp_runtime:	1.64e-07
mdd_ilp_solution_length:	24
mdd_ilp_upper_bound:	24
mdd_ilp_runtime:	4.5e-08
solution:	[51, 61, 17, 27, 1, 29, 31, 59, 60, 57, 6, 53, 23, 58, 28, 13, 48, 5, 40, 18, 16, 25, 15, 35, ]
