solved:	true
solution_length:	16
upper_bound:	16
solution_runtime:	0.00283368
heuristic_solution_length:	16
heuristic_solution_runtime:	0.00268739
heuristic_runtime:	0.0028075
solving_forward:	true
reduction_is_complete:	true
reduction_quality:	1
reduction_upper_bound:	16
reduction_runtime:	2.6033e-05
mdd_memory_consumption:	0
main_process_memory_consumption:	0
match_ilp_solution_length:	16
match_ilp_upper_bound:	16
match_ilp_runtime:	1.5e-07
mdd_ilp_solution_length:	16
mdd_ilp_upper_bound:	16
mdd_ilp_runtime:	6.3e-08
solution:	[3, 0, 7, 9, 8, 12, 10, 13, 11, 5, 14, 6, 1, 4, 15, 2, ]
