solved:	true
solution_length:	22
upper_bound:	22
solution_runtime:	0.000995535
heuristic_solution_length:	22
heuristic_solution_runtime:	0.000897354
heuristic_runtime:	0.000971157
solving_forward:	true
reduction_is_complete:	true
reduction_quality:	1
reduction_upper_bound:	22
reduction_runtime:	2.4221e-05
mdd_memory_consumption:	0
main_process_memory_consumption:	0
match_ilp_solution_length:	22
match_ilp_upper_bound:	22
match_ilp_runtime:	1.57e-07
mdd_ilp_solution_length:	22
mdd_ilp_upper_bound:	22
mdd_ilp_runtime:	6.3e-08
solution:	[77, 74, 11, 78, 35, 73, 50, 57, 15, 6, 32, 1, 67, 70, 40, 64, 26, 65, 62, 45, 36, 33, ]
