solved:	true
solution_length:	21
upper_bound:	21
solution_runtime:	0.0012515
heuristic_solution_length:	21
heuristic_solution_runtime:	0.00116062
heuristic_runtime:	0.00123102
solving_forward:	true
reduction_is_complete:	true
reduction_quality:	1
reduction_upper_bound:	21
reduction_runtime:	2.0341e-05
mdd_memory_consumption:	0
main_process_memory_consumption:	0
match_ilp_solution_length:	21
match_ilp_upper_bound:	21
match_ilp_runtime:	1.42e-07
mdd_ilp_solution_length:	21
mdd_ilp_upper_bound:	21
mdd_ilp_runtime:	4.6e-08
solution:	[15, 59, 40, 56, 8, 25, 28, 2, 27, 51, 31, 39, 22, 1, 5, 42, 24, 33, 16, 54, 3, ]
