solved:	true
solution_length:	16
upper_bound:	16
solution_runtime:	0.00281935
heuristic_solution_length:	16
heuristic_solution_runtime:	0.00269845
heuristic_runtime:	0.00279742
solving_forward:	true
reduction_is_complete:	true
reduction_quality:	1
reduction_upper_bound:	16
reduction_runtime:	2.1782e-05
mdd_memory_consumption:	0
main_process_memory_consumption:	0
match_ilp_solution_length:	16
match_ilp_upper_bound:	16
match_ilp_runtime:	1.5e-07
mdd_ilp_solution_length:	16
mdd_ilp_upper_bound:	16
mdd_ilp_runtime:	4.7e-08
solution:	[1, 0, 4, 2, 11, 14, 7, 15, 10, 8, 9, 13, 6, 5, 3, 12, ]
