solved:	true
solution_length:	23
upper_bound:	23
solution_runtime:	0.00210039
heuristic_solution_length:	23
heuristic_solution_runtime:	0.000994048
heuristic_runtime:	0.00199591
solving_forward:	true
reduction_is_complete:	true
reduction_quality:	1
reduction_upper_bound:	23
reduction_runtime:	0.000104336
mdd_memory_consumption:	0
main_process_memory_consumption:	0
match_ilp_solution_length:	23
match_ilp_upper_bound:	23
match_ilp_runtime:	1.43e-07
mdd_ilp_solution_length:	23
mdd_ilp_upper_bound:	23
mdd_ilp_runtime:	6.3e-08
solution:	[15, 22, 58, 7, 63, 75, 77, 1, 23, 55, 40, 13, 28, 37, 71, 65, 0, 9, 64, 6, 32, 29, 35, ]
