solved:	true
solution_length:	19
upper_bound:	19
solution_runtime:	0.00099481
heuristic_solution_length:	19
heuristic_solution_runtime:	0.000900511
heuristic_runtime:	0.000970904
solving_forward:	true
reduction_is_complete:	true
reduction_quality:	1
reduction_upper_bound:	19
reduction_runtime:	2.3764e-05
mdd_memory_consumption:	0
main_process_memory_consumption:	0
match_ilp_solution_length:	19
match_ilp_upper_bound:	19
match_ilp_runtime:	1.42e-07
mdd_ilp_solution_length:	19
mdd_ilp_upper_bound:	19
mdd_ilp_runtime:	5.1e-08
solution:	[24, 5, 71, 75, 34, 35, 25, 49, 56, 36, 45, 47, 59, 78, 30, 10, 8, 20, 33, ]
