solved:	true
solution_length:	23
upper_bound:	23
solution_runtime:	0.00103552
heuristic_solution_length:	23
heuristic_solution_runtime:	0.000963915
heuristic_runtime:	0.0010103
solving_forward:	true
reduction_is_complete:	true
reduction_quality:	1
reduction_upper_bound:	23
reduction_runtime:	2.5083e-05
mdd_memory_consumption:	0
main_process_memory_consumption:	0
match_ilp_solution_length:	23
match_ilp_upper_bound:	23
match_ilp_runtime:	1.35e-07
mdd_ilp_solution_length:	23
mdd_ilp_upper_bound:	23
mdd_ilp_runtime:	6.1e-08
solution:	[64, 3, 93, 4, 45, 27, 22, 9, 38, 58, 33, 92, 8, 87, 57, 82, 32, 26, 86, 85, 83, 5, 16, ]
