solved:	true
solution_length:	17
upper_bound:	17
solution_runtime:	0.00123553
heuristic_solution_length:	17
heuristic_solution_runtime:	0.00114263
heuristic_runtime:	0.00121011
solving_forward:	true
reduction_is_complete:	true
reduction_quality:	1
reduction_upper_bound:	17
reduction_runtime:	2.5246e-05
mdd_memory_consumption:	0
main_process_memory_consumption:	0
match_ilp_solution_length:	17
match_ilp_upper_bound:	17
match_ilp_runtime:	1.67e-07
mdd_ilp_solution_length:	17
mdd_ilp_upper_bound:	17
mdd_ilp_runtime:	7.1e-08
solution:	[49, 54, 86, 9, 66, 27, 56, 60, 68, 38, 48, 22, 29, 65, 73, 30, 51, ]
