solved:	true
solution_length:	19
upper_bound:	19
solution_runtime:	0.00191993
heuristic_solution_length:	19
heuristic_solution_runtime:	0.000893708
heuristic_runtime:	0.00183226
solving_forward:	true
reduction_is_complete:	true
reduction_quality:	1
reduction_upper_bound:	19
reduction_runtime:	8.7527e-05
mdd_memory_consumption:	0
main_process_memory_consumption:	0
match_ilp_solution_length:	19
match_ilp_upper_bound:	19
match_ilp_runtime:	1.46e-07
mdd_ilp_solution_length:	19
mdd_ilp_upper_bound:	19
mdd_ilp_runtime:	4.8e-08
solution:	[61, 75, 54, 9, 10, 2, 21, 76, 71, 70, 52, 5, 50, 25, 67, 57, 17, 44, 63, ]
