solved:	true
solution_length:	25
upper_bound:	25
solution_runtime:	0.00366627
heuristic_solution_length:	25
heuristic_solution_runtime:	0.00351751
heuristic_runtime:	0.00363645
solving_forward:	true
reduction_is_complete:	true
reduction_quality:	1
reduction_upper_bound:	25
reduction_runtime:	2.9643e-05
mdd_memory_consumption:	0
main_process_memory_consumption:	0
match_ilp_solution_length:	25
match_ilp_upper_bound:	25
match_ilp_runtime:	1.8e-07
mdd_ilp_solution_length:	25
mdd_ilp_upper_bound:	25
mdd_ilp_runtime:	7.1e-08
solution:	[137, 124, 97, 83, 10, 98, 195, 160, 14, 22, 197, 141, 2, 142, 167, 193, 79, 162, 170, 85, 156, 123, 115, 46, 21, ]
