solved:	true
solution_length:	32
upper_bound:	32
solution_runtime:	0.00758567
heuristic_solution_length:	32
heuristic_solution_runtime:	0.00734135
heuristic_runtime:	0.00755967
solving_forward:	true
reduction_is_complete:	true
reduction_quality:	1
reduction_upper_bound:	32
reduction_runtime:	2.5866e-05
mdd_memory_consumption:	0
main_process_memory_consumption:	0
match_ilp_solution_length:	32
match_ilp_upper_bound:	32
match_ilp_runtime:	1.32e-07
mdd_ilp_solution_length:	32
mdd_ilp_upper_bound:	32
mdd_ilp_runtime:	5.7e-08
solution:	[10, 2, 24, 3, 28, 22, 8, 31, 18, 15, 23, 16, 14, 29, 25, 11, 0, 9, 13, 30, 1, 17, 6, 12, 21, 7, 26, 5, 19, 20, 4, 27, ]
