solved:	true
solution_length:	33
upper_bound:	33
solution_runtime:	0.00631102
heuristic_solution_length:	33
heuristic_solution_runtime:	0.00325261
heuristic_runtime:	0.00600208
solving_forward:	true
reduction_is_complete:	true
reduction_quality:	1
reduction_upper_bound:	33
reduction_runtime:	0.000308801
mdd_memory_consumption:	0
main_process_memory_consumption:	0
match_ilp_solution_length:	33
match_ilp_upper_bound:	33
match_ilp_runtime:	1.36e-07
mdd_ilp_solution_length:	33
mdd_ilp_upper_bound:	33
mdd_ilp_runtime:	6e-08
solution:	[156, 59, 119, 95, 130, 8, 81, 180, 13, 138, 16, 172, 144, 93, 90, 9, 61, 69, 105, 175, 68, 28, 155, 143, 75, 165, 31, 145, 96, 64, 27, 89, 45, ]
