solved:	true
solution_length:	33
upper_bound:	33
solution_runtime:	0.00384926
heuristic_solution_length:	33
heuristic_solution_runtime:	0.0036869
heuristic_runtime:	0.00382528
solving_forward:	true
reduction_is_complete:	true
reduction_quality:	1
reduction_upper_bound:	33
reduction_runtime:	2.3836e-05
mdd_memory_consumption:	0
main_process_memory_consumption:	0
match_ilp_solution_length:	33
match_ilp_upper_bound:	33
match_ilp_runtime:	1.49e-07
mdd_ilp_solution_length:	33
mdd_ilp_upper_bound:	33
mdd_ilp_runtime:	6.8e-08
solution:	[121, 30, 71, 50, 0, 37, 126, 20, 66, 113, 80, 172, 19, 186, 124, 188, 131, 67, 129, 75, 153, 158, 164, 99, 8, 190, 16, 163, 140, 57, 87, 40, 90, ]
