solved:	true
solution_length:	34
upper_bound:	34
solution_runtime:	0.0167184
heuristic_solution_length:	34
heuristic_solution_runtime:	0.0042387
heuristic_runtime:	0.0153265
solving_forward:	true
reduction_is_complete:	true
reduction_quality:	1
reduction_upper_bound:	34
reduction_runtime:	0.00139181
mdd_memory_consumption:	0
main_process_memory_consumption:	0
match_ilp_solution_length:	34
match_ilp_upper_bound:	34
match_ilp_runtime:	1.26e-07
mdd_ilp_solution_length:	34
mdd_ilp_upper_bound:	34
mdd_ilp_runtime:	5.5e-08
solution:	[119, 124, 93, 30, 24, 96, 73, 58, 41, 44, 117, 15, 107, 61, 54, 2, 1, 76, 78, 34, 113, 95, 25, 19, 65, 45, 108, 103, 84, 32, 86, 70, 23, 75, ]
