solved:	true
solution_length:	33
upper_bound:	33
solution_runtime:	0.0119353
heuristic_solution_length:	33
heuristic_solution_runtime:	0.00370588
heuristic_runtime:	0.0106778
solving_forward:	true
reduction_is_complete:	true
reduction_quality:	1
reduction_upper_bound:	33
reduction_runtime:	0.00125738
mdd_memory_consumption:	0
main_process_memory_consumption:	0
match_ilp_solution_length:	33
match_ilp_upper_bound:	33
match_ilp_runtime:	1.26e-07
mdd_ilp_solution_length:	33
mdd_ilp_upper_bound:	33
mdd_ilp_runtime:	5.7e-08
solution:	[64, 54, 103, 44, 98, 22, 62, 32, 130, 148, 12, 159, 155, 34, 46, 55, 120, 149, 82, 19, 0, 58, 78, 73, 57, 96, 104, 142, 29, 107, 79, 109, 23, ]
