solved:	true
solution_length:	29
upper_bound:	29
solution_runtime:	0.00695364
heuristic_solution_length:	29
heuristic_solution_runtime:	0.00386762
heuristic_runtime:	0.00669304
solving_forward:	true
reduction_is_complete:	true
reduction_quality:	1
reduction_upper_bound:	29
reduction_runtime:	0.000260459
mdd_memory_consumption:	0
main_process_memory_consumption:	0
match_ilp_solution_length:	29
match_ilp_upper_bound:	29
match_ilp_runtime:	1.37e-07
mdd_ilp_solution_length:	29
mdd_ilp_upper_bound:	29
mdd_ilp_runtime:	6.4e-08
solution:	[131, 147, 50, 4, 172, 91, 31, 155, 22, 117, 129, 33, 160, 186, 70, 59, 13, 111, 14, 169, 98, 112, 44, 58, 108, 37, 163, 71, 76, ]
