solved:	true
solution_length:	33
upper_bound:	33
solution_runtime:	0.00508782
heuristic_solution_length:	33
heuristic_solution_runtime:	0.0030938
heuristic_runtime:	0.00486409
solving_forward:	true
reduction_is_complete:	true
reduction_quality:	1
reduction_upper_bound:	33
reduction_runtime:	0.000223579
mdd_memory_consumption:	0
main_process_memory_consumption:	0
match_ilp_solution_length:	33
match_ilp_upper_bound:	33
match_ilp_runtime:	1.47e-07
mdd_ilp_solution_length:	33
mdd_ilp_upper_bound:	33
mdd_ilp_runtime:	6.3e-08
solution:	[140, 80, 7, 25, 127, 158, 96, 198, 70, 187, 209, 223, 40, 41, 144, 95, 200, 39, 109, 77, 61, 195, 72, 62, 222, 2, 69, 164, 81, 129, 102, 190, 211, ]
