solved:	true
solution_length:	45
upper_bound:	45
solution_runtime:	0.111024
heuristic_solution_length:	45
heuristic_solution_runtime:	0.00526119
heuristic_runtime:	0.0603478
solving_forward:	false
reduction_is_complete:	true
reduction_quality:	1
reduction_upper_bound:	45
reduction_runtime:	0.0506758
mdd_memory_consumption:	54216
main_process_memory_consumption:	0
match_ilp_solution_length:	45
match_ilp_upper_bound:	45
match_ilp_runtime:	1.05e-07
mdd_ilp_solution_length:	45
mdd_ilp_upper_bound:	45
mdd_ilp_runtime:	5.5e-08
solution:	[35, 24, 20, 37, 53, 16, 11, 48, 10, 23, 41, 63, 17, 51, 33, 58, 0, 50, 26, 5, 54, 30, 49, 56, 42, 7, 38, 29, 47, 34, 36, 9, 46, 62, 12, 25, 22, 44, 40, 57, 31, 8, 60, 1, 52, ]
