solved:	true
solution_length:	26
upper_bound:	26
solution_runtime:	0.00518101
heuristic_solution_length:	26
heuristic_solution_runtime:	0.00345805
heuristic_runtime:	0.00499992
solving_forward:	true
reduction_is_complete:	true
reduction_quality:	1
reduction_upper_bound:	26
reduction_runtime:	0.000180947
mdd_memory_consumption:	0
main_process_memory_consumption:	0
match_ilp_solution_length:	26
match_ilp_upper_bound:	26
match_ilp_runtime:	1.42e-07
mdd_ilp_solution_length:	26
mdd_ilp_upper_bound:	26
mdd_ilp_runtime:	6e-08
solution:	[8, 145, 104, 203, 35, 89, 180, 206, 74, 184, 155, 53, 118, 51, 108, 82, 171, 137, 161, 168, 211, 6, 7, 154, 183, 128, ]
