solved:	true
solution_length:	27
upper_bound:	27
solution_runtime:	0.00697658
heuristic_solution_length:	27
heuristic_solution_runtime:	0.0032884
heuristic_runtime:	0.00654397
solving_forward:	true
reduction_is_complete:	true
reduction_quality:	1
reduction_upper_bound:	27
reduction_runtime:	0.000432461
mdd_memory_consumption:	0
main_process_memory_consumption:	0
match_ilp_solution_length:	27
match_ilp_upper_bound:	27
match_ilp_runtime:	1.53e-07
mdd_ilp_solution_length:	27
mdd_ilp_upper_bound:	27
mdd_ilp_runtime:	6.7e-08
solution:	[24, 104, 160, 97, 162, 119, 99, 110, 167, 29, 131, 172, 130, 103, 11, 179, 54, 17, 161, 151, 116, 6, 137, 142, 18, 171, 190, ]
