solved:	true
solution_length:	30
upper_bound:	30
solution_runtime:	0.0145758
heuristic_solution_length:	30
heuristic_solution_runtime:	0.00336029
heuristic_runtime:	0.0130077
solving_forward:	true
reduction_is_complete:	true
reduction_quality:	1
reduction_upper_bound:	30
reduction_runtime:	0.00156791
mdd_memory_consumption:	0
main_process_memory_consumption:	0
match_ilp_solution_length:	30
match_ilp_upper_bound:	30
match_ilp_runtime:	1.33e-07
mdd_ilp_solution_length:	30
mdd_ilp_upper_bound:	30
mdd_ilp_runtime:	5.5e-08
solution:	[26, 32, 65, 31, 78, 43, 42, 142, 112, 20, 154, 118, 102, 70, 110, 104, 103, 16, 92, 7, 80, 53, 9, 56, 158, 109, 149, 57, 132, 94, ]
