solved:	true
solution_length:	30
upper_bound:	30
solution_runtime:	0.00746687
heuristic_solution_length:	30
heuristic_solution_runtime:	0.00400455
heuristic_runtime:	0.0071236
solving_forward:	true
reduction_is_complete:	true
reduction_quality:	1
reduction_upper_bound:	30
reduction_runtime:	0.00034313
mdd_memory_consumption:	0
main_process_memory_consumption:	0
match_ilp_solution_length:	30
match_ilp_upper_bound:	30
match_ilp_runtime:	1.34e-07
mdd_ilp_solution_length:	30
mdd_ilp_upper_bound:	30
mdd_ilp_runtime:	6e-08
solution:	[126, 171, 19, 169, 190, 9, 10, 187, 152, 118, 105, 153, 13, 68, 36, 16, 20, 147, 149, 8, 127, 74, 148, 40, 24, 119, 109, 38, 65, 95, ]
