solved:	true
solution_length:	9
upper_bound:	9
solution_runtime:	0.000268449
heuristic_solution_length:	9
heuristic_solution_runtime:	0.000198521
heuristic_runtime:	0.000244934
solving_forward:	true
reduction_is_complete:	true
reduction_quality:	1
reduction_upper_bound:	9
reduction_runtime:	2.3358e-05
mdd_memory_consumption:	0
main_process_memory_consumption:	0
match_ilp_solution_length:	9
match_ilp_upper_bound:	9
match_ilp_runtime:	1.57e-07
mdd_ilp_solution_length:	9
mdd_ilp_upper_bound:	9
mdd_ilp_runtime:	5e-08
solution:	[7, 6, 8, 0, 3, 1, 9, 10, 2, ]
