solved:	true
solution_length:	8
upper_bound:	8
solution_runtime:	0.00026994
heuristic_solution_length:	8
heuristic_solution_runtime:	0.000200365
heuristic_runtime:	0.000246558
solving_forward:	true
reduction_is_complete:	true
reduction_quality:	1
reduction_upper_bound:	8
reduction_runtime:	2.3236e-05
mdd_memory_consumption:	0
main_process_memory_consumption:	0
match_ilp_solution_length:	8
match_ilp_upper_bound:	8
match_ilp_runtime:	1.46e-07
mdd_ilp_solution_length:	8
mdd_ilp_upper_bound:	8
mdd_ilp_runtime:	6.1e-08
solution:	[7, 6, 0, 8, 2, 10, 3, 9, ]
