solved:	true
solution_length:	9
upper_bound:	9
solution_runtime:	0.000390684
heuristic_solution_length:	9
heuristic_solution_runtime:	0.000358047
heuristic_runtime:	0.000387569
solving_forward:	true
reduction_is_complete:	true
reduction_quality:	1
reduction_upper_bound:	9
reduction_runtime:	2.965e-06
mdd_memory_consumption:	0
main_process_memory_consumption:	0
match_ilp_solution_length:	9
match_ilp_upper_bound:	9
match_ilp_runtime:	1.5e-07
mdd_ilp_solution_length:	9
mdd_ilp_upper_bound:	9
mdd_ilp_runtime:	5.2e-08
solution:	[7, 0, 9, 6, 1, 8, 11, 10, 2, ]
