solved:	true
solution_length:	9
upper_bound:	9
solution_runtime:	0.000579759
heuristic_solution_length:	9
heuristic_solution_runtime:	0.000245587
heuristic_runtime:	0.000506623
solving_forward:	true
reduction_is_complete:	true
reduction_quality:	1
reduction_upper_bound:	9
reduction_runtime:	7.2992e-05
mdd_memory_consumption:	0
main_process_memory_consumption:	0
match_ilp_solution_length:	9
match_ilp_upper_bound:	9
match_ilp_runtime:	1.44e-07
mdd_ilp_solution_length:	9
mdd_ilp_upper_bound:	9
mdd_ilp_runtime:	6.9e-08
solution:	[0, 12, 16, 11, 1, 15, 23, 13, 9, ]
