solved:	true
solution_length:	9
upper_bound:	9
solution_runtime:	0.000376954
heuristic_solution_length:	9
heuristic_solution_runtime:	0.00031713
heuristic_runtime:	0.000352514
solving_forward:	true
reduction_is_complete:	true
reduction_quality:	1
reduction_upper_bound:	9
reduction_runtime:	2.428e-05
mdd_memory_consumption:	0
main_process_memory_consumption:	0
match_ilp_solution_length:	9
match_ilp_upper_bound:	9
match_ilp_runtime:	1.6e-07
mdd_ilp_solution_length:	9
mdd_ilp_upper_bound:	9
mdd_ilp_runtime:	5.6e-08
solution:	[2, 11, 4, 7, 5, 0, 3, 9, 8, ]
