solved:	true
solution_length:	8
upper_bound:	8
solution_runtime:	0.000164061
heuristic_solution_length:	8
heuristic_solution_runtime:	0.000122284
heuristic_runtime:	0.000141487
solving_forward:	true
reduction_is_complete:	true
reduction_quality:	1
reduction_upper_bound:	8
reduction_runtime:	2.2431e-05
mdd_memory_consumption:	0
main_process_memory_consumption:	0
match_ilp_solution_length:	8
match_ilp_upper_bound:	8
match_ilp_runtime:	1.43e-07
mdd_ilp_solution_length:	8
mdd_ilp_upper_bound:	8
mdd_ilp_runtime:	5e-08
solution:	[8, 6, 12, 3, 7, 0, 23, 9, ]
