solved:	true
solution_length:	6
upper_bound:	6
solution_runtime:	0.000503955
heuristic_solution_length:	6
heuristic_solution_runtime:	0.000143794
heuristic_runtime:	0.000441794
solving_forward:	true
reduction_is_complete:	true
reduction_quality:	1
reduction_upper_bound:	6
reduction_runtime:	6.2022e-05
mdd_memory_consumption:	0
main_process_memory_consumption:	0
match_ilp_solution_length:	6
match_ilp_upper_bound:	6
match_ilp_runtime:	1.39e-07
mdd_ilp_solution_length:	6
mdd_ilp_upper_bound:	6
mdd_ilp_runtime:	6.3e-08
solution:	[14, 3, 0, 18, 10, 1, ]
