solved:	true
solution_length:	9
upper_bound:	9
solution_runtime:	0.000185052
heuristic_solution_length:	9
heuristic_solution_runtime:	0.000138232
heuristic_runtime:	0.000163384
solving_forward:	true
reduction_is_complete:	true
reduction_quality:	1
reduction_upper_bound:	9
reduction_runtime:	2.1524e-05
mdd_memory_consumption:	0
main_process_memory_consumption:	0
match_ilp_solution_length:	9
match_ilp_upper_bound:	9
match_ilp_runtime:	1.44e-07
mdd_ilp_solution_length:	9
mdd_ilp_upper_bound:	9
mdd_ilp_runtime:	6.2e-08
solution:	[0, 13, 4, 1, 12, 14, 6, 3, 9, ]
