solved:	true
solution_length:	8
upper_bound:	8
solution_runtime:	0.000492377
heuristic_solution_length:	8
heuristic_solution_runtime:	0.000141613
heuristic_runtime:	0.000430118
solving_forward:	true
reduction_is_complete:	true
reduction_quality:	1
reduction_upper_bound:	8
reduction_runtime:	6.2122e-05
mdd_memory_consumption:	0
main_process_memory_consumption:	0
match_ilp_solution_length:	8
match_ilp_upper_bound:	8
match_ilp_runtime:	1.37e-07
mdd_ilp_solution_length:	8
mdd_ilp_upper_bound:	8
mdd_ilp_runtime:	4.5e-08
solution:	[1, 8, 0, 12, 16, 19, 10, 13, ]
