solved:	true
solution_length:	12
upper_bound:	12
solution_runtime:	0.000195624
heuristic_solution_length:	12
heuristic_solution_runtime:	0.000156245
heuristic_runtime:	0.000175147
solving_forward:	true
reduction_is_complete:	true
reduction_quality:	1
reduction_upper_bound:	12
reduction_runtime:	2.0329e-05
mdd_memory_consumption:	0
main_process_memory_consumption:	0
match_ilp_solution_length:	12
match_ilp_upper_bound:	12
match_ilp_runtime:	1.48e-07
mdd_ilp_solution_length:	12
mdd_ilp_upper_bound:	12
mdd_ilp_runtime:	6.2e-08
solution:	[1, 18, 15, 5, 13, 2, 7, 11, 4, 3, 10, 17, ]
