solved:	true
solution_length:	10
upper_bound:	10
solution_runtime:	0.000310149
heuristic_solution_length:	10
heuristic_solution_runtime:	0.000250364
heuristic_runtime:	0.000287009
solving_forward:	true
reduction_is_complete:	true
reduction_quality:	1
reduction_upper_bound:	10
reduction_runtime:	2.2992e-05
mdd_memory_consumption:	0
main_process_memory_consumption:	0
match_ilp_solution_length:	10
match_ilp_upper_bound:	10
match_ilp_runtime:	1.48e-07
mdd_ilp_solution_length:	10
mdd_ilp_upper_bound:	10
mdd_ilp_runtime:	4.8e-08
solution:	[12, 9, 14, 0, 11, 4, 10, 6, 3, 2, ]
