solved:	true
solution_length:	9
upper_bound:	9
solution_runtime:	0.000425837
heuristic_solution_length:	9
heuristic_solution_runtime:	0.000150244
heuristic_runtime:	0.000389948
solving_forward:	true
reduction_is_complete:	true
reduction_quality:	1
reduction_upper_bound:	9
reduction_runtime:	3.5727e-05
mdd_memory_consumption:	0
main_process_memory_consumption:	0
match_ilp_solution_length:	9
match_ilp_upper_bound:	9
match_ilp_runtime:	1.62e-07
mdd_ilp_solution_length:	9
mdd_ilp_upper_bound:	9
mdd_ilp_runtime:	7e-08
solution:	[6, 2, 4, 25, 18, 26, 20, 3, 10, ]
