solved:	true
solution_length:	10
upper_bound:	10
solution_runtime:	0.000207845
heuristic_solution_length:	10
heuristic_solution_runtime:	0.000164685
heuristic_runtime:	0.000184184
solving_forward:	true
reduction_is_complete:	true
reduction_quality:	1
reduction_upper_bound:	10
reduction_runtime:	2.3504e-05
mdd_memory_consumption:	0
main_process_memory_consumption:	0
match_ilp_solution_length:	10
match_ilp_upper_bound:	10
match_ilp_runtime:	1.57e-07
mdd_ilp_solution_length:	10
mdd_ilp_upper_bound:	10
mdd_ilp_runtime:	6.3e-08
solution:	[19, 7, 17, 12, 18, 15, 20, 21, 11, 8, ]
