solved:	true
solution_length:	8
upper_bound:	8
solution_runtime:	0.000183357
heuristic_solution_length:	8
heuristic_solution_runtime:	0.000139968
heuristic_runtime:	0.00015944
solving_forward:	true
reduction_is_complete:	true
reduction_quality:	1
reduction_upper_bound:	8
reduction_runtime:	2.3744e-05
mdd_memory_consumption:	0
main_process_memory_consumption:	0
match_ilp_solution_length:	8
match_ilp_upper_bound:	8
match_ilp_runtime:	1.73e-07
mdd_ilp_solution_length:	8
mdd_ilp_upper_bound:	8
mdd_ilp_runtime:	6.6e-08
solution:	[22, 16, 8, 26, 20, 27, 24, 15, ]
