solved:	true
solution_length:	8
upper_bound:	8
solution_runtime:	0.000281274
heuristic_solution_length:	8
heuristic_solution_runtime:	0.000235494
heuristic_runtime:	0.000257564
solving_forward:	true
reduction_is_complete:	true
reduction_quality:	1
reduction_upper_bound:	8
reduction_runtime:	2.3561e-05
mdd_memory_consumption:	0
main_process_memory_consumption:	0
match_ilp_solution_length:	8
match_ilp_upper_bound:	8
match_ilp_runtime:	1.49e-07
mdd_ilp_solution_length:	8
mdd_ilp_upper_bound:	8
mdd_ilp_runtime:	7e-08
solution:	[15, 26, 10, 3, 4, 19, 8, 14, ]
