solved:	true
solution_length:	8
upper_bound:	8
solution_runtime:	0.000364157
heuristic_solution_length:	8
heuristic_solution_runtime:	0.000270948
heuristic_runtime:	0.000313364
solving_forward:	true
reduction_is_complete:	true
reduction_quality:	1
reduction_upper_bound:	8
reduction_runtime:	5.0456e-05
mdd_memory_consumption:	0
main_process_memory_consumption:	0
match_ilp_solution_length:	8
match_ilp_upper_bound:	8
match_ilp_runtime:	3.37e-07
mdd_ilp_solution_length:	8
mdd_ilp_upper_bound:	8
mdd_ilp_runtime:	1.22e-07
solution:	[21, 0, 17, 4, 6, 5, 9, 24, ]
