solved:	true
solution_length:	9
upper_bound:	9
solution_runtime:	0.000186841
heuristic_solution_length:	9
heuristic_solution_runtime:	0.000142577
heuristic_runtime:	0.000163584
solving_forward:	true
reduction_is_complete:	true
reduction_quality:	1
reduction_upper_bound:	9
reduction_runtime:	2.3115e-05
mdd_memory_consumption:	0
main_process_memory_consumption:	0
match_ilp_solution_length:	9
match_ilp_upper_bound:	9
match_ilp_runtime:	1.42e-07
mdd_ilp_solution_length:	9
mdd_ilp_upper_bound:	9
mdd_ilp_runtime:	6.3e-08
solution:	[8, 27, 17, 10, 21, 6, 25, 13, 2, ]
