solved:	true
solution_length:	8
upper_bound:	8
solution_runtime:	0.000762377
heuristic_solution_length:	8
heuristic_solution_runtime:	0.000280059
heuristic_runtime:	0.000668062
solving_forward:	true
reduction_is_complete:	true
reduction_quality:	1
reduction_upper_bound:	8
reduction_runtime:	9.4173e-05
mdd_memory_consumption:	0
main_process_memory_consumption:	0
match_ilp_solution_length:	8
match_ilp_upper_bound:	8
match_ilp_runtime:	1.42e-07
mdd_ilp_solution_length:	8
mdd_ilp_upper_bound:	8
mdd_ilp_runtime:	6.4e-08
solution:	[11, 14, 13, 8, 7, 9, 0, 6, ]
