solved:	true
solution_length:	8
upper_bound:	8
solution_runtime:	0.000356043
heuristic_solution_length:	8
heuristic_solution_runtime:	0.000316171
heuristic_runtime:	0.00033267
solving_forward:	true
reduction_is_complete:	true
reduction_quality:	1
reduction_upper_bound:	8
reduction_runtime:	2.3228e-05
mdd_memory_consumption:	0
main_process_memory_consumption:	0
match_ilp_solution_length:	8
match_ilp_upper_bound:	8
match_ilp_runtime:	1.45e-07
mdd_ilp_solution_length:	8
mdd_ilp_upper_bound:	8
mdd_ilp_runtime:	5.1e-08
solution:	[5, 3, 4, 2, 7, 1, 6, 0, ]
