solved:	true
solution_length:	8
upper_bound:	8
solution_runtime:	0.000353997
heuristic_solution_length:	8
heuristic_solution_runtime:	0.000306659
heuristic_runtime:	0.000324607
solving_forward:	true
reduction_is_complete:	true
reduction_quality:	1
reduction_upper_bound:	8
reduction_runtime:	2.9249e-05
mdd_memory_consumption:	0
main_process_memory_consumption:	0
match_ilp_solution_length:	8
match_ilp_upper_bound:	8
match_ilp_runtime:	1.41e-07
mdd_ilp_solution_length:	8
mdd_ilp_upper_bound:	8
mdd_ilp_runtime:	6.4e-08
solution:	[0, 5, 1, 6, 4, 7, 3, 2, ]
