solved:	true
solution_length:	8
upper_bound:	8
solution_runtime:	0.000303265
heuristic_solution_length:	8
heuristic_solution_runtime:	0.000254519
heuristic_runtime:	0.000280055
solving_forward:	true
reduction_is_complete:	true
reduction_quality:	1
reduction_upper_bound:	8
reduction_runtime:	2.3061e-05
mdd_memory_consumption:	0
main_process_memory_consumption:	0
match_ilp_solution_length:	8
match_ilp_upper_bound:	8
match_ilp_runtime:	1.49e-07
mdd_ilp_solution_length:	8
mdd_ilp_upper_bound:	8
mdd_ilp_runtime:	4.8e-08
solution:	[14, 8, 1, 13, 0, 10, 6, 11, ]
