solved:	true
solution_length:	9
upper_bound:	9
solution_runtime:	0.000417822
heuristic_solution_length:	9
heuristic_solution_runtime:	0.000408886
heuristic_runtime:	0.00041469
solving_forward:	true
reduction_is_complete:	true
reduction_quality:	1
reduction_upper_bound:	9
reduction_runtime:	2.983e-06
mdd_memory_consumption:	0
main_process_memory_consumption:	0
match_ilp_solution_length:	9
match_ilp_upper_bound:	9
match_ilp_runtime:	1.49e-07
mdd_ilp_solution_length:	9
mdd_ilp_upper_bound:	9
mdd_ilp_runtime:	6.2e-08
solution:	[11, 7, 3, 5, 1, 13, 8, 4, 14, ]
