solved:	true
solution_length:	8
upper_bound:	8
solution_runtime:	0.000294337
heuristic_solution_length:	8
heuristic_solution_runtime:	0.000253526
heuristic_runtime:	0.000271414
solving_forward:	true
reduction_is_complete:	true
reduction_quality:	1
reduction_upper_bound:	8
reduction_runtime:	2.2778e-05
mdd_memory_consumption:	0
main_process_memory_consumption:	0
match_ilp_solution_length:	8
match_ilp_upper_bound:	8
match_ilp_runtime:	1.45e-07
mdd_ilp_solution_length:	8
mdd_ilp_upper_bound:	8
mdd_ilp_runtime:	6e-08
solution:	[0, 4, 2, 7, 5, 6, 3, 1, ]
