solved:	true
solution_length:	7
upper_bound:	7
solution_runtime:	0.000316585
heuristic_solution_length:	7
heuristic_solution_runtime:	0.00026934
heuristic_runtime:	0.000293105
solving_forward:	true
reduction_is_complete:	true
reduction_quality:	1
reduction_upper_bound:	7
reduction_runtime:	2.333e-05
mdd_memory_consumption:	0
main_process_memory_consumption:	0
match_ilp_solution_length:	7
match_ilp_upper_bound:	7
match_ilp_runtime:	1.5e-07
mdd_ilp_solution_length:	7
mdd_ilp_upper_bound:	7
mdd_ilp_runtime:	6.3e-08
solution:	[15, 5, 7, 9, 0, 4, 11, ]
