solved:	true
solution_length:	8
upper_bound:	8
solution_runtime:	0.000302149
heuristic_solution_length:	8
heuristic_solution_runtime:	0.000270001
heuristic_runtime:	0.000280198
solving_forward:	true
reduction_is_complete:	true
reduction_quality:	1
reduction_upper_bound:	8
reduction_runtime:	2.1814e-05
mdd_memory_consumption:	0
main_process_memory_consumption:	0
match_ilp_solution_length:	8
match_ilp_upper_bound:	8
match_ilp_runtime:	1.37e-07
mdd_ilp_solution_length:	8
mdd_ilp_upper_bound:	8
mdd_ilp_runtime:	4.5e-08
solution:	[5, 7, 6, 0, 4, 2, 3, 1, ]
