solved:	true
solution_length:	10
upper_bound:	10
solution_runtime:	0.000394821
heuristic_solution_length:	10
heuristic_solution_runtime:	0.000317739
heuristic_runtime:	0.000370344
solving_forward:	true
reduction_is_complete:	true
reduction_quality:	1
reduction_upper_bound:	10
reduction_runtime:	2.4318e-05
mdd_memory_consumption:	0
main_process_memory_consumption:	0
match_ilp_solution_length:	10
match_ilp_upper_bound:	10
match_ilp_runtime:	1.59e-07
mdd_ilp_solution_length:	10
mdd_ilp_upper_bound:	10
mdd_ilp_runtime:	6.5e-08
solution:	[0, 40, 22, 33, 47, 41, 44, 28, 12, 23, ]
