solved:	true
solution_length:	11
upper_bound:	11
solution_runtime:	0.000422053
heuristic_solution_length:	11
heuristic_solution_runtime:	0.000333225
heuristic_runtime:	0.00039908
solving_forward:	true
reduction_is_complete:	true
reduction_quality:	1
reduction_upper_bound:	11
reduction_runtime:	2.2836e-05
mdd_memory_consumption:	0
main_process_memory_consumption:	0
match_ilp_solution_length:	11
match_ilp_upper_bound:	11
match_ilp_runtime:	1.37e-07
mdd_ilp_solution_length:	11
mdd_ilp_upper_bound:	11
mdd_ilp_runtime:	6e-08
solution:	[16, 32, 2, 42, 22, 7, 38, 12, 14, 15, 1, ]
