solved:	true
solution_length:	13
upper_bound:	13
solution_runtime:	0.000710612
heuristic_solution_length:	13
heuristic_solution_runtime:	0.000522955
heuristic_runtime:	0.000686317
solving_forward:	true
reduction_is_complete:	true
reduction_quality:	1
reduction_upper_bound:	13
reduction_runtime:	2.4146e-05
mdd_memory_consumption:	0
main_process_memory_consumption:	0
match_ilp_solution_length:	13
match_ilp_upper_bound:	13
match_ilp_runtime:	1.49e-07
mdd_ilp_solution_length:	13
mdd_ilp_upper_bound:	13
mdd_ilp_runtime:	6.3e-08
solution:	[16, 4, 20, 2, 8, 17, 3, 21, 15, 10, 0, 14, 13, ]
