solved:	true
solution_length:	15
upper_bound:	15
solution_runtime:	0.000432977
heuristic_solution_length:	15
heuristic_solution_runtime:	0.000378083
heuristic_runtime:	0.000408962
solving_forward:	true
reduction_is_complete:	true
reduction_quality:	1
reduction_upper_bound:	15
reduction_runtime:	2.3849e-05
mdd_memory_consumption:	0
main_process_memory_consumption:	0
match_ilp_solution_length:	15
match_ilp_upper_bound:	15
match_ilp_runtime:	1.66e-07
mdd_ilp_solution_length:	15
mdd_ilp_upper_bound:	15
mdd_ilp_runtime:	8.3e-08
solution:	[11, 14, 19, 34, 9, 8, 3, 16, 18, 36, 47, 29, 38, 40, 27, ]
