solved:	true
solution_length:	13
upper_bound:	13
solution_runtime:	0.000351709
heuristic_solution_length:	13
heuristic_solution_runtime:	0.0003006
heuristic_runtime:	0.000328263
solving_forward:	true
reduction_is_complete:	true
reduction_quality:	1
reduction_upper_bound:	13
reduction_runtime:	2.3302e-05
mdd_memory_consumption:	0
main_process_memory_consumption:	0
match_ilp_solution_length:	13
match_ilp_upper_bound:	13
match_ilp_runtime:	1.44e-07
mdd_ilp_solution_length:	13
mdd_ilp_upper_bound:	13
mdd_ilp_runtime:	6e-08
solution:	[7, 35, 39, 41, 23, 25, 24, 14, 29, 20, 15, 31, 6, ]
