solved:	true
solution_length:	16
upper_bound:	16
solution_runtime:	0.000652052
heuristic_solution_length:	16
heuristic_solution_runtime:	0.000463101
heuristic_runtime:	0.000628885
solving_forward:	true
reduction_is_complete:	true
reduction_quality:	1
reduction_upper_bound:	16
reduction_runtime:	2.3023e-05
mdd_memory_consumption:	0
main_process_memory_consumption:	0
match_ilp_solution_length:	16
match_ilp_upper_bound:	16
match_ilp_runtime:	1.44e-07
mdd_ilp_solution_length:	16
mdd_ilp_upper_bound:	16
mdd_ilp_runtime:	4.7e-08
solution:	[12, 0, 9, 2, 7, 10, 15, 19, 3, 22, 5, 18, 4, 17, 16, 20, ]
