solved:	true
solution_length:	16
upper_bound:	16
solution_runtime:	0.00284878
heuristic_solution_length:	16
heuristic_solution_runtime:	0.000962213
heuristic_runtime:	0.00239561
solving_forward:	true
reduction_is_complete:	true
reduction_quality:	1
reduction_upper_bound:	16
reduction_runtime:	0.000453045
mdd_memory_consumption:	0
main_process_memory_consumption:	0
match_ilp_solution_length:	16
match_ilp_upper_bound:	16
match_ilp_runtime:	1.24e-07
mdd_ilp_solution_length:	16
mdd_ilp_upper_bound:	16
mdd_ilp_runtime:	4.7e-08
solution:	[23, 15, 1, 5, 13, 8, 11, 16, 19, 3, 10, 14, 0, 12, 9, 2, ]
