solved:	true
solution_length:	17
upper_bound:	17
solution_runtime:	0.000723942
heuristic_solution_length:	17
heuristic_solution_runtime:	0.000596462
heuristic_runtime:	0.000685435
solving_forward:	true
reduction_is_complete:	true
reduction_quality:	1
reduction_upper_bound:	17
reduction_runtime:	3.8327e-05
mdd_memory_consumption:	0
main_process_memory_consumption:	0
match_ilp_solution_length:	17
match_ilp_upper_bound:	17
match_ilp_runtime:	1.8e-07
mdd_ilp_solution_length:	17
mdd_ilp_upper_bound:	17
mdd_ilp_runtime:	7.5e-08
solution:	[17, 21, 16, 15, 19, 9, 23, 2, 6, 8, 0, 3, 12, 10, 22, 20, 7, ]
