solved:	true
solution_length:	15
upper_bound:	15
solution_runtime:	0.00371763
heuristic_solution_length:	15
heuristic_solution_runtime:	0.000593106
heuristic_runtime:	0.00250879
solving_forward:	true
reduction_is_complete:	true
reduction_quality:	1
reduction_upper_bound:	15
reduction_runtime:	0.0012087
mdd_memory_consumption:	0
main_process_memory_consumption:	0
match_ilp_solution_length:	15
match_ilp_upper_bound:	15
match_ilp_runtime:	1.39e-07
mdd_ilp_solution_length:	15
mdd_ilp_upper_bound:	15
mdd_ilp_runtime:	6.3e-08
solution:	[6, 12, 13, 0, 4, 1, 14, 11, 22, 18, 9, 5, 16, 21, 7, ]
