solved:	true
solution_length:	12
upper_bound:	12
solution_runtime:	0.000365592
heuristic_solution_length:	12
heuristic_solution_runtime:	0.000310092
heuristic_runtime:	0.00034251
solving_forward:	true
reduction_is_complete:	true
reduction_quality:	1
reduction_upper_bound:	12
reduction_runtime:	2.2938e-05
mdd_memory_consumption:	0
main_process_memory_consumption:	0
match_ilp_solution_length:	12
match_ilp_upper_bound:	12
match_ilp_runtime:	1.44e-07
mdd_ilp_solution_length:	12
mdd_ilp_upper_bound:	12
mdd_ilp_runtime:	5.1e-08
solution:	[38, 22, 33, 0, 15, 27, 12, 7, 43, 40, 34, 13, ]
