solved:	true
solution_length:	13
upper_bound:	13
solution_runtime:	0.00113378
heuristic_solution_length:	13
heuristic_solution_runtime:	0.000568322
heuristic_runtime:	0.00103261
solving_forward:	true
reduction_is_complete:	true
reduction_quality:	1
reduction_upper_bound:	13
reduction_runtime:	0.000101029
mdd_memory_consumption:	0
main_process_memory_consumption:	0
match_ilp_solution_length:	13
match_ilp_upper_bound:	13
match_ilp_runtime:	1.42e-07
mdd_ilp_solution_length:	13
mdd_ilp_upper_bound:	13
mdd_ilp_runtime:	4.9e-08
solution:	[22, 30, 26, 8, 14, 24, 37, 40, 19, 3, 34, 31, 20, ]
