solved:	true
solution_length:	17
upper_bound:	17
solution_runtime:	0.00208109
heuristic_solution_length:	17
heuristic_solution_runtime:	0.000487007
heuristic_runtime:	0.00180197
solving_forward:	true
reduction_is_complete:	true
reduction_quality:	1
reduction_upper_bound:	17
reduction_runtime:	0.000278959
mdd_memory_consumption:	0
main_process_memory_consumption:	0
match_ilp_solution_length:	17
match_ilp_upper_bound:	17
match_ilp_runtime:	1.61e-07
mdd_ilp_solution_length:	17
mdd_ilp_upper_bound:	17
mdd_ilp_runtime:	8.2e-08
solution:	[3, 12, 0, 14, 23, 18, 5, 6, 10, 15, 16, 13, 22, 11, 20, 9, 4, ]
