solved:	true
solution_length:	13
upper_bound:	13
solution_runtime:	0.000364868
heuristic_solution_length:	13
heuristic_solution_runtime:	0.000288769
heuristic_runtime:	0.000340926
solving_forward:	true
reduction_is_complete:	true
reduction_quality:	1
reduction_upper_bound:	13
reduction_runtime:	2.3793e-05
mdd_memory_consumption:	0
main_process_memory_consumption:	0
match_ilp_solution_length:	13
match_ilp_upper_bound:	13
match_ilp_runtime:	1.49e-07
mdd_ilp_solution_length:	13
mdd_ilp_upper_bound:	13
mdd_ilp_runtime:	6.3e-08
solution:	[36, 19, 30, 9, 18, 25, 34, 14, 7, 2, 23, 10, 43, ]
