solved:	true
solution_length:	14
upper_bound:	14
solution_runtime:	0.00101012
heuristic_solution_length:	14
heuristic_solution_runtime:	0.000426232
heuristic_runtime:	0.000876623
solving_forward:	true
reduction_is_complete:	true
reduction_quality:	1
reduction_upper_bound:	14
reduction_runtime:	0.000133344
mdd_memory_consumption:	0
main_process_memory_consumption:	0
match_ilp_solution_length:	14
match_ilp_upper_bound:	14
match_ilp_runtime:	1.51e-07
mdd_ilp_solution_length:	14
mdd_ilp_upper_bound:	14
mdd_ilp_runtime:	4.8e-08
solution:	[9, 17, 42, 35, 11, 14, 13, 2, 31, 16, 6, 34, 43, 10, ]
