solved:	true
solution_length:	15
upper_bound:	15
solution_runtime:	0.000396411
heuristic_solution_length:	15
heuristic_solution_runtime:	0.000339276
heuristic_runtime:	0.000371976
solving_forward:	true
reduction_is_complete:	true
reduction_quality:	1
reduction_upper_bound:	15
reduction_runtime:	2.4289e-05
mdd_memory_consumption:	0
main_process_memory_consumption:	0
match_ilp_solution_length:	15
match_ilp_upper_bound:	15
match_ilp_runtime:	1.46e-07
mdd_ilp_solution_length:	15
mdd_ilp_upper_bound:	15
mdd_ilp_runtime:	4.7e-08
solution:	[21, 13, 31, 37, 9, 17, 29, 46, 43, 32, 35, 27, 45, 11, 24, ]
