solved:	true
solution_length:	14
upper_bound:	14
solution_runtime:	0.00278304
heuristic_solution_length:	14
heuristic_solution_runtime:	0.000439882
heuristic_runtime:	0.00195778
solving_forward:	false
reduction_is_complete:	true
reduction_quality:	1
reduction_upper_bound:	14
reduction_runtime:	0.000825083
mdd_memory_consumption:	0
main_process_memory_consumption:	0
match_ilp_solution_length:	14
match_ilp_upper_bound:	14
match_ilp_runtime:	1.79e-07
mdd_ilp_solution_length:	14
mdd_ilp_upper_bound:	14
mdd_ilp_runtime:	4.9e-08
solution:	[10, 22, 17, 8, 20, 7, 3, 19, 1, 12, 23, 6, 13, 5, ]
