solved:	true
solution_length:	17
upper_bound:	17
solution_runtime:	0.00282235
heuristic_solution_length:	17
heuristic_solution_runtime:	0.000448574
heuristic_runtime:	0.00194922
solving_forward:	false
reduction_is_complete:	true
reduction_quality:	1
reduction_upper_bound:	17
reduction_runtime:	0.000872977
mdd_memory_consumption:	0
main_process_memory_consumption:	0
match_ilp_solution_length:	17
match_ilp_upper_bound:	17
match_ilp_runtime:	1.55e-07
mdd_ilp_solution_length:	17
mdd_ilp_upper_bound:	17
mdd_ilp_runtime:	5.1e-08
solution:	[22, 6, 10, 2, 8, 16, 19, 0, 4, 5, 23, 9, 1, 20, 14, 15, 3, ]
