solved:	true
solution_length:	15
upper_bound:	15
solution_runtime:	0.0237763
heuristic_solution_length:	15
heuristic_solution_runtime:	0.000527486
heuristic_runtime:	0.00247806
solving_forward:	false
reduction_is_complete:	true
reduction_quality:	1
reduction_upper_bound:	15
reduction_runtime:	0.021298
mdd_memory_consumption:	50984
main_process_memory_consumption:	0
match_ilp_solution_length:	15
match_ilp_upper_bound:	15
match_ilp_runtime:	2.38e-07
mdd_ilp_solution_length:	15
mdd_ilp_upper_bound:	15
mdd_ilp_runtime:	9.8e-08
solution:	[3, 20, 11, 18, 23, 19, 10, 6, 14, 21, 9, 1, 22, 4, 7, ]
