solved:	true
solution_length:	14
upper_bound:	14
solution_runtime:	0.000458765
heuristic_solution_length:	14
heuristic_solution_runtime:	0.000428046
heuristic_runtime:	0.000455668
solving_forward:	true
reduction_is_complete:	true
reduction_quality:	1
reduction_upper_bound:	14
reduction_runtime:	2.948e-06
mdd_memory_consumption:	0
main_process_memory_consumption:	0
match_ilp_solution_length:	14
match_ilp_upper_bound:	14
match_ilp_runtime:	1.49e-07
mdd_ilp_solution_length:	14
mdd_ilp_upper_bound:	14
mdd_ilp_runtime:	5.2e-08
solution:	[22, 14, 36, 5, 28, 17, 4, 23, 19, 8, 24, 33, 11, 30, ]
