solved:	true
solution_length:	13
upper_bound:	13
solution_runtime:	0.0006642
heuristic_solution_length:	13
heuristic_solution_runtime:	0.0005896
heuristic_runtime:	0.000640577
solving_forward:	true
reduction_is_complete:	true
reduction_quality:	1
reduction_upper_bound:	13
reduction_runtime:	2.3463e-05
mdd_memory_consumption:	0
main_process_memory_consumption:	0
match_ilp_solution_length:	13
match_ilp_upper_bound:	13
match_ilp_runtime:	1.6e-07
mdd_ilp_solution_length:	13
mdd_ilp_upper_bound:	13
mdd_ilp_runtime:	5.1e-08
solution:	[3, 16, 5, 34, 15, 21, 8, 37, 13, 0, 18, 38, 20, ]
