solved:	true
solution_length:	12
upper_bound:	12
solution_runtime:	0.000439858
heuristic_solution_length:	12
heuristic_solution_runtime:	0.000336496
heuristic_runtime:	0.000415723
solving_forward:	true
reduction_is_complete:	true
reduction_quality:	1
reduction_upper_bound:	12
reduction_runtime:	2.3961e-05
mdd_memory_consumption:	0
main_process_memory_consumption:	0
match_ilp_solution_length:	12
match_ilp_upper_bound:	12
match_ilp_runtime:	1.74e-07
mdd_ilp_solution_length:	12
mdd_ilp_upper_bound:	12
mdd_ilp_runtime:	7.8e-08
solution:	[38, 24, 22, 0, 34, 33, 26, 1, 9, 20, 31, 35, ]
