solved:	true
solution_length:	15
upper_bound:	15
solution_runtime:	0.000478397
heuristic_solution_length:	15
heuristic_solution_runtime:	0.000401107
heuristic_runtime:	0.000453143
solving_forward:	true
reduction_is_complete:	true
reduction_quality:	1
reduction_upper_bound:	15
reduction_runtime:	2.5105e-05
mdd_memory_consumption:	0
main_process_memory_consumption:	0
match_ilp_solution_length:	15
match_ilp_upper_bound:	15
match_ilp_runtime:	1.49e-07
mdd_ilp_solution_length:	15
mdd_ilp_upper_bound:	15
mdd_ilp_runtime:	6.3e-08
solution:	[36, 7, 29, 10, 32, 16, 0, 18, 22, 37, 2, 26, 28, 35, 39, ]
