solved:	true
solution_length:	13
upper_bound:	13
solution_runtime:	0.000471101
heuristic_solution_length:	13
heuristic_solution_runtime:	0.000459659
heuristic_runtime:	0.000468091
solving_forward:	true
reduction_is_complete:	true
reduction_quality:	1
reduction_upper_bound:	13
reduction_runtime:	2.858e-06
mdd_memory_consumption:	0
main_process_memory_consumption:	0
match_ilp_solution_length:	13
match_ilp_upper_bound:	13
match_ilp_runtime:	1.52e-07
mdd_ilp_solution_length:	13
mdd_ilp_upper_bound:	13
mdd_ilp_runtime:	6.4e-08
solution:	[7, 15, 23, 26, 6, 3, 20, 21, 8, 16, 22, 1, 19, ]
