solved:	true
solution_length:	10
upper_bound:	10
solution_runtime:	0.000997265
heuristic_solution_length:	10
heuristic_solution_runtime:	0.000502788
heuristic_runtime:	0.00091786
solving_forward:	true
reduction_is_complete:	true
reduction_quality:	1
reduction_upper_bound:	10
reduction_runtime:	7.9224e-05
mdd_memory_consumption:	0
main_process_memory_consumption:	0
match_ilp_solution_length:	10
match_ilp_upper_bound:	10
match_ilp_runtime:	1.81e-07
mdd_ilp_solution_length:	10
mdd_ilp_upper_bound:	10
mdd_ilp_runtime:	5.5e-08
solution:	[17, 15, 11, 34, 37, 31, 9, 36, 4, 25, ]
