solved:	true
solution_length:	14
upper_bound:	14
solution_runtime:	0.000574203
heuristic_solution_length:	14
heuristic_solution_runtime:	0.000510161
heuristic_runtime:	0.000550276
solving_forward:	true
reduction_is_complete:	true
reduction_quality:	1
reduction_upper_bound:	14
reduction_runtime:	2.3769e-05
mdd_memory_consumption:	0
main_process_memory_consumption:	0
match_ilp_solution_length:	14
match_ilp_upper_bound:	14
match_ilp_runtime:	1.58e-07
mdd_ilp_solution_length:	14
mdd_ilp_upper_bound:	14
mdd_ilp_runtime:	5.1e-08
solution:	[17, 36, 29, 22, 18, 1, 7, 16, 12, 39, 14, 30, 33, 26, ]
