solved:	true
solution_length:	14
upper_bound:	14
solution_runtime:	0.000516741
heuristic_solution_length:	14
heuristic_solution_runtime:	0.000408322
heuristic_runtime:	0.000490481
solving_forward:	true
reduction_is_complete:	true
reduction_quality:	1
reduction_upper_bound:	14
reduction_runtime:	2.609e-05
mdd_memory_consumption:	0
main_process_memory_consumption:	0
match_ilp_solution_length:	14
match_ilp_upper_bound:	14
match_ilp_runtime:	1.7e-07
mdd_ilp_solution_length:	14
mdd_ilp_upper_bound:	14
mdd_ilp_runtime:	5.4e-08
solution:	[16, 31, 7, 0, 4, 30, 39, 18, 22, 25, 9, 11, 23, 32, ]
