solved:	true
solution_length:	11
upper_bound:	11
solution_runtime:	0.000334892
heuristic_solution_length:	11
heuristic_solution_runtime:	0.000282749
heuristic_runtime:	0.000310867
solving_forward:	true
reduction_is_complete:	true
reduction_quality:	1
reduction_upper_bound:	11
reduction_runtime:	2.3859e-05
mdd_memory_consumption:	0
main_process_memory_consumption:	0
match_ilp_solution_length:	11
match_ilp_upper_bound:	11
match_ilp_runtime:	1.66e-07
mdd_ilp_solution_length:	11
mdd_ilp_upper_bound:	11
mdd_ilp_runtime:	7e-08
solution:	[15, 53, 4, 20, 55, 35, 52, 54, 39, 46, 51, ]
