solved:	true
solution_length:	12
upper_bound:	12
solution_runtime:	0.000354383
heuristic_solution_length:	12
heuristic_solution_runtime:	0.000300576
heuristic_runtime:	0.000330626
solving_forward:	true
reduction_is_complete:	true
reduction_quality:	1
reduction_upper_bound:	12
reduction_runtime:	2.359e-05
mdd_memory_consumption:	0
main_process_memory_consumption:	0
match_ilp_solution_length:	12
match_ilp_upper_bound:	12
match_ilp_runtime:	1.67e-07
mdd_ilp_solution_length:	12
mdd_ilp_upper_bound:	12
mdd_ilp_runtime:	6.4e-08
solution:	[19, 28, 17, 12, 43, 40, 8, 30, 21, 16, 18, 22, ]
