solved:	true
solution_length:	13
upper_bound:	13
solution_runtime:	0.000415436
heuristic_solution_length:	13
heuristic_solution_runtime:	0.000352798
heuristic_runtime:	0.00038777
solving_forward:	true
reduction_is_complete:	true
reduction_quality:	1
reduction_upper_bound:	13
reduction_runtime:	2.7508e-05
mdd_memory_consumption:	0
main_process_memory_consumption:	0
match_ilp_solution_length:	13
match_ilp_upper_bound:	13
match_ilp_runtime:	1.58e-07
mdd_ilp_solution_length:	13
mdd_ilp_upper_bound:	13
mdd_ilp_runtime:	7.3e-08
solution:	[21, 43, 6, 9, 30, 45, 52, 54, 10, 33, 14, 41, 44, ]
