solved:	true
solution_length:	12
upper_bound:	12
solution_runtime:	0.000774058
heuristic_solution_length:	12
heuristic_solution_runtime:	0.00039527
heuristic_runtime:	0.000728626
solving_forward:	true
reduction_is_complete:	true
reduction_quality:	1
reduction_upper_bound:	12
reduction_runtime:	4.5264e-05
mdd_memory_consumption:	0
main_process_memory_consumption:	0
match_ilp_solution_length:	12
match_ilp_upper_bound:	12
match_ilp_runtime:	1.68e-07
mdd_ilp_solution_length:	12
mdd_ilp_upper_bound:	12
mdd_ilp_runtime:	6.3e-08
solution:	[16, 34, 1, 21, 11, 41, 49, 45, 43, 47, 18, 26, ]
