solved:	true
solution_length:	13
upper_bound:	13
solution_runtime:	0.000391534
heuristic_solution_length:	13
heuristic_solution_runtime:	0.000334298
heuristic_runtime:	0.000367708
solving_forward:	true
reduction_is_complete:	true
reduction_quality:	1
reduction_upper_bound:	13
reduction_runtime:	2.3674e-05
mdd_memory_consumption:	0
main_process_memory_consumption:	0
match_ilp_solution_length:	13
match_ilp_upper_bound:	13
match_ilp_runtime:	1.52e-07
mdd_ilp_solution_length:	13
mdd_ilp_upper_bound:	13
mdd_ilp_runtime:	6.4e-08
solution:	[4, 15, 51, 34, 47, 23, 32, 5, 30, 52, 44, 12, 38, ]
