solved:	true
solution_length:	12
upper_bound:	12
solution_runtime:	0.000424668
heuristic_solution_length:	12
heuristic_solution_runtime:	0.000345104
heuristic_runtime:	0.000400458
solving_forward:	true
reduction_is_complete:	true
reduction_quality:	1
reduction_upper_bound:	12
reduction_runtime:	2.4037e-05
mdd_memory_consumption:	0
main_process_memory_consumption:	0
match_ilp_solution_length:	12
match_ilp_upper_bound:	12
match_ilp_runtime:	1.73e-07
mdd_ilp_solution_length:	12
mdd_ilp_upper_bound:	12
mdd_ilp_runtime:	5.8e-08
solution:	[33, 30, 54, 40, 50, 17, 28, 53, 51, 4, 45, 26, ]
