solved:	true
solution_length:	10
upper_bound:	10
solution_runtime:	0.000402495
heuristic_solution_length:	10
heuristic_solution_runtime:	0.000320176
heuristic_runtime:	0.000374567
solving_forward:	true
reduction_is_complete:	true
reduction_quality:	1
reduction_upper_bound:	10
reduction_runtime:	2.7748e-05
mdd_memory_consumption:	0
main_process_memory_consumption:	0
match_ilp_solution_length:	10
match_ilp_upper_bound:	10
match_ilp_runtime:	1.8e-07
mdd_ilp_solution_length:	10
mdd_ilp_upper_bound:	10
mdd_ilp_runtime:	7.1e-08
solution:	[43, 51, 25, 54, 50, 20, 12, 42, 30, 41, ]
