solved:	true
solution_length:	11
upper_bound:	11
solution_runtime:	0.000367065
heuristic_solution_length:	11
heuristic_solution_runtime:	0.00030141
heuristic_runtime:	0.000332325
solving_forward:	true
reduction_is_complete:	true
reduction_quality:	1
reduction_upper_bound:	11
reduction_runtime:	3.4569e-05
mdd_memory_consumption:	0
main_process_memory_consumption:	0
match_ilp_solution_length:	11
match_ilp_upper_bound:	11
match_ilp_runtime:	1.71e-07
mdd_ilp_solution_length:	11
mdd_ilp_upper_bound:	11
mdd_ilp_runtime:	7.2e-08
solution:	[42, 10, 27, 55, 49, 24, 9, 4, 19, 3, 2, ]
