solved:	true
solution_length:	15
upper_bound:	15
solution_runtime:	0.000992493
heuristic_solution_length:	15
heuristic_solution_runtime:	0.000980971
heuristic_runtime:	0.000988914
solving_forward:	true
reduction_is_complete:	true
reduction_quality:	1
reduction_upper_bound:	15
reduction_runtime:	3.367e-06
mdd_memory_consumption:	0
main_process_memory_consumption:	0
match_ilp_solution_length:	15
match_ilp_upper_bound:	15
match_ilp_runtime:	2.12e-07
mdd_ilp_solution_length:	15
mdd_ilp_upper_bound:	15
mdd_ilp_runtime:	7.2e-08
solution:	[1, 13, 12, 3, 5, 6, 7, 10, 11, 0, 4, 14, 15, 8, 9, ]
