solved:	true
solution_length:	13
upper_bound:	13
solution_runtime:	0.00121461
heuristic_solution_length:	13
heuristic_solution_runtime:	0.000383447
heuristic_runtime:	0.00109929
solving_forward:	true
reduction_is_complete:	true
reduction_quality:	1
reduction_upper_bound:	13
reduction_runtime:	0.000115172
mdd_memory_consumption:	0
main_process_memory_consumption:	0
match_ilp_solution_length:	13
match_ilp_upper_bound:	13
match_ilp_runtime:	1.49e-07
mdd_ilp_solution_length:	13
mdd_ilp_upper_bound:	13
mdd_ilp_runtime:	6.2e-08
solution:	[10, 14, 17, 27, 1, 21, 15, 29, 12, 0, 24, 4, 26, ]
