solved:	true
solution_length:	8
upper_bound:	8
solution_runtime:	0.00105113
heuristic_solution_length:	8
heuristic_solution_runtime:	0.000964434
heuristic_runtime:	0.00102638
solving_forward:	true
reduction_is_complete:	true
reduction_quality:	1
reduction_upper_bound:	8
reduction_runtime:	2.459e-05
mdd_memory_consumption:	0
main_process_memory_consumption:	0
match_ilp_solution_length:	8
match_ilp_upper_bound:	8
match_ilp_runtime:	1.58e-07
mdd_ilp_solution_length:	8
mdd_ilp_upper_bound:	8
mdd_ilp_runtime:	6.4e-08
solution:	[5, 2, 0, 6, 1, 3, 7, 4, ]
