solved:	true
solution_length:	15
upper_bound:	15
solution_runtime:	0.000926974
heuristic_solution_length:	15
heuristic_solution_runtime:	0.000385793
heuristic_runtime:	0.000860832
solving_forward:	true
reduction_is_complete:	true
reduction_quality:	1
reduction_upper_bound:	15
reduction_runtime:	6.6003e-05
mdd_memory_consumption:	0
main_process_memory_consumption:	0
match_ilp_solution_length:	15
match_ilp_upper_bound:	15
match_ilp_runtime:	1.39e-07
mdd_ilp_solution_length:	15
mdd_ilp_upper_bound:	15
mdd_ilp_runtime:	6.2e-08
solution:	[19, 12, 7, 5, 14, 3, 21, 6, 13, 30, 1, 4, 20, 0, 8, ]
