solved:	true
solution_length:	15
upper_bound:	15
solution_runtime:	0.000591524
heuristic_solution_length:	15
heuristic_solution_runtime:	0.000470263
heuristic_runtime:	0.000567381
solving_forward:	true
reduction_is_complete:	true
reduction_quality:	1
reduction_upper_bound:	15
reduction_runtime:	2.3994e-05
mdd_memory_consumption:	0
main_process_memory_consumption:	0
match_ilp_solution_length:	15
match_ilp_upper_bound:	15
match_ilp_runtime:	1.49e-07
mdd_ilp_solution_length:	15
mdd_ilp_upper_bound:	15
mdd_ilp_runtime:	6.3e-08
solution:	[14, 17, 12, 10, 0, 31, 13, 3, 4, 24, 16, 30, 29, 26, 18, ]
