solved:	true
solution_length:	8
upper_bound:	8
solution_runtime:	0.00111206
heuristic_solution_length:	8
heuristic_solution_runtime:	0.00103192
heuristic_runtime:	0.00108785
solving_forward:	true
reduction_is_complete:	true
reduction_quality:	1
reduction_upper_bound:	8
reduction_runtime:	2.4058e-05
mdd_memory_consumption:	0
main_process_memory_consumption:	0
match_ilp_solution_length:	8
match_ilp_upper_bound:	8
match_ilp_runtime:	1.57e-07
mdd_ilp_solution_length:	8
mdd_ilp_upper_bound:	8
mdd_ilp_runtime:	6.3e-08
solution:	[0, 6, 4, 3, 7, 2, 5, 1, ]
