solved:	true
solution_length:	15
upper_bound:	15
solution_runtime:	0.00114954
heuristic_solution_length:	15
heuristic_solution_runtime:	0.000756036
heuristic_runtime:	0.00112494
solving_forward:	true
reduction_is_complete:	true
reduction_quality:	1
reduction_upper_bound:	15
reduction_runtime:	2.4438e-05
mdd_memory_consumption:	0
main_process_memory_consumption:	0
match_ilp_solution_length:	15
match_ilp_upper_bound:	15
match_ilp_runtime:	1.62e-07
mdd_ilp_solution_length:	15
mdd_ilp_upper_bound:	15
mdd_ilp_runtime:	6.7e-08
solution:	[8, 2, 5, 9, 0, 1, 6, 15, 13, 10, 14, 11, 7, 4, 12, ]
