solved:	true
solution_length:	16
upper_bound:	16
solution_runtime:	0.00184048
heuristic_solution_length:	16
heuristic_solution_runtime:	0.000545649
heuristic_runtime:	0.00148568
solving_forward:	true
reduction_is_complete:	true
reduction_quality:	1
reduction_upper_bound:	16
reduction_runtime:	0.000354621
mdd_memory_consumption:	0
main_process_memory_consumption:	0
match_ilp_solution_length:	16
match_ilp_upper_bound:	16
match_ilp_runtime:	1.74e-07
mdd_ilp_solution_length:	16
mdd_ilp_upper_bound:	16
mdd_ilp_runtime:	8e-08
solution:	[9, 30, 2, 23, 6, 22, 26, 3, 29, 7, 1, 31, 28, 25, 5, 24, ]
