solved:	true
solution_length:	13
upper_bound:	13
solution_runtime:	0.0017672
heuristic_solution_length:	13
heuristic_solution_runtime:	0.000664018
heuristic_runtime:	0.00151801
solving_forward:	true
reduction_is_complete:	true
reduction_quality:	1
reduction_upper_bound:	13
reduction_runtime:	0.000249048
mdd_memory_consumption:	0
main_process_memory_consumption:	0
match_ilp_solution_length:	13
match_ilp_upper_bound:	13
match_ilp_runtime:	1.4e-07
mdd_ilp_solution_length:	13
mdd_ilp_upper_bound:	13
mdd_ilp_runtime:	6.6e-08
solution:	[20, 2, 14, 30, 23, 8, 25, 15, 9, 12, 11, 31, 3, ]
