solved:	true
solution_length:	12
upper_bound:	12
solution_runtime:	0.0007695
heuristic_solution_length:	12
heuristic_solution_runtime:	0.000666468
heuristic_runtime:	0.000741414
solving_forward:	true
reduction_is_complete:	true
reduction_quality:	1
reduction_upper_bound:	12
reduction_runtime:	2.7905e-05
mdd_memory_consumption:	0
main_process_memory_consumption:	0
match_ilp_solution_length:	12
match_ilp_upper_bound:	12
match_ilp_runtime:	1.81e-07
mdd_ilp_solution_length:	12
mdd_ilp_upper_bound:	12
mdd_ilp_runtime:	7.2e-08
solution:	[4, 3, 14, 7, 6, 11, 9, 2, 1, 12, 13, 5, ]
