solved:	true
solution_length:	16
upper_bound:	16
solution_runtime:	0.000779825
heuristic_solution_length:	16
heuristic_solution_runtime:	0.000769106
heuristic_runtime:	0.000776714
solving_forward:	true
reduction_is_complete:	true
reduction_quality:	1
reduction_upper_bound:	16
reduction_runtime:	2.963e-06
mdd_memory_consumption:	0
main_process_memory_consumption:	0
match_ilp_solution_length:	16
match_ilp_upper_bound:	16
match_ilp_runtime:	1.48e-07
mdd_ilp_solution_length:	16
mdd_ilp_upper_bound:	16
mdd_ilp_runtime:	6.4e-08
solution:	[15, 3, 5, 13, 12, 7, 4, 9, 8, 1, 6, 10, 11, 2, 14, 0, ]
