solved:	true
solution_length:	17
upper_bound:	17
solution_runtime:	0.000584473
heuristic_solution_length:	17
heuristic_solution_runtime:	0.00044363
heuristic_runtime:	0.000560118
solving_forward:	true
reduction_is_complete:	true
reduction_quality:	1
reduction_upper_bound:	17
reduction_runtime:	2.4205e-05
mdd_memory_consumption:	0
main_process_memory_consumption:	0
match_ilp_solution_length:	17
match_ilp_upper_bound:	17
match_ilp_runtime:	1.5e-07
mdd_ilp_solution_length:	17
mdd_ilp_upper_bound:	17
mdd_ilp_runtime:	6.2e-08
solution:	[20, 27, 23, 21, 25, 6, 3, 16, 0, 18, 10, 14, 1, 30, 22, 13, 5, ]
