solved:	true
solution_length:	15
upper_bound:	15
solution_runtime:	0.000726643
heuristic_solution_length:	15
heuristic_solution_runtime:	0.000589004
heuristic_runtime:	0.000703592
solving_forward:	true
reduction_is_complete:	true
reduction_quality:	1
reduction_upper_bound:	15
reduction_runtime:	2.291e-05
mdd_memory_consumption:	0
main_process_memory_consumption:	0
match_ilp_solution_length:	15
match_ilp_upper_bound:	15
match_ilp_runtime:	1.41e-07
mdd_ilp_solution_length:	15
mdd_ilp_upper_bound:	15
mdd_ilp_runtime:	4.9e-08
solution:	[1, 11, 9, 0, 10, 14, 15, 8, 3, 4, 7, 5, 2, 6, 13, ]
