solved:	true
solution_length:	15
upper_bound:	15
solution_runtime:	0.000940316
heuristic_solution_length:	15
heuristic_solution_runtime:	0.000856576
heuristic_runtime:	0.000916107
solving_forward:	true
reduction_is_complete:	true
reduction_quality:	1
reduction_upper_bound:	15
reduction_runtime:	2.4066e-05
mdd_memory_consumption:	0
main_process_memory_consumption:	0
match_ilp_solution_length:	15
match_ilp_upper_bound:	15
match_ilp_runtime:	1.43e-07
mdd_ilp_solution_length:	15
mdd_ilp_upper_bound:	15
mdd_ilp_runtime:	6.2e-08
solution:	[0, 10, 5, 15, 2, 3, 9, 7, 8, 12, 14, 13, 1, 6, 11, ]
