solved:	true
solution_length:	46
upper_bound:	46
solution_runtime:	0.026219
heuristic_solution_length:	46
heuristic_solution_runtime:	0.00488956
heuristic_runtime:	0.0234115
solving_forward:	true
reduction_is_complete:	true
reduction_quality:	1
reduction_upper_bound:	46
reduction_runtime:	0.00280741
mdd_memory_consumption:	0
main_process_memory_consumption:	0
match_ilp_solution_length:	46
match_ilp_upper_bound:	46
match_ilp_runtime:	9.7e-08
mdd_ilp_solution_length:	46
mdd_ilp_upper_bound:	46
mdd_ilp_runtime:	3.2e-08
solution:	[27, 12, 52, 4, 116, 127, 28, 118, 84, 72, 47, 71, 42, 46, 10, 5, 103, 43, 93, 108, 60, 86, 92, 14, 6, 98, 119, 34, 77, 95, 39, 90, 64, 70, 51, 75, 18, 13, 49, 29, 82, 56, 40, 117, 16, 20, ]
