solved:	true
solution_length:	36
upper_bound:	36
solution_runtime:	0.00434588
heuristic_solution_length:	36
heuristic_solution_runtime:	0.00414735
heuristic_runtime:	0.00432326
solving_forward:	true
reduction_is_complete:	true
reduction_quality:	1
reduction_upper_bound:	36
reduction_runtime:	2.249e-05
mdd_memory_consumption:	0
main_process_memory_consumption:	0
match_ilp_solution_length:	36
match_ilp_upper_bound:	36
match_ilp_runtime:	1.39e-07
mdd_ilp_solution_length:	36
mdd_ilp_upper_bound:	36
mdd_ilp_runtime:	4.6e-08
solution:	[119, 14, 13, 81, 114, 92, 85, 63, 24, 45, 47, 69, 74, 25, 3, 70, 60, 32, 30, 2, 67, 90, 38, 56, 5, 109, 23, 101, 57, 58, 7, 79, 22, 124, 78, 6, ]
