solved:	true
solution_length:	36
upper_bound:	36
solution_runtime:	0.0136096
heuristic_solution_length:	36
heuristic_solution_runtime:	0.00464878
heuristic_runtime:	0.0127708
solving_forward:	true
reduction_is_complete:	true
reduction_quality:	1
reduction_upper_bound:	36
reduction_runtime:	0.000838652
mdd_memory_consumption:	0
main_process_memory_consumption:	0
match_ilp_solution_length:	36
match_ilp_upper_bound:	36
match_ilp_runtime:	1.26e-07
mdd_ilp_solution_length:	36
mdd_ilp_upper_bound:	36
mdd_ilp_runtime:	5.6e-08
solution:	[72, 1, 78, 98, 124, 26, 49, 114, 116, 33, 106, 41, 92, 85, 6, 40, 75, 48, 110, 16, 3, 68, 7, 44, 119, 95, 69, 54, 61, 97, 125, 17, 60, 101, 99, 73, ]
