solved:	true
solution_length:	9
upper_bound:	9
solution_runtime:	0.000472095
heuristic_solution_length:	9
heuristic_solution_runtime:	0.000409673
heuristic_runtime:	0.00044779
solving_forward:	true
reduction_is_complete:	true
reduction_quality:	1
reduction_upper_bound:	9
reduction_runtime:	2.4156e-05
mdd_memory_consumption:	0
main_process_memory_consumption:	0
match_ilp_solution_length:	9
match_ilp_upper_bound:	9
match_ilp_runtime:	1.49e-07
mdd_ilp_solution_length:	9
mdd_ilp_upper_bound:	9
mdd_ilp_runtime:	6.2e-08
solution:	[3, 5, 9, 7, 0, 10, 1, 11, 13, ]
