solved:	true
solution_length:	11
upper_bound:	11
solution_runtime:	0.000323456
heuristic_solution_length:	11
heuristic_solution_runtime:	0.000226426
heuristic_runtime:	0.000299977
solving_forward:	true
reduction_is_complete:	true
reduction_quality:	1
reduction_upper_bound:	11
reduction_runtime:	2.3329e-05
mdd_memory_consumption:	0
main_process_memory_consumption:	0
match_ilp_solution_length:	11
match_ilp_upper_bound:	11
match_ilp_runtime:	1.5e-07
mdd_ilp_solution_length:	11
mdd_ilp_upper_bound:	11
mdd_ilp_runtime:	4.6e-08
solution:	[13, 3, 12, 14, 10, 4, 9, 6, 1, 0, 7, ]
