solved:	true
solution_length:	8
upper_bound:	8
solution_runtime:	0.000455845
heuristic_solution_length:	8
heuristic_solution_runtime:	0.000400012
heuristic_runtime:	0.000433382
solving_forward:	true
reduction_is_complete:	true
reduction_quality:	1
reduction_upper_bound:	8
reduction_runtime:	2.2321e-05
mdd_memory_consumption:	0
main_process_memory_consumption:	0
match_ilp_solution_length:	8
match_ilp_upper_bound:	8
match_ilp_runtime:	1.42e-07
mdd_ilp_solution_length:	8
mdd_ilp_upper_bound:	8
mdd_ilp_runtime:	4.6e-08
solution:	[11, 9, 15, 1, 7, 10, 2, 6, ]
