solved:	true
solution_length:	10
upper_bound:	10
solution_runtime:	0.000380771
heuristic_solution_length:	10
heuristic_solution_runtime:	0.000283632
heuristic_runtime:	0.000357068
solving_forward:	true
reduction_is_complete:	true
reduction_quality:	1
reduction_upper_bound:	10
reduction_runtime:	2.3553e-05
mdd_memory_consumption:	0
main_process_memory_consumption:	0
match_ilp_solution_length:	10
match_ilp_upper_bound:	10
match_ilp_runtime:	1.5e-07
mdd_ilp_solution_length:	10
mdd_ilp_upper_bound:	10
mdd_ilp_runtime:	6.6e-08
solution:	[7, 6, 11, 12, 15, 8, 14, 2, 5, 1, ]
