solved:	true
solution_length:	13
upper_bound:	13
solution_runtime:	0.0003631
heuristic_solution_length:	13
heuristic_solution_runtime:	0.000267462
heuristic_runtime:	0.000339041
solving_forward:	true
reduction_is_complete:	true
reduction_quality:	1
reduction_upper_bound:	13
reduction_runtime:	2.3902e-05
mdd_memory_consumption:	0
main_process_memory_consumption:	0
match_ilp_solution_length:	13
match_ilp_upper_bound:	13
match_ilp_runtime:	1.57e-07
mdd_ilp_solution_length:	13
mdd_ilp_upper_bound:	13
mdd_ilp_runtime:	6.4e-08
solution:	[11, 2, 4, 13, 14, 15, 6, 12, 9, 0, 1, 3, 5, ]
