solved:	true
solution_length:	12
upper_bound:	12
solution_runtime:	0.000633275
heuristic_solution_length:	12
heuristic_solution_runtime:	0.000552774
heuristic_runtime:	0.000609198
solving_forward:	true
reduction_is_complete:	true
reduction_quality:	1
reduction_upper_bound:	12
reduction_runtime:	2.3924e-05
mdd_memory_consumption:	0
main_process_memory_consumption:	0
match_ilp_solution_length:	12
match_ilp_upper_bound:	12
match_ilp_runtime:	1.53e-07
mdd_ilp_solution_length:	12
mdd_ilp_upper_bound:	12
mdd_ilp_runtime:	6.4e-08
solution:	[7, 2, 1, 10, 12, 15, 0, 3, 6, 11, 8, 9, ]
