solved:	true
solution_length:	10
upper_bound:	10
solution_runtime:	0.000301208
heuristic_solution_length:	10
heuristic_solution_runtime:	0.000226494
heuristic_runtime:	0.000277837
solving_forward:	true
reduction_is_complete:	true
reduction_quality:	1
reduction_upper_bound:	10
reduction_runtime:	2.3214e-05
mdd_memory_consumption:	0
main_process_memory_consumption:	0
match_ilp_solution_length:	10
match_ilp_upper_bound:	10
match_ilp_runtime:	1.57e-07
mdd_ilp_solution_length:	10
mdd_ilp_upper_bound:	10
mdd_ilp_runtime:	7.6e-08
solution:	[10, 11, 4, 8, 14, 1, 2, 3, 5, 9, ]
