solved:	true
solution_length:	11
upper_bound:	11
solution_runtime:	0.000424462
heuristic_solution_length:	11
heuristic_solution_runtime:	0.000386403
heuristic_runtime:	0.000421168
solving_forward:	true
reduction_is_complete:	true
reduction_quality:	1
reduction_upper_bound:	11
reduction_runtime:	3.145e-06
mdd_memory_consumption:	0
main_process_memory_consumption:	0
match_ilp_solution_length:	11
match_ilp_upper_bound:	11
match_ilp_runtime:	1.49e-07
mdd_ilp_solution_length:	11
mdd_ilp_upper_bound:	11
mdd_ilp_runtime:	5.3e-08
solution:	[12, 8, 5, 15, 11, 1, 6, 14, 13, 2, 10, ]
