solved:	true
solution_length:	14
upper_bound:	14
solution_runtime:	0.000273677
heuristic_solution_length:	14
heuristic_solution_runtime:	0.00021732
heuristic_runtime:	0.000250038
solving_forward:	true
reduction_is_complete:	true
reduction_quality:	1
reduction_upper_bound:	14
reduction_runtime:	2.349e-05
mdd_memory_consumption:	0
main_process_memory_consumption:	0
match_ilp_solution_length:	14
match_ilp_upper_bound:	14
match_ilp_runtime:	1.49e-07
mdd_ilp_solution_length:	14
mdd_ilp_upper_bound:	14
mdd_ilp_runtime:	4.9e-08
solution:	[12, 3, 10, 4, 5, 13, 15, 6, 7, 0, 9, 11, 1, 14, ]
