solved:	true
solution_length:	12
upper_bound:	12
solution_runtime:	0.00182727
heuristic_solution_length:	12
heuristic_solution_runtime:	0.000345327
heuristic_runtime:	0.00139756
solving_forward:	true
reduction_is_complete:	true
reduction_quality:	1
reduction_upper_bound:	12
reduction_runtime:	0.000429578
mdd_memory_consumption:	0
main_process_memory_consumption:	0
match_ilp_solution_length:	12
match_ilp_upper_bound:	12
match_ilp_runtime:	1.39e-07
mdd_ilp_solution_length:	12
mdd_ilp_upper_bound:	12
mdd_ilp_runtime:	6.3e-08
solution:	[5, 2, 12, 3, 9, 14, 8, 15, 10, 6, 11, 7, ]
