solved:	true
solution_length:	11
upper_bound:	11
solution_runtime:	0.000262855
heuristic_solution_length:	11
heuristic_solution_runtime:	0.000196708
heuristic_runtime:	0.000238567
solving_forward:	true
reduction_is_complete:	true
reduction_quality:	1
reduction_upper_bound:	11
reduction_runtime:	2.4138e-05
mdd_memory_consumption:	0
main_process_memory_consumption:	0
match_ilp_solution_length:	11
match_ilp_upper_bound:	11
match_ilp_runtime:	1.5e-07
mdd_ilp_solution_length:	11
mdd_ilp_upper_bound:	11
mdd_ilp_runtime:	6.2e-08
solution:	[3, 12, 2, 8, 6, 15, 10, 7, 11, 9, 13, ]
