solved:	true
solution_length:	13
upper_bound:	13
solution_runtime:	0.000718744
heuristic_solution_length:	13
heuristic_solution_runtime:	0.000621038
heuristic_runtime:	0.000694473
solving_forward:	true
reduction_is_complete:	true
reduction_quality:	1
reduction_upper_bound:	13
reduction_runtime:	2.4121e-05
mdd_memory_consumption:	0
main_process_memory_consumption:	0
match_ilp_solution_length:	13
match_ilp_upper_bound:	13
match_ilp_runtime:	1.5e-07
mdd_ilp_solution_length:	13
mdd_ilp_upper_bound:	13
mdd_ilp_runtime:	6.3e-08
solution:	[14, 3, 15, 4, 13, 2, 10, 11, 1, 7, 6, 8, 0, ]
