solved:	true
solution_length:	11
upper_bound:	11
solution_runtime:	0.00146272
heuristic_solution_length:	11
heuristic_solution_runtime:	0.000360944
heuristic_runtime:	0.00127146
solving_forward:	true
reduction_is_complete:	true
reduction_quality:	1
reduction_upper_bound:	11
reduction_runtime:	0.000191111
mdd_memory_consumption:	0
main_process_memory_consumption:	0
match_ilp_solution_length:	11
match_ilp_upper_bound:	11
match_ilp_runtime:	1.51e-07
mdd_ilp_solution_length:	11
mdd_ilp_upper_bound:	11
mdd_ilp_runtime:	6.2e-08
solution:	[8, 4, 2, 1, 6, 5, 11, 9, 12, 15, 14, ]
