solved:	true
solution_length:	12
upper_bound:	12
solution_runtime:	0.00130268
heuristic_solution_length:	12
heuristic_solution_runtime:	0.000270942
heuristic_runtime:	0.00109602
solving_forward:	true
reduction_is_complete:	true
reduction_quality:	1
reduction_upper_bound:	12
reduction_runtime:	0.000206532
mdd_memory_consumption:	0
main_process_memory_consumption:	0
match_ilp_solution_length:	12
match_ilp_upper_bound:	12
match_ilp_runtime:	1.36e-07
mdd_ilp_solution_length:	12
mdd_ilp_upper_bound:	12
mdd_ilp_runtime:	4.6e-08
solution:	[1, 0, 14, 11, 8, 10, 13, 6, 2, 15, 12, 3, ]
