solved:	true
solution_length:	13
upper_bound:	13
solution_runtime:	0.000511395
heuristic_solution_length:	13
heuristic_solution_runtime:	0.000501936
heuristic_runtime:	0.000508316
solving_forward:	true
reduction_is_complete:	true
reduction_quality:	1
reduction_upper_bound:	13
reduction_runtime:	2.93e-06
mdd_memory_consumption:	0
main_process_memory_consumption:	0
match_ilp_solution_length:	13
match_ilp_upper_bound:	13
match_ilp_runtime:	1.49e-07
mdd_ilp_solution_length:	13
mdd_ilp_upper_bound:	13
mdd_ilp_runtime:	6.3e-08
solution:	[5, 14, 9, 11, 0, 1, 4, 15, 12, 2, 7, 3, 6, ]
