solved:	true
solution_length:	12
upper_bound:	12
solution_runtime:	0.0035217
heuristic_solution_length:	12
heuristic_solution_runtime:	0.00046779
heuristic_runtime:	0.00222084
solving_forward:	true
reduction_is_complete:	true
reduction_quality:	1
reduction_upper_bound:	12
reduction_runtime:	0.00130072
mdd_memory_consumption:	0
main_process_memory_consumption:	0
match_ilp_solution_length:	12
match_ilp_upper_bound:	12
match_ilp_runtime:	1.43e-07
mdd_ilp_solution_length:	12
mdd_ilp_upper_bound:	12
mdd_ilp_runtime:	7.6e-08
solution:	[15, 7, 4, 12, 14, 2, 5, 0, 13, 3, 1, 6, ]
