solved:	true
solution_length:	13
upper_bound:	13
solution_runtime:	0.0212257
heuristic_solution_length:	13
heuristic_solution_runtime:	0.000503043
heuristic_runtime:	0.00228014
solving_forward:	false
reduction_is_complete:	true
reduction_quality:	1
reduction_upper_bound:	13
reduction_runtime:	0.0189451
mdd_memory_consumption:	51048
main_process_memory_consumption:	0
match_ilp_solution_length:	13
match_ilp_upper_bound:	13
match_ilp_runtime:	4.36e-07
mdd_ilp_solution_length:	13
mdd_ilp_upper_bound:	13
mdd_ilp_runtime:	1.5e-07
solution:	[6, 10, 2, 8, 4, 5, 3, 15, 1, 14, 13, 11, 12, ]
