solved:	true
solution_length:	15
upper_bound:	15
solution_runtime:	0.000587853
heuristic_solution_length:	15
heuristic_solution_runtime:	0.000436093
heuristic_runtime:	0.000563378
solving_forward:	true
reduction_is_complete:	true
reduction_quality:	1
reduction_upper_bound:	15
reduction_runtime:	2.4326e-05
mdd_memory_consumption:	0
main_process_memory_consumption:	0
match_ilp_solution_length:	15
match_ilp_upper_bound:	15
match_ilp_runtime:	1.49e-07
mdd_ilp_solution_length:	15
mdd_ilp_upper_bound:	15
mdd_ilp_runtime:	6.3e-08
solution:	[4, 11, 12, 8, 13, 2, 5, 10, 14, 9, 3, 0, 15, 7, 6, ]
