solved:	true
solution_length:	13
upper_bound:	13
solution_runtime:	0.000528902
heuristic_solution_length:	13
heuristic_solution_runtime:	0.000389717
heuristic_runtime:	0.000504008
solving_forward:	true
reduction_is_complete:	true
reduction_quality:	1
reduction_upper_bound:	13
reduction_runtime:	2.4745e-05
mdd_memory_consumption:	0
main_process_memory_consumption:	0
match_ilp_solution_length:	13
match_ilp_upper_bound:	13
match_ilp_runtime:	1.49e-07
mdd_ilp_solution_length:	13
mdd_ilp_upper_bound:	13
mdd_ilp_runtime:	6.2e-08
solution:	[8, 4, 0, 7, 1, 6, 2, 14, 13, 12, 5, 15, 3, ]
