solved:	true
solution_length:	12
upper_bound:	12
solution_runtime:	0.00206881
heuristic_solution_length:	12
heuristic_solution_runtime:	0.000351807
heuristic_runtime:	0.00132144
solving_forward:	false
reduction_is_complete:	true
reduction_quality:	1
reduction_upper_bound:	12
reduction_runtime:	0.000747224
mdd_memory_consumption:	0
main_process_memory_consumption:	0
match_ilp_solution_length:	12
match_ilp_upper_bound:	12
match_ilp_runtime:	1.47e-07
mdd_ilp_solution_length:	12
mdd_ilp_upper_bound:	12
mdd_ilp_runtime:	5.7e-08
solution:	[9, 7, 2, 14, 0, 1, 4, 15, 5, 8, 10, 12, ]
