solved:	true
solution_length:	13
upper_bound:	13
solution_runtime:	0.000391217
heuristic_solution_length:	13
heuristic_solution_runtime:	0.000381835
heuristic_runtime:	0.000388209
solving_forward:	true
reduction_is_complete:	true
reduction_quality:	1
reduction_upper_bound:	13
reduction_runtime:	2.859e-06
mdd_memory_consumption:	0
main_process_memory_consumption:	0
match_ilp_solution_length:	13
match_ilp_upper_bound:	13
match_ilp_runtime:	1.49e-07
mdd_ilp_solution_length:	13
mdd_ilp_upper_bound:	13
mdd_ilp_runtime:	6.3e-08
solution:	[11, 4, 2, 9, 15, 13, 14, 8, 7, 12, 5, 6, 3, ]
