solved:	true
solution_length:	15
upper_bound:	15
solution_runtime:	0.00106916
heuristic_solution_length:	15
heuristic_solution_runtime:	0.00105769
heuristic_runtime:	0.001066
solving_forward:	true
reduction_is_complete:	true
reduction_quality:	1
reduction_upper_bound:	15
reduction_runtime:	3.008e-06
mdd_memory_consumption:	0
main_process_memory_consumption:	0
match_ilp_solution_length:	15
match_ilp_upper_bound:	15
match_ilp_runtime:	1.48e-07
mdd_ilp_solution_length:	15
mdd_ilp_upper_bound:	15
mdd_ilp_runtime:	6.3e-08
solution:	[9, 8, 14, 13, 15, 5, 2, 4, 1, 0, 6, 7, 3, 11, 10, ]
