solved:	true
solution_length:	13
upper_bound:	13
solution_runtime:	0.00154246
heuristic_solution_length:	13
heuristic_solution_runtime:	0.000467705
heuristic_runtime:	0.00139187
solving_forward:	true
reduction_is_complete:	true
reduction_quality:	1
reduction_upper_bound:	13
reduction_runtime:	0.000150446
mdd_memory_consumption:	0
main_process_memory_consumption:	0
match_ilp_solution_length:	13
match_ilp_upper_bound:	13
match_ilp_runtime:	1.42e-07
mdd_ilp_solution_length:	13
mdd_ilp_upper_bound:	13
mdd_ilp_runtime:	6.7e-08
solution:	[8, 9, 0, 13, 15, 4, 7, 12, 6, 11, 3, 1, 5, ]
