solved:	true
solution_length:	15
upper_bound:	15
solution_runtime:	0.00114654
heuristic_solution_length:	15
heuristic_solution_runtime:	0.00106602
heuristic_runtime:	0.00114336
solving_forward:	true
reduction_is_complete:	true
reduction_quality:	1
reduction_upper_bound:	15
reduction_runtime:	3.037e-06
mdd_memory_consumption:	0
main_process_memory_consumption:	0
match_ilp_solution_length:	15
match_ilp_upper_bound:	15
match_ilp_runtime:	1.46e-07
mdd_ilp_solution_length:	15
mdd_ilp_upper_bound:	15
mdd_ilp_runtime:	5.2e-08
solution:	[1, 11, 8, 10, 3, 4, 7, 5, 6, 0, 2, 9, 15, 14, 12, ]
