solved:	true
solution_length:	16
upper_bound:	16
solution_runtime:	0.0011271
heuristic_solution_length:	16
heuristic_solution_runtime:	0.00111304
heuristic_runtime:	0.00112383
solving_forward:	true
reduction_is_complete:	true
reduction_quality:	1
reduction_upper_bound:	16
reduction_runtime:	3.08e-06
mdd_memory_consumption:	0
main_process_memory_consumption:	0
match_ilp_solution_length:	16
match_ilp_upper_bound:	16
match_ilp_runtime:	1.92e-07
mdd_ilp_solution_length:	16
mdd_ilp_upper_bound:	16
mdd_ilp_runtime:	6.2e-08
solution:	[1, 2, 10, 14, 4, 7, 6, 11, 9, 15, 5, 8, 0, 3, 13, 12, ]
