solved:	true
solution_length:	15
upper_bound:	15
solution_runtime:	0.00100862
heuristic_solution_length:	15
heuristic_solution_runtime:	0.000813225
heuristic_runtime:	0.000984337
solving_forward:	true
reduction_is_complete:	true
reduction_quality:	1
reduction_upper_bound:	15
reduction_runtime:	2.413e-05
mdd_memory_consumption:	0
main_process_memory_consumption:	0
match_ilp_solution_length:	15
match_ilp_upper_bound:	15
match_ilp_runtime:	1.49e-07
mdd_ilp_solution_length:	15
mdd_ilp_upper_bound:	15
mdd_ilp_runtime:	4.7e-08
solution:	[0, 1, 13, 14, 15, 4, 2, 7, 6, 10, 8, 9, 11, 3, 12, ]
