solved:	true
solution_length:	15
upper_bound:	15
solution_runtime:	0.00166335
heuristic_solution_length:	15
heuristic_solution_runtime:	0.00155304
heuristic_runtime:	0.00166013
solving_forward:	true
reduction_is_complete:	true
reduction_quality:	1
reduction_upper_bound:	15
reduction_runtime:	3.078e-06
mdd_memory_consumption:	0
main_process_memory_consumption:	0
match_ilp_solution_length:	15
match_ilp_upper_bound:	15
match_ilp_runtime:	1.49e-07
mdd_ilp_solution_length:	15
mdd_ilp_upper_bound:	15
mdd_ilp_runtime:	5.3e-08
solution:	[10, 4, 13, 15, 3, 12, 2, 1, 9, 5, 14, 0, 7, 8, 6, ]
