solved:	true
solution_length:	15
upper_bound:	15
solution_runtime:	0.0009668
heuristic_solution_length:	15
heuristic_solution_runtime:	0.000782477
heuristic_runtime:	0.000939849
solving_forward:	true
reduction_is_complete:	true
reduction_quality:	1
reduction_upper_bound:	15
reduction_runtime:	2.6782e-05
mdd_memory_consumption:	0
main_process_memory_consumption:	0
match_ilp_solution_length:	15
match_ilp_upper_bound:	15
match_ilp_runtime:	1.69e-07
mdd_ilp_solution_length:	15
mdd_ilp_upper_bound:	15
mdd_ilp_runtime:	7.1e-08
solution:	[13, 15, 11, 6, 5, 4, 10, 0, 8, 14, 7, 12, 1, 9, 2, ]
