solved:	true
solution_length:	15
upper_bound:	15
solution_runtime:	0.000840946
heuristic_solution_length:	15
heuristic_solution_runtime:	0.000731162
heuristic_runtime:	0.000817271
solving_forward:	true
reduction_is_complete:	true
reduction_quality:	1
reduction_upper_bound:	15
reduction_runtime:	2.3526e-05
mdd_memory_consumption:	0
main_process_memory_consumption:	0
match_ilp_solution_length:	15
match_ilp_upper_bound:	15
match_ilp_runtime:	1.49e-07
mdd_ilp_solution_length:	15
mdd_ilp_upper_bound:	15
mdd_ilp_runtime:	5.1e-08
solution:	[4, 15, 0, 2, 5, 6, 13, 1, 9, 10, 11, 8, 14, 7, 3, ]
