solved:	true
solution_length:	16
upper_bound:	16
solution_runtime:	0.001162
heuristic_solution_length:	16
heuristic_solution_runtime:	0.00115043
heuristic_runtime:	0.00115874
solving_forward:	true
reduction_is_complete:	true
reduction_quality:	1
reduction_upper_bound:	16
reduction_runtime:	3.097e-06
mdd_memory_consumption:	0
main_process_memory_consumption:	0
match_ilp_solution_length:	16
match_ilp_upper_bound:	16
match_ilp_runtime:	1.58e-07
mdd_ilp_solution_length:	16
mdd_ilp_upper_bound:	16
mdd_ilp_runtime:	6.4e-08
solution:	[3, 7, 2, 0, 14, 4, 10, 8, 6, 15, 13, 5, 9, 1, 11, 12, ]
