solved:	true
solution_length:	16
upper_bound:	16
solution_runtime:	0.00114225
heuristic_solution_length:	16
heuristic_solution_runtime:	0.00107688
heuristic_runtime:	0.00111846
solving_forward:	true
reduction_is_complete:	true
reduction_quality:	1
reduction_upper_bound:	16
reduction_runtime:	2.3649e-05
mdd_memory_consumption:	0
main_process_memory_consumption:	0
match_ilp_solution_length:	16
match_ilp_upper_bound:	16
match_ilp_runtime:	1.42e-07
mdd_ilp_solution_length:	16
mdd_ilp_upper_bound:	16
mdd_ilp_runtime:	5e-08
solution:	[7, 9, 15, 6, 14, 5, 12, 4, 2, 3, 8, 11, 1, 13, 10, 0, ]
