solved:	true
solution_length:	15
upper_bound:	15
solution_runtime:	0.00107056
heuristic_solution_length:	15
heuristic_solution_runtime:	0.000406239
heuristic_runtime:	0.00096907
solving_forward:	true
reduction_is_complete:	true
reduction_quality:	1
reduction_upper_bound:	15
reduction_runtime:	0.000101332
mdd_memory_consumption:	0
main_process_memory_consumption:	0
match_ilp_solution_length:	15
match_ilp_upper_bound:	15
match_ilp_runtime:	1.59e-07
mdd_ilp_solution_length:	15
mdd_ilp_upper_bound:	15
mdd_ilp_runtime:	7.3e-08
solution:	[14, 19, 25, 24, 1, 13, 17, 5, 27, 23, 0, 3, 31, 9, 30, ]
