solved:	true
solution_length:	14
upper_bound:	14
solution_runtime:	0.000817671
heuristic_solution_length:	14
heuristic_solution_runtime:	0.000351352
heuristic_runtime:	0.000754066
solving_forward:	true
reduction_is_complete:	true
reduction_quality:	1
reduction_upper_bound:	14
reduction_runtime:	6.3466e-05
mdd_memory_consumption:	0
main_process_memory_consumption:	0
match_ilp_solution_length:	14
match_ilp_upper_bound:	14
match_ilp_runtime:	1.39e-07
mdd_ilp_solution_length:	14
mdd_ilp_upper_bound:	14
mdd_ilp_runtime:	6.3e-08
solution:	[29, 17, 27, 19, 22, 13, 15, 3, 7, 26, 4, 10, 1, 8, ]
