solved:	true
solution_length:	16
upper_bound:	16
solution_runtime:	0.000454676
heuristic_solution_length:	16
heuristic_solution_runtime:	0.000390344
heuristic_runtime:	0.000429918
solving_forward:	true
reduction_is_complete:	true
reduction_quality:	1
reduction_upper_bound:	16
reduction_runtime:	2.4616e-05
mdd_memory_consumption:	0
main_process_memory_consumption:	0
match_ilp_solution_length:	16
match_ilp_upper_bound:	16
match_ilp_runtime:	1.42e-07
mdd_ilp_solution_length:	16
mdd_ilp_upper_bound:	16
mdd_ilp_runtime:	6.3e-08
solution:	[8, 21, 30, 4, 17, 5, 16, 13, 26, 12, 27, 31, 25, 0, 28, 7, ]
