solved:	true
solution_length:	15
upper_bound:	15
solution_runtime:	0.00122784
heuristic_solution_length:	15
heuristic_solution_runtime:	0.000453926
heuristic_runtime:	0.00109144
solving_forward:	true
reduction_is_complete:	true
reduction_quality:	1
reduction_upper_bound:	15
reduction_runtime:	0.000136263
mdd_memory_consumption:	0
main_process_memory_consumption:	0
match_ilp_solution_length:	15
match_ilp_upper_bound:	15
match_ilp_runtime:	1.38e-07
mdd_ilp_solution_length:	15
mdd_ilp_upper_bound:	15
mdd_ilp_runtime:	6e-08
solution:	[0, 13, 3, 11, 24, 19, 31, 25, 28, 1, 9, 7, 17, 27, 20, ]
