solved:	true
solution_length:	21
upper_bound:	21
solution_runtime:	0.00229941
heuristic_solution_length:	21
heuristic_solution_runtime:	0.000783937
heuristic_runtime:	0.00186006
solving_forward:	true
reduction_is_complete:	true
reduction_quality:	1
reduction_upper_bound:	21
reduction_runtime:	0.000439206
mdd_memory_consumption:	0
main_process_memory_consumption:	0
match_ilp_solution_length:	21
match_ilp_upper_bound:	21
match_ilp_runtime:	1.39e-07
mdd_ilp_solution_length:	21
mdd_ilp_upper_bound:	21
mdd_ilp_runtime:	6.3e-08
solution:	[20, 29, 16, 10, 14, 22, 6, 9, 1, 31, 15, 24, 21, 13, 26, 3, 23, 27, 28, 30, 12, ]
