solved:	true
solution_length:	20
upper_bound:	20
solution_runtime:	0.00300398
heuristic_solution_length:	20
heuristic_solution_runtime:	0.00111823
heuristic_runtime:	0.00275475
solving_forward:	true
reduction_is_complete:	true
reduction_quality:	1
reduction_upper_bound:	20
reduction_runtime:	0.000249089
mdd_memory_consumption:	0
main_process_memory_consumption:	0
match_ilp_solution_length:	20
match_ilp_upper_bound:	20
match_ilp_runtime:	1.39e-07
mdd_ilp_solution_length:	20
mdd_ilp_upper_bound:	20
mdd_ilp_runtime:	6.3e-08
solution:	[3, 22, 8, 31, 4, 30, 20, 16, 18, 26, 1, 11, 13, 9, 24, 2, 17, 29, 5, 12, ]
