solved:	true
solution_length:	21
upper_bound:	21
solution_runtime:	0.00588207
heuristic_solution_length:	21
heuristic_solution_runtime:	0.000866726
heuristic_runtime:	0.00454966
solving_forward:	true
reduction_is_complete:	true
reduction_quality:	1
reduction_upper_bound:	21
reduction_runtime:	0.00133225
mdd_memory_consumption:	0
main_process_memory_consumption:	0
match_ilp_solution_length:	21
match_ilp_upper_bound:	21
match_ilp_runtime:	1.62e-07
mdd_ilp_solution_length:	21
mdd_ilp_upper_bound:	21
mdd_ilp_runtime:	6.1e-08
solution:	[26, 10, 21, 29, 2, 3, 8, 17, 16, 25, 23, 4, 18, 14, 22, 13, 6, 28, 5, 31, 24, ]
