solved:	true
solution_length:	22
upper_bound:	22
solution_runtime:	0.0105377
heuristic_solution_length:	22
heuristic_solution_runtime:	0.00145223
heuristic_runtime:	0.00761931
solving_forward:	false
reduction_is_complete:	true
reduction_quality:	1
reduction_upper_bound:	22
reduction_runtime:	0.00291829
mdd_memory_consumption:	0
main_process_memory_consumption:	0
match_ilp_solution_length:	22
match_ilp_upper_bound:	22
match_ilp_runtime:	1.23e-07
mdd_ilp_solution_length:	22
mdd_ilp_upper_bound:	22
mdd_ilp_runtime:	5.7e-08
solution:	[17, 19, 31, 4, 25, 23, 2, 22, 24, 12, 6, 15, 10, 8, 1, 3, 29, 14, 28, 27, 30, 18, ]
