solved:	true
solution_length:	19
upper_bound:	19
solution_runtime:	0.0263457
heuristic_solution_length:	19
heuristic_solution_runtime:	0.00100659
heuristic_runtime:	0.00593981
solving_forward:	true
reduction_is_complete:	true
reduction_quality:	1
reduction_upper_bound:	19
reduction_runtime:	0.0204058
mdd_memory_consumption:	51772
main_process_memory_consumption:	0
match_ilp_solution_length:	19
match_ilp_upper_bound:	19
match_ilp_runtime:	1.3e-07
mdd_ilp_solution_length:	19
mdd_ilp_upper_bound:	19
mdd_ilp_runtime:	6e-08
solution:	[10, 20, 13, 6, 8, 18, 29, 24, 2, 17, 12, 28, 25, 19, 26, 7, 30, 22, 11, ]
