solved:	true
solution_length:	19
upper_bound:	19
solution_runtime:	0.00409965
heuristic_solution_length:	19
heuristic_solution_runtime:	0.00124225
heuristic_runtime:	0.00328103
solving_forward:	true
reduction_is_complete:	true
reduction_quality:	1
reduction_upper_bound:	19
reduction_runtime:	0.000818485
mdd_memory_consumption:	0
main_process_memory_consumption:	0
match_ilp_solution_length:	19
match_ilp_upper_bound:	19
match_ilp_runtime:	1.34e-07
mdd_ilp_solution_length:	19
mdd_ilp_upper_bound:	19
mdd_ilp_runtime:	6e-08
solution:	[29, 9, 21, 1, 13, 4, 26, 0, 15, 8, 18, 10, 2, 31, 12, 20, 11, 14, 25, ]
