solved:	true
solution_length:	22
upper_bound:	22
solution_runtime:	0.00757145
heuristic_solution_length:	22
heuristic_solution_runtime:	0.000900173
heuristic_runtime:	0.00555223
solving_forward:	true
reduction_is_complete:	true
reduction_quality:	1
reduction_upper_bound:	22
reduction_runtime:	0.00201909
mdd_memory_consumption:	0
main_process_memory_consumption:	0
match_ilp_solution_length:	22
match_ilp_upper_bound:	22
match_ilp_runtime:	1.28e-07
mdd_ilp_solution_length:	22
mdd_ilp_upper_bound:	22
mdd_ilp_runtime:	5.9e-08
solution:	[10, 27, 8, 4, 0, 17, 14, 21, 29, 18, 5, 31, 12, 26, 6, 13, 16, 1, 24, 28, 22, 19, ]
