solved:	true
solution_length:	24
upper_bound:	24
solution_runtime:	0.0397457
heuristic_solution_length:	24
heuristic_solution_runtime:	0.00203851
heuristic_runtime:	0.0156237
solving_forward:	false
reduction_is_complete:	true
reduction_quality:	1
reduction_upper_bound:	24
reduction_runtime:	0.0241219
mdd_memory_consumption:	52164
main_process_memory_consumption:	0
match_ilp_solution_length:	24
match_ilp_upper_bound:	24
match_ilp_runtime:	1.56e-07
mdd_ilp_solution_length:	24
mdd_ilp_upper_bound:	24
mdd_ilp_runtime:	7.1e-08
solution:	[25, 2, 18, 20, 26, 23, 11, 4, 24, 17, 19, 22, 13, 5, 7, 0, 9, 3, 16, 29, 10, 31, 30, 14, ]
