solved:	true
solution_length:	23
upper_bound:	23
solution_runtime:	0.039967
heuristic_solution_length:	23
heuristic_solution_runtime:	0.00208512
heuristic_runtime:	0.0154358
solving_forward:	true
reduction_is_complete:	true
reduction_quality:	1
reduction_upper_bound:	23
reduction_runtime:	0.0245311
mdd_memory_consumption:	52152
main_process_memory_consumption:	0
match_ilp_solution_length:	23
match_ilp_upper_bound:	23
match_ilp_runtime:	1.22e-07
mdd_ilp_solution_length:	23
mdd_ilp_upper_bound:	23
mdd_ilp_runtime:	5.1e-08
solution:	[17, 19, 22, 27, 31, 9, 21, 13, 16, 5, 8, 11, 30, 1, 12, 20, 25, 26, 3, 24, 18, 10, 4, ]
