solved:	true
solution_length:	23
upper_bound:	23
solution_runtime:	0.0432273
heuristic_solution_length:	23
heuristic_solution_runtime:	0.00110904
heuristic_runtime:	0.0149996
solving_forward:	false
reduction_is_complete:	true
reduction_quality:	1
reduction_upper_bound:	23
reduction_runtime:	0.0282276
mdd_memory_consumption:	52116
main_process_memory_consumption:	0
match_ilp_solution_length:	23
match_ilp_upper_bound:	23
match_ilp_runtime:	1.17e-07
mdd_ilp_solution_length:	23
mdd_ilp_upper_bound:	23
mdd_ilp_runtime:	6.6e-08
solution:	[22, 13, 30, 14, 27, 19, 18, 9, 16, 2, 21, 3, 24, 15, 7, 20, 23, 25, 28, 12, 1, 10, 29, ]
