solved:	true
solution_length:	22
upper_bound:	22
solution_runtime:	0.0361565
heuristic_solution_length:	22
heuristic_solution_runtime:	0.00132422
heuristic_runtime:	0.0122003
solving_forward:	false
reduction_is_complete:	true
reduction_quality:	1
reduction_upper_bound:	22
reduction_runtime:	0.023956
mdd_memory_consumption:	52000
main_process_memory_consumption:	0
match_ilp_solution_length:	22
match_ilp_upper_bound:	22
match_ilp_runtime:	1.36e-07
mdd_ilp_solution_length:	22
mdd_ilp_upper_bound:	22
mdd_ilp_runtime:	6.9e-08
solution:	[31, 0, 8, 21, 11, 3, 22, 27, 6, 25, 16, 17, 30, 12, 7, 24, 26, 13, 2, 10, 20, 29, ]
