solved:	true
solution_length:	26
upper_bound:	26
solution_runtime:	0.0129175
heuristic_solution_length:	26
heuristic_solution_runtime:	0.00144138
heuristic_runtime:	0.0104456
solving_forward:	false
reduction_is_complete:	true
reduction_quality:	1
reduction_upper_bound:	26
reduction_runtime:	0.00247179
mdd_memory_consumption:	0
main_process_memory_consumption:	0
match_ilp_solution_length:	26
match_ilp_upper_bound:	26
match_ilp_runtime:	1.31e-07
mdd_ilp_solution_length:	26
mdd_ilp_upper_bound:	26
mdd_ilp_runtime:	5.7e-08
solution:	[8, 14, 13, 17, 12, 3, 24, 18, 6, 9, 29, 21, 20, 5, 0, 26, 19, 23, 27, 31, 10, 28, 2, 25, 15, 11, ]
