solved:	true
solution_length:	24
upper_bound:	24
solution_runtime:	0.0532671
heuristic_solution_length:	24
heuristic_solution_runtime:	0.00302671
heuristic_runtime:	0.0243706
solving_forward:	true
reduction_is_complete:	true
reduction_quality:	1
reduction_upper_bound:	24
reduction_runtime:	0.0288963
mdd_memory_consumption:	52292
main_process_memory_consumption:	0
match_ilp_solution_length:	24
match_ilp_upper_bound:	24
match_ilp_runtime:	1.55e-07
mdd_ilp_solution_length:	24
mdd_ilp_upper_bound:	24
mdd_ilp_runtime:	6e-08
solution:	[28, 7, 29, 14, 8, 20, 24, 5, 4, 18, 19, 16, 22, 11, 27, 21, 10, 15, 6, 3, 13, 17, 30, 31, ]
