solved:	true
solution_length:	23
upper_bound:	23
solution_runtime:	0.0737839
heuristic_solution_length:	23
heuristic_solution_runtime:	0.00138773
heuristic_runtime:	0.0216709
solving_forward:	false
reduction_is_complete:	true
reduction_quality:	1
reduction_upper_bound:	23
reduction_runtime:	0.0521128
mdd_memory_consumption:	52992
main_process_memory_consumption:	0
match_ilp_solution_length:	23
match_ilp_upper_bound:	23
match_ilp_runtime:	1.59e-07
mdd_ilp_solution_length:	23
mdd_ilp_upper_bound:	23
mdd_ilp_runtime:	7.4e-08
solution:	[10, 30, 25, 3, 19, 7, 27, 6, 22, 8, 4, 29, 17, 1, 13, 28, 0, 14, 16, 26, 21, 18, 15, ]
