solved:	true
solution_length:	24
upper_bound:	24
solution_runtime:	0.0125417
heuristic_solution_length:	24
heuristic_solution_runtime:	0.00178563
heuristic_runtime:	0.00932291
solving_forward:	false
reduction_is_complete:	true
reduction_quality:	1
reduction_upper_bound:	24
reduction_runtime:	0.00321861
mdd_memory_consumption:	0
main_process_memory_consumption:	0
match_ilp_solution_length:	24
match_ilp_upper_bound:	24
match_ilp_runtime:	1.33e-07
mdd_ilp_solution_length:	24
mdd_ilp_upper_bound:	24
mdd_ilp_runtime:	5.6e-08
solution:	[19, 7, 26, 4, 0, 18, 10, 23, 21, 14, 30, 2, 13, 16, 20, 11, 1, 5, 6, 24, 3, 28, 29, 8, ]
