solved:	true
solution_length:	25
upper_bound:	25
solution_runtime:	0.0631499
heuristic_solution_length:	25
heuristic_solution_runtime:	0.00178919
heuristic_runtime:	0.0216932
solving_forward:	false
reduction_is_complete:	true
reduction_quality:	1
reduction_upper_bound:	25
reduction_runtime:	0.0414566
mdd_memory_consumption:	52984
main_process_memory_consumption:	0
match_ilp_solution_length:	25
match_ilp_upper_bound:	25
match_ilp_runtime:	1.42e-07
mdd_ilp_solution_length:	25
mdd_ilp_upper_bound:	25
mdd_ilp_runtime:	6.3e-08
solution:	[6, 13, 5, 28, 19, 24, 7, 23, 31, 25, 4, 29, 16, 1, 21, 9, 30, 10, 15, 2, 3, 27, 12, 11, 8, ]
