solved:	true
solution_length:	25
upper_bound:	25
solution_runtime:	0.0298134
heuristic_solution_length:	25
heuristic_solution_runtime:	0.00284546
heuristic_runtime:	0.0238518
solving_forward:	true
reduction_is_complete:	true
reduction_quality:	1
reduction_upper_bound:	25
reduction_runtime:	0.00596149
mdd_memory_consumption:	0
main_process_memory_consumption:	0
match_ilp_solution_length:	25
match_ilp_upper_bound:	25
match_ilp_runtime:	1.05e-07
mdd_ilp_solution_length:	25
mdd_ilp_upper_bound:	25
mdd_ilp_runtime:	4.8e-08
solution:	[14, 15, 5, 20, 2, 28, 25, 13, 9, 8, 27, 11, 23, 24, 21, 31, 10, 6, 26, 0, 18, 19, 22, 17, 1, ]
