solved:	true
solution_length:	27
upper_bound:	27
solution_runtime:	0.0725459
heuristic_solution_length:	27
heuristic_solution_runtime:	0.00161346
heuristic_runtime:	0.0260288
solving_forward:	false
reduction_is_complete:	true
reduction_quality:	1
reduction_upper_bound:	27
reduction_runtime:	0.046517
mdd_memory_consumption:	52820
main_process_memory_consumption:	0
match_ilp_solution_length:	27
match_ilp_upper_bound:	27
match_ilp_runtime:	1.09e-07
mdd_ilp_solution_length:	27
mdd_ilp_upper_bound:	27
mdd_ilp_runtime:	5.4e-08
solution:	[12, 4, 6, 8, 2, 5, 10, 25, 19, 18, 17, 7, 30, 16, 14, 3, 20, 31, 27, 26, 24, 15, 9, 13, 28, 29, 11, ]
