solved:	true
solution_length:	25
upper_bound:	25
solution_runtime:	0.0922254
heuristic_solution_length:	25
heuristic_solution_runtime:	0.00189552
heuristic_runtime:	0.0330804
solving_forward:	true
reduction_is_complete:	true
reduction_quality:	1
reduction_upper_bound:	25
reduction_runtime:	0.0591449
mdd_memory_consumption:	53592
main_process_memory_consumption:	0
match_ilp_solution_length:	25
match_ilp_upper_bound:	25
match_ilp_runtime:	1.17e-07
mdd_ilp_solution_length:	25
mdd_ilp_upper_bound:	25
mdd_ilp_runtime:	5.6e-08
solution:	[15, 10, 5, 0, 9, 4, 23, 13, 2, 14, 3, 29, 7, 26, 28, 1, 27, 19, 18, 6, 17, 22, 31, 8, 20, ]
