solved:	true
solution_length:	30
upper_bound:	30
solution_runtime:	0.00694295
heuristic_solution_length:	30
heuristic_solution_runtime:	0.00625236
heuristic_runtime:	0.00693967
solving_forward:	true
reduction_is_complete:	true
reduction_quality:	1
reduction_upper_bound:	30
reduction_runtime:	3.116e-06
mdd_memory_consumption:	0
main_process_memory_consumption:	0
match_ilp_solution_length:	30
match_ilp_upper_bound:	30
match_ilp_runtime:	1.6e-07
mdd_ilp_solution_length:	30
mdd_ilp_upper_bound:	30
mdd_ilp_runtime:	6.5e-08
solution:	[20, 17, 26, 9, 21, 13, 8, 3, 12, 19, 4, 11, 7, 27, 23, 24, 18, 29, 0, 10, 28, 2, 30, 15, 31, 22, 5, 14, 1, 25, ]
