solved:	true
solution_length:	29
upper_bound:	29
solution_runtime:	0.067665
heuristic_solution_length:	29
heuristic_solution_runtime:	0.00755084
heuristic_runtime:	0.0364163
solving_forward:	true
reduction_is_complete:	true
reduction_quality:	1
reduction_upper_bound:	29
reduction_runtime:	0.0312486
mdd_memory_consumption:	53680
main_process_memory_consumption:	0
match_ilp_solution_length:	29
match_ilp_upper_bound:	29
match_ilp_runtime:	9.7e-08
mdd_ilp_solution_length:	29
mdd_ilp_upper_bound:	29
mdd_ilp_runtime:	5.8e-08
solution:	[4, 12, 20, 0, 25, 27, 8, 16, 15, 23, 30, 1, 22, 19, 6, 3, 21, 5, 28, 24, 10, 9, 13, 7, 17, 31, 2, 26, 14, ]
