solved:	true
solution_length:	31
upper_bound:	31
solution_runtime:	0.00666465
heuristic_solution_length:	31
heuristic_solution_runtime:	0.00652366
heuristic_runtime:	0.00666166
solving_forward:	true
reduction_is_complete:	true
reduction_quality:	1
reduction_upper_bound:	31
reduction_runtime:	2.854e-06
mdd_memory_consumption:	0
main_process_memory_consumption:	0
match_ilp_solution_length:	31
match_ilp_upper_bound:	31
match_ilp_runtime:	1.3e-07
mdd_ilp_solution_length:	31
mdd_ilp_upper_bound:	31
mdd_ilp_runtime:	5.6e-08
solution:	[31, 24, 6, 14, 21, 2, 5, 28, 30, 23, 3, 1, 12, 27, 29, 9, 22, 19, 17, 26, 13, 15, 18, 10, 16, 20, 25, 8, 11, 7, 4, ]
