solved:	true
solution_length:	30
upper_bound:	30
solution_runtime:	0.00223886
heuristic_solution_length:	30
heuristic_solution_runtime:	0.00222314
heuristic_runtime:	0.00223561
solving_forward:	true
reduction_is_complete:	true
reduction_quality:	1
reduction_upper_bound:	30
reduction_runtime:	3.107e-06
mdd_memory_consumption:	0
main_process_memory_consumption:	0
match_ilp_solution_length:	30
match_ilp_upper_bound:	30
match_ilp_runtime:	1.49e-07
mdd_ilp_solution_length:	30
mdd_ilp_upper_bound:	30
mdd_ilp_runtime:	6.4e-08
solution:	[14, 26, 27, 10, 31, 11, 20, 23, 3, 22, 19, 1, 6, 24, 17, 7, 18, 13, 28, 2, 21, 15, 4, 29, 5, 30, 0, 9, 12, 25, ]
