solved:	true
solution_length:	24
upper_bound:	24
solution_runtime:	0.0844014
heuristic_solution_length:	24
heuristic_solution_runtime:	0.00166555
heuristic_runtime:	0.0274158
solving_forward:	false
reduction_is_complete:	true
reduction_quality:	1
reduction_upper_bound:	24
reduction_runtime:	0.0569855
mdd_memory_consumption:	54380
main_process_memory_consumption:	0
match_ilp_solution_length:	24
match_ilp_upper_bound:	24
match_ilp_runtime:	1.32e-07
mdd_ilp_solution_length:	24
mdd_ilp_upper_bound:	24
mdd_ilp_runtime:	5.6e-08
solution:	[15, 2, 21, 8, 28, 12, 27, 16, 10, 19, 11, 22, 4, 17, 5, 1, 30, 7, 29, 24, 6, 31, 25, 23, ]
