solved:	true
solution_length:	26
upper_bound:	26
solution_runtime:	0.119056
heuristic_solution_length:	26
heuristic_solution_runtime:	0.0020706
heuristic_runtime:	0.0397806
solving_forward:	true
reduction_is_complete:	true
reduction_quality:	1
reduction_upper_bound:	26
reduction_runtime:	0.0792756
mdd_memory_consumption:	54740
main_process_memory_consumption:	0
match_ilp_solution_length:	26
match_ilp_upper_bound:	26
match_ilp_runtime:	1.24e-07
mdd_ilp_solution_length:	26
mdd_ilp_upper_bound:	26
mdd_ilp_runtime:	7.1e-08
solution:	[22, 26, 14, 18, 2, 0, 5, 6, 23, 21, 15, 24, 29, 13, 3, 1, 11, 31, 7, 19, 4, 30, 20, 10, 25, 27, ]
