solved:	true
solution_length:	4
upper_bound:	4
solution_runtime:	0.000141266
heuristic_solution_length:	4
heuristic_solution_runtime:	0.000104603
heuristic_runtime:	0.000117985
solving_forward:	true
reduction_is_complete:	true
reduction_quality:	1
reduction_upper_bound:	4
reduction_runtime:	2.3132e-05
mdd_memory_consumption:	0
main_process_memory_consumption:	0
match_ilp_solution_length:	4
match_ilp_upper_bound:	4
match_ilp_runtime:	1.49e-07
mdd_ilp_solution_length:	4
mdd_ilp_upper_bound:	4
mdd_ilp_runtime:	5.7e-08
solution:	[3, 0, 1, 2, ]
