solved:	true
solution_length:	3
upper_bound:	3
solution_runtime:	0.000210674
heuristic_solution_length:	3
heuristic_solution_runtime:	0.000114193
heuristic_runtime:	0.000145139
solving_forward:	true
reduction_is_complete:	true
reduction_quality:	1
reduction_upper_bound:	3
reduction_runtime:	6.5383e-05
mdd_memory_consumption:	0
main_process_memory_consumption:	0
match_ilp_solution_length:	3
match_ilp_upper_bound:	3
match_ilp_runtime:	1.52e-07
mdd_ilp_solution_length:	3
mdd_ilp_upper_bound:	3
mdd_ilp_runtime:	5.1e-08
solution:	[1, 2, 0, ]
