solved:	true
solution_length:	2
upper_bound:	2
solution_runtime:	7.6175e-05
heuristic_solution_length:	2
heuristic_solution_runtime:	3.8654e-05
heuristic_runtime:	5.17e-05
solving_forward:	true
reduction_is_complete:	true
reduction_quality:	1
reduction_upper_bound:	2
reduction_runtime:	2.4332e-05
mdd_memory_consumption:	0
main_process_memory_consumption:	0
match_ilp_solution_length:	2
match_ilp_upper_bound:	2
match_ilp_runtime:	1.43e-07
mdd_ilp_solution_length:	2
mdd_ilp_upper_bound:	2
mdd_ilp_runtime:	5.1e-08
solution:	[1, 2, ]
