solved:	true
solution_length:	3
upper_bound:	3
solution_runtime:	0.00010003
heuristic_solution_length:	3
heuristic_solution_runtime:	6.0864e-05
heuristic_runtime:	7.6473e-05
solving_forward:	true
reduction_is_complete:	true
reduction_quality:	1
reduction_upper_bound:	3
reduction_runtime:	2.3414e-05
mdd_memory_consumption:	0
main_process_memory_consumption:	0
match_ilp_solution_length:	3
match_ilp_upper_bound:	3
match_ilp_runtime:	1.43e-07
mdd_ilp_solution_length:	3
mdd_ilp_upper_bound:	3
mdd_ilp_runtime:	4.8e-08
solution:	[2, 0, 3, ]
