solved:	true
solution_length:	4
upper_bound:	4
solution_runtime:	0.000270014
heuristic_solution_length:	4
heuristic_solution_runtime:	0.000198213
heuristic_runtime:	0.000222714
solving_forward:	true
reduction_is_complete:	true
reduction_quality:	1
reduction_upper_bound:	4
reduction_runtime:	4.695e-05
mdd_memory_consumption:	0
main_process_memory_consumption:	0
match_ilp_solution_length:	4
match_ilp_upper_bound:	4
match_ilp_runtime:	3.5e-07
mdd_ilp_solution_length:	4
mdd_ilp_upper_bound:	4
mdd_ilp_runtime:	1.22e-07
solution:	[0, 2, 3, 1, ]
