solved:	true
solution_length:	25
upper_bound:	25
solution_runtime:	0.00117673
heuristic_solution_length:	25
heuristic_solution_runtime:	0.00110497
heuristic_runtime:	0.00116058
solving_forward:	true
reduction_is_complete:	true
reduction_quality:	1
reduction_upper_bound:	25
reduction_runtime:	1.6054e-05
mdd_memory_consumption:	0
main_process_memory_consumption:	0
match_ilp_solution_length:	25
match_ilp_upper_bound:	25
match_ilp_runtime:	9.7e-08
mdd_ilp_solution_length:	25
mdd_ilp_upper_bound:	25
mdd_ilp_runtime:	4.1e-08
solution:	[35, 16, 45, 32, 5, 15, 37, 42, 21, 18, 11, 17, 54, 39, 26, 27, 2, 8, 48, 50, 44, 14, 40, 63, 30, ]
