solved:	true
solution_length:	29
upper_bound:	29
solution_runtime:	0.00163135
heuristic_solution_length:	29
heuristic_solution_runtime:	0.00153487
heuristic_runtime:	0.0016091
solving_forward:	true
reduction_is_complete:	true
reduction_quality:	1
reduction_upper_bound:	29
reduction_runtime:	2.2104e-05
mdd_memory_consumption:	0
main_process_memory_consumption:	0
match_ilp_solution_length:	29
match_ilp_upper_bound:	29
match_ilp_runtime:	1.5e-07
mdd_ilp_solution_length:	29
mdd_ilp_upper_bound:	29
mdd_ilp_runtime:	4.7e-08
solution:	[45, 13, 7, 21, 1, 37, 54, 0, 50, 16, 36, 27, 19, 29, 12, 49, 63, 48, 59, 2, 60, 47, 18, 22, 61, 39, 4, 15, 43, ]
