solved:	true
solution_length:	26
upper_bound:	26
solution_runtime:	0.00371012
heuristic_solution_length:	26
heuristic_solution_runtime:	0.001208
heuristic_runtime:	0.00317519
solving_forward:	true
reduction_is_complete:	true
reduction_quality:	1
reduction_upper_bound:	26
reduction_runtime:	0.000534791
mdd_memory_consumption:	0
main_process_memory_consumption:	0
match_ilp_solution_length:	26
match_ilp_upper_bound:	26
match_ilp_runtime:	1.38e-07
mdd_ilp_solution_length:	26
mdd_ilp_upper_bound:	26
mdd_ilp_runtime:	4.9e-08
solution:	[34, 46, 23, 26, 1, 63, 32, 60, 21, 15, 2, 48, 10, 39, 22, 17, 4, 42, 56, 53, 61, 28, 8, 24, 51, 41, ]
