solved:	true
solution_length:	25
upper_bound:	25
solution_runtime:	0.00151245
heuristic_solution_length:	25
heuristic_solution_runtime:	0.00139493
heuristic_runtime:	0.00148679
solving_forward:	true
reduction_is_complete:	true
reduction_quality:	1
reduction_upper_bound:	25
reduction_runtime:	2.5511e-05
mdd_memory_consumption:	0
main_process_memory_consumption:	0
match_ilp_solution_length:	25
match_ilp_upper_bound:	25
match_ilp_runtime:	1.54e-07
mdd_ilp_solution_length:	25
mdd_ilp_upper_bound:	25
mdd_ilp_runtime:	6.3e-08
solution:	[25, 62, 40, 14, 51, 59, 16, 49, 23, 21, 34, 13, 1, 54, 53, 58, 3, 52, 44, 29, 11, 0, 63, 6, 57, ]
