solved:	true
solution_length:	24
upper_bound:	24
solution_runtime:	0.00325476
heuristic_solution_length:	24
heuristic_solution_runtime:	0.00122742
heuristic_runtime:	0.00302839
solving_forward:	true
reduction_is_complete:	true
reduction_quality:	1
reduction_upper_bound:	24
reduction_runtime:	0.000226199
mdd_memory_consumption:	0
main_process_memory_consumption:	0
match_ilp_solution_length:	24
match_ilp_upper_bound:	24
match_ilp_runtime:	1.74e-07
mdd_ilp_solution_length:	24
mdd_ilp_upper_bound:	24
mdd_ilp_runtime:	5.5e-08
solution:	[11, 53, 44, 45, 23, 38, 55, 1, 22, 13, 48, 62, 28, 21, 20, 47, 10, 0, 14, 9, 29, 63, 58, 46, ]
