solved:	true
solution_length:	28
upper_bound:	28
solution_runtime:	0.00417418
heuristic_solution_length:	28
heuristic_solution_runtime:	0.00171336
heuristic_runtime:	0.0038072
solving_forward:	true
reduction_is_complete:	true
reduction_quality:	1
reduction_upper_bound:	28
reduction_runtime:	0.000366847
mdd_memory_consumption:	0
main_process_memory_consumption:	0
match_ilp_solution_length:	28
match_ilp_upper_bound:	28
match_ilp_runtime:	1.36e-07
mdd_ilp_solution_length:	28
mdd_ilp_upper_bound:	28
mdd_ilp_runtime:	6.1e-08
solution:	[28, 8, 31, 40, 14, 30, 9, 25, 61, 41, 35, 15, 0, 57, 32, 38, 6, 22, 48, 42, 37, 1, 19, 20, 18, 29, 55, 3, ]
