solved:	true
solution_length:	25
upper_bound:	25
solution_runtime:	0.00119345
heuristic_solution_length:	25
heuristic_solution_runtime:	0.00111189
heuristic_runtime:	0.0011743
solving_forward:	true
reduction_is_complete:	true
reduction_quality:	1
reduction_upper_bound:	25
reduction_runtime:	1.9046e-05
mdd_memory_consumption:	0
main_process_memory_consumption:	0
match_ilp_solution_length:	25
match_ilp_upper_bound:	25
match_ilp_runtime:	1.02e-07
mdd_ilp_solution_length:	25
mdd_ilp_upper_bound:	25
mdd_ilp_runtime:	4.3e-08
solution:	[43, 27, 13, 16, 39, 29, 46, 61, 1, 45, 5, 37, 42, 12, 49, 2, 26, 0, 24, 25, 8, 31, 36, 19, 33, ]
