solved:	true
solution_length:	26
upper_bound:	26
solution_runtime:	0.00127335
heuristic_solution_length:	26
heuristic_solution_runtime:	0.00111794
heuristic_runtime:	0.00124938
solving_forward:	true
reduction_is_complete:	true
reduction_quality:	1
reduction_upper_bound:	26
reduction_runtime:	2.3815e-05
mdd_memory_consumption:	0
main_process_memory_consumption:	0
match_ilp_solution_length:	26
match_ilp_upper_bound:	26
match_ilp_runtime:	1.52e-07
mdd_ilp_solution_length:	26
mdd_ilp_upper_bound:	26
mdd_ilp_runtime:	6.4e-08
solution:	[19, 5, 57, 42, 62, 24, 63, 29, 8, 44, 40, 28, 54, 39, 52, 22, 43, 50, 14, 32, 59, 9, 30, 4, 18, 47, ]
