solved:	true
solution_length:	25
upper_bound:	25
solution_runtime:	0.00286677
heuristic_solution_length:	25
heuristic_solution_runtime:	0.00139746
heuristic_runtime:	0.00267733
solving_forward:	true
reduction_is_complete:	true
reduction_quality:	1
reduction_upper_bound:	25
reduction_runtime:	0.000189301
mdd_memory_consumption:	0
main_process_memory_consumption:	0
match_ilp_solution_length:	25
match_ilp_upper_bound:	25
match_ilp_runtime:	1.42e-07
mdd_ilp_solution_length:	25
mdd_ilp_upper_bound:	25
mdd_ilp_runtime:	4.8e-08
solution:	[31, 28, 27, 43, 53, 23, 15, 48, 47, 52, 63, 22, 40, 19, 62, 46, 35, 9, 55, 41, 24, 18, 44, 6, 14, ]
