solved:	true
solution_length:	28
upper_bound:	28
solution_runtime:	0.00230232
heuristic_solution_length:	28
heuristic_solution_runtime:	0.00223071
heuristic_runtime:	0.00229904
solving_forward:	true
reduction_is_complete:	true
reduction_quality:	1
reduction_upper_bound:	28
reduction_runtime:	3.128e-06
mdd_memory_consumption:	0
main_process_memory_consumption:	0
match_ilp_solution_length:	28
match_ilp_upper_bound:	28
match_ilp_runtime:	1.5e-07
mdd_ilp_solution_length:	28
mdd_ilp_upper_bound:	28
mdd_ilp_runtime:	6.2e-08
solution:	[36, 32, 24, 45, 42, 49, 15, 40, 43, 5, 57, 46, 10, 0, 16, 2, 39, 33, 53, 28, 60, 11, 1, 25, 58, 17, 48, 8, ]
