solved:	true
solution_length:	28
upper_bound:	28
solution_runtime:	0.00180472
heuristic_solution_length:	28
heuristic_solution_runtime:	0.00176958
heuristic_runtime:	0.00180241
solving_forward:	true
reduction_is_complete:	true
reduction_quality:	1
reduction_upper_bound:	28
reduction_runtime:	2.21e-06
mdd_memory_consumption:	0
main_process_memory_consumption:	0
match_ilp_solution_length:	28
match_ilp_upper_bound:	28
match_ilp_runtime:	1.03e-07
mdd_ilp_solution_length:	28
mdd_ilp_upper_bound:	28
mdd_ilp_runtime:	4.3e-08
solution:	[15, 24, 39, 59, 62, 48, 44, 28, 46, 43, 7, 11, 40, 49, 34, 32, 6, 1, 27, 52, 30, 22, 61, 53, 55, 41, 17, 45, ]
