solved:	true
solution_length:	30
upper_bound:	30
solution_runtime:	0.010195
heuristic_solution_length:	30
heuristic_solution_runtime:	0.00291868
heuristic_runtime:	0.00891293
solving_forward:	true
reduction_is_complete:	true
reduction_quality:	1
reduction_upper_bound:	30
reduction_runtime:	0.00128196
mdd_memory_consumption:	0
main_process_memory_consumption:	0
match_ilp_solution_length:	30
match_ilp_upper_bound:	30
match_ilp_runtime:	1.31e-07
mdd_ilp_solution_length:	30
mdd_ilp_upper_bound:	30
mdd_ilp_runtime:	5.8e-08
solution:	[8, 63, 3, 41, 35, 61, 29, 18, 51, 52, 39, 59, 4, 55, 50, 12, 15, 28, 6, 38, 57, 44, 30, 22, 14, 20, 47, 48, 31, 13, ]
