solved:	true
solution_length:	36
upper_bound:	36
solution_runtime:	0.0204059
heuristic_solution_length:	36
heuristic_solution_runtime:	0.00409234
heuristic_runtime:	0.0173471
solving_forward:	true
reduction_is_complete:	true
reduction_quality:	1
reduction_upper_bound:	36
reduction_runtime:	0.0030587
mdd_memory_consumption:	0
main_process_memory_consumption:	0
match_ilp_solution_length:	36
match_ilp_upper_bound:	36
match_ilp_runtime:	1.12e-07
mdd_ilp_solution_length:	36
mdd_ilp_upper_bound:	36
mdd_ilp_runtime:	5.3e-08
solution:	[38, 3, 32, 31, 40, 11, 16, 15, 41, 6, 26, 54, 9, 47, 22, 21, 39, 23, 20, 25, 48, 13, 58, 7, 12, 55, 52, 8, 45, 0, 14, 46, 36, 34, 56, 1, ]
