solved:	true
solution_length:	42
upper_bound:	42
solution_runtime:	0.114226
heuristic_solution_length:	42
heuristic_solution_runtime:	0.00310424
heuristic_runtime:	0.0556603
solving_forward:	true
reduction_is_complete:	true
reduction_quality:	1
reduction_upper_bound:	42
reduction_runtime:	0.0585653
mdd_memory_consumption:	55520
main_process_memory_consumption:	0
match_ilp_solution_length:	42
match_ilp_upper_bound:	42
match_ilp_runtime:	9.9e-08
mdd_ilp_solution_length:	42
mdd_ilp_upper_bound:	42
mdd_ilp_runtime:	5.5e-08
solution:	[56, 38, 63, 19, 61, 32, 53, 24, 60, 14, 54, 49, 16, 5, 21, 18, 28, 37, 42, 47, 23, 41, 36, 10, 1, 51, 11, 20, 29, 57, 13, 7, 27, 35, 3, 34, 8, 33, 39, 0, 22, 4, ]
