solved:	true
solution_length:	41
upper_bound:	41
solution_runtime:	0.0372588
heuristic_solution_length:	41
heuristic_solution_runtime:	0.00403744
heuristic_runtime:	0.03118
solving_forward:	true
reduction_is_complete:	true
reduction_quality:	1
reduction_upper_bound:	41
reduction_runtime:	0.00607866
mdd_memory_consumption:	0
main_process_memory_consumption:	0
match_ilp_solution_length:	41
match_ilp_upper_bound:	41
match_ilp_runtime:	9.3e-08
mdd_ilp_solution_length:	41
mdd_ilp_upper_bound:	41
mdd_ilp_runtime:	4.1e-08
solution:	[14, 55, 21, 13, 18, 23, 26, 1, 10, 39, 0, 54, 62, 7, 53, 29, 4, 58, 8, 56, 15, 20, 36, 41, 57, 37, 43, 22, 24, 19, 31, 44, 50, 46, 28, 9, 16, 35, 49, 32, 61, ]
