solved:	true
solution_length:	40
upper_bound:	40
solution_runtime:	0.117635
heuristic_solution_length:	40
heuristic_solution_runtime:	0.00593921
heuristic_runtime:	0.0530401
solving_forward:	false
reduction_is_complete:	true
reduction_quality:	1
reduction_upper_bound:	40
reduction_runtime:	0.0645945
mdd_memory_consumption:	55316
main_process_memory_consumption:	0
match_ilp_solution_length:	40
match_ilp_upper_bound:	40
match_ilp_runtime:	1.29e-07
mdd_ilp_solution_length:	40
mdd_ilp_upper_bound:	40
mdd_ilp_runtime:	7.1e-08
solution:	[52, 61, 42, 22, 34, 25, 29, 55, 37, 36, 30, 23, 26, 62, 40, 9, 27, 46, 24, 38, 1, 47, 7, 51, 5, 59, 28, 18, 10, 50, 14, 41, 58, 56, 32, 11, 43, 15, 39, 16, ]
