solved:	true
solution_length:	46
upper_bound:	46
solution_runtime:	0.267449
heuristic_solution_length:	46
heuristic_solution_runtime:	0.00931378
heuristic_runtime:	0.104925
solving_forward:	true
reduction_is_complete:	true
reduction_quality:	1
reduction_upper_bound:	46
reduction_runtime:	0.162524
mdd_memory_consumption:	58368
main_process_memory_consumption:	0
match_ilp_solution_length:	46
match_ilp_upper_bound:	46
match_ilp_runtime:	1.49e-07
mdd_ilp_solution_length:	46
mdd_ilp_upper_bound:	46
mdd_ilp_runtime:	7.4e-08
solution:	[46, 16, 51, 29, 9, 32, 15, 34, 40, 17, 52, 47, 57, 23, 14, 1, 0, 49, 25, 35, 27, 7, 21, 11, 38, 24, 61, 12, 3, 20, 6, 63, 58, 5, 42, 22, 55, 4, 13, 56, 62, 50, 45, 44, 48, 18, ]
