solved:	true
solution_length:	47
upper_bound:	47
solution_runtime:	0.688914
heuristic_solution_length:	47
heuristic_solution_runtime:	0.0104451
heuristic_runtime:	0.156757
solving_forward:	false
reduction_is_complete:	true
reduction_quality:	1
reduction_upper_bound:	47
reduction_runtime:	0.532157
mdd_memory_consumption:	74932
main_process_memory_consumption:	0
match_ilp_solution_length:	47
match_ilp_upper_bound:	47
match_ilp_runtime:	1.58e-07
mdd_ilp_solution_length:	47
mdd_ilp_upper_bound:	47
mdd_ilp_runtime:	5.5e-08
solution:	[3, 21, 25, 18, 23, 56, 20, 51, 28, 55, 60, 44, 2, 4, 45, 43, 33, 30, 38, 9, 13, 0, 16, 12, 27, 5, 50, 15, 34, 53, 19, 17, 58, 22, 32, 36, 31, 61, 7, 26, 48, 37, 10, 49, 62, 39, 59, ]
