solved:	true
solution_length:	47
upper_bound:	47
solution_runtime:	1.27306
heuristic_solution_length:	47
heuristic_solution_runtime:	0.010929
heuristic_runtime:	0.203579
solving_forward:	true
reduction_is_complete:	true
reduction_quality:	1
reduction_upper_bound:	47
reduction_runtime:	1.06948
mdd_memory_consumption:	94000
main_process_memory_consumption:	0
match_ilp_solution_length:	47
match_ilp_upper_bound:	47
match_ilp_runtime:	3.38e-07
mdd_ilp_solution_length:	47
mdd_ilp_upper_bound:	47
mdd_ilp_runtime:	9.9e-08
solution:	[15, 12, 55, 5, 43, 39, 54, 32, 44, 4, 10, 19, 9, 2, 52, 56, 41, 59, 49, 47, 24, 35, 60, 6, 1, 63, 51, 45, 36, 38, 26, 18, 57, 30, 28, 48, 23, 7, 14, 46, 20, 42, 34, 0, 25, 53, 8, ]
