solved:	true
solution_length:	5
upper_bound:	5
solution_runtime:	0.0001296
heuristic_solution_length:	5
heuristic_solution_runtime:	8.1922e-05
heuristic_runtime:	0.000106016
solving_forward:	true
reduction_is_complete:	true
reduction_quality:	1
reduction_upper_bound:	5
reduction_runtime:	2.3436e-05
mdd_memory_consumption:	0
main_process_memory_consumption:	0
match_ilp_solution_length:	5
match_ilp_upper_bound:	5
match_ilp_runtime:	1.48e-07
mdd_ilp_solution_length:	5
mdd_ilp_upper_bound:	5
mdd_ilp_runtime:	6.3e-08
solution:	[0, 4, 7, 2, 1, ]
