solved:	true
solution_length:	6
upper_bound:	6
solution_runtime:	0.000183017
heuristic_solution_length:	6
heuristic_solution_runtime:	0.000139889
heuristic_runtime:	0.000159165
solving_forward:	true
reduction_is_complete:	true
reduction_quality:	1
reduction_upper_bound:	6
reduction_runtime:	2.3694e-05
mdd_memory_consumption:	0
main_process_memory_consumption:	0
match_ilp_solution_length:	6
match_ilp_upper_bound:	6
match_ilp_runtime:	1.58e-07
mdd_ilp_solution_length:	6
mdd_ilp_upper_bound:	6
mdd_ilp_runtime:	6.3e-08
solution:	[3, 5, 0, 6, 7, 4, ]
