solved:	true
solution_length:	5
upper_bound:	5
solution_runtime:	0.000129777
heuristic_solution_length:	5
heuristic_solution_runtime:	8.7689e-05
heuristic_runtime:	0.000106487
solving_forward:	true
reduction_is_complete:	true
reduction_quality:	1
reduction_upper_bound:	5
reduction_runtime:	2.3141e-05
mdd_memory_consumption:	0
main_process_memory_consumption:	0
match_ilp_solution_length:	5
match_ilp_upper_bound:	5
match_ilp_runtime:	1.49e-07
mdd_ilp_solution_length:	5
mdd_ilp_upper_bound:	5
mdd_ilp_runtime:	5.1e-08
solution:	[3, 4, 0, 7, 6, ]
