solved:	true
solution_length:	7
upper_bound:	7
solution_runtime:	0.000257191
heuristic_solution_length:	7
heuristic_solution_runtime:	0.000209502
heuristic_runtime:	0.000233805
solving_forward:	true
reduction_is_complete:	true
reduction_quality:	1
reduction_upper_bound:	7
reduction_runtime:	2.3238e-05
mdd_memory_consumption:	0
main_process_memory_consumption:	0
match_ilp_solution_length:	7
match_ilp_upper_bound:	7
match_ilp_runtime:	1.48e-07
mdd_ilp_solution_length:	7
mdd_ilp_upper_bound:	7
mdd_ilp_runtime:	6e-08
solution:	[4, 1, 3, 2, 6, 7, 0, ]
