solved:	true
solution_length:	8
upper_bound:	8
solution_runtime:	0.00022189
heuristic_solution_length:	8
heuristic_solution_runtime:	0.000211607
heuristic_runtime:	0.000218792
solving_forward:	true
reduction_is_complete:	true
reduction_quality:	1
reduction_upper_bound:	8
reduction_runtime:	2.94e-06
mdd_memory_consumption:	0
main_process_memory_consumption:	0
match_ilp_solution_length:	8
match_ilp_upper_bound:	8
match_ilp_runtime:	1.58e-07
mdd_ilp_solution_length:	8
mdd_ilp_upper_bound:	8
mdd_ilp_runtime:	6.3e-08
solution:	[4, 1, 5, 0, 2, 7, 6, 3, ]
