solved:	true
solution_length:	6
upper_bound:	6
solution_runtime:	0.000160308
heuristic_solution_length:	6
heuristic_solution_runtime:	0.000112161
heuristic_runtime:	0.000136674
solving_forward:	true
reduction_is_complete:	true
reduction_quality:	1
reduction_upper_bound:	6
reduction_runtime:	2.3484e-05
mdd_memory_consumption:	0
main_process_memory_consumption:	0
match_ilp_solution_length:	6
match_ilp_upper_bound:	6
match_ilp_runtime:	1.5e-07
mdd_ilp_solution_length:	6
mdd_ilp_upper_bound:	6
mdd_ilp_runtime:	4.7e-08
solution:	[6, 2, 0, 3, 7, 5, ]
