solved:	true
solution_length:	7
upper_bound:	7
solution_runtime:	0.000227394
heuristic_solution_length:	7
heuristic_solution_runtime:	0.000181919
heuristic_runtime:	0.000203424
solving_forward:	true
reduction_is_complete:	true
reduction_quality:	1
reduction_upper_bound:	7
reduction_runtime:	2.3813e-05
mdd_memory_consumption:	0
main_process_memory_consumption:	0
match_ilp_solution_length:	7
match_ilp_upper_bound:	7
match_ilp_runtime:	1.57e-07
mdd_ilp_solution_length:	7
mdd_ilp_upper_bound:	7
mdd_ilp_runtime:	6.2e-08
solution:	[0, 5, 3, 4, 6, 7, 1, ]
