solved:	true
solution_length:	7
upper_bound:	7
solution_runtime:	0.000230963
heuristic_solution_length:	7
heuristic_solution_runtime:	0.000177563
heuristic_runtime:	0.000207481
solving_forward:	true
reduction_is_complete:	true
reduction_quality:	1
reduction_upper_bound:	7
reduction_runtime:	2.3336e-05
mdd_memory_consumption:	0
main_process_memory_consumption:	0
match_ilp_solution_length:	7
match_ilp_upper_bound:	7
match_ilp_runtime:	1.46e-07
mdd_ilp_solution_length:	7
mdd_ilp_upper_bound:	7
mdd_ilp_runtime:	5.1e-08
solution:	[1, 7, 0, 6, 3, 4, 5, ]
