solved:	true
solution_length:	8
upper_bound:	8
solution_runtime:	0.000264132
heuristic_solution_length:	8
heuristic_solution_runtime:	0.000225676
heuristic_runtime:	0.000240602
solving_forward:	true
reduction_is_complete:	true
reduction_quality:	1
reduction_upper_bound:	8
reduction_runtime:	2.3381e-05
mdd_memory_consumption:	0
main_process_memory_consumption:	0
match_ilp_solution_length:	8
match_ilp_upper_bound:	8
match_ilp_runtime:	1.49e-07
mdd_ilp_solution_length:	8
mdd_ilp_upper_bound:	8
mdd_ilp_runtime:	6.2e-08
solution:	[3, 1, 0, 5, 2, 4, 7, 6, ]
