solved:	true
solution_length:	8
upper_bound:	8
solution_runtime:	0.000459891
heuristic_solution_length:	8
heuristic_solution_runtime:	0.000411931
heuristic_runtime:	0.000433723
solving_forward:	true
reduction_is_complete:	true
reduction_quality:	1
reduction_upper_bound:	8
reduction_runtime:	2.5997e-05
mdd_memory_consumption:	0
main_process_memory_consumption:	0
match_ilp_solution_length:	8
match_ilp_upper_bound:	8
match_ilp_runtime:	1.71e-07
mdd_ilp_solution_length:	8
mdd_ilp_upper_bound:	8
mdd_ilp_runtime:	5.8e-08
solution:	[4, 1, 6, 0, 2, 5, 7, 3, ]
