solved:	true
solution_length:	8
upper_bound:	8
solution_runtime:	0.000417223
heuristic_solution_length:	8
heuristic_solution_runtime:	0.000372417
heuristic_runtime:	0.000393342
solving_forward:	true
reduction_is_complete:	true
reduction_quality:	1
reduction_upper_bound:	8
reduction_runtime:	2.3722e-05
mdd_memory_consumption:	0
main_process_memory_consumption:	0
match_ilp_solution_length:	8
match_ilp_upper_bound:	8
match_ilp_runtime:	1.59e-07
mdd_ilp_solution_length:	8
mdd_ilp_upper_bound:	8
mdd_ilp_runtime:	6.2e-08
solution:	[1, 4, 2, 0, 5, 3, 6, 7, ]
