solved:	true
solution_length:	7
upper_bound:	7
solution_runtime:	0.00055697
heuristic_solution_length:	7
heuristic_solution_runtime:	0.000545711
heuristic_runtime:	0.000553876
solving_forward:	true
reduction_is_complete:	true
reduction_quality:	1
reduction_upper_bound:	7
reduction_runtime:	2.945e-06
mdd_memory_consumption:	0
main_process_memory_consumption:	0
match_ilp_solution_length:	7
match_ilp_upper_bound:	7
match_ilp_runtime:	1.49e-07
mdd_ilp_solution_length:	7
mdd_ilp_upper_bound:	7
mdd_ilp_runtime:	5.2e-08
solution:	[4, 5, 3, 6, 7, 2, 0, ]
